[0.374s] Invoking command in '/home/valtec/aether/aether_ws/build/aether_interfaces': CMAKE_PREFIX_PATH=${CMAKE_PREFIX_PATH}:/home/valtec/aether/aether_ws/install/aether_gcs_ui:/home/valtec/aether/aether_ws/install/aether_gcs_backend:/opt/ros/humble /usr/bin/cmake --build /home/valtec/aether/aether_ws/build/aether_interfaces -- -j20 -l20
[0.422s] [35m[1mConsolidate compiler generated dependencies of target aether_interfaces__rosidl_generator_c[0m
[0.428s] [  3%] Built target aether_interfaces__cpp
[0.430s] [ 12%] Built target aether_interfaces__rosidl_generator_c
[0.436s] [35m[1mConsolidate compiler generated dependencies of target aether_interfaces__rosidl_typesupport_fastrtps_cpp[0m
[0.437s] [35m[1mConsolidate compiler generated dependencies of target aether_interfaces__rosidl_typesupport_fastrtps_c[0m
[0.437s] [35m[1mConsolidate compiler generated dependencies of target aether_interfaces__rosidl_typesupport_introspection_c[0m
[0.437s] [ 12%] Built target ament_cmake_python_copy_aether_interfaces
[0.437s] [35m[1mConsolidate compiler generated dependencies of target aether_interfaces__rosidl_typesupport_introspection_cpp[0m
[0.437s] [35m[1mConsolidate compiler generated dependencies of target aether_interfaces__rosidl_typesupport_cpp[0m
[0.438s] [35m[1mConsolidate compiler generated dependencies of target aether_interfaces__rosidl_typesupport_c[0m
[0.444s] [ 22%] Built target aether_interfaces__rosidl_typesupport_introspection_c
[0.445s] [ 32%] Built target aether_interfaces__rosidl_typesupport_fastrtps_c
[0.445s] [ 41%] Built target aether_interfaces__rosidl_typesupport_c
[0.446s] [ 51%] Built target aether_interfaces__rosidl_typesupport_cpp
[0.448s] [ 61%] Built target aether_interfaces__rosidl_typesupport_fastrtps_cpp
[0.448s] /bin/sh: 1: /home/valtec/aether/.venv/bin/python3: not found
[0.448s] [ 70%] Built target aether_interfaces__rosidl_typesupport_introspection_cpp
[0.448s] gmake[2]: *** [CMakeFiles/ament_cmake_python_build_aether_interfaces_egg.dir/build.make:70: CMakeFiles/ament_cmake_python_build_aether_interfaces_egg] Error 127
[0.448s] gmake[1]: *** [CMakeFiles/Makefile2:447: CMakeFiles/ament_cmake_python_build_aether_interfaces_egg.dir/all] Error 2
[0.448s] gmake[1]: *** Waiting for unfinished jobs....
[0.448s] gmake: *** [Makefile:146: all] Error 2
[0.455s] Invoked command in '/home/valtec/aether/aether_ws/build/aether_interfaces' returned '2': CMAKE_PREFIX_PATH=${CMAKE_PREFIX_PATH}:/home/valtec/aether/aether_ws/install/aether_gcs_ui:/home/valtec/aether/aether_ws/install/aether_gcs_backend:/opt/ros/humble /usr/bin/cmake --build /home/valtec/aether/aether_ws/build/aether_interfaces -- -j20 -l20
