[0.344s] Invoking command in '/home/valtec/aether/aether_ws/build/valtec_onboard_intelligence': CMAKE_PREFIX_PATH=${CMAKE_PREFIX_PATH}:/home/valtec/aether/aether-gcs/aether_ws/install/aether_gcs_ui:/home/valtec/aether/aether-gcs/aether_ws/install/aether_gcs_backend:/opt/ros/humble PS1=\[\e]0;\u@\h: \w\a\]${debian_chroot:+($debian_chroot)}\[\033[01;32m\]\u@\h\[\033[00m\]:\[\033[01;34m\]\w\[\033[00m\]\$ /usr/bin/cmake --build /home/valtec/aether/aether_ws/build/valtec_onboard_intelligence -- -j20 -l20
[0.362s] -- Found ament_cmake: 1.3.12 (/opt/ros/humble/share/ament_cmake/cmake)
[0.451s] -- Found rclcpp: 16.0.14 (/opt/ros/humble/share/rclcpp/cmake)
[0.468s] -- Found rosidl_generator_c: 3.1.7 (/opt/ros/humble/share/rosidl_generator_c/cmake)
[0.470s] -- Found rosidl_adapter: 3.1.7 (/opt/ros/humble/share/rosidl_adapter/cmake)
[0.473s] -- Found rosidl_generator_cpp: 3.1.7 (/opt/ros/humble/share/rosidl_generator_cpp/cmake)
[0.479s] -- Using all available rosidl_typesupport_c: rosidl_typesupport_fastrtps_c;rosidl_typesupport_introspection_c
[0.487s] -- Using all available rosidl_typesupport_cpp: rosidl_typesupport_fastrtps_cpp;rosidl_typesupport_introspection_cpp
[0.508s] -- Found rmw_implementation_cmake: 6.1.2 (/opt/ros/humble/share/rmw_implementation_cmake/cmake)
[0.508s] -- Found rmw_fastrtps_cpp: 6.2.8 (/opt/ros/humble/share/rmw_fastrtps_cpp/cmake)
[0.583s] -- Using RMW implementation 'rmw_fastrtps_cpp' as default
[0.622s] -- Found geometry_msgs: 4.9.0 (/opt/ros/humble/share/geometry_msgs/cmake)
[0.637s] [31mCMake Error at CMakeLists.txt:12 (find_package):
[0.638s]   By not providing "Findmavros_msgs.cmake" in CMAKE_MODULE_PATH this project
[0.638s]   has asked CMake to find a package configuration file provided by
[0.638s]   "mavros_msgs", but CMake did not find one.
[0.638s] 
[0.638s]   Could not find a package configuration file provided by "mavros_msgs" with
[0.638s]   any of the following names:
[0.638s] 
[0.638s]     mavros_msgsConfig.cmake
[0.638s]     mavros_msgs-config.cmake
[0.638s] 
[0.638s]   Add the installation prefix of "mavros_msgs" to CMAKE_PREFIX_PATH or set
[0.638s]   "mavros_msgs_DIR" to a directory containing one of the above files.  If
[0.638s]   "mavros_msgs" provides a separate development package or SDK, be sure it
[0.638s]   has been installed.
[0.638s] 
[0.638s] [0m
[0.638s] -- Configuring incomplete, errors occurred!
[0.639s] See also "/home/valtec/aether/aether_ws/build/valtec_onboard_intelligence/CMakeFiles/CMakeOutput.log".
[0.642s] gmake: *** [Makefile:267: cmake_check_build_system] Error 1
[0.644s] Invoked command in '/home/valtec/aether/aether_ws/build/valtec_onboard_intelligence' returned '2': CMAKE_PREFIX_PATH=${CMAKE_PREFIX_PATH}:/home/valtec/aether/aether-gcs/aether_ws/install/aether_gcs_ui:/home/valtec/aether/aether-gcs/aether_ws/install/aether_gcs_backend:/opt/ros/humble PS1=\[\e]0;\u@\h: \w\a\]${debian_chroot:+($debian_chroot)}\[\033[01;32m\]\u@\h\[\033[00m\]:\[\033[01;34m\]\w\[\033[00m\]\$ /usr/bin/cmake --build /home/valtec/aether/aether_ws/build/valtec_onboard_intelligence -- -j20 -l20
