[0.240s] Invoking command in '/home/valtec/aether/aether_ws/build/valtec_onboard_intelligence': CMAKE_PREFIX_PATH=/opt/ros/humble VIRTUAL_ENV_PROMPT=(.venv) /usr/bin/cmake /home/valtec/aether/aether_ws/src/valtec_onboard_intelligence -DCMAKE_INSTALL_PREFIX=/home/valtec/aether/aether_ws/install/valtec_onboard_intelligence
[0.247s] -- Found ament_cmake: 1.3.12 (/opt/ros/humble/share/ament_cmake/cmake)
[0.323s] -- Found rclcpp: 16.0.14 (/opt/ros/humble/share/rclcpp/cmake)
[0.338s] -- Found rosidl_generator_c: 3.1.7 (/opt/ros/humble/share/rosidl_generator_c/cmake)
[0.339s] -- Found rosidl_adapter: 3.1.7 (/opt/ros/humble/share/rosidl_adapter/cmake)
[0.342s] -- Found rosidl_generator_cpp: 3.1.7 (/opt/ros/humble/share/rosidl_generator_cpp/cmake)
[0.347s] -- Using all available rosidl_typesupport_c: rosidl_typesupport_fastrtps_c;rosidl_typesupport_introspection_c
[0.354s] -- Using all available rosidl_typesupport_cpp: rosidl_typesupport_fastrtps_cpp;rosidl_typesupport_introspection_cpp
[0.371s] -- Found rmw_implementation_cmake: 6.1.2 (/opt/ros/humble/share/rmw_implementation_cmake/cmake)
[0.372s] -- Found rmw_fastrtps_cpp: 6.2.8 (/opt/ros/humble/share/rmw_fastrtps_cpp/cmake)
[0.430s] -- Using RMW implementation 'rmw_fastrtps_cpp' as default
[0.458s] -- Found geometry_msgs: 4.9.0 (/opt/ros/humble/share/geometry_msgs/cmake)
[0.464s] -- Found mavros_msgs: 2.10.1 (/opt/ros/humble/share/mavros_msgs/cmake)
[0.519s] -- Found ament_lint_auto: 0.12.14 (/opt/ros/humble/share/ament_lint_auto/cmake)
[0.564s] -- Added test 'lint_cmake' to check CMake code style
[0.565s] -- Added test 'xmllint' to check XML markup files
[0.566s] -- Configuring done
[0.568s] -- Generating done
[0.569s] -- Build files have been written to: /home/valtec/aether/aether_ws/build/valtec_onboard_intelligence
[0.573s] Invoked command in '/home/valtec/aether/aether_ws/build/valtec_onboard_intelligence' returned '0': CMAKE_PREFIX_PATH=/opt/ros/humble VIRTUAL_ENV_PROMPT=(.venv) /usr/bin/cmake /home/valtec/aether/aether_ws/src/valtec_onboard_intelligence -DCMAKE_INSTALL_PREFIX=/home/valtec/aether/aether_ws/install/valtec_onboard_intelligence
[0.575s] Invoking command in '/home/valtec/aether/aether_ws/build/valtec_onboard_intelligence': CMAKE_PREFIX_PATH=/opt/ros/humble VIRTUAL_ENV_PROMPT=(.venv) /usr/bin/cmake --build /home/valtec/aether/aether_ws/build/valtec_onboard_intelligence -- -j20 -l20
[0.616s] Invoked command in '/home/valtec/aether/aether_ws/build/valtec_onboard_intelligence' returned '0': CMAKE_PREFIX_PATH=/opt/ros/humble VIRTUAL_ENV_PROMPT=(.venv) /usr/bin/cmake --build /home/valtec/aether/aether_ws/build/valtec_onboard_intelligence -- -j20 -l20
[0.630s] Invoking command in '/home/valtec/aether/aether_ws/build/valtec_onboard_intelligence': CMAKE_PREFIX_PATH=/opt/ros/humble VIRTUAL_ENV_PROMPT=(.venv) /usr/bin/cmake --install /home/valtec/aether/aether_ws/build/valtec_onboard_intelligence
[0.637s] -- Install configuration: ""
[0.637s] -- Installing: /home/valtec/aether/aether_ws/install/valtec_onboard_intelligence/share/ament_index/resource_index/package_run_dependencies/valtec_onboard_intelligence
[0.638s] -- Installing: /home/valtec/aether/aether_ws/install/valtec_onboard_intelligence/share/ament_index/resource_index/parent_prefix_path/valtec_onboard_intelligence
[0.638s] -- Installing: /home/valtec/aether/aether_ws/install/valtec_onboard_intelligence/share/valtec_onboard_intelligence/environment/ament_prefix_path.sh
[0.638s] -- Installing: /home/valtec/aether/aether_ws/install/valtec_onboard_intelligence/share/valtec_onboard_intelligence/environment/ament_prefix_path.dsv
[0.638s] -- Installing: /home/valtec/aether/aether_ws/install/valtec_onboard_intelligence/share/valtec_onboard_intelligence/environment/path.sh
[0.638s] -- Installing: /home/valtec/aether/aether_ws/install/valtec_onboard_intelligence/share/valtec_onboard_intelligence/environment/path.dsv
[0.638s] -- Installing: /home/valtec/aether/aether_ws/install/valtec_onboard_intelligence/share/valtec_onboard_intelligence/local_setup.bash
[0.638s] -- Installing: /home/valtec/aether/aether_ws/install/valtec_onboard_intelligence/share/valtec_onboard_intelligence/local_setup.sh
[0.638s] -- Installing: /home/valtec/aether/aether_ws/install/valtec_onboard_intelligence/share/valtec_onboard_intelligence/local_setup.zsh
[0.638s] -- Installing: /home/valtec/aether/aether_ws/install/valtec_onboard_intelligence/share/valtec_onboard_intelligence/local_setup.dsv
[0.639s] -- Installing: /home/valtec/aether/aether_ws/install/valtec_onboard_intelligence/share/valtec_onboard_intelligence/package.dsv
[0.639s] -- Installing: /home/valtec/aether/aether_ws/install/valtec_onboard_intelligence/share/ament_index/resource_index/packages/valtec_onboard_intelligence
[0.639s] -- Installing: /home/valtec/aether/aether_ws/install/valtec_onboard_intelligence/share/valtec_onboard_intelligence/cmake/valtec_onboard_intelligenceConfig.cmake
[0.639s] -- Installing: /home/valtec/aether/aether_ws/install/valtec_onboard_intelligence/share/valtec_onboard_intelligence/cmake/valtec_onboard_intelligenceConfig-version.cmake
[0.639s] -- Installing: /home/valtec/aether/aether_ws/install/valtec_onboard_intelligence/share/valtec_onboard_intelligence/package.xml
[0.641s] Invoked command in '/home/valtec/aether/aether_ws/build/valtec_onboard_intelligence' returned '0': CMAKE_PREFIX_PATH=/opt/ros/humble VIRTUAL_ENV_PROMPT=(.venv) /usr/bin/cmake --install /home/valtec/aether/aether_ws/build/valtec_onboard_intelligence
