[0.419s] Invoking command in '/home/valtec/aether/aether_ws/src/aether_gcs_ui': PYTHONPATH=/home/valtec/aether/aether_ws/build/aether_gcs_ui/prefix_override:/usr/lib/python3/dist-packages/colcon_core/task/python/colcon_distutils_commands:/home/valtec/aether/aether_ws/install/aether_gcs_ui/lib/python3.10/site-packages:${PYTHONPATH} VIRTUAL_ENV_PROMPT=(.venv) /usr/bin/python3 -W ignore:setup.py install is deprecated -W ignore:easy_install command is deprecated setup.py egg_info --egg-base ../../build/aether_gcs_ui build --build-base /home/valtec/aether/aether_ws/build/aether_gcs_ui/build install --record /home/valtec/aether/aether_ws/build/aether_gcs_ui/install.log --single-version-externally-managed install_data
[0.536s] running egg_info
[0.537s] writing ../../build/aether_gcs_ui/aether_gcs_ui.egg-info/PKG-INFO
[0.537s] writing dependency_links to ../../build/aether_gcs_ui/aether_gcs_ui.egg-info/dependency_links.txt
[0.537s] writing entry points to ../../build/aether_gcs_ui/aether_gcs_ui.egg-info/entry_points.txt
[0.537s] writing requirements to ../../build/aether_gcs_ui/aether_gcs_ui.egg-info/requires.txt
[0.537s] writing top-level names to ../../build/aether_gcs_ui/aether_gcs_ui.egg-info/top_level.txt
[0.538s] reading manifest file '../../build/aether_gcs_ui/aether_gcs_ui.egg-info/SOURCES.txt'
[0.538s] writing manifest file '../../build/aether_gcs_ui/aether_gcs_ui.egg-info/SOURCES.txt'
[0.538s] running build
[0.538s] running build_py
[0.538s] running install
[0.538s] running install_lib
[0.539s] running install_data
[0.539s] running install_egg_info
[0.540s] removing '/home/valtec/aether/aether_ws/install/aether_gcs_ui/lib/python3.10/site-packages/aether_gcs_ui-0.0.0-py3.10.egg-info' (and everything under it)
[0.540s] Copying ../../build/aether_gcs_ui/aether_gcs_ui.egg-info to /home/valtec/aether/aether_ws/install/aether_gcs_ui/lib/python3.10/site-packages/aether_gcs_ui-0.0.0-py3.10.egg-info
[0.541s] running install_scripts
[0.552s] Installing ui script to /home/valtec/aether/aether_ws/install/aether_gcs_ui/lib/aether_gcs_ui
[0.552s] writing list of installed files to '/home/valtec/aether/aether_ws/build/aether_gcs_ui/install.log'
[0.566s] Invoked command in '/home/valtec/aether/aether_ws/src/aether_gcs_ui' returned '0': PYTHONPATH=/home/valtec/aether/aether_ws/build/aether_gcs_ui/prefix_override:/usr/lib/python3/dist-packages/colcon_core/task/python/colcon_distutils_commands:/home/valtec/aether/aether_ws/install/aether_gcs_ui/lib/python3.10/site-packages:${PYTHONPATH} VIRTUAL_ENV_PROMPT=(.venv) /usr/bin/python3 -W ignore:setup.py install is deprecated -W ignore:easy_install command is deprecated setup.py egg_info --egg-base ../../build/aether_gcs_ui build --build-base /home/valtec/aether/aether_ws/build/aether_gcs_ui/build install --record /home/valtec/aether/aether_ws/build/aether_gcs_ui/install.log --single-version-externally-managed install_data
