-- Found ament_cmake: 1.3.12 (/opt/ros/humble/share/ament_cmake/cmake)
-- Found rosidl_default_generators: 1.2.0 (/opt/ros/humble/share/rosidl_default_generators/cmake)
-- Using all available rosidl_typesupport_c: rosidl_typesupport_fastrtps_c;rosidl_typesupport_introspection_c
-- Found rosidl_adapter: 3.1.7 (/opt/ros/humble/share/rosidl_adapter/cmake)
-- Using all available rosidl_typesupport_cpp: rosidl_typesupport_fastrtps_cpp;rosidl_typesupport_introspection_cpp
-- Found std_msgs: 4.9.0 (/opt/ros/humble/share/std_msgs/cmake)
-- Found ament_cmake_ros: 0.10.0 (/opt/ros/humble/share/ament_cmake_ros/cmake)
-- Using all available rosidl_typesupport_c: rosidl_typesupport_fastrtps_c;rosidl_typesupport_introspection_c
-- Using all available rosidl_typesupport_cpp: rosidl_typesupport_fastrtps_cpp;rosidl_typesupport_introspection_cpp
-- Found python_cmake_module: 0.10.0 (/opt/ros/humble/share/python_cmake_module/cmake)
-- Using PYTHON_EXECUTABLE: /usr/bin/python3
-- Using PYTHON_INCLUDE_DIRS: /usr/include/python3.10
-- Using PYTHON_LIBRARIES: /usr/lib/x86_64-linux-gnu/libpython3.10.so
-- Found ament_lint_auto: 0.12.14 (/opt/ros/humble/share/ament_lint_auto/cmake)
-- Added test 'copyright' to check source files copyright and LICENSE
-- Added test 'xmllint' to check XML markup files
-- Configuring done
-- Generating done
-- Build files have been written to: /home/valtec/aether/aether_ws/build/aether_interfaces
[35m[1mConsolidate compiler generated dependencies of target aether_interfaces__rosidl_generator_c[0m
[  2%] Built target aether_interfaces__cpp
[  4%] [32mBuilding C object CMakeFiles/aether_interfaces__rosidl_generator_c.dir/rosidl_generator_c/aether_interfaces/srv/detail/upload_mission__functions.c.o[0m
[  8%] [32mBuilding C object CMakeFiles/aether_interfaces__rosidl_generator_c.dir/rosidl_generator_c/aether_interfaces/msg/detail/fleet_state__functions.c.o[0m
[  8%] [32mBuilding C object CMakeFiles/aether_interfaces__rosidl_generator_c.dir/rosidl_generator_c/aether_interfaces/msg/detail/drone_state__functions.c.o[0m
[  8%] Built target ament_cmake_python_copy_aether_interfaces
[35m[1mConsolidate compiler generated dependencies of target aether_interfaces__rosidl_typesupport_cpp[0m
[35m[1mConsolidate compiler generated dependencies of target aether_interfaces__rosidl_typesupport_introspection_cpp[0m
[35m[1mConsolidate compiler generated dependencies of target aether_interfaces__rosidl_typesupport_fastrtps_cpp[0m
[ 10%] [32mBuilding CXX object CMakeFiles/aether_interfaces__rosidl_typesupport_cpp.dir/rosidl_typesupport_cpp/aether_interfaces/srv/upload_mission__type_support.cpp.o[0m
[ 12%] [32mBuilding CXX object CMakeFiles/aether_interfaces__rosidl_typesupport_introspection_cpp.dir/rosidl_typesupport_introspection_cpp/aether_interfaces/msg/detail/fleet_state__type_support.cpp.o[0m
[ 14%] [32mBuilding CXX object CMakeFiles/aether_interfaces__rosidl_typesupport_fastrtps_cpp.dir/rosidl_typesupport_fastrtps_cpp/aether_interfaces/srv/detail/dds_fastrtps/upload_mission__type_support.cpp.o[0m
[ 19%] [32mBuilding CXX object CMakeFiles/aether_interfaces__rosidl_typesupport_cpp.dir/rosidl_typesupport_cpp/aether_interfaces/msg/fleet_state__type_support.cpp.o[0m
[ 19%] [32mBuilding CXX object CMakeFiles/aether_interfaces__rosidl_typesupport_cpp.dir/rosidl_typesupport_cpp/aether_interfaces/msg/drone_state__type_support.cpp.o[0m
[ 23%] [32mBuilding CXX object CMakeFiles/aether_interfaces__rosidl_typesupport_introspection_cpp.dir/rosidl_typesupport_introspection_cpp/aether_interfaces/srv/detail/upload_mission__type_support.cpp.o[0m
[ 23%] [32mBuilding CXX object CMakeFiles/aether_interfaces__rosidl_typesupport_introspection_cpp.dir/rosidl_typesupport_introspection_cpp/aether_interfaces/msg/detail/drone_state__type_support.cpp.o[0m
[ 25%] [32mBuilding CXX object CMakeFiles/aether_interfaces__rosidl_typesupport_fastrtps_cpp.dir/rosidl_typesupport_fastrtps_cpp/aether_interfaces/msg/detail/dds_fastrtps/fleet_state__type_support.cpp.o[0m
[ 27%] [32mBuilding CXX object CMakeFiles/aether_interfaces__rosidl_typesupport_fastrtps_cpp.dir/rosidl_typesupport_fastrtps_cpp/aether_interfaces/msg/detail/dds_fastrtps/drone_state__type_support.cpp.o[0m
[ 29%] [32m[1mLinking C shared library libaether_interfaces__rosidl_generator_c.so[0m
[ 31%] Built target aether_interfaces__rosidl_generator_c
[35m[1mConsolidate compiler generated dependencies of target aether_interfaces__rosidl_typesupport_c[0m
[35m[1mConsolidate compiler generated dependencies of target aether_interfaces__rosidl_typesupport_introspection_c[0m
[35m[1mConsolidate compiler generated dependencies of target aether_interfaces__rosidl_typesupport_fastrtps_c[0m
[ 34%] [32mBuilding CXX object CMakeFiles/aether_interfaces__rosidl_typesupport_c.dir/rosidl_typesupport_c/aether_interfaces/msg/drone_state__type_support.cpp.o[0m
[ 36%] [32mBuilding CXX object CMakeFiles/aether_interfaces__rosidl_typesupport_c.dir/rosidl_typesupport_c/aether_interfaces/srv/upload_mission__type_support.cpp.o[0m
[ 40%] [32mBuilding C object CMakeFiles/aether_interfaces__rosidl_typesupport_introspection_c.dir/rosidl_typesupport_introspection_c/aether_interfaces/msg/detail/fleet_state__type_support.c.o[0m
[ 40%] [32mBuilding CXX object CMakeFiles/aether_interfaces__rosidl_typesupport_c.dir/rosidl_typesupport_c/aether_interfaces/msg/fleet_state__type_support.cpp.o[0m
[ 44%] [32mBuilding C object CMakeFiles/aether_interfaces__rosidl_typesupport_introspection_c.dir/rosidl_typesupport_introspection_c/aether_interfaces/srv/detail/upload_mission__type_support.c.o[0m
[ 46%] [32mBuilding C object CMakeFiles/aether_interfaces__rosidl_typesupport_introspection_c.dir/rosidl_typesupport_introspection_c/aether_interfaces/msg/detail/drone_state__type_support.c.o[0m
[ 44%] [32mBuilding CXX object CMakeFiles/aether_interfaces__rosidl_typesupport_fastrtps_c.dir/rosidl_typesupport_fastrtps_c/aether_interfaces/srv/detail/upload_mission__type_support_c.cpp.o[0m
[ 48%] [32mBuilding CXX object CMakeFiles/aether_interfaces__rosidl_typesupport_fastrtps_c.dir/rosidl_typesupport_fastrtps_c/aether_interfaces/msg/detail/fleet_state__type_support_c.cpp.o[0m
[ 51%] [32mBuilding CXX object CMakeFiles/aether_interfaces__rosidl_typesupport_fastrtps_c.dir/rosidl_typesupport_fastrtps_c/aether_interfaces/msg/detail/drone_state__type_support_c.cpp.o[0m
[ 53%] [32m[1mLinking C shared library libaether_interfaces__rosidl_typesupport_introspection_c.so[0m
[ 55%] [32m[1mLinking CXX shared library libaether_interfaces__rosidl_typesupport_c.so[0m
[ 57%] Built target aether_interfaces__rosidl_typesupport_introspection_c
[ 59%] Built target aether_interfaces__rosidl_typesupport_c
running egg_info
writing aether_interfaces.egg-info/PKG-INFO
writing dependency_links to aether_interfaces.egg-info/dependency_links.txt
writing top-level names to aether_interfaces.egg-info/top_level.txt
reading manifest file 'aether_interfaces.egg-info/SOURCES.txt'
writing manifest file 'aether_interfaces.egg-info/SOURCES.txt'
[ 59%] Built target ament_cmake_python_build_aether_interfaces_egg
[ 61%] [32m[1mLinking CXX shared library libaether_interfaces__rosidl_typesupport_cpp.so[0m
[ 63%] Built target aether_interfaces__rosidl_typesupport_cpp
[ 65%] [32m[1mLinking CXX shared library libaether_interfaces__rosidl_typesupport_introspection_cpp.so[0m
[ 68%] [32m[1mLinking CXX shared library libaether_interfaces__rosidl_typesupport_fastrtps_c.so[0m
[ 70%] [32m[1mLinking CXX shared library libaether_interfaces__rosidl_typesupport_fastrtps_cpp.so[0m
[ 72%] Built target aether_interfaces__rosidl_typesupport_introspection_cpp
[ 74%] Built target aether_interfaces__rosidl_typesupport_fastrtps_c
[ 76%] Built target aether_interfaces__rosidl_typesupport_fastrtps_cpp
[ 76%] Built target aether_interfaces
[ 78%] Built target aether_interfaces__py
[35m[1mConsolidate compiler generated dependencies of target aether_interfaces__rosidl_generator_py[0m
[ 80%] [32mBuilding C object CMakeFiles/aether_interfaces__rosidl_generator_py.dir/rosidl_generator_py/aether_interfaces/msg/_fleet_state_s.c.o[0m
[ 82%] [32mBuilding C object CMakeFiles/aether_interfaces__rosidl_generator_py.dir/rosidl_generator_py/aether_interfaces/msg/_drone_state_s.c.o[0m
[ 85%] [32mBuilding C object CMakeFiles/aether_interfaces__rosidl_generator_py.dir/rosidl_generator_py/aether_interfaces/srv/_upload_mission_s.c.o[0m
[ 87%] [32m[1mLinking C shared library rosidl_generator_py/aether_interfaces/libaether_interfaces__rosidl_generator_py.so[0m
[ 87%] Built target aether_interfaces__rosidl_generator_py
[35m[1mConsolidate compiler generated dependencies of target aether_interfaces__rosidl_typesupport_fastrtps_c__pyext[0m
[35m[1mConsolidate compiler generated dependencies of target aether_interfaces__rosidl_typesupport_introspection_c__pyext[0m
[35m[1mConsolidate compiler generated dependencies of target aether_interfaces__rosidl_typesupport_c__pyext[0m
[ 89%] [32mBuilding C object CMakeFiles/aether_interfaces__rosidl_typesupport_introspection_c__pyext.dir/rosidl_generator_py/aether_interfaces/_aether_interfaces_s.ep.rosidl_typesupport_introspection_c.c.o[0m
[ 91%] [32mBuilding C object CMakeFiles/aether_interfaces__rosidl_typesupport_fastrtps_c__pyext.dir/rosidl_generator_py/aether_interfaces/_aether_interfaces_s.ep.rosidl_typesupport_fastrtps_c.c.o[0m
[ 93%] [32mBuilding C object CMakeFiles/aether_interfaces__rosidl_typesupport_c__pyext.dir/rosidl_generator_py/aether_interfaces/_aether_interfaces_s.ep.rosidl_typesupport_c.c.o[0m
[ 95%] [32m[1mLinking C shared library rosidl_generator_py/aether_interfaces/aether_interfaces_s__rosidl_typesupport_c.cpython-310-x86_64-linux-gnu.so[0m
[ 97%] [32m[1mLinking C shared library rosidl_generator_py/aether_interfaces/aether_interfaces_s__rosidl_typesupport_fastrtps_c.cpython-310-x86_64-linux-gnu.so[0m
[100%] [32m[1mLinking C shared library rosidl_generator_py/aether_interfaces/aether_interfaces_s__rosidl_typesupport_introspection_c.cpython-310-x86_64-linux-gnu.so[0m
[100%] Built target aether_interfaces__rosidl_typesupport_c__pyext
[100%] Built target aether_interfaces__rosidl_typesupport_fastrtps_c__pyext
[100%] Built target aether_interfaces__rosidl_typesupport_introspection_c__pyext
