[0.514s] Invoking command in '/home/valtec/aether/aether_ws/src/aether_gcs_ui': PS1=\[\e]0;\u@\h: \w\a\]${debian_chroot:+($debian_chroot)}\[\033[01;32m\]\u@\h\[\033[00m\]:\[\033[01;34m\]\w\[\033[00m\]\$ PYTHONPATH=/home/valtec/aether/aether_ws/build/aether_gcs_ui/prefix_override:/usr/lib/python3/dist-packages/colcon_core/task/python/colcon_distutils_commands:/home/valtec/aether/aether_ws/install/aether_gcs_ui/lib/python3.10/site-packages:${PYTHONPATH} /usr/bin/python3 -W ignore:setup.py install is deprecated -W ignore:easy_install command is deprecated setup.py egg_info --egg-base ../../build/aether_gcs_ui build --build-base /home/valtec/aether/aether_ws/build/aether_gcs_ui/build install --record /home/valtec/aether/aether_ws/build/aether_gcs_ui/install.log --single-version-externally-managed install_data
[0.646s] running egg_info
[0.646s] writing ../../build/aether_gcs_ui/aether_gcs_ui.egg-info/PKG-INFO
[0.646s] writing dependency_links to ../../build/aether_gcs_ui/aether_gcs_ui.egg-info/dependency_links.txt
[0.646s] writing entry points to ../../build/aether_gcs_ui/aether_gcs_ui.egg-info/entry_points.txt
[0.646s] writing requirements to ../../build/aether_gcs_ui/aether_gcs_ui.egg-info/requires.txt
[0.646s] writing top-level names to ../../build/aether_gcs_ui/aether_gcs_ui.egg-info/top_level.txt
[0.647s] reading manifest file '../../build/aether_gcs_ui/aether_gcs_ui.egg-info/SOURCES.txt'
[0.648s] writing manifest file '../../build/aether_gcs_ui/aether_gcs_ui.egg-info/SOURCES.txt'
[0.648s] running build
[0.648s] running build_py
[0.648s] running install
[0.648s] running install_lib
[0.649s] running install_data
[0.649s] running install_egg_info
[0.650s] removing '/home/valtec/aether/aether_ws/install/aether_gcs_ui/lib/python3.10/site-packages/aether_gcs_ui-0.0.0-py3.10.egg-info' (and everything under it)
[0.650s] Copying ../../build/aether_gcs_ui/aether_gcs_ui.egg-info to /home/valtec/aether/aether_ws/install/aether_gcs_ui/lib/python3.10/site-packages/aether_gcs_ui-0.0.0-py3.10.egg-info
[0.650s] running install_scripts
[0.664s] Installing aether_ui script to /home/valtec/aether/aether_ws/install/aether_gcs_ui/lib/aether_gcs_ui
[0.664s] writing list of installed files to '/home/valtec/aether/aether_ws/build/aether_gcs_ui/install.log'
[0.679s] Invoked command in '/home/valtec/aether/aether_ws/src/aether_gcs_ui' returned '0': PS1=\[\e]0;\u@\h: \w\a\]${debian_chroot:+($debian_chroot)}\[\033[01;32m\]\u@\h\[\033[00m\]:\[\033[01;34m\]\w\[\033[00m\]\$ PYTHONPATH=/home/valtec/aether/aether_ws/build/aether_gcs_ui/prefix_override:/usr/lib/python3/dist-packages/colcon_core/task/python/colcon_distutils_commands:/home/valtec/aether/aether_ws/install/aether_gcs_ui/lib/python3.10/site-packages:${PYTHONPATH} /usr/bin/python3 -W ignore:setup.py install is deprecated -W ignore:easy_install command is deprecated setup.py egg_info --egg-base ../../build/aether_gcs_ui build --build-base /home/valtec/aether/aether_ws/build/aether_gcs_ui/build install --record /home/valtec/aether/aether_ws/build/aether_gcs_ui/install.log --single-version-externally-managed install_data
