[0.007s] Invoking command in '/home/valtec/aether/aether_ws/build/valtec_onboard_intelligence': CMAKE_PREFIX_PATH=/opt/ros/humble VIRTUAL_ENV_PROMPT=(.venv) /usr/bin/cmake --build /home/valtec/aether/aether_ws/build/valtec_onboard_intelligence -- -j20 -l20
[0.024s] -- Found ament_cmake: 1.3.12 (/opt/ros/humble/share/ament_cmake/cmake)
[0.109s] -- Found rclcpp: 16.0.14 (/opt/ros/humble/share/rclcpp/cmake)
[0.134s] -- Found rosidl_generator_c: 3.1.7 (/opt/ros/humble/share/rosidl_generator_c/cmake)
[0.136s] -- Found rosidl_adapter: 3.1.7 (/opt/ros/humble/share/rosidl_adapter/cmake)
[0.140s] -- Found rosidl_generator_cpp: 3.1.7 (/opt/ros/humble/share/rosidl_generator_cpp/cmake)
[0.145s] -- Using all available rosidl_typesupport_c: rosidl_typesupport_fastrtps_c;rosidl_typesupport_introspection_c
[0.153s] -- Using all available rosidl_typesupport_cpp: rosidl_typesupport_fastrtps_cpp;rosidl_typesupport_introspection_cpp
[0.173s] -- Found rmw_implementation_cmake: 6.1.2 (/opt/ros/humble/share/rmw_implementation_cmake/cmake)
[0.174s] -- Found rmw_fastrtps_cpp: 6.2.8 (/opt/ros/humble/share/rmw_fastrtps_cpp/cmake)
[0.239s] -- Using RMW implementation 'rmw_fastrtps_cpp' as default
[0.277s] -- Found geometry_msgs: 4.9.0 (/opt/ros/humble/share/geometry_msgs/cmake)
[0.283s] -- Found mavros_msgs: 2.10.1 (/opt/ros/humble/share/mavros_msgs/cmake)
[0.317s] -- Found nav_msgs: 4.9.0 (/opt/ros/humble/share/nav_msgs/cmake)
[0.328s] -- Found tf2_ros: 0.25.15 (/opt/ros/humble/share/tf2_ros/cmake)
[0.366s] -- Found ament_lint_auto: 0.12.14 (/opt/ros/humble/share/ament_lint_auto/cmake)
[0.415s] -- Added test 'copyright' to check source files copyright and LICENSE
[0.415s] -- Added test 'cppcheck' to perform static code analysis on C / C++ code
[0.415s] -- Configured cppcheck include dirs: 
[0.415s] -- Configured cppcheck exclude dirs and/or files: 
[0.416s] -- Added test 'cpplint' to check C / C++ code against the Google style
[0.416s] -- Configured cpplint exclude dirs and/or files: 
[0.416s] -- Added test 'flake8' to check Python code syntax and style conventions
[0.416s] -- Added test 'lint_cmake' to check CMake code style
[0.416s] -- Added test 'pep257' to check Python code against some of the docstring style conventions in PEP 257
[0.417s] -- Added test 'uncrustify' to check C / C++ code style
[0.417s] -- Configured uncrustify additional arguments: 
[0.417s] -- Added test 'xmllint' to check XML markup files
[0.417s] -- Configuring done
[0.419s] [31mCMake Error at CMakeLists.txt:17 (add_executable):
[0.419s]   Cannot find source file:
[0.419s] 
[0.419s]     src/onboard_collision_avoider.cpp
[0.419s] 
[0.419s]   Tried extensions .c .C .c++ .cc .cpp .cxx .cu .mpp .m .M .mm .ixx .cppm .h
[0.419s]   .hh .h++ .hm .hpp .hxx .in .txx .f .F .for .f77 .f90 .f95 .f03 .hip .ispc
[0.419s] 
[0.419s] [0m
[0.420s] [31mCMake Error at CMakeLists.txt:17 (add_executable):
[0.420s]   No SOURCES given to target: onboard_collision_avoider
[0.420s] 
[0.420s] [0m
[0.420s] [0mCMake Generate step failed.  Build files cannot be regenerated correctly.[0m
[0.424s] gmake: *** [Makefile:267: cmake_check_build_system] Error 1
[0.426s] Invoked command in '/home/valtec/aether/aether_ws/build/valtec_onboard_intelligence' returned '2': CMAKE_PREFIX_PATH=/opt/ros/humble VIRTUAL_ENV_PROMPT=(.venv) /usr/bin/cmake --build /home/valtec/aether/aether_ws/build/valtec_onboard_intelligence -- -j20 -l20
