[0.415s] Invoking command in '/home/valtec/aether/aether_ws/src/aether_gcs_backend': PYTHONPATH=/home/valtec/aether/aether_ws/build/aether_gcs_backend/prefix_override:/usr/lib/python3/dist-packages/colcon_core/task/python/colcon_distutils_commands:/home/valtec/aether/aether_ws/install/aether_gcs_backend/lib/python3.10/site-packages:${PYTHONPATH} VIRTUAL_ENV_PROMPT=(.venv) /usr/bin/python3 -W ignore:setup.py install is deprecated -W ignore:easy_install command is deprecated setup.py egg_info --egg-base ../../build/aether_gcs_backend build --build-base /home/valtec/aether/aether_ws/build/aether_gcs_backend/build install --record /home/valtec/aether/aether_ws/build/aether_gcs_backend/install.log --single-version-externally-managed install_data
[0.526s] running egg_info
[0.526s] writing ../../build/aether_gcs_backend/aether_gcs_backend.egg-info/PKG-INFO
[0.526s] writing dependency_links to ../../build/aether_gcs_backend/aether_gcs_backend.egg-info/dependency_links.txt
[0.526s] writing entry points to ../../build/aether_gcs_backend/aether_gcs_backend.egg-info/entry_points.txt
[0.526s] writing requirements to ../../build/aether_gcs_backend/aether_gcs_backend.egg-info/requires.txt
[0.526s] writing top-level names to ../../build/aether_gcs_backend/aether_gcs_backend.egg-info/top_level.txt
[0.527s] reading manifest file '../../build/aether_gcs_backend/aether_gcs_backend.egg-info/SOURCES.txt'
[0.528s] writing manifest file '../../build/aether_gcs_backend/aether_gcs_backend.egg-info/SOURCES.txt'
[0.528s] running build
[0.528s] running build_py
[0.528s] running install
[0.528s] running install_lib
[0.529s] running install_data
[0.529s] running install_egg_info
[0.530s] removing '/home/valtec/aether/aether_ws/install/aether_gcs_backend/lib/python3.10/site-packages/aether_gcs_backend-0.0.0-py3.10.egg-info' (and everything under it)
[0.530s] Copying ../../build/aether_gcs_backend/aether_gcs_backend.egg-info to /home/valtec/aether/aether_ws/install/aether_gcs_backend/lib/python3.10/site-packages/aether_gcs_backend-0.0.0-py3.10.egg-info
[0.530s] running install_scripts
[0.542s] Installing fleet_manager script to /home/valtec/aether/aether_ws/install/aether_gcs_backend/lib/aether_gcs_backend
[0.542s] Installing mission_planner script to /home/valtec/aether/aether_ws/install/aether_gcs_backend/lib/aether_gcs_backend
[0.542s] writing list of installed files to '/home/valtec/aether/aether_ws/build/aether_gcs_backend/install.log'
