[0.006s] Invoking command in '/home/valtec/aether/aether_ws/build/valtec_onboard_intelligence': VIRTUAL_ENV_PROMPT=(.venv) /usr/bin/cmake --build /home/valtec/aether/aether_ws/build/valtec_onboard_intelligence -- -j20 -l20
[0.069s] [100%] Built target collision_avoider_node
[0.081s] Invoked command in '/home/valtec/aether/aether_ws/build/valtec_onboard_intelligence' returned '0': VIRTUAL_ENV_PROMPT=(.venv) /usr/bin/cmake --build /home/valtec/aether/aether_ws/build/valtec_onboard_intelligence -- -j20 -l20
[0.093s] Invoking command in '/home/valtec/aether/aether_ws/build/valtec_onboard_intelligence': VIRTUAL_ENV_PROMPT=(.venv) /usr/bin/cmake --install /home/valtec/aether/aether_ws/build/valtec_onboard_intelligence
[0.099s] -- Install configuration: ""
[0.100s] -- Execute custom install script
[0.100s] -- Up-to-date symlink: /home/valtec/aether/aether_ws/install/valtec_onboard_intelligence/lib/valtec_onboard_intelligence/collision_avoider_node
[0.100s] -- Up-to-date symlink: /home/valtec/aether/aether_ws/install/valtec_onboard_intelligence/share/ament_index/resource_index/package_run_dependencies/valtec_onboard_intelligence
[0.101s] -- Up-to-date symlink: /home/valtec/aether/aether_ws/install/valtec_onboard_intelligence/share/ament_index/resource_index/parent_prefix_path/valtec_onboard_intelligence
[0.101s] -- Up-to-date symlink: /home/valtec/aether/aether_ws/install/valtec_onboard_intelligence/share/valtec_onboard_intelligence/environment/ament_prefix_path.sh
[0.101s] -- Up-to-date symlink: /home/valtec/aether/aether_ws/install/valtec_onboard_intelligence/share/valtec_onboard_intelligence/environment/ament_prefix_path.dsv
[0.101s] -- Up-to-date symlink: /home/valtec/aether/aether_ws/install/valtec_onboard_intelligence/share/valtec_onboard_intelligence/environment/path.sh
[0.101s] -- Up-to-date symlink: /home/valtec/aether/aether_ws/install/valtec_onboard_intelligence/share/valtec_onboard_intelligence/environment/path.dsv
[0.101s] -- Up-to-date symlink: /home/valtec/aether/aether_ws/install/valtec_onboard_intelligence/share/valtec_onboard_intelligence/local_setup.bash
[0.102s] -- Up-to-date symlink: /home/valtec/aether/aether_ws/install/valtec_onboard_intelligence/share/valtec_onboard_intelligence/local_setup.sh
[0.102s] -- Up-to-date symlink: /home/valtec/aether/aether_ws/install/valtec_onboard_intelligence/share/valtec_onboard_intelligence/local_setup.zsh
[0.102s] -- Up-to-date symlink: /home/valtec/aether/aether_ws/install/valtec_onboard_intelligence/share/valtec_onboard_intelligence/local_setup.dsv
[0.102s] -- Symlinking: /home/valtec/aether/aether_ws/install/valtec_onboard_intelligence/share/valtec_onboard_intelligence/package.dsv
[0.112s] -- Up-to-date symlink: /home/valtec/aether/aether_ws/install/valtec_onboard_intelligence/share/ament_index/resource_index/packages/valtec_onboard_intelligence
[0.112s] -- Up-to-date symlink: /home/valtec/aether/aether_ws/install/valtec_onboard_intelligence/share/valtec_onboard_intelligence/cmake/valtec_onboard_intelligenceConfig.cmake
[0.112s] -- Up-to-date symlink: /home/valtec/aether/aether_ws/install/valtec_onboard_intelligence/share/valtec_onboard_intelligence/cmake/valtec_onboard_intelligenceConfig-version.cmake
[0.112s] -- Up-to-date symlink: /home/valtec/aether/aether_ws/install/valtec_onboard_intelligence/share/valtec_onboard_intelligence/package.xml
[0.115s] Invoked command in '/home/valtec/aether/aether_ws/build/valtec_onboard_intelligence' returned '0': VIRTUAL_ENV_PROMPT=(.venv) /usr/bin/cmake --install /home/valtec/aether/aether_ws/build/valtec_onboard_intelligence
