[0.114s] Invoking command in '/home/valtec/aether/aether_ws/build/aether_gcs_logic_cpp': CMAKE_PREFIX_PATH=/home/valtec/aether/aether_ws/install/aether_interfaces LD_LIBRARY_PATH=/home/valtec/aether/aether_ws/install/aether_interfaces/lib PKG_CONFIG_PATH=/home/valtec/aether/aether_ws/install/aether_interfaces/lib/x86_64-linux-gnu/pkgconfig:/home/valtec/aether/aether_ws/install/aether_interfaces/lib/pkgconfig PYTHONPATH=/home/valtec/aether/aether_ws/install/aether_interfaces/lib/python3.10/site-packages ROS_PACKAGE_PATH=/home/valtec/aether/aether_ws/install/aether_interfaces/share VIRTUAL_ENV_PROMPT=(.venv) /usr/bin/cmake --build /home/valtec/aether/aether_ws/build/aether_gcs_logic_cpp -- -j20 -l20
[0.153s] [100%] Built target strategic_deconfliction_node
[0.225s] Invoked command in '/home/valtec/aether/aether_ws/build/aether_gcs_logic_cpp' returned '0': CMAKE_PREFIX_PATH=/home/valtec/aether/aether_ws/install/aether_interfaces LD_LIBRARY_PATH=/home/valtec/aether/aether_ws/install/aether_interfaces/lib PKG_CONFIG_PATH=/home/valtec/aether/aether_ws/install/aether_interfaces/lib/x86_64-linux-gnu/pkgconfig:/home/valtec/aether/aether_ws/install/aether_interfaces/lib/pkgconfig PYTHONPATH=/home/valtec/aether/aether_ws/install/aether_interfaces/lib/python3.10/site-packages ROS_PACKAGE_PATH=/home/valtec/aether/aether_ws/install/aether_interfaces/share VIRTUAL_ENV_PROMPT=(.venv) /usr/bin/cmake --build /home/valtec/aether/aether_ws/build/aether_gcs_logic_cpp -- -j20 -l20
[0.226s] Invoking command in '/home/valtec/aether/aether_ws/build/aether_gcs_logic_cpp': CMAKE_PREFIX_PATH=/home/valtec/aether/aether_ws/install/aether_interfaces LD_LIBRARY_PATH=/home/valtec/aether/aether_ws/install/aether_interfaces/lib PKG_CONFIG_PATH=/home/valtec/aether/aether_ws/install/aether_interfaces/lib/x86_64-linux-gnu/pkgconfig:/home/valtec/aether/aether_ws/install/aether_interfaces/lib/pkgconfig PYTHONPATH=/home/valtec/aether/aether_ws/install/aether_interfaces/lib/python3.10/site-packages ROS_PACKAGE_PATH=/home/valtec/aether/aether_ws/install/aether_interfaces/share VIRTUAL_ENV_PROMPT=(.venv) /usr/bin/cmake --install /home/valtec/aether/aether_ws/build/aether_gcs_logic_cpp
[0.232s] -- Install configuration: ""
[0.233s] -- Execute custom install script
[0.233s] -- Up-to-date symlink: /home/valtec/aether/aether_ws/install/aether_gcs_logic_cpp/lib/aether_gcs_logic_cpp/strategic_deconfliction_node
[0.233s] -- Up-to-date symlink: /home/valtec/aether/aether_ws/install/aether_gcs_logic_cpp/share/ament_index/resource_index/package_run_dependencies/aether_gcs_logic_cpp
[0.233s] -- Up-to-date symlink: /home/valtec/aether/aether_ws/install/aether_gcs_logic_cpp/share/ament_index/resource_index/parent_prefix_path/aether_gcs_logic_cpp
[0.234s] -- Up-to-date symlink: /home/valtec/aether/aether_ws/install/aether_gcs_logic_cpp/share/aether_gcs_logic_cpp/environment/ament_prefix_path.sh
[0.234s] -- Up-to-date symlink: /home/valtec/aether/aether_ws/install/aether_gcs_logic_cpp/share/aether_gcs_logic_cpp/environment/ament_prefix_path.dsv
[0.234s] -- Up-to-date symlink: /home/valtec/aether/aether_ws/install/aether_gcs_logic_cpp/share/aether_gcs_logic_cpp/environment/path.sh
[0.234s] -- Up-to-date symlink: /home/valtec/aether/aether_ws/install/aether_gcs_logic_cpp/share/aether_gcs_logic_cpp/environment/path.dsv
[0.234s] -- Up-to-date symlink: /home/valtec/aether/aether_ws/install/aether_gcs_logic_cpp/share/aether_gcs_logic_cpp/local_setup.bash
[0.234s] -- Up-to-date symlink: /home/valtec/aether/aether_ws/install/aether_gcs_logic_cpp/share/aether_gcs_logic_cpp/local_setup.sh
[0.234s] -- Up-to-date symlink: /home/valtec/aether/aether_ws/install/aether_gcs_logic_cpp/share/aether_gcs_logic_cpp/local_setup.zsh
[0.235s] -- Up-to-date symlink: /home/valtec/aether/aether_ws/install/aether_gcs_logic_cpp/share/aether_gcs_logic_cpp/local_setup.dsv
[0.235s] -- Symlinking: /home/valtec/aether/aether_ws/install/aether_gcs_logic_cpp/share/aether_gcs_logic_cpp/package.dsv
[0.240s] -- Up-to-date symlink: /home/valtec/aether/aether_ws/install/aether_gcs_logic_cpp/share/ament_index/resource_index/packages/aether_gcs_logic_cpp
[0.240s] -- Up-to-date symlink: /home/valtec/aether/aether_ws/install/aether_gcs_logic_cpp/share/aether_gcs_logic_cpp/cmake/aether_gcs_logic_cppConfig.cmake
[0.240s] -- Up-to-date symlink: /home/valtec/aether/aether_ws/install/aether_gcs_logic_cpp/share/aether_gcs_logic_cpp/cmake/aether_gcs_logic_cppConfig-version.cmake
[0.240s] -- Up-to-date symlink: /home/valtec/aether/aether_ws/install/aether_gcs_logic_cpp/share/aether_gcs_logic_cpp/package.xml
[0.242s] Invoked command in '/home/valtec/aether/aether_ws/build/aether_gcs_logic_cpp' returned '0': CMAKE_PREFIX_PATH=/home/valtec/aether/aether_ws/install/aether_interfaces LD_LIBRARY_PATH=/home/valtec/aether/aether_ws/install/aether_interfaces/lib PKG_CONFIG_PATH=/home/valtec/aether/aether_ws/install/aether_interfaces/lib/x86_64-linux-gnu/pkgconfig:/home/valtec/aether/aether_ws/install/aether_interfaces/lib/pkgconfig PYTHONPATH=/home/valtec/aether/aether_ws/install/aether_interfaces/lib/python3.10/site-packages ROS_PACKAGE_PATH=/home/valtec/aether/aether_ws/install/aether_interfaces/share VIRTUAL_ENV_PROMPT=(.venv) /usr/bin/cmake --install /home/valtec/aether/aether_ws/build/aether_gcs_logic_cpp
