[0.126s] Invoking command in '/home/valtec/aether/aether_ws/build/valtec_onboard_intelligence': CMAKE_PREFIX_PATH=/opt/ros/humble /usr/bin/cmake /home/valtec/aether/aether_ws/src/valtec_onboard_intelligence -DCMAKE_INSTALL_PREFIX=/home/valtec/aether/aether_ws/install/valtec_onboard_intelligence
[0.166s] -- The C compiler identification is GNU 11.4.0
[0.206s] -- The CXX compiler identification is GNU 11.4.0
[0.211s] -- Detecting C compiler ABI info
[0.260s] -- Detecting C compiler ABI info - done
[0.267s] -- Check for working C compiler: /usr/bin/cc - skipped
[0.267s] -- Detecting C compile features
[0.267s] -- Detecting C compile features - done
[0.269s] -- Detecting CXX compiler ABI info
[0.321s] -- Detecting CXX compiler ABI info - done
[0.326s] -- Check for working CXX compiler: /usr/bin/c++ - skipped
[0.327s] -- Detecting CXX compile features
[0.327s] -- Detecting CXX compile features - done
[0.328s] -- Found ament_cmake: 1.3.12 (/opt/ros/humble/share/ament_cmake/cmake)
[0.428s] -- Found Python3: /usr/bin/python3 (found version "3.10.12") found components: Interpreter 
[0.475s] -- Found rclcpp: 16.0.14 (/opt/ros/humble/share/rclcpp/cmake)
[0.494s] -- Found rosidl_generator_c: 3.1.7 (/opt/ros/humble/share/rosidl_generator_c/cmake)
[0.496s] -- Found rosidl_adapter: 3.1.7 (/opt/ros/humble/share/rosidl_adapter/cmake)
[0.499s] -- Found rosidl_generator_cpp: 3.1.7 (/opt/ros/humble/share/rosidl_generator_cpp/cmake)
[0.505s] -- Using all available rosidl_typesupport_c: rosidl_typesupport_fastrtps_c;rosidl_typesupport_introspection_c
[0.513s] -- Using all available rosidl_typesupport_cpp: rosidl_typesupport_fastrtps_cpp;rosidl_typesupport_introspection_cpp
[0.533s] -- Found rmw_implementation_cmake: 6.1.2 (/opt/ros/humble/share/rmw_implementation_cmake/cmake)
[0.534s] -- Found rmw_fastrtps_cpp: 6.2.8 (/opt/ros/humble/share/rmw_fastrtps_cpp/cmake)
[0.582s] -- Found OpenSSL: /usr/lib/x86_64-linux-gnu/libcrypto.so (found version "3.0.2")  
[0.596s] -- Found FastRTPS: /opt/ros/humble/include  
[0.619s] -- Using RMW implementation 'rmw_fastrtps_cpp' as default
[0.623s] -- Looking for pthread.h
[0.670s] -- Looking for pthread.h - found
[0.670s] -- Performing Test CMAKE_HAVE_LIBC_PTHREAD
[0.720s] -- Performing Test CMAKE_HAVE_LIBC_PTHREAD - Success
[0.721s] -- Found Threads: TRUE  
[0.747s] -- Found geometry_msgs: 4.9.0 (/opt/ros/humble/share/geometry_msgs/cmake)
[0.754s] -- Found mavros_msgs: 2.10.1 (/opt/ros/humble/share/mavros_msgs/cmake)
[0.793s] -- Found nav_msgs: 4.9.0 (/opt/ros/humble/share/nav_msgs/cmake)
[0.802s] -- Found tf2_ros: 0.25.15 (/opt/ros/humble/share/tf2_ros/cmake)
[0.850s] -- Found ament_lint_auto: 0.12.14 (/opt/ros/humble/share/ament_lint_auto/cmake)
[0.907s] -- Added test 'copyright' to check source files copyright and LICENSE
[0.908s] -- Added test 'cppcheck' to perform static code analysis on C / C++ code
[0.908s] -- Configured cppcheck include dirs: 
[0.908s] -- Configured cppcheck exclude dirs and/or files: 
[0.908s] -- Added test 'cpplint' to check C / C++ code against the Google style
[0.908s] -- Configured cpplint exclude dirs and/or files: 
[0.908s] -- Added test 'flake8' to check Python code syntax and style conventions
[0.909s] -- Added test 'lint_cmake' to check CMake code style
[0.909s] -- Added test 'pep257' to check Python code against some of the docstring style conventions in PEP 257
[0.909s] -- Added test 'uncrustify' to check C / C++ code style
[0.909s] -- Configured uncrustify additional arguments: 
[0.909s] -- Added test 'xmllint' to check XML markup files
[0.910s] -- Configuring done
[0.917s] -- Generating done
[0.919s] -- Build files have been written to: /home/valtec/aether/aether_ws/build/valtec_onboard_intelligence
[0.926s] Invoked command in '/home/valtec/aether/aether_ws/build/valtec_onboard_intelligence' returned '0': CMAKE_PREFIX_PATH=/opt/ros/humble /usr/bin/cmake /home/valtec/aether/aether_ws/src/valtec_onboard_intelligence -DCMAKE_INSTALL_PREFIX=/home/valtec/aether/aether_ws/install/valtec_onboard_intelligence
[0.927s] Invoking command in '/home/valtec/aether/aether_ws/build/valtec_onboard_intelligence': CMAKE_PREFIX_PATH=/opt/ros/humble /usr/bin/cmake --build /home/valtec/aether/aether_ws/build/valtec_onboard_intelligence -- -j20 -l20
[0.967s] [ 50%] Building CXX object CMakeFiles/collision_avoider_node.dir/src/collision_avoider_node.cpp.o
[6.678s] [100%] Linking CXX executable collision_avoider_node
[6.976s] [100%] Built target collision_avoider_node
[6.983s] Invoked command in '/home/valtec/aether/aether_ws/build/valtec_onboard_intelligence' returned '0': CMAKE_PREFIX_PATH=/opt/ros/humble /usr/bin/cmake --build /home/valtec/aether/aether_ws/build/valtec_onboard_intelligence -- -j20 -l20
[6.984s] Invoking command in '/home/valtec/aether/aether_ws/build/valtec_onboard_intelligence': CMAKE_PREFIX_PATH=/opt/ros/humble /usr/bin/cmake --install /home/valtec/aether/aether_ws/build/valtec_onboard_intelligence
[6.990s] -- Install configuration: ""
[6.990s] -- Installing: /home/valtec/aether/aether_ws/install/valtec_onboard_intelligence/lib/valtec_onboard_intelligence/collision_avoider_node
[6.991s] -- Set runtime path of "/home/valtec/aether/aether_ws/install/valtec_onboard_intelligence/lib/valtec_onboard_intelligence/collision_avoider_node" to ""
[6.991s] -- Installing: /home/valtec/aether/aether_ws/install/valtec_onboard_intelligence/share/valtec_onboard_intelligence//launch
[6.991s] -- Installing: /home/valtec/aether/aether_ws/install/valtec_onboard_intelligence/share/valtec_onboard_intelligence//launch/onboard.launch.py
[6.992s] -- Installing: /home/valtec/aether/aether_ws/install/valtec_onboard_intelligence/share/ament_index/resource_index/package_run_dependencies/valtec_onboard_intelligence
[6.992s] -- Installing: /home/valtec/aether/aether_ws/install/valtec_onboard_intelligence/share/ament_index/resource_index/parent_prefix_path/valtec_onboard_intelligence
[6.992s] -- Installing: /home/valtec/aether/aether_ws/install/valtec_onboard_intelligence/share/valtec_onboard_intelligence/environment/ament_prefix_path.sh
[6.992s] -- Installing: /home/valtec/aether/aether_ws/install/valtec_onboard_intelligence/share/valtec_onboard_intelligence/environment/ament_prefix_path.dsv
[6.992s] -- Installing: /home/valtec/aether/aether_ws/install/valtec_onboard_intelligence/share/valtec_onboard_intelligence/environment/path.sh
[6.992s] -- Installing: /home/valtec/aether/aether_ws/install/valtec_onboard_intelligence/share/valtec_onboard_intelligence/environment/path.dsv
[6.992s] -- Installing: /home/valtec/aether/aether_ws/install/valtec_onboard_intelligence/share/valtec_onboard_intelligence/local_setup.bash
[6.992s] -- Installing: /home/valtec/aether/aether_ws/install/valtec_onboard_intelligence/share/valtec_onboard_intelligence/local_setup.sh
[6.992s] -- Installing: /home/valtec/aether/aether_ws/install/valtec_onboard_intelligence/share/valtec_onboard_intelligence/local_setup.zsh
[6.992s] -- Installing: /home/valtec/aether/aether_ws/install/valtec_onboard_intelligence/share/valtec_onboard_intelligence/local_setup.dsv
[6.992s] -- Installing: /home/valtec/aether/aether_ws/install/valtec_onboard_intelligence/share/valtec_onboard_intelligence/package.dsv
[6.992s] -- Installing: /home/valtec/aether/aether_ws/install/valtec_onboard_intelligence/share/ament_index/resource_index/packages/valtec_onboard_intelligence
[6.992s] -- Installing: /home/valtec/aether/aether_ws/install/valtec_onboard_intelligence/share/valtec_onboard_intelligence/cmake/valtec_onboard_intelligenceConfig.cmake
[6.992s] -- Installing: /home/valtec/aether/aether_ws/install/valtec_onboard_intelligence/share/valtec_onboard_intelligence/cmake/valtec_onboard_intelligenceConfig-version.cmake
[6.992s] -- Installing: /home/valtec/aether/aether_ws/install/valtec_onboard_intelligence/share/valtec_onboard_intelligence/package.xml
[6.993s] Invoked command in '/home/valtec/aether/aether_ws/build/valtec_onboard_intelligence' returned '0': CMAKE_PREFIX_PATH=/opt/ros/humble /usr/bin/cmake --install /home/valtec/aether/aether_ws/build/valtec_onboard_intelligence
