running develop
running egg_info
creating aether_gcs_backend.egg-info
writing aether_gcs_backend.egg-info/PKG-INFO
writing dependency_links to aether_gcs_backend.egg-info/dependency_links.txt
writing entry points to aether_gcs_backend.egg-info/entry_points.txt
writing requirements to aether_gcs_backend.egg-info/requires.txt
writing top-level names to aether_gcs_backend.egg-info/top_level.txt
writing manifest file 'aether_gcs_backend.egg-info/SOURCES.txt'
reading manifest file 'aether_gcs_backend.egg-info/SOURCES.txt'
writing manifest file 'aether_gcs_backend.egg-info/SOURCES.txt'
running build_ext
Creating /home/valtec/aether/aether_ws/install/aether_gcs_backend/lib/python3.10/site-packages/aether-gcs-backend.egg-link (link to .)
Installing calibration_manager script to /home/valtec/aether/aether_ws/install/aether_gcs_backend/lib/aether_gcs_backend
Installing fleet_manager script to /home/valtec/aether/aether_ws/install/aether_gcs_backend/lib/aether_gcs_backend
Installing mission_planner script to /home/valtec/aether/aether_ws/install/aether_gcs_backend/lib/aether_gcs_backend

Installed /home/valtec/aether/aether_ws/build/aether_gcs_backend
running symlink_data
creating /home/valtec/aether/aether_ws/install/aether_gcs_backend/share/ament_index
creating /home/valtec/aether/aether_ws/install/aether_gcs_backend/share/ament_index/resource_index
creating /home/valtec/aether/aether_ws/install/aether_gcs_backend/share/ament_index/resource_index/packages
symbolically linking /home/valtec/aether/aether_ws/build/aether_gcs_backend/resource/aether_gcs_backend -> /home/valtec/aether/aether_ws/install/aether_gcs_backend/share/ament_index/resource_index/packages
symbolically linking /home/valtec/aether/aether_ws/build/aether_gcs_backend/package.xml -> /home/valtec/aether/aether_ws/install/aether_gcs_backend/share/aether_gcs_backend
creating /home/valtec/aether/aether_ws/install/aether_gcs_backend/share/aether_gcs_backend/launch
symbolically linking /home/valtec/aether/aether_ws/build/aether_gcs_backend/launch/gcs_backend.launch.py -> /home/valtec/aether/aether_ws/install/aether_gcs_backend/share/aether_gcs_backend/launch
creating /home/valtec/aether/aether_ws/install/aether_gcs_backend/share/aether_gcs_backend/config
symbolically linking /home/valtec/aether/aether_ws/build/aether_gcs_backend/config/drone_profiles.yaml -> /home/valtec/aether/aether_ws/install/aether_gcs_backend/share/aether_gcs_backend/config
