[0.487s] Invoking command in '/home/valtec/aether/aether_ws/build/aether_gcs_backend': CMAKE_PREFIX_PATH=/home/valtec/aether/aether_ws/install/aether_interfaces:/home/valtec/aether/aether_ws/install/valtec_onboard_intelligence:/home/valtec/aether/aether_ws/install/aether_gcs_logic_cpp PYTHONPATH=/home/valtec/aether/aether_ws/build/aether_gcs_backend/prefix_override:/usr/lib/python3/dist-packages/colcon_core/task/python/colcon_distutils_commands:/home/valtec/aether/aether_ws/install/aether_gcs_backend/lib/python3.10/site-packages:/home/valtec/aether/aether_ws/install/aether_interfaces/lib/python3.10/site-packages:${PYTHONPATH} VIRTUAL_ENV_PROMPT=(.venv) /usr/bin/python3 -W ignore:setup.py install is deprecated -W ignore:easy_install command is deprecated setup.py develop --editable --build-directory /home/valtec/aether/aether_ws/build/aether_gcs_backend/build --no-deps symlink_data
[0.655s] running develop
[0.757s] running egg_info
[0.757s] creating aether_gcs_backend.egg-info
[0.757s] writing aether_gcs_backend.egg-info/PKG-INFO
[0.757s] writing dependency_links to aether_gcs_backend.egg-info/dependency_links.txt
[0.757s] writing entry points to aether_gcs_backend.egg-info/entry_points.txt
[0.757s] writing requirements to aether_gcs_backend.egg-info/requires.txt
[0.757s] writing top-level names to aether_gcs_backend.egg-info/top_level.txt
[0.757s] writing manifest file 'aether_gcs_backend.egg-info/SOURCES.txt'
[0.758s] reading manifest file 'aether_gcs_backend.egg-info/SOURCES.txt'
[0.758s] writing manifest file 'aether_gcs_backend.egg-info/SOURCES.txt'
[0.759s] running build_ext
[0.759s] Creating /home/valtec/aether/aether_ws/install/aether_gcs_backend/lib/python3.10/site-packages/aether-gcs-backend.egg-link (link to .)
[0.760s] Installing calibration_manager script to /home/valtec/aether/aether_ws/install/aether_gcs_backend/lib/aether_gcs_backend
[0.760s] Installing fleet_manager script to /home/valtec/aether/aether_ws/install/aether_gcs_backend/lib/aether_gcs_backend
[0.760s] Installing mission_planner script to /home/valtec/aether/aether_ws/install/aether_gcs_backend/lib/aether_gcs_backend
[0.760s] 
[0.760s] Installed /home/valtec/aether/aether_ws/build/aether_gcs_backend
[0.760s] running symlink_data
[0.760s] creating /home/valtec/aether/aether_ws/install/aether_gcs_backend/share/ament_index
[0.760s] creating /home/valtec/aether/aether_ws/install/aether_gcs_backend/share/ament_index/resource_index
[0.760s] creating /home/valtec/aether/aether_ws/install/aether_gcs_backend/share/ament_index/resource_index/packages
[0.760s] symbolically linking /home/valtec/aether/aether_ws/build/aether_gcs_backend/resource/aether_gcs_backend -> /home/valtec/aether/aether_ws/install/aether_gcs_backend/share/ament_index/resource_index/packages
[0.760s] symbolically linking /home/valtec/aether/aether_ws/build/aether_gcs_backend/package.xml -> /home/valtec/aether/aether_ws/install/aether_gcs_backend/share/aether_gcs_backend
[0.760s] creating /home/valtec/aether/aether_ws/install/aether_gcs_backend/share/aether_gcs_backend/launch
[0.760s] symbolically linking /home/valtec/aether/aether_ws/build/aether_gcs_backend/launch/gcs_backend.launch.py -> /home/valtec/aether/aether_ws/install/aether_gcs_backend/share/aether_gcs_backend/launch
[0.760s] creating /home/valtec/aether/aether_ws/install/aether_gcs_backend/share/aether_gcs_backend/config
[0.760s] symbolically linking /home/valtec/aether/aether_ws/build/aether_gcs_backend/config/drone_profiles.yaml -> /home/valtec/aether/aether_ws/install/aether_gcs_backend/share/aether_gcs_backend/config
[0.780s] Invoked command in '/home/valtec/aether/aether_ws/build/aether_gcs_backend' returned '0': CMAKE_PREFIX_PATH=/home/valtec/aether/aether_ws/install/aether_interfaces:/home/valtec/aether/aether_ws/install/valtec_onboard_intelligence:/home/valtec/aether/aether_ws/install/aether_gcs_logic_cpp PYTHONPATH=/home/valtec/aether/aether_ws/build/aether_gcs_backend/prefix_override:/usr/lib/python3/dist-packages/colcon_core/task/python/colcon_distutils_commands:/home/valtec/aether/aether_ws/install/aether_gcs_backend/lib/python3.10/site-packages:/home/valtec/aether/aether_ws/install/aether_interfaces/lib/python3.10/site-packages:${PYTHONPATH} VIRTUAL_ENV_PROMPT=(.venv) /usr/bin/python3 -W ignore:setup.py install is deprecated -W ignore:easy_install command is deprecated setup.py develop --editable --build-directory /home/valtec/aether/aether_ws/build/aether_gcs_backend/build --no-deps symlink_data
