[0.142s] Invoking command in '/home/valtec/aether/aether_ws/build/aether_gcs_logic_cpp': CMAKE_PREFIX_PATH=/home/valtec/aether/aether_ws/install/aether_gcs_ui:/home/valtec/aether/aether_ws/install/aether_gcs_backend:/opt/ros/humble:/home/valtec/aether/aether_ws/install/aether_interfaces:/home/valtec/aether/aether_ws/install/valtec_onboard_intelligence:/home/valtec/aether/aether_ws/install/aether_gcs_logic_cpp PYTHONPATH=/home/valtec/aether/aether_ws/install/aether_interfaces/lib/python3.10/site-packages:/home/valtec/aether/aether_ws/install/aether_gcs_ui/lib/python3.10/site-packages:/home/valtec/aether/aether_ws/install/aether_gcs_backend/lib/python3.10/site-packages:/opt/ros/humble/lib/python3.10/site-packages:/opt/ros/humble/local/lib/python3.10/dist-packages VIRTUAL_ENV_PROMPT=(.venv) /usr/bin/cmake --build /home/valtec/aether/aether_ws/build/aether_gcs_logic_cpp -- -j20 -l20
[0.174s] [35m[1mConsolidate compiler generated dependencies of target strategic_deconfliction_node[0m
[0.189s] [ 50%] [32mBuilding CXX object CMakeFiles/strategic_deconfliction_node.dir/src/strategic_deconfliction_node.cpp.o[0m
[5.512s] [100%] [32m[1mLinking CXX executable strategic_deconfliction_node[0m
[5.775s] [100%] Built target strategic_deconfliction_node
[5.782s] Invoked command in '/home/valtec/aether/aether_ws/build/aether_gcs_logic_cpp' returned '0': CMAKE_PREFIX_PATH=/home/valtec/aether/aether_ws/install/aether_gcs_ui:/home/valtec/aether/aether_ws/install/aether_gcs_backend:/opt/ros/humble:/home/valtec/aether/aether_ws/install/aether_interfaces:/home/valtec/aether/aether_ws/install/valtec_onboard_intelligence:/home/valtec/aether/aether_ws/install/aether_gcs_logic_cpp PYTHONPATH=/home/valtec/aether/aether_ws/install/aether_interfaces/lib/python3.10/site-packages:/home/valtec/aether/aether_ws/install/aether_gcs_ui/lib/python3.10/site-packages:/home/valtec/aether/aether_ws/install/aether_gcs_backend/lib/python3.10/site-packages:/opt/ros/humble/lib/python3.10/site-packages:/opt/ros/humble/local/lib/python3.10/dist-packages VIRTUAL_ENV_PROMPT=(.venv) /usr/bin/cmake --build /home/valtec/aether/aether_ws/build/aether_gcs_logic_cpp -- -j20 -l20
[5.784s] Invoking command in '/home/valtec/aether/aether_ws/build/aether_gcs_logic_cpp': CMAKE_PREFIX_PATH=/home/valtec/aether/aether_ws/install/aether_gcs_ui:/home/valtec/aether/aether_ws/install/aether_gcs_backend:/opt/ros/humble:/home/valtec/aether/aether_ws/install/aether_interfaces:/home/valtec/aether/aether_ws/install/valtec_onboard_intelligence:/home/valtec/aether/aether_ws/install/aether_gcs_logic_cpp PYTHONPATH=/home/valtec/aether/aether_ws/install/aether_interfaces/lib/python3.10/site-packages:/home/valtec/aether/aether_ws/install/aether_gcs_ui/lib/python3.10/site-packages:/home/valtec/aether/aether_ws/install/aether_gcs_backend/lib/python3.10/site-packages:/opt/ros/humble/lib/python3.10/site-packages:/opt/ros/humble/local/lib/python3.10/dist-packages VIRTUAL_ENV_PROMPT=(.venv) /usr/bin/cmake --install /home/valtec/aether/aether_ws/build/aether_gcs_logic_cpp
[5.789s] -- Install configuration: ""
[5.789s] -- Execute custom install script
[5.789s] -- Up-to-date symlink: /home/valtec/aether/aether_ws/install/aether_gcs_logic_cpp/lib/aether_gcs_logic_cpp/strategic_deconfliction_node
[5.789s] -- Up-to-date symlink: /home/valtec/aether/aether_ws/install/aether_gcs_logic_cpp/share/ament_index/resource_index/package_run_dependencies/aether_gcs_logic_cpp
[5.789s] -- Up-to-date symlink: /home/valtec/aether/aether_ws/install/aether_gcs_logic_cpp/share/ament_index/resource_index/parent_prefix_path/aether_gcs_logic_cpp
[5.789s] -- Up-to-date symlink: /home/valtec/aether/aether_ws/install/aether_gcs_logic_cpp/share/aether_gcs_logic_cpp/environment/ament_prefix_path.sh
[5.790s] -- Up-to-date symlink: /home/valtec/aether/aether_ws/install/aether_gcs_logic_cpp/share/aether_gcs_logic_cpp/environment/ament_prefix_path.dsv
[5.790s] -- Up-to-date symlink: /home/valtec/aether/aether_ws/install/aether_gcs_logic_cpp/share/aether_gcs_logic_cpp/environment/path.sh
[5.790s] -- Up-to-date symlink: /home/valtec/aether/aether_ws/install/aether_gcs_logic_cpp/share/aether_gcs_logic_cpp/environment/path.dsv
[5.790s] -- Up-to-date symlink: /home/valtec/aether/aether_ws/install/aether_gcs_logic_cpp/share/aether_gcs_logic_cpp/local_setup.bash
[5.790s] -- Up-to-date symlink: /home/valtec/aether/aether_ws/install/aether_gcs_logic_cpp/share/aether_gcs_logic_cpp/local_setup.sh
[5.790s] -- Up-to-date symlink: /home/valtec/aether/aether_ws/install/aether_gcs_logic_cpp/share/aether_gcs_logic_cpp/local_setup.zsh
[5.790s] -- Up-to-date symlink: /home/valtec/aether/aether_ws/install/aether_gcs_logic_cpp/share/aether_gcs_logic_cpp/local_setup.dsv
[5.790s] -- Symlinking: /home/valtec/aether/aether_ws/install/aether_gcs_logic_cpp/share/aether_gcs_logic_cpp/package.dsv
[5.795s] -- Up-to-date symlink: /home/valtec/aether/aether_ws/install/aether_gcs_logic_cpp/share/ament_index/resource_index/packages/aether_gcs_logic_cpp
[5.795s] -- Up-to-date symlink: /home/valtec/aether/aether_ws/install/aether_gcs_logic_cpp/share/aether_gcs_logic_cpp/cmake/aether_gcs_logic_cppConfig.cmake
[5.795s] -- Up-to-date symlink: /home/valtec/aether/aether_ws/install/aether_gcs_logic_cpp/share/aether_gcs_logic_cpp/cmake/aether_gcs_logic_cppConfig-version.cmake
[5.795s] -- Up-to-date symlink: /home/valtec/aether/aether_ws/install/aether_gcs_logic_cpp/share/aether_gcs_logic_cpp/package.xml
[5.797s] Invoked command in '/home/valtec/aether/aether_ws/build/aether_gcs_logic_cpp' returned '0': CMAKE_PREFIX_PATH=/home/valtec/aether/aether_ws/install/aether_gcs_ui:/home/valtec/aether/aether_ws/install/aether_gcs_backend:/opt/ros/humble:/home/valtec/aether/aether_ws/install/aether_interfaces:/home/valtec/aether/aether_ws/install/valtec_onboard_intelligence:/home/valtec/aether/aether_ws/install/aether_gcs_logic_cpp PYTHONPATH=/home/valtec/aether/aether_ws/install/aether_interfaces/lib/python3.10/site-packages:/home/valtec/aether/aether_ws/install/aether_gcs_ui/lib/python3.10/site-packages:/home/valtec/aether/aether_ws/install/aether_gcs_backend/lib/python3.10/site-packages:/opt/ros/humble/lib/python3.10/site-packages:/opt/ros/humble/local/lib/python3.10/dist-packages VIRTUAL_ENV_PROMPT=(.venv) /usr/bin/cmake --install /home/valtec/aether/aether_ws/build/aether_gcs_logic_cpp
