[0.501s] Invoking command in '/home/valtec/aether/aether_ws/build/aether_gcs_ui': CMAKE_PREFIX_PATH=/home/valtec/aether/aether_ws/install/aether_interfaces:/home/valtec/aether/aether_ws/install/valtec_onboard_intelligence:/home/valtec/aether/aether_ws/install/aether_gcs_logic_cpp PYTHONPATH=/home/valtec/aether/aether_ws/build/aether_gcs_ui/prefix_override:/usr/lib/python3/dist-packages/colcon_core/task/python/colcon_distutils_commands:/home/valtec/aether/aether_ws/install/aether_gcs_ui/lib/python3.10/site-packages:/home/valtec/aether/aether_ws/install/aether_interfaces/lib/python3.10/site-packages:${PYTHONPATH} VIRTUAL_ENV_PROMPT=(.venv) /usr/bin/python3 -W ignore:setup.py install is deprecated -W ignore:easy_install command is deprecated setup.py develop --editable --build-directory /home/valtec/aether/aether_ws/build/aether_gcs_ui/build --no-deps symlink_data
[0.645s] running develop
[0.722s] running egg_info
[0.722s] creating aether_gcs_ui.egg-info
[0.723s] writing aether_gcs_ui.egg-info/PKG-INFO
[0.723s] writing dependency_links to aether_gcs_ui.egg-info/dependency_links.txt
[0.723s] writing entry points to aether_gcs_ui.egg-info/entry_points.txt
[0.723s] writing requirements to aether_gcs_ui.egg-info/requires.txt
[0.723s] writing top-level names to aether_gcs_ui.egg-info/top_level.txt
[0.723s] writing manifest file 'aether_gcs_ui.egg-info/SOURCES.txt'
[0.725s] reading manifest file 'aether_gcs_ui.egg-info/SOURCES.txt'
[0.725s] writing manifest file 'aether_gcs_ui.egg-info/SOURCES.txt'
[0.727s] running build_ext
[0.727s] Creating /home/valtec/aether/aether_ws/install/aether_gcs_ui/lib/python3.10/site-packages/aether-gcs-ui.egg-link (link to .)
[0.728s] Installing aether_ui script to /home/valtec/aether/aether_ws/install/aether_gcs_ui/lib/aether_gcs_ui
[0.728s] 
[0.728s] Installed /home/valtec/aether/aether_ws/build/aether_gcs_ui
[0.728s] running symlink_data
[0.728s] creating /home/valtec/aether/aether_ws/install/aether_gcs_ui/share/ament_index
[0.728s] creating /home/valtec/aether/aether_ws/install/aether_gcs_ui/share/ament_index/resource_index
[0.729s] creating /home/valtec/aether/aether_ws/install/aether_gcs_ui/share/ament_index/resource_index/packages
[0.729s] symbolically linking /home/valtec/aether/aether_ws/build/aether_gcs_ui/resource/aether_gcs_ui -> /home/valtec/aether/aether_ws/install/aether_gcs_ui/share/ament_index/resource_index/packages
[0.729s] symbolically linking /home/valtec/aether/aether_ws/build/aether_gcs_ui/package.xml -> /home/valtec/aether/aether_ws/install/aether_gcs_ui/share/aether_gcs_ui
[0.750s] Invoked command in '/home/valtec/aether/aether_ws/build/aether_gcs_ui' returned '0': CMAKE_PREFIX_PATH=/home/valtec/aether/aether_ws/install/aether_interfaces:/home/valtec/aether/aether_ws/install/valtec_onboard_intelligence:/home/valtec/aether/aether_ws/install/aether_gcs_logic_cpp PYTHONPATH=/home/valtec/aether/aether_ws/build/aether_gcs_ui/prefix_override:/usr/lib/python3/dist-packages/colcon_core/task/python/colcon_distutils_commands:/home/valtec/aether/aether_ws/install/aether_gcs_ui/lib/python3.10/site-packages:/home/valtec/aether/aether_ws/install/aether_interfaces/lib/python3.10/site-packages:${PYTHONPATH} VIRTUAL_ENV_PROMPT=(.venv) /usr/bin/python3 -W ignore:setup.py install is deprecated -W ignore:easy_install command is deprecated setup.py develop --editable --build-directory /home/valtec/aether/aether_ws/build/aether_gcs_ui/build --no-deps symlink_data
