[0.059s] DEBUG:colcon:Command line arguments: ['/usr/bin/colcon', 'build']
[0.059s] DEBUG:colcon:Parsed command line arguments: Namespace(log_base=None, log_level=None, verb_name='build', build_base='build', install_base='install', merge_install=False, symlink_install=False, test_result_base=None, continue_on_error=False, executor='parallel', parallel_workers=20, event_handlers=None, ignore_user_meta=False, metas=['./colcon.meta'], base_paths=['.'], packages_ignore=None, packages_ignore_regex=None, paths=None, packages_up_to=None, packages_up_to_regex=None, packages_above=None, packages_above_and_dependencies=None, packages_above_depth=None, packages_select_by_dep=None, packages_skip_by_dep=None, packages_skip_up_to=None, packages_select_build_failed=False, packages_skip_build_finished=False, packages_select_test_failures=False, packages_skip_test_passed=False, packages_select=None, packages_skip=None, packages_select_regex=None, packages_skip_regex=None, packages_start=None, packages_end=None, allow_overriding=[], cmake_args=None, cmake_target=None, cmake_target_skip_unavailable=False, cmake_clean_cache=False, cmake_clean_first=False, cmake_force_configure=False, ament_cmake_args=None, catkin_cmake_args=None, catkin_skip_building_tests=False, verb_parser=<colcon_defaults.argument_parser.defaults.DefaultArgumentsDecorator object at 0x712c40ccb7f0>, verb_extension=<colcon_core.verb.build.BuildVerb object at 0x712c40ccb2e0>, main=<bound method BuildVerb.main of <colcon_core.verb.build.BuildVerb object at 0x712c40ccb2e0>>)
[0.130s] Level 1:colcon.colcon_core.package_discovery:discover_packages(colcon_meta) check parameters
[0.130s] Level 1:colcon.colcon_core.package_discovery:discover_packages(recursive) check parameters
[0.130s] Level 1:colcon.colcon_core.package_discovery:discover_packages(ignore) check parameters
[0.130s] Level 1:colcon.colcon_core.package_discovery:discover_packages(path) check parameters
[0.130s] Level 1:colcon.colcon_core.package_discovery:discover_packages(colcon_meta) discover
[0.130s] Level 1:colcon.colcon_core.package_discovery:discover_packages(recursive) discover
[0.130s] INFO:colcon.colcon_core.package_discovery:Crawling recursively for packages in '/home/valtec/aether/aether_ws'
[0.130s] Level 1:colcon.colcon_core.package_identification:_identify(.) by extensions ['ignore', 'ignore_ament_install']
[0.130s] Level 1:colcon.colcon_core.package_identification:_identify(.) by extension 'ignore'
[0.130s] Level 1:colcon.colcon_core.package_identification:_identify(.) by extension 'ignore_ament_install'
[0.130s] Level 1:colcon.colcon_core.package_identification:_identify(.) by extensions ['colcon_pkg']
[0.130s] Level 1:colcon.colcon_core.package_identification:_identify(.) by extension 'colcon_pkg'
[0.130s] Level 1:colcon.colcon_core.package_identification:_identify(.) by extensions ['colcon_meta']
[0.130s] Level 1:colcon.colcon_core.package_identification:_identify(.) by extension 'colcon_meta'
[0.130s] Level 1:colcon.colcon_core.package_identification:_identify(.) by extensions ['ros']
[0.130s] Level 1:colcon.colcon_core.package_identification:_identify(.) by extension 'ros'
[0.137s] Level 1:colcon.colcon_core.package_identification:_identify(.) by extensions ['cmake', 'python']
[0.137s] Level 1:colcon.colcon_core.package_identification:_identify(.) by extension 'cmake'
[0.137s] Level 1:colcon.colcon_core.package_identification:_identify(.) by extension 'python'
[0.137s] Level 1:colcon.colcon_core.package_identification:_identify(.) by extensions ['python_setup_py']
[0.137s] Level 1:colcon.colcon_core.package_identification:_identify(.) by extension 'python_setup_py'
[0.138s] Level 1:colcon.colcon_core.package_identification:_identify(build) by extensions ['ignore', 'ignore_ament_install']
[0.138s] Level 1:colcon.colcon_core.package_identification:_identify(build) by extension 'ignore'
[0.138s] Level 1:colcon.colcon_core.package_identification:_identify(build) ignored
[0.138s] Level 1:colcon.colcon_core.package_identification:_identify(install) by extensions ['ignore', 'ignore_ament_install']
[0.138s] Level 1:colcon.colcon_core.package_identification:_identify(install) by extension 'ignore'
[0.138s] Level 1:colcon.colcon_core.package_identification:_identify(install) ignored
[0.138s] Level 1:colcon.colcon_core.package_identification:_identify(log) by extensions ['ignore', 'ignore_ament_install']
[0.138s] Level 1:colcon.colcon_core.package_identification:_identify(log) by extension 'ignore'
[0.138s] Level 1:colcon.colcon_core.package_identification:_identify(log) ignored
[0.138s] Level 1:colcon.colcon_core.package_identification:_identify(src) by extensions ['ignore', 'ignore_ament_install']
[0.138s] Level 1:colcon.colcon_core.package_identification:_identify(src) by extension 'ignore'
[0.138s] Level 1:colcon.colcon_core.package_identification:_identify(src) by extension 'ignore_ament_install'
[0.138s] Level 1:colcon.colcon_core.package_identification:_identify(src) by extensions ['colcon_pkg']
[0.138s] Level 1:colcon.colcon_core.package_identification:_identify(src) by extension 'colcon_pkg'
[0.138s] Level 1:colcon.colcon_core.package_identification:_identify(src) by extensions ['colcon_meta']
[0.138s] Level 1:colcon.colcon_core.package_identification:_identify(src) by extension 'colcon_meta'
[0.138s] Level 1:colcon.colcon_core.package_identification:_identify(src) by extensions ['ros']
[0.138s] Level 1:colcon.colcon_core.package_identification:_identify(src) by extension 'ros'
[0.139s] Level 1:colcon.colcon_core.package_identification:_identify(src) by extensions ['cmake', 'python']
[0.139s] Level 1:colcon.colcon_core.package_identification:_identify(src) by extension 'cmake'
[0.139s] Level 1:colcon.colcon_core.package_identification:_identify(src) by extension 'python'
[0.139s] Level 1:colcon.colcon_core.package_identification:_identify(src) by extensions ['python_setup_py']
[0.139s] Level 1:colcon.colcon_core.package_identification:_identify(src) by extension 'python_setup_py'
[0.139s] Level 1:colcon.colcon_core.package_identification:_identify(src/aether_gcs_backend) by extensions ['ignore', 'ignore_ament_install']
[0.139s] Level 1:colcon.colcon_core.package_identification:_identify(src/aether_gcs_backend) by extension 'ignore'
[0.139s] Level 1:colcon.colcon_core.package_identification:_identify(src/aether_gcs_backend) by extension 'ignore_ament_install'
[0.139s] Level 1:colcon.colcon_core.package_identification:_identify(src/aether_gcs_backend) by extensions ['colcon_pkg']
[0.139s] Level 1:colcon.colcon_core.package_identification:_identify(src/aether_gcs_backend) by extension 'colcon_pkg'
[0.139s] Level 1:colcon.colcon_core.package_identification:_identify(src/aether_gcs_backend) by extensions ['colcon_meta']
[0.139s] Level 1:colcon.colcon_core.package_identification:_identify(src/aether_gcs_backend) by extension 'colcon_meta'
[0.139s] Level 1:colcon.colcon_core.package_identification:_identify(src/aether_gcs_backend) by extensions ['ros']
[0.139s] Level 1:colcon.colcon_core.package_identification:_identify(src/aether_gcs_backend) by extension 'ros'
[0.141s] DEBUG:colcon.colcon_core.package_identification:Package 'src/aether_gcs_backend' with type 'ros.ament_python' and name 'aether_gcs_backend'
[0.141s] Level 1:colcon.colcon_core.package_identification:_identify(src/aether_gcs_logic_cpp) by extensions ['ignore', 'ignore_ament_install']
[0.141s] Level 1:colcon.colcon_core.package_identification:_identify(src/aether_gcs_logic_cpp) by extension 'ignore'
[0.141s] Level 1:colcon.colcon_core.package_identification:_identify(src/aether_gcs_logic_cpp) by extension 'ignore_ament_install'
[0.141s] Level 1:colcon.colcon_core.package_identification:_identify(src/aether_gcs_logic_cpp) by extensions ['colcon_pkg']
[0.141s] Level 1:colcon.colcon_core.package_identification:_identify(src/aether_gcs_logic_cpp) by extension 'colcon_pkg'
[0.141s] Level 1:colcon.colcon_core.package_identification:_identify(src/aether_gcs_logic_cpp) by extensions ['colcon_meta']
[0.141s] Level 1:colcon.colcon_core.package_identification:_identify(src/aether_gcs_logic_cpp) by extension 'colcon_meta'
[0.141s] Level 1:colcon.colcon_core.package_identification:_identify(src/aether_gcs_logic_cpp) by extensions ['ros']
[0.141s] Level 1:colcon.colcon_core.package_identification:_identify(src/aether_gcs_logic_cpp) by extension 'ros'
[0.142s] DEBUG:colcon.colcon_core.package_identification:Package 'src/aether_gcs_logic_cpp' with type 'ros.ament_cmake' and name 'aether_gcs_logic_cpp'
[0.142s] Level 1:colcon.colcon_core.package_identification:_identify(src/aether_gcs_ui) by extensions ['ignore', 'ignore_ament_install']
[0.142s] Level 1:colcon.colcon_core.package_identification:_identify(src/aether_gcs_ui) by extension 'ignore'
[0.142s] Level 1:colcon.colcon_core.package_identification:_identify(src/aether_gcs_ui) by extension 'ignore_ament_install'
[0.142s] Level 1:colcon.colcon_core.package_identification:_identify(src/aether_gcs_ui) by extensions ['colcon_pkg']
[0.142s] Level 1:colcon.colcon_core.package_identification:_identify(src/aether_gcs_ui) by extension 'colcon_pkg'
[0.142s] Level 1:colcon.colcon_core.package_identification:_identify(src/aether_gcs_ui) by extensions ['colcon_meta']
[0.142s] Level 1:colcon.colcon_core.package_identification:_identify(src/aether_gcs_ui) by extension 'colcon_meta'
[0.142s] Level 1:colcon.colcon_core.package_identification:_identify(src/aether_gcs_ui) by extensions ['ros']
[0.142s] Level 1:colcon.colcon_core.package_identification:_identify(src/aether_gcs_ui) by extension 'ros'
[0.143s] DEBUG:colcon.colcon_core.package_identification:Package 'src/aether_gcs_ui' with type 'ros.ament_python' and name 'aether_gcs_ui'
[0.143s] Level 1:colcon.colcon_core.package_identification:_identify(src/aether_interfaces) by extensions ['ignore', 'ignore_ament_install']
[0.143s] Level 1:colcon.colcon_core.package_identification:_identify(src/aether_interfaces) by extension 'ignore'
[0.143s] Level 1:colcon.colcon_core.package_identification:_identify(src/aether_interfaces) by extension 'ignore_ament_install'
[0.143s] Level 1:colcon.colcon_core.package_identification:_identify(src/aether_interfaces) by extensions ['colcon_pkg']
[0.143s] Level 1:colcon.colcon_core.package_identification:_identify(src/aether_interfaces) by extension 'colcon_pkg'
[0.143s] Level 1:colcon.colcon_core.package_identification:_identify(src/aether_interfaces) by extensions ['colcon_meta']
[0.143s] Level 1:colcon.colcon_core.package_identification:_identify(src/aether_interfaces) by extension 'colcon_meta'
[0.143s] Level 1:colcon.colcon_core.package_identification:_identify(src/aether_interfaces) by extensions ['ros']
[0.143s] Level 1:colcon.colcon_core.package_identification:_identify(src/aether_interfaces) by extension 'ros'
[0.144s] DEBUG:colcon.colcon_core.package_identification:Package 'src/aether_interfaces' with type 'ros.catkin' and name 'aether_interfaces'
[0.144s] Level 1:colcon.colcon_core.package_identification:_identify(src/valtec_onboard_intelligence) by extensions ['ignore', 'ignore_ament_install']
[0.144s] Level 1:colcon.colcon_core.package_identification:_identify(src/valtec_onboard_intelligence) by extension 'ignore'
[0.144s] Level 1:colcon.colcon_core.package_identification:_identify(src/valtec_onboard_intelligence) by extension 'ignore_ament_install'
[0.144s] Level 1:colcon.colcon_core.package_identification:_identify(src/valtec_onboard_intelligence) by extensions ['colcon_pkg']
[0.144s] Level 1:colcon.colcon_core.package_identification:_identify(src/valtec_onboard_intelligence) by extension 'colcon_pkg'
[0.144s] Level 1:colcon.colcon_core.package_identification:_identify(src/valtec_onboard_intelligence) by extensions ['colcon_meta']
[0.144s] Level 1:colcon.colcon_core.package_identification:_identify(src/valtec_onboard_intelligence) by extension 'colcon_meta'
[0.144s] Level 1:colcon.colcon_core.package_identification:_identify(src/valtec_onboard_intelligence) by extensions ['ros']
[0.144s] Level 1:colcon.colcon_core.package_identification:_identify(src/valtec_onboard_intelligence) by extension 'ros'
[0.145s] DEBUG:colcon.colcon_core.package_identification:Package 'src/valtec_onboard_intelligence' with type 'ros.ament_cmake' and name 'valtec_onboard_intelligence'
[0.145s] Level 1:colcon.colcon_core.package_discovery:discover_packages(recursive) using defaults
[0.145s] Level 1:colcon.colcon_core.package_discovery:discover_packages(ignore) discover
[0.145s] Level 1:colcon.colcon_core.package_discovery:discover_packages(ignore) using defaults
[0.145s] Level 1:colcon.colcon_core.package_discovery:discover_packages(path) discover
[0.145s] Level 1:colcon.colcon_core.package_discovery:discover_packages(path) using defaults
[0.158s] Level 1:colcon.colcon_core.package_discovery:discover_packages(prefix_path) check parameters
[0.158s] Level 1:colcon.colcon_core.package_discovery:discover_packages(prefix_path) discover
[0.159s] Level 1:colcon.colcon_core.package_discovery:discover_packages(prefix_path) using defaults
[0.159s] Level 5:colcon.colcon_core.verb:set package 'aether_interfaces' build argument 'cmake_args' from command line to 'None'
[0.159s] Level 5:colcon.colcon_core.verb:set package 'aether_interfaces' build argument 'cmake_target' from command line to 'None'
[0.159s] Level 5:colcon.colcon_core.verb:set package 'aether_interfaces' build argument 'cmake_target_skip_unavailable' from command line to 'False'
[0.159s] Level 5:colcon.colcon_core.verb:set package 'aether_interfaces' build argument 'cmake_clean_cache' from command line to 'False'
[0.159s] Level 5:colcon.colcon_core.verb:set package 'aether_interfaces' build argument 'cmake_clean_first' from command line to 'False'
[0.159s] Level 5:colcon.colcon_core.verb:set package 'aether_interfaces' build argument 'cmake_force_configure' from command line to 'False'
[0.159s] Level 5:colcon.colcon_core.verb:set package 'aether_interfaces' build argument 'ament_cmake_args' from command line to 'None'
[0.159s] Level 5:colcon.colcon_core.verb:set package 'aether_interfaces' build argument 'catkin_cmake_args' from command line to 'None'
[0.159s] Level 5:colcon.colcon_core.verb:set package 'aether_interfaces' build argument 'catkin_skip_building_tests' from command line to 'False'
[0.159s] DEBUG:colcon.colcon_core.verb:Building package 'aether_interfaces' with the following arguments: {'ament_cmake_args': None, 'build_base': '/home/valtec/aether/aether_ws/build/aether_interfaces', 'catkin_cmake_args': None, 'catkin_skip_building_tests': False, 'cmake_args': None, 'cmake_clean_cache': False, 'cmake_clean_first': False, 'cmake_force_configure': False, 'cmake_target': None, 'cmake_target_skip_unavailable': False, 'install_base': '/home/valtec/aether/aether_ws/install/aether_interfaces', 'merge_install': False, 'path': '/home/valtec/aether/aether_ws/src/aether_interfaces', 'symlink_install': False, 'test_result_base': None}
[0.160s] Level 5:colcon.colcon_core.verb:set package 'valtec_onboard_intelligence' build argument 'cmake_args' from command line to 'None'
[0.160s] Level 5:colcon.colcon_core.verb:set package 'valtec_onboard_intelligence' build argument 'cmake_target' from command line to 'None'
[0.160s] Level 5:colcon.colcon_core.verb:set package 'valtec_onboard_intelligence' build argument 'cmake_target_skip_unavailable' from command line to 'False'
[0.160s] Level 5:colcon.colcon_core.verb:set package 'valtec_onboard_intelligence' build argument 'cmake_clean_cache' from command line to 'False'
[0.160s] Level 5:colcon.colcon_core.verb:set package 'valtec_onboard_intelligence' build argument 'cmake_clean_first' from command line to 'False'
[0.160s] Level 5:colcon.colcon_core.verb:set package 'valtec_onboard_intelligence' build argument 'cmake_force_configure' from command line to 'False'
[0.160s] Level 5:colcon.colcon_core.verb:set package 'valtec_onboard_intelligence' build argument 'ament_cmake_args' from command line to 'None'
[0.160s] Level 5:colcon.colcon_core.verb:set package 'valtec_onboard_intelligence' build argument 'catkin_cmake_args' from command line to 'None'
[0.160s] Level 5:colcon.colcon_core.verb:set package 'valtec_onboard_intelligence' build argument 'catkin_skip_building_tests' from command line to 'False'
[0.160s] DEBUG:colcon.colcon_core.verb:Building package 'valtec_onboard_intelligence' with the following arguments: {'ament_cmake_args': None, 'build_base': '/home/valtec/aether/aether_ws/build/valtec_onboard_intelligence', 'catkin_cmake_args': None, 'catkin_skip_building_tests': False, 'cmake_args': None, 'cmake_clean_cache': False, 'cmake_clean_first': False, 'cmake_force_configure': False, 'cmake_target': None, 'cmake_target_skip_unavailable': False, 'install_base': '/home/valtec/aether/aether_ws/install/valtec_onboard_intelligence', 'merge_install': False, 'path': '/home/valtec/aether/aether_ws/src/valtec_onboard_intelligence', 'symlink_install': False, 'test_result_base': None}
[0.160s] Level 5:colcon.colcon_core.verb:set package 'aether_gcs_backend' build argument 'cmake_args' from command line to 'None'
[0.160s] Level 5:colcon.colcon_core.verb:set package 'aether_gcs_backend' build argument 'cmake_target' from command line to 'None'
[0.160s] Level 5:colcon.colcon_core.verb:set package 'aether_gcs_backend' build argument 'cmake_target_skip_unavailable' from command line to 'False'
[0.160s] Level 5:colcon.colcon_core.verb:set package 'aether_gcs_backend' build argument 'cmake_clean_cache' from command line to 'False'
[0.160s] Level 5:colcon.colcon_core.verb:set package 'aether_gcs_backend' build argument 'cmake_clean_first' from command line to 'False'
[0.160s] Level 5:colcon.colcon_core.verb:set package 'aether_gcs_backend' build argument 'cmake_force_configure' from command line to 'False'
[0.160s] Level 5:colcon.colcon_core.verb:set package 'aether_gcs_backend' build argument 'ament_cmake_args' from command line to 'None'
[0.160s] Level 5:colcon.colcon_core.verb:set package 'aether_gcs_backend' build argument 'catkin_cmake_args' from command line to 'None'
[0.160s] Level 5:colcon.colcon_core.verb:set package 'aether_gcs_backend' build argument 'catkin_skip_building_tests' from command line to 'False'
[0.160s] DEBUG:colcon.colcon_core.verb:Building package 'aether_gcs_backend' with the following arguments: {'ament_cmake_args': None, 'build_base': '/home/valtec/aether/aether_ws/build/aether_gcs_backend', 'catkin_cmake_args': None, 'catkin_skip_building_tests': False, 'cmake_args': None, 'cmake_clean_cache': False, 'cmake_clean_first': False, 'cmake_force_configure': False, 'cmake_target': None, 'cmake_target_skip_unavailable': False, 'install_base': '/home/valtec/aether/aether_ws/install/aether_gcs_backend', 'merge_install': False, 'path': '/home/valtec/aether/aether_ws/src/aether_gcs_backend', 'symlink_install': False, 'test_result_base': None}
[0.161s] Level 5:colcon.colcon_core.verb:set package 'aether_gcs_logic_cpp' build argument 'cmake_args' from command line to 'None'
[0.161s] Level 5:colcon.colcon_core.verb:set package 'aether_gcs_logic_cpp' build argument 'cmake_target' from command line to 'None'
[0.161s] Level 5:colcon.colcon_core.verb:set package 'aether_gcs_logic_cpp' build argument 'cmake_target_skip_unavailable' from command line to 'False'
[0.161s] Level 5:colcon.colcon_core.verb:set package 'aether_gcs_logic_cpp' build argument 'cmake_clean_cache' from command line to 'False'
[0.161s] Level 5:colcon.colcon_core.verb:set package 'aether_gcs_logic_cpp' build argument 'cmake_clean_first' from command line to 'False'
[0.161s] Level 5:colcon.colcon_core.verb:set package 'aether_gcs_logic_cpp' build argument 'cmake_force_configure' from command line to 'False'
[0.161s] Level 5:colcon.colcon_core.verb:set package 'aether_gcs_logic_cpp' build argument 'ament_cmake_args' from command line to 'None'
[0.161s] Level 5:colcon.colcon_core.verb:set package 'aether_gcs_logic_cpp' build argument 'catkin_cmake_args' from command line to 'None'
[0.161s] Level 5:colcon.colcon_core.verb:set package 'aether_gcs_logic_cpp' build argument 'catkin_skip_building_tests' from command line to 'False'
[0.161s] DEBUG:colcon.colcon_core.verb:Building package 'aether_gcs_logic_cpp' with the following arguments: {'ament_cmake_args': None, 'build_base': '/home/valtec/aether/aether_ws/build/aether_gcs_logic_cpp', 'catkin_cmake_args': None, 'catkin_skip_building_tests': False, 'cmake_args': None, 'cmake_clean_cache': False, 'cmake_clean_first': False, 'cmake_force_configure': False, 'cmake_target': None, 'cmake_target_skip_unavailable': False, 'install_base': '/home/valtec/aether/aether_ws/install/aether_gcs_logic_cpp', 'merge_install': False, 'path': '/home/valtec/aether/aether_ws/src/aether_gcs_logic_cpp', 'symlink_install': False, 'test_result_base': None}
[0.161s] Level 5:colcon.colcon_core.verb:set package 'aether_gcs_ui' build argument 'cmake_args' from command line to 'None'
[0.161s] Level 5:colcon.colcon_core.verb:set package 'aether_gcs_ui' build argument 'cmake_target' from command line to 'None'
[0.161s] Level 5:colcon.colcon_core.verb:set package 'aether_gcs_ui' build argument 'cmake_target_skip_unavailable' from command line to 'False'
[0.161s] Level 5:colcon.colcon_core.verb:set package 'aether_gcs_ui' build argument 'cmake_clean_cache' from command line to 'False'
[0.161s] Level 5:colcon.colcon_core.verb:set package 'aether_gcs_ui' build argument 'cmake_clean_first' from command line to 'False'
[0.161s] Level 5:colcon.colcon_core.verb:set package 'aether_gcs_ui' build argument 'cmake_force_configure' from command line to 'False'
[0.161s] Level 5:colcon.colcon_core.verb:set package 'aether_gcs_ui' build argument 'ament_cmake_args' from command line to 'None'
[0.161s] Level 5:colcon.colcon_core.verb:set package 'aether_gcs_ui' build argument 'catkin_cmake_args' from command line to 'None'
[0.161s] Level 5:colcon.colcon_core.verb:set package 'aether_gcs_ui' build argument 'catkin_skip_building_tests' from command line to 'False'
[0.161s] DEBUG:colcon.colcon_core.verb:Building package 'aether_gcs_ui' with the following arguments: {'ament_cmake_args': None, 'build_base': '/home/valtec/aether/aether_ws/build/aether_gcs_ui', 'catkin_cmake_args': None, 'catkin_skip_building_tests': False, 'cmake_args': None, 'cmake_clean_cache': False, 'cmake_clean_first': False, 'cmake_force_configure': False, 'cmake_target': None, 'cmake_target_skip_unavailable': False, 'install_base': '/home/valtec/aether/aether_ws/install/aether_gcs_ui', 'merge_install': False, 'path': '/home/valtec/aether/aether_ws/src/aether_gcs_ui', 'symlink_install': False, 'test_result_base': None}
[0.161s] INFO:colcon.colcon_core.executor:Executing jobs using 'parallel' executor
[0.162s] DEBUG:colcon.colcon_parallel_executor.executor.parallel:run_until_complete
[0.162s] INFO:colcon.colcon_ros.task.catkin.build:Building ROS package in '/home/valtec/aether/aether_ws/src/aether_interfaces' with build type 'catkin'
[0.163s] INFO:colcon.colcon_cmake.task.cmake.build:Building CMake package in '/home/valtec/aether/aether_ws/src/aether_interfaces'
[0.164s] INFO:colcon.colcon_core.plugin_system:Skipping extension 'colcon_core.shell.bat': Not used on non-Windows systems
[0.164s] INFO:colcon.colcon_core.shell:Skip shell extension 'powershell' for command environment: Not usable outside of PowerShell
[0.164s] DEBUG:colcon.colcon_core.shell:Skip shell extension 'dsv' for command environment
[0.165s] INFO:colcon.colcon_ros.task.ament_cmake.build:Building ROS package in '/home/valtec/aether/aether_ws/src/valtec_onboard_intelligence' with build type 'ament_cmake'
[0.165s] INFO:colcon.colcon_cmake.task.cmake.build:Building CMake package in '/home/valtec/aether/aether_ws/src/valtec_onboard_intelligence'
[0.165s] INFO:colcon.colcon_core.shell:Skip shell extension 'powershell' for command environment: Not usable outside of PowerShell
[0.165s] DEBUG:colcon.colcon_core.shell:Skip shell extension 'dsv' for command environment
[0.169s] DEBUG:colcon.colcon_core.event_handler.log_command:Invoking command in '/home/valtec/aether/aether_ws/build/aether_interfaces': VIRTUAL_ENV_PROMPT=(.venv) /usr/bin/cmake --build /home/valtec/aether/aether_ws/build/aether_interfaces -- -j20 -l20
[0.173s] DEBUG:colcon.colcon_core.event_handler.log_command:Invoking command in '/home/valtec/aether/aether_ws/build/valtec_onboard_intelligence': VIRTUAL_ENV_PROMPT=(.venv) /usr/bin/cmake --build /home/valtec/aether/aether_ws/build/valtec_onboard_intelligence -- -j20 -l20
[0.240s] DEBUG:colcon.colcon_core.event_handler.log_command:Invoked command in '/home/valtec/aether/aether_ws/build/valtec_onboard_intelligence' returned '0': VIRTUAL_ENV_PROMPT=(.venv) /usr/bin/cmake --build /home/valtec/aether/aether_ws/build/valtec_onboard_intelligence -- -j20 -l20
[0.247s] DEBUG:colcon.colcon_core.event_handler.log_command:Invoking command in '/home/valtec/aether/aether_ws/build/valtec_onboard_intelligence': VIRTUAL_ENV_PROMPT=(.venv) /usr/bin/cmake --install /home/valtec/aether/aether_ws/build/valtec_onboard_intelligence
[0.259s] Level 1:colcon.colcon_core.environment:create_environment_scripts_only(valtec_onboard_intelligence)
[0.260s] DEBUG:colcon.colcon_core.event_handler.log_command:Invoked command in '/home/valtec/aether/aether_ws/build/valtec_onboard_intelligence' returned '0': VIRTUAL_ENV_PROMPT=(.venv) /usr/bin/cmake --install /home/valtec/aether/aether_ws/build/valtec_onboard_intelligence
[0.261s] Level 1:colcon.colcon_core.environment:checking '/home/valtec/aether/aether_ws/install/valtec_onboard_intelligence' for CMake module files
[0.261s] Level 1:colcon.colcon_core.environment:checking '/home/valtec/aether/aether_ws/install/valtec_onboard_intelligence' for CMake config files
[0.261s] Level 1:colcon.colcon_core.shell:create_environment_hook('valtec_onboard_intelligence', 'cmake_prefix_path')
[0.261s] INFO:colcon.colcon_core.shell:Creating environment hook '/home/valtec/aether/aether_ws/install/valtec_onboard_intelligence/share/valtec_onboard_intelligence/hook/cmake_prefix_path.ps1'
[0.262s] INFO:colcon.colcon_core.shell:Creating environment descriptor '/home/valtec/aether/aether_ws/install/valtec_onboard_intelligence/share/valtec_onboard_intelligence/hook/cmake_prefix_path.dsv'
[0.262s] INFO:colcon.colcon_core.shell:Creating environment hook '/home/valtec/aether/aether_ws/install/valtec_onboard_intelligence/share/valtec_onboard_intelligence/hook/cmake_prefix_path.sh'
[0.263s] Level 1:colcon.colcon_core.environment:checking '/home/valtec/aether/aether_ws/install/valtec_onboard_intelligence/lib'
[0.263s] Level 1:colcon.colcon_core.environment:checking '/home/valtec/aether/aether_ws/install/valtec_onboard_intelligence/bin'
[0.263s] Level 1:colcon.colcon_core.environment:checking '/home/valtec/aether/aether_ws/install/valtec_onboard_intelligence/lib/pkgconfig/valtec_onboard_intelligence.pc'
[0.264s] Level 1:colcon.colcon_core.environment:checking '/home/valtec/aether/aether_ws/install/valtec_onboard_intelligence/lib/python3.10/site-packages'
[0.264s] Level 1:colcon.colcon_core.environment:checking '/home/valtec/aether/aether_ws/install/valtec_onboard_intelligence/bin'
[0.264s] INFO:colcon.colcon_core.shell:Creating package script '/home/valtec/aether/aether_ws/install/valtec_onboard_intelligence/share/valtec_onboard_intelligence/package.ps1'
[0.265s] INFO:colcon.colcon_core.shell:Creating package descriptor '/home/valtec/aether/aether_ws/install/valtec_onboard_intelligence/share/valtec_onboard_intelligence/package.dsv'
[0.265s] INFO:colcon.colcon_core.shell:Creating package script '/home/valtec/aether/aether_ws/install/valtec_onboard_intelligence/share/valtec_onboard_intelligence/package.sh'
[0.266s] INFO:colcon.colcon_core.shell:Creating package script '/home/valtec/aether/aether_ws/install/valtec_onboard_intelligence/share/valtec_onboard_intelligence/package.bash'
[0.266s] INFO:colcon.colcon_core.shell:Creating package script '/home/valtec/aether/aether_ws/install/valtec_onboard_intelligence/share/valtec_onboard_intelligence/package.zsh'
[0.266s] Level 1:colcon.colcon_core.environment:create_file_with_runtime_dependencies(/home/valtec/aether/aether_ws/install/valtec_onboard_intelligence/share/colcon-core/packages/valtec_onboard_intelligence)
[0.267s] Level 1:colcon.colcon_core.environment:create_environment_scripts_only(valtec_onboard_intelligence)
[0.267s] Level 1:colcon.colcon_core.environment:checking '/home/valtec/aether/aether_ws/install/valtec_onboard_intelligence' for CMake module files
[0.267s] Level 1:colcon.colcon_core.environment:checking '/home/valtec/aether/aether_ws/install/valtec_onboard_intelligence' for CMake config files
[0.267s] Level 1:colcon.colcon_core.shell:create_environment_hook('valtec_onboard_intelligence', 'cmake_prefix_path')
[0.267s] INFO:colcon.colcon_core.shell:Creating environment hook '/home/valtec/aether/aether_ws/install/valtec_onboard_intelligence/share/valtec_onboard_intelligence/hook/cmake_prefix_path.ps1'
[0.268s] INFO:colcon.colcon_core.shell:Creating environment descriptor '/home/valtec/aether/aether_ws/install/valtec_onboard_intelligence/share/valtec_onboard_intelligence/hook/cmake_prefix_path.dsv'
[0.268s] INFO:colcon.colcon_core.shell:Creating environment hook '/home/valtec/aether/aether_ws/install/valtec_onboard_intelligence/share/valtec_onboard_intelligence/hook/cmake_prefix_path.sh'
[0.268s] Level 1:colcon.colcon_core.environment:checking '/home/valtec/aether/aether_ws/install/valtec_onboard_intelligence/lib'
[0.268s] Level 1:colcon.colcon_core.environment:checking '/home/valtec/aether/aether_ws/install/valtec_onboard_intelligence/bin'
[0.268s] Level 1:colcon.colcon_core.environment:checking '/home/valtec/aether/aether_ws/install/valtec_onboard_intelligence/lib/pkgconfig/valtec_onboard_intelligence.pc'
[0.268s] Level 1:colcon.colcon_core.environment:checking '/home/valtec/aether/aether_ws/install/valtec_onboard_intelligence/lib/python3.10/site-packages'
[0.268s] Level 1:colcon.colcon_core.environment:checking '/home/valtec/aether/aether_ws/install/valtec_onboard_intelligence/bin'
[0.269s] INFO:colcon.colcon_core.shell:Creating package script '/home/valtec/aether/aether_ws/install/valtec_onboard_intelligence/share/valtec_onboard_intelligence/package.ps1'
[0.269s] INFO:colcon.colcon_core.shell:Creating package descriptor '/home/valtec/aether/aether_ws/install/valtec_onboard_intelligence/share/valtec_onboard_intelligence/package.dsv'
[0.269s] INFO:colcon.colcon_core.shell:Creating package script '/home/valtec/aether/aether_ws/install/valtec_onboard_intelligence/share/valtec_onboard_intelligence/package.sh'
[0.269s] INFO:colcon.colcon_core.shell:Creating package script '/home/valtec/aether/aether_ws/install/valtec_onboard_intelligence/share/valtec_onboard_intelligence/package.bash'
[0.270s] INFO:colcon.colcon_core.shell:Creating package script '/home/valtec/aether/aether_ws/install/valtec_onboard_intelligence/share/valtec_onboard_intelligence/package.zsh'
[0.270s] Level 1:colcon.colcon_core.environment:create_file_with_runtime_dependencies(/home/valtec/aether/aether_ws/install/valtec_onboard_intelligence/share/colcon-core/packages/valtec_onboard_intelligence)
[0.368s] DEBUG:colcon.colcon_core.event_handler.log_command:Invoked command in '/home/valtec/aether/aether_ws/build/aether_interfaces' returned '0': VIRTUAL_ENV_PROMPT=(.venv) /usr/bin/cmake --build /home/valtec/aether/aether_ws/build/aether_interfaces -- -j20 -l20
[0.370s] DEBUG:colcon.colcon_core.event_handler.log_command:Invoking command in '/home/valtec/aether/aether_ws/build/aether_interfaces': VIRTUAL_ENV_PROMPT=(.venv) /usr/bin/cmake --install /home/valtec/aether/aether_ws/build/aether_interfaces
[0.429s] DEBUG:colcon.colcon_core.event_handler.log_command:Invoked command in '/home/valtec/aether/aether_ws/build/aether_interfaces' returned '0': VIRTUAL_ENV_PROMPT=(.venv) /usr/bin/cmake --install /home/valtec/aether/aether_ws/build/aether_interfaces
[0.429s] Level 1:colcon.colcon_core.shell:create_environment_hook('aether_interfaces', 'ros_package_path')
[0.430s] INFO:colcon.colcon_core.shell:Creating environment hook '/home/valtec/aether/aether_ws/install/aether_interfaces/share/aether_interfaces/hook/ros_package_path.ps1'
[0.430s] INFO:colcon.colcon_core.shell:Creating environment descriptor '/home/valtec/aether/aether_ws/install/aether_interfaces/share/aether_interfaces/hook/ros_package_path.dsv'
[0.431s] INFO:colcon.colcon_core.shell:Creating environment hook '/home/valtec/aether/aether_ws/install/aether_interfaces/share/aether_interfaces/hook/ros_package_path.sh'
[0.431s] Level 1:colcon.colcon_ros.task.catkin:checking '/home/valtec/aether/aether_ws/install/aether_interfaces/lib/python3.10/site-packages'
[0.431s] Level 1:colcon.colcon_core.shell:create_environment_hook('aether_interfaces', 'catkin_pythonpath')
[0.431s] INFO:colcon.colcon_core.shell:Creating environment hook '/home/valtec/aether/aether_ws/install/aether_interfaces/share/aether_interfaces/hook/catkin_pythonpath.ps1'
[0.432s] INFO:colcon.colcon_core.shell:Creating environment descriptor '/home/valtec/aether/aether_ws/install/aether_interfaces/share/aether_interfaces/hook/catkin_pythonpath.dsv'
[0.432s] INFO:colcon.colcon_core.shell:Creating environment hook '/home/valtec/aether/aether_ws/install/aether_interfaces/share/aether_interfaces/hook/catkin_pythonpath.sh'
[0.432s] Level 1:colcon.colcon_core.shell:create_environment_hook('aether_interfaces', 'pkg_config_path')
[0.432s] INFO:colcon.colcon_core.shell:Creating environment hook '/home/valtec/aether/aether_ws/install/aether_interfaces/share/aether_interfaces/hook/pkg_config_path.ps1'
[0.432s] INFO:colcon.colcon_core.shell:Creating environment descriptor '/home/valtec/aether/aether_ws/install/aether_interfaces/share/aether_interfaces/hook/pkg_config_path.dsv'
[0.433s] INFO:colcon.colcon_core.shell:Creating environment hook '/home/valtec/aether/aether_ws/install/aether_interfaces/share/aether_interfaces/hook/pkg_config_path.sh'
[0.434s] Level 1:colcon.colcon_core.shell:create_environment_hook('aether_interfaces', 'pkg_config_path_multiarch')
[0.434s] INFO:colcon.colcon_core.shell:Creating environment hook '/home/valtec/aether/aether_ws/install/aether_interfaces/share/aether_interfaces/hook/pkg_config_path_multiarch.ps1'
[0.435s] INFO:colcon.colcon_core.shell:Creating environment descriptor '/home/valtec/aether/aether_ws/install/aether_interfaces/share/aether_interfaces/hook/pkg_config_path_multiarch.dsv'
[0.435s] INFO:colcon.colcon_core.shell:Creating environment hook '/home/valtec/aether/aether_ws/install/aether_interfaces/share/aether_interfaces/hook/pkg_config_path_multiarch.sh'
[0.436s] Level 1:colcon.colcon_core.environment:create_environment_scripts_only(aether_interfaces)
[0.436s] Level 1:colcon.colcon_core.environment:checking '/home/valtec/aether/aether_ws/install/aether_interfaces' for CMake module files
[0.437s] Level 1:colcon.colcon_core.environment:checking '/home/valtec/aether/aether_ws/install/aether_interfaces' for CMake config files
[0.437s] Level 1:colcon.colcon_core.shell:create_environment_hook('aether_interfaces', 'cmake_prefix_path')
[0.438s] INFO:colcon.colcon_core.shell:Creating environment hook '/home/valtec/aether/aether_ws/install/aether_interfaces/share/aether_interfaces/hook/cmake_prefix_path.ps1'
[0.438s] INFO:colcon.colcon_core.shell:Creating environment descriptor '/home/valtec/aether/aether_ws/install/aether_interfaces/share/aether_interfaces/hook/cmake_prefix_path.dsv'
[0.438s] INFO:colcon.colcon_core.shell:Creating environment hook '/home/valtec/aether/aether_ws/install/aether_interfaces/share/aether_interfaces/hook/cmake_prefix_path.sh'
[0.439s] Level 1:colcon.colcon_core.environment:checking '/home/valtec/aether/aether_ws/install/aether_interfaces/lib'
[0.439s] Level 1:colcon.colcon_core.shell:create_environment_hook('aether_interfaces', 'ld_library_path_lib')
[0.439s] INFO:colcon.colcon_core.shell:Creating environment hook '/home/valtec/aether/aether_ws/install/aether_interfaces/share/aether_interfaces/hook/ld_library_path_lib.ps1'
[0.439s] INFO:colcon.colcon_core.shell:Creating environment descriptor '/home/valtec/aether/aether_ws/install/aether_interfaces/share/aether_interfaces/hook/ld_library_path_lib.dsv'
[0.440s] INFO:colcon.colcon_core.shell:Creating environment hook '/home/valtec/aether/aether_ws/install/aether_interfaces/share/aether_interfaces/hook/ld_library_path_lib.sh'
[0.440s] Level 1:colcon.colcon_core.environment:checking '/home/valtec/aether/aether_ws/install/aether_interfaces/bin'
[0.440s] Level 1:colcon.colcon_core.environment:checking '/home/valtec/aether/aether_ws/install/aether_interfaces/lib/pkgconfig/aether_interfaces.pc'
[0.440s] Level 1:colcon.colcon_core.environment:checking '/home/valtec/aether/aether_ws/install/aether_interfaces/lib/python3.10/site-packages'
[0.440s] Level 1:colcon.colcon_core.shell:create_environment_hook('aether_interfaces', 'pythonpath')
[0.441s] INFO:colcon.colcon_core.shell:Creating environment hook '/home/valtec/aether/aether_ws/install/aether_interfaces/share/aether_interfaces/hook/pythonpath.ps1'
[0.441s] INFO:colcon.colcon_core.shell:Creating environment descriptor '/home/valtec/aether/aether_ws/install/aether_interfaces/share/aether_interfaces/hook/pythonpath.dsv'
[0.441s] INFO:colcon.colcon_core.shell:Creating environment hook '/home/valtec/aether/aether_ws/install/aether_interfaces/share/aether_interfaces/hook/pythonpath.sh'
[0.442s] Level 1:colcon.colcon_core.environment:checking '/home/valtec/aether/aether_ws/install/aether_interfaces/bin'
[0.442s] INFO:colcon.colcon_core.shell:Creating package script '/home/valtec/aether/aether_ws/install/aether_interfaces/share/aether_interfaces/package.ps1'
[0.443s] INFO:colcon.colcon_core.shell:Creating package descriptor '/home/valtec/aether/aether_ws/install/aether_interfaces/share/aether_interfaces/package.dsv'
[0.444s] INFO:colcon.colcon_core.shell:Creating package script '/home/valtec/aether/aether_ws/install/aether_interfaces/share/aether_interfaces/package.sh'
[0.444s] INFO:colcon.colcon_core.shell:Creating package script '/home/valtec/aether/aether_ws/install/aether_interfaces/share/aether_interfaces/package.bash'
[0.444s] INFO:colcon.colcon_core.shell:Creating package script '/home/valtec/aether/aether_ws/install/aether_interfaces/share/aether_interfaces/package.zsh'
[0.444s] Level 1:colcon.colcon_core.environment:create_file_with_runtime_dependencies(/home/valtec/aether/aether_ws/install/aether_interfaces/share/colcon-core/packages/aether_interfaces)
[0.444s] INFO:colcon.colcon_ros.task.ament_python.build:Building ROS package in '/home/valtec/aether/aether_ws/src/aether_gcs_backend' with build type 'ament_python'
[0.445s] Level 1:colcon.colcon_core.shell:create_environment_hook('aether_gcs_backend', 'ament_prefix_path')
[0.445s] INFO:colcon.colcon_core.shell:Creating environment hook '/home/valtec/aether/aether_ws/install/aether_gcs_backend/share/aether_gcs_backend/hook/ament_prefix_path.ps1'
[0.445s] INFO:colcon.colcon_core.shell:Creating environment descriptor '/home/valtec/aether/aether_ws/install/aether_gcs_backend/share/aether_gcs_backend/hook/ament_prefix_path.dsv'
[0.445s] INFO:colcon.colcon_core.shell:Creating environment hook '/home/valtec/aether/aether_ws/install/aether_gcs_backend/share/aether_gcs_backend/hook/ament_prefix_path.sh'
[0.446s] INFO:colcon.colcon_core.shell:Skip shell extension 'powershell' for command environment: Not usable outside of PowerShell
[0.446s] DEBUG:colcon.colcon_core.shell:Skip shell extension 'dsv' for command environment
[0.447s] INFO:colcon.colcon_ros.task.ament_cmake.build:Building ROS package in '/home/valtec/aether/aether_ws/src/aether_gcs_logic_cpp' with build type 'ament_cmake'
[0.447s] INFO:colcon.colcon_cmake.task.cmake.build:Building CMake package in '/home/valtec/aether/aether_ws/src/aether_gcs_logic_cpp'
[0.447s] INFO:colcon.colcon_core.shell:Skip shell extension 'powershell' for command environment: Not usable outside of PowerShell
[0.447s] DEBUG:colcon.colcon_core.shell:Skip shell extension 'dsv' for command environment
[0.447s] INFO:colcon.colcon_ros.task.ament_python.build:Building ROS package in '/home/valtec/aether/aether_ws/src/aether_gcs_ui' with build type 'ament_python'
[0.448s] Level 1:colcon.colcon_core.shell:create_environment_hook('aether_gcs_ui', 'ament_prefix_path')
[0.448s] INFO:colcon.colcon_core.shell:Creating environment hook '/home/valtec/aether/aether_ws/install/aether_gcs_ui/share/aether_gcs_ui/hook/ament_prefix_path.ps1'
[0.448s] INFO:colcon.colcon_core.shell:Creating environment descriptor '/home/valtec/aether/aether_ws/install/aether_gcs_ui/share/aether_gcs_ui/hook/ament_prefix_path.dsv'
[0.448s] INFO:colcon.colcon_core.shell:Creating environment hook '/home/valtec/aether/aether_ws/install/aether_gcs_ui/share/aether_gcs_ui/hook/ament_prefix_path.sh'
[0.448s] INFO:colcon.colcon_core.shell:Skip shell extension 'powershell' for command environment: Not usable outside of PowerShell
[0.448s] DEBUG:colcon.colcon_core.shell:Skip shell extension 'dsv' for command environment
[0.587s] INFO:colcon.colcon_core.task.python.build:Building Python package in '/home/valtec/aether/aether_ws/src/aether_gcs_backend'
[0.588s] INFO:colcon.colcon_core.shell:Skip shell extension 'powershell' for command environment: Not usable outside of PowerShell
[0.588s] DEBUG:colcon.colcon_core.shell:Skip shell extension 'dsv' for command environment
[0.591s] DEBUG:colcon.colcon_core.event_handler.log_command:Invoking command in '/home/valtec/aether/aether_ws/build/aether_gcs_logic_cpp': CMAKE_PREFIX_PATH=/home/valtec/aether/aether_ws/install/aether_interfaces LD_LIBRARY_PATH=/home/valtec/aether/aether_ws/install/aether_interfaces/lib PKG_CONFIG_PATH=/home/valtec/aether/aether_ws/install/aether_interfaces/lib/x86_64-linux-gnu/pkgconfig:/home/valtec/aether/aether_ws/install/aether_interfaces/lib/pkgconfig PYTHONPATH=/home/valtec/aether/aether_ws/install/aether_interfaces/lib/python3.10/site-packages ROS_PACKAGE_PATH=/home/valtec/aether/aether_ws/install/aether_interfaces/share VIRTUAL_ENV_PROMPT=(.venv) /usr/bin/cmake --build /home/valtec/aether/aether_ws/build/aether_gcs_logic_cpp -- -j20 -l20
[0.719s] INFO:colcon.colcon_core.task.python.build:Building Python package in '/home/valtec/aether/aether_ws/src/aether_gcs_ui'
[0.720s] INFO:colcon.colcon_core.shell:Skip shell extension 'powershell' for command environment: Not usable outside of PowerShell
[0.720s] DEBUG:colcon.colcon_core.shell:Skip shell extension 'dsv' for command environment
[0.725s] DEBUG:colcon.colcon_core.event_handler.log_command:Invoked command in '/home/valtec/aether/aether_ws/build/aether_gcs_logic_cpp' returned '0': CMAKE_PREFIX_PATH=/home/valtec/aether/aether_ws/install/aether_interfaces LD_LIBRARY_PATH=/home/valtec/aether/aether_ws/install/aether_interfaces/lib PKG_CONFIG_PATH=/home/valtec/aether/aether_ws/install/aether_interfaces/lib/x86_64-linux-gnu/pkgconfig:/home/valtec/aether/aether_ws/install/aether_interfaces/lib/pkgconfig PYTHONPATH=/home/valtec/aether/aether_ws/install/aether_interfaces/lib/python3.10/site-packages ROS_PACKAGE_PATH=/home/valtec/aether/aether_ws/install/aether_interfaces/share VIRTUAL_ENV_PROMPT=(.venv) /usr/bin/cmake --build /home/valtec/aether/aether_ws/build/aether_gcs_logic_cpp -- -j20 -l20
[0.726s] DEBUG:colcon.colcon_core.event_handler.log_command:Invoking command in '/home/valtec/aether/aether_ws/build/aether_gcs_logic_cpp': CMAKE_PREFIX_PATH=/home/valtec/aether/aether_ws/install/aether_interfaces LD_LIBRARY_PATH=/home/valtec/aether/aether_ws/install/aether_interfaces/lib PKG_CONFIG_PATH=/home/valtec/aether/aether_ws/install/aether_interfaces/lib/x86_64-linux-gnu/pkgconfig:/home/valtec/aether/aether_ws/install/aether_interfaces/lib/pkgconfig PYTHONPATH=/home/valtec/aether/aether_ws/install/aether_interfaces/lib/python3.10/site-packages ROS_PACKAGE_PATH=/home/valtec/aether/aether_ws/install/aether_interfaces/share VIRTUAL_ENV_PROMPT=(.venv) /usr/bin/cmake --install /home/valtec/aether/aether_ws/build/aether_gcs_logic_cpp
[0.740s] Level 1:colcon.colcon_core.environment:create_environment_scripts_only(aether_gcs_logic_cpp)
[0.741s] Level 1:colcon.colcon_core.environment:checking '/home/valtec/aether/aether_ws/install/aether_gcs_logic_cpp' for CMake module files
[0.741s] DEBUG:colcon.colcon_core.event_handler.log_command:Invoked command in '/home/valtec/aether/aether_ws/build/aether_gcs_logic_cpp' returned '0': CMAKE_PREFIX_PATH=/home/valtec/aether/aether_ws/install/aether_interfaces LD_LIBRARY_PATH=/home/valtec/aether/aether_ws/install/aether_interfaces/lib PKG_CONFIG_PATH=/home/valtec/aether/aether_ws/install/aether_interfaces/lib/x86_64-linux-gnu/pkgconfig:/home/valtec/aether/aether_ws/install/aether_interfaces/lib/pkgconfig PYTHONPATH=/home/valtec/aether/aether_ws/install/aether_interfaces/lib/python3.10/site-packages ROS_PACKAGE_PATH=/home/valtec/aether/aether_ws/install/aether_interfaces/share VIRTUAL_ENV_PROMPT=(.venv) /usr/bin/cmake --install /home/valtec/aether/aether_ws/build/aether_gcs_logic_cpp
[0.741s] Level 1:colcon.colcon_core.environment:checking '/home/valtec/aether/aether_ws/install/aether_gcs_logic_cpp' for CMake config files
[0.742s] Level 1:colcon.colcon_core.shell:create_environment_hook('aether_gcs_logic_cpp', 'cmake_prefix_path')
[0.742s] INFO:colcon.colcon_core.shell:Creating environment hook '/home/valtec/aether/aether_ws/install/aether_gcs_logic_cpp/share/aether_gcs_logic_cpp/hook/cmake_prefix_path.ps1'
[0.743s] INFO:colcon.colcon_core.shell:Creating environment descriptor '/home/valtec/aether/aether_ws/install/aether_gcs_logic_cpp/share/aether_gcs_logic_cpp/hook/cmake_prefix_path.dsv'
[0.743s] INFO:colcon.colcon_core.shell:Creating environment hook '/home/valtec/aether/aether_ws/install/aether_gcs_logic_cpp/share/aether_gcs_logic_cpp/hook/cmake_prefix_path.sh'
[0.743s] Level 1:colcon.colcon_core.environment:checking '/home/valtec/aether/aether_ws/install/aether_gcs_logic_cpp/lib'
[0.744s] Level 1:colcon.colcon_core.environment:checking '/home/valtec/aether/aether_ws/install/aether_gcs_logic_cpp/bin'
[0.744s] Level 1:colcon.colcon_core.environment:checking '/home/valtec/aether/aether_ws/install/aether_gcs_logic_cpp/lib/pkgconfig/aether_gcs_logic_cpp.pc'
[0.744s] Level 1:colcon.colcon_core.environment:checking '/home/valtec/aether/aether_ws/install/aether_gcs_logic_cpp/lib/python3.10/site-packages'
[0.744s] Level 1:colcon.colcon_core.environment:checking '/home/valtec/aether/aether_ws/install/aether_gcs_logic_cpp/bin'
[0.744s] INFO:colcon.colcon_core.shell:Creating package script '/home/valtec/aether/aether_ws/install/aether_gcs_logic_cpp/share/aether_gcs_logic_cpp/package.ps1'
[0.744s] INFO:colcon.colcon_core.shell:Creating package descriptor '/home/valtec/aether/aether_ws/install/aether_gcs_logic_cpp/share/aether_gcs_logic_cpp/package.dsv'
[0.745s] INFO:colcon.colcon_core.shell:Creating package script '/home/valtec/aether/aether_ws/install/aether_gcs_logic_cpp/share/aether_gcs_logic_cpp/package.sh'
[0.745s] INFO:colcon.colcon_core.shell:Creating package script '/home/valtec/aether/aether_ws/install/aether_gcs_logic_cpp/share/aether_gcs_logic_cpp/package.bash'
[0.745s] INFO:colcon.colcon_core.shell:Creating package script '/home/valtec/aether/aether_ws/install/aether_gcs_logic_cpp/share/aether_gcs_logic_cpp/package.zsh'
[0.745s] Level 1:colcon.colcon_core.environment:create_file_with_runtime_dependencies(/home/valtec/aether/aether_ws/install/aether_gcs_logic_cpp/share/colcon-core/packages/aether_gcs_logic_cpp)
[0.746s] Level 1:colcon.colcon_core.environment:create_environment_scripts_only(aether_gcs_logic_cpp)
[0.746s] Level 1:colcon.colcon_core.environment:checking '/home/valtec/aether/aether_ws/install/aether_gcs_logic_cpp' for CMake module files
[0.746s] Level 1:colcon.colcon_core.environment:checking '/home/valtec/aether/aether_ws/install/aether_gcs_logic_cpp' for CMake config files
[0.746s] Level 1:colcon.colcon_core.shell:create_environment_hook('aether_gcs_logic_cpp', 'cmake_prefix_path')
[0.747s] INFO:colcon.colcon_core.shell:Creating environment hook '/home/valtec/aether/aether_ws/install/aether_gcs_logic_cpp/share/aether_gcs_logic_cpp/hook/cmake_prefix_path.ps1'
[0.747s] INFO:colcon.colcon_core.shell:Creating environment descriptor '/home/valtec/aether/aether_ws/install/aether_gcs_logic_cpp/share/aether_gcs_logic_cpp/hook/cmake_prefix_path.dsv'
[0.747s] INFO:colcon.colcon_core.shell:Creating environment hook '/home/valtec/aether/aether_ws/install/aether_gcs_logic_cpp/share/aether_gcs_logic_cpp/hook/cmake_prefix_path.sh'
[0.747s] Level 1:colcon.colcon_core.environment:checking '/home/valtec/aether/aether_ws/install/aether_gcs_logic_cpp/lib'
[0.748s] Level 1:colcon.colcon_core.environment:checking '/home/valtec/aether/aether_ws/install/aether_gcs_logic_cpp/bin'
[0.748s] Level 1:colcon.colcon_core.environment:checking '/home/valtec/aether/aether_ws/install/aether_gcs_logic_cpp/lib/pkgconfig/aether_gcs_logic_cpp.pc'
[0.748s] Level 1:colcon.colcon_core.environment:checking '/home/valtec/aether/aether_ws/install/aether_gcs_logic_cpp/lib/python3.10/site-packages'
[0.748s] Level 1:colcon.colcon_core.environment:checking '/home/valtec/aether/aether_ws/install/aether_gcs_logic_cpp/bin'
[0.748s] INFO:colcon.colcon_core.shell:Creating package script '/home/valtec/aether/aether_ws/install/aether_gcs_logic_cpp/share/aether_gcs_logic_cpp/package.ps1'
[0.748s] INFO:colcon.colcon_core.shell:Creating package descriptor '/home/valtec/aether/aether_ws/install/aether_gcs_logic_cpp/share/aether_gcs_logic_cpp/package.dsv'
[0.749s] INFO:colcon.colcon_core.shell:Creating package script '/home/valtec/aether/aether_ws/install/aether_gcs_logic_cpp/share/aether_gcs_logic_cpp/package.sh'
[0.749s] INFO:colcon.colcon_core.shell:Creating package script '/home/valtec/aether/aether_ws/install/aether_gcs_logic_cpp/share/aether_gcs_logic_cpp/package.bash'
[0.749s] INFO:colcon.colcon_core.shell:Creating package script '/home/valtec/aether/aether_ws/install/aether_gcs_logic_cpp/share/aether_gcs_logic_cpp/package.zsh'
[0.749s] Level 1:colcon.colcon_core.environment:create_file_with_runtime_dependencies(/home/valtec/aether/aether_ws/install/aether_gcs_logic_cpp/share/colcon-core/packages/aether_gcs_logic_cpp)
[0.908s] DEBUG:colcon.colcon_core.event_handler.log_command:Invoking command in '/home/valtec/aether/aether_ws/src/aether_gcs_backend': CMAKE_PREFIX_PATH=/home/valtec/aether/aether_ws/install/aether_interfaces LD_LIBRARY_PATH=/home/valtec/aether/aether_ws/install/aether_interfaces/lib PKG_CONFIG_PATH=/home/valtec/aether/aether_ws/install/aether_interfaces/lib/x86_64-linux-gnu/pkgconfig:/home/valtec/aether/aether_ws/install/aether_interfaces/lib/pkgconfig PYTHONPATH=/home/valtec/aether/aether_ws/build/aether_gcs_backend/prefix_override:/usr/lib/python3/dist-packages/colcon_core/task/python/colcon_distutils_commands:/home/valtec/aether/aether_ws/install/aether_gcs_backend/lib/python3.10/site-packages:/home/valtec/aether/aether_ws/install/aether_interfaces/lib/python3.10/site-packages ROS_PACKAGE_PATH=/home/valtec/aether/aether_ws/install/aether_interfaces/share VIRTUAL_ENV_PROMPT=(.venv) /usr/bin/python3 -W ignore:setup.py install is deprecated -W ignore:easy_install command is deprecated setup.py egg_info --egg-base ../../build/aether_gcs_backend build --build-base /home/valtec/aether/aether_ws/build/aether_gcs_backend/build install --record /home/valtec/aether/aether_ws/build/aether_gcs_backend/install.log --single-version-externally-managed install_data
[0.916s] DEBUG:colcon.colcon_core.event_handler.log_command:Invoking command in '/home/valtec/aether/aether_ws/src/aether_gcs_ui': CMAKE_PREFIX_PATH=/home/valtec/aether/aether_ws/install/aether_interfaces LD_LIBRARY_PATH=/home/valtec/aether/aether_ws/install/aether_interfaces/lib PKG_CONFIG_PATH=/home/valtec/aether/aether_ws/install/aether_interfaces/lib/x86_64-linux-gnu/pkgconfig:/home/valtec/aether/aether_ws/install/aether_interfaces/lib/pkgconfig PYTHONPATH=/home/valtec/aether/aether_ws/build/aether_gcs_ui/prefix_override:/usr/lib/python3/dist-packages/colcon_core/task/python/colcon_distutils_commands:/home/valtec/aether/aether_ws/install/aether_gcs_ui/lib/python3.10/site-packages:/home/valtec/aether/aether_ws/install/aether_interfaces/lib/python3.10/site-packages ROS_PACKAGE_PATH=/home/valtec/aether/aether_ws/install/aether_interfaces/share VIRTUAL_ENV_PROMPT=(.venv) /usr/bin/python3 -W ignore:setup.py install is deprecated -W ignore:easy_install command is deprecated setup.py egg_info --egg-base ../../build/aether_gcs_ui build --build-base /home/valtec/aether/aether_ws/build/aether_gcs_ui/build install --record /home/valtec/aether/aether_ws/build/aether_gcs_ui/install.log --single-version-externally-managed install_data
[1.064s] Level 1:colcon.colcon_core.environment:checking '/home/valtec/aether/aether_ws/install/aether_gcs_backend' for CMake module files
[1.064s] DEBUG:colcon.colcon_core.event_handler.log_command:Invoked command in '/home/valtec/aether/aether_ws/src/aether_gcs_backend' returned '0': CMAKE_PREFIX_PATH=/home/valtec/aether/aether_ws/install/aether_interfaces LD_LIBRARY_PATH=/home/valtec/aether/aether_ws/install/aether_interfaces/lib PKG_CONFIG_PATH=/home/valtec/aether/aether_ws/install/aether_interfaces/lib/x86_64-linux-gnu/pkgconfig:/home/valtec/aether/aether_ws/install/aether_interfaces/lib/pkgconfig PYTHONPATH=/home/valtec/aether/aether_ws/build/aether_gcs_backend/prefix_override:/usr/lib/python3/dist-packages/colcon_core/task/python/colcon_distutils_commands:/home/valtec/aether/aether_ws/install/aether_gcs_backend/lib/python3.10/site-packages:/home/valtec/aether/aether_ws/install/aether_interfaces/lib/python3.10/site-packages ROS_PACKAGE_PATH=/home/valtec/aether/aether_ws/install/aether_interfaces/share VIRTUAL_ENV_PROMPT=(.venv) /usr/bin/python3 -W ignore:setup.py install is deprecated -W ignore:easy_install command is deprecated setup.py egg_info --egg-base ../../build/aether_gcs_backend build --build-base /home/valtec/aether/aether_ws/build/aether_gcs_backend/build install --record /home/valtec/aether/aether_ws/build/aether_gcs_backend/install.log --single-version-externally-managed install_data
[1.064s] Level 1:colcon.colcon_core.environment:checking '/home/valtec/aether/aether_ws/install/aether_gcs_backend' for CMake config files
[1.065s] Level 1:colcon.colcon_core.environment:checking '/home/valtec/aether/aether_ws/install/aether_gcs_backend/lib'
[1.065s] Level 1:colcon.colcon_core.environment:checking '/home/valtec/aether/aether_ws/install/aether_gcs_backend/bin'
[1.065s] Level 1:colcon.colcon_core.environment:checking '/home/valtec/aether/aether_ws/install/aether_gcs_backend/lib/pkgconfig/aether_gcs_backend.pc'
[1.065s] Level 1:colcon.colcon_core.environment:checking '/home/valtec/aether/aether_ws/install/aether_gcs_backend/lib/python3.10/site-packages'
[1.065s] Level 1:colcon.colcon_core.shell:create_environment_hook('aether_gcs_backend', 'pythonpath')
[1.065s] INFO:colcon.colcon_core.shell:Creating environment hook '/home/valtec/aether/aether_ws/install/aether_gcs_backend/share/aether_gcs_backend/hook/pythonpath.ps1'
[1.065s] INFO:colcon.colcon_core.shell:Creating environment descriptor '/home/valtec/aether/aether_ws/install/aether_gcs_backend/share/aether_gcs_backend/hook/pythonpath.dsv'
[1.066s] INFO:colcon.colcon_core.shell:Creating environment hook '/home/valtec/aether/aether_ws/install/aether_gcs_backend/share/aether_gcs_backend/hook/pythonpath.sh'
[1.066s] Level 1:colcon.colcon_core.environment:checking '/home/valtec/aether/aether_ws/install/aether_gcs_backend/bin'
[1.066s] Level 1:colcon.colcon_core.environment:create_environment_scripts_only(aether_gcs_backend)
[1.066s] INFO:colcon.colcon_core.shell:Creating package script '/home/valtec/aether/aether_ws/install/aether_gcs_backend/share/aether_gcs_backend/package.ps1'
[1.067s] INFO:colcon.colcon_core.shell:Creating package descriptor '/home/valtec/aether/aether_ws/install/aether_gcs_backend/share/aether_gcs_backend/package.dsv'
[1.067s] INFO:colcon.colcon_core.shell:Creating package script '/home/valtec/aether/aether_ws/install/aether_gcs_backend/share/aether_gcs_backend/package.sh'
[1.067s] INFO:colcon.colcon_core.shell:Creating package script '/home/valtec/aether/aether_ws/install/aether_gcs_backend/share/aether_gcs_backend/package.bash'
[1.067s] INFO:colcon.colcon_core.shell:Creating package script '/home/valtec/aether/aether_ws/install/aether_gcs_backend/share/aether_gcs_backend/package.zsh'
[1.067s] Level 1:colcon.colcon_core.environment:create_file_with_runtime_dependencies(/home/valtec/aether/aether_ws/install/aether_gcs_backend/share/colcon-core/packages/aether_gcs_backend)
[1.075s] Level 1:colcon.colcon_core.environment:checking '/home/valtec/aether/aether_ws/install/aether_gcs_ui' for CMake module files
[1.075s] DEBUG:colcon.colcon_core.event_handler.log_command:Invoked command in '/home/valtec/aether/aether_ws/src/aether_gcs_ui' returned '0': CMAKE_PREFIX_PATH=/home/valtec/aether/aether_ws/install/aether_interfaces LD_LIBRARY_PATH=/home/valtec/aether/aether_ws/install/aether_interfaces/lib PKG_CONFIG_PATH=/home/valtec/aether/aether_ws/install/aether_interfaces/lib/x86_64-linux-gnu/pkgconfig:/home/valtec/aether/aether_ws/install/aether_interfaces/lib/pkgconfig PYTHONPATH=/home/valtec/aether/aether_ws/build/aether_gcs_ui/prefix_override:/usr/lib/python3/dist-packages/colcon_core/task/python/colcon_distutils_commands:/home/valtec/aether/aether_ws/install/aether_gcs_ui/lib/python3.10/site-packages:/home/valtec/aether/aether_ws/install/aether_interfaces/lib/python3.10/site-packages ROS_PACKAGE_PATH=/home/valtec/aether/aether_ws/install/aether_interfaces/share VIRTUAL_ENV_PROMPT=(.venv) /usr/bin/python3 -W ignore:setup.py install is deprecated -W ignore:easy_install command is deprecated setup.py egg_info --egg-base ../../build/aether_gcs_ui build --build-base /home/valtec/aether/aether_ws/build/aether_gcs_ui/build install --record /home/valtec/aether/aether_ws/build/aether_gcs_ui/install.log --single-version-externally-managed install_data
[1.075s] Level 1:colcon.colcon_core.environment:checking '/home/valtec/aether/aether_ws/install/aether_gcs_ui' for CMake config files
[1.076s] Level 1:colcon.colcon_core.environment:checking '/home/valtec/aether/aether_ws/install/aether_gcs_ui/lib'
[1.076s] Level 1:colcon.colcon_core.environment:checking '/home/valtec/aether/aether_ws/install/aether_gcs_ui/bin'
[1.076s] Level 1:colcon.colcon_core.environment:checking '/home/valtec/aether/aether_ws/install/aether_gcs_ui/lib/pkgconfig/aether_gcs_ui.pc'
[1.076s] Level 1:colcon.colcon_core.environment:checking '/home/valtec/aether/aether_ws/install/aether_gcs_ui/lib/python3.10/site-packages'
[1.076s] Level 1:colcon.colcon_core.shell:create_environment_hook('aether_gcs_ui', 'pythonpath')
[1.076s] INFO:colcon.colcon_core.shell:Creating environment hook '/home/valtec/aether/aether_ws/install/aether_gcs_ui/share/aether_gcs_ui/hook/pythonpath.ps1'
[1.076s] INFO:colcon.colcon_core.shell:Creating environment descriptor '/home/valtec/aether/aether_ws/install/aether_gcs_ui/share/aether_gcs_ui/hook/pythonpath.dsv'
[1.077s] INFO:colcon.colcon_core.shell:Creating environment hook '/home/valtec/aether/aether_ws/install/aether_gcs_ui/share/aether_gcs_ui/hook/pythonpath.sh'
[1.077s] Level 1:colcon.colcon_core.environment:checking '/home/valtec/aether/aether_ws/install/aether_gcs_ui/bin'
[1.077s] Level 1:colcon.colcon_core.environment:create_environment_scripts_only(aether_gcs_ui)
[1.077s] INFO:colcon.colcon_core.shell:Creating package script '/home/valtec/aether/aether_ws/install/aether_gcs_ui/share/aether_gcs_ui/package.ps1'
[1.078s] INFO:colcon.colcon_core.shell:Creating package descriptor '/home/valtec/aether/aether_ws/install/aether_gcs_ui/share/aether_gcs_ui/package.dsv'
[1.078s] INFO:colcon.colcon_core.shell:Creating package script '/home/valtec/aether/aether_ws/install/aether_gcs_ui/share/aether_gcs_ui/package.sh'
[1.078s] INFO:colcon.colcon_core.shell:Creating package script '/home/valtec/aether/aether_ws/install/aether_gcs_ui/share/aether_gcs_ui/package.bash'
[1.078s] INFO:colcon.colcon_core.shell:Creating package script '/home/valtec/aether/aether_ws/install/aether_gcs_ui/share/aether_gcs_ui/package.zsh'
[1.079s] Level 1:colcon.colcon_core.environment:create_file_with_runtime_dependencies(/home/valtec/aether/aether_ws/install/aether_gcs_ui/share/colcon-core/packages/aether_gcs_ui)
[1.079s] DEBUG:colcon.colcon_parallel_executor.executor.parallel:closing loop
[1.079s] DEBUG:colcon.colcon_parallel_executor.executor.parallel:loop closed
[1.079s] DEBUG:colcon.colcon_parallel_executor.executor.parallel:run_until_complete finished with '0'
[1.079s] DEBUG:colcon.colcon_core.event_reactor:joining thread
[1.084s] INFO:colcon.colcon_core.plugin_system:Skipping extension 'colcon_notification.desktop_notification.terminal_notifier': Not used on non-Darwin systems
[1.084s] INFO:colcon.colcon_core.plugin_system:Skipping extension 'colcon_notification.desktop_notification.win32': Not used on non-Windows systems
[1.084s] INFO:colcon.colcon_notification.desktop_notification:Sending desktop notification using 'notify2'
[1.093s] DEBUG:colcon.colcon_core.event_reactor:joined thread
[1.093s] INFO:colcon.colcon_core.shell:Creating prefix script '/home/valtec/aether/aether_ws/install/local_setup.ps1'
[1.094s] INFO:colcon.colcon_core.shell:Creating prefix util module '/home/valtec/aether/aether_ws/install/_local_setup_util_ps1.py'
[1.094s] INFO:colcon.colcon_core.shell:Creating prefix chain script '/home/valtec/aether/aether_ws/install/setup.ps1'
[1.095s] INFO:colcon.colcon_core.shell:Creating prefix script '/home/valtec/aether/aether_ws/install/local_setup.sh'
[1.095s] INFO:colcon.colcon_core.shell:Creating prefix util module '/home/valtec/aether/aether_ws/install/_local_setup_util_sh.py'
[1.095s] INFO:colcon.colcon_core.shell:Creating prefix chain script '/home/valtec/aether/aether_ws/install/setup.sh'
[1.096s] INFO:colcon.colcon_core.shell:Creating prefix script '/home/valtec/aether/aether_ws/install/local_setup.bash'
[1.096s] INFO:colcon.colcon_core.shell:Creating prefix chain script '/home/valtec/aether/aether_ws/install/setup.bash'
[1.097s] INFO:colcon.colcon_core.shell:Creating prefix script '/home/valtec/aether/aether_ws/install/local_setup.zsh'
[1.097s] INFO:colcon.colcon_core.shell:Creating prefix chain script '/home/valtec/aether/aether_ws/install/setup.zsh'
