[  1%] Built target aether_interfaces__cpp
[ 12%] Built target aether_interfaces__rosidl_generator_c
[ 12%] Built target ament_cmake_python_copy_aether_interfaces
[ 23%] Built target aether_interfaces__rosidl_typesupport_cpp
[ 35%] Built target aether_interfaces__rosidl_typesupport_introspection_cpp
[ 53%] Built target aether_interfaces__rosidl_typesupport_c
[ 57%] Built target aether_interfaces__rosidl_typesupport_introspection_c
[ 69%] Built target aether_interfaces__rosidl_typesupport_fastrtps_cpp
[ 80%] Built target aether_interfaces__rosidl_typesupport_fastrtps_c
[ 80%] Built target aether_interfaces
[ 81%] Built target aether_interfaces__py
[ 91%] Built target aether_interfaces__rosidl_generator_py
[ 94%] Built target aether_interfaces__rosidl_typesupport_introspection_c__pyext
[ 97%] Built target aether_interfaces__rosidl_typesupport_c__pyext
[100%] Built target aether_interfaces__rosidl_typesupport_fastrtps_c__pyext
running egg_info
writing aether_interfaces.egg-info/PKG-INFO
writing dependency_links to aether_interfaces.egg-info/dependency_links.txt
writing top-level names to aether_interfaces.egg-info/top_level.txt
reading manifest file 'aether_interfaces.egg-info/SOURCES.txt'
writing manifest file 'aether_interfaces.egg-info/SOURCES.txt'
[100%] Built target ament_cmake_python_build_aether_interfaces_egg
