[0.006s] Invoking command in '/home/valtec/aether/aether_ws/build/aether_interfaces': VIRTUAL_ENV_PROMPT=(.venv) /usr/bin/cmake --build /home/valtec/aether/aether_ws/build/aether_interfaces -- -j20 -l20
[0.041s] [  1%] Built target aether_interfaces__cpp
[0.050s] [ 12%] Built target aether_interfaces__rosidl_generator_c
[0.054s] [ 12%] Built target ament_cmake_python_copy_aether_interfaces
[0.076s] [ 23%] Built target aether_interfaces__rosidl_typesupport_cpp
[0.076s] [ 35%] Built target aether_interfaces__rosidl_typesupport_introspection_cpp
[0.084s] [ 53%] Built target aether_interfaces__rosidl_typesupport_c
[0.084s] [ 57%] Built target aether_interfaces__rosidl_typesupport_introspection_c
[0.084s] [ 69%] Built target aether_interfaces__rosidl_typesupport_fastrtps_cpp
[0.086s] [ 80%] Built target aether_interfaces__rosidl_typesupport_fastrtps_c
[0.100s] [ 80%] Built target aether_interfaces
[0.115s] [ 81%] Built target aether_interfaces__py
[0.135s] [ 91%] Built target aether_interfaces__rosidl_generator_py
[0.150s] [ 94%] Built target aether_interfaces__rosidl_typesupport_introspection_c__pyext
[0.151s] [ 97%] Built target aether_interfaces__rosidl_typesupport_c__pyext
[0.151s] [100%] Built target aether_interfaces__rosidl_typesupport_fastrtps_c__pyext
[0.192s] running egg_info
[0.192s] writing aether_interfaces.egg-info/PKG-INFO
[0.192s] writing dependency_links to aether_interfaces.egg-info/dependency_links.txt
[0.193s] writing top-level names to aether_interfaces.egg-info/top_level.txt
[0.193s] reading manifest file 'aether_interfaces.egg-info/SOURCES.txt'
[0.194s] writing manifest file 'aether_interfaces.egg-info/SOURCES.txt'
[0.208s] [100%] Built target ament_cmake_python_build_aether_interfaces_egg
