[0.239s] Invoking command in '/home/valtec/aether/aether_ws/build/aether_interfaces': /usr/bin/cmake /home/valtec/aether/aether_ws/src/aether_interfaces -DCATKIN_INSTALL_INTO_PREFIX_ROOT=0 -DCMAKE_INSTALL_PREFIX=/home/valtec/aether/aether_ws/install/aether_interfaces
[0.280s] -- The C compiler identification is GNU 11.4.0
[0.323s] -- The CXX compiler identification is GNU 11.4.0
[0.329s] -- Detecting C compiler ABI info
[0.379s] -- Detecting C compiler ABI info - done
[0.383s] -- Check for working C compiler: /usr/bin/cc - skipped
[0.384s] -- Detecting C compile features
[0.384s] -- Detecting C compile features - done
[0.385s] -- Detecting CXX compiler ABI info
[0.439s] -- Detecting CXX compiler ABI info - done
[0.443s] -- Check for working CXX compiler: /usr/bin/c++ - skipped
[0.443s] -- Detecting CXX compile features
[0.444s] -- Detecting CXX compile features - done
[0.445s] -- Found ament_cmake: 1.3.12 (/opt/ros/humble/share/ament_cmake/cmake)
[0.561s] -- Found Python3: /usr/bin/python3 (found version "3.10.12") found components: Interpreter 
[0.612s] -- Found rosidl_default_generators: 1.2.0 (/opt/ros/humble/share/rosidl_default_generators/cmake)
[0.614s] -- Using all available rosidl_typesupport_c: rosidl_typesupport_fastrtps_c;rosidl_typesupport_introspection_c
[0.618s] -- Found rosidl_adapter: 3.1.7 (/opt/ros/humble/share/rosidl_adapter/cmake)
[0.637s] -- Using all available rosidl_typesupport_cpp: rosidl_typesupport_fastrtps_cpp;rosidl_typesupport_introspection_cpp
[0.652s] -- Found std_msgs: 4.9.0 (/opt/ros/humble/share/std_msgs/cmake)
[0.821s] -- Found ament_cmake_ros: 0.10.0 (/opt/ros/humble/share/ament_cmake_ros/cmake)
[0.939s] -- Using all available rosidl_typesupport_c: rosidl_typesupport_fastrtps_c;rosidl_typesupport_introspection_c
[1.093s] -- Using all available rosidl_typesupport_cpp: rosidl_typesupport_fastrtps_cpp;rosidl_typesupport_introspection_cpp
[1.106s] -- Found PythonInterp: /usr/bin/python3 (found suitable version "3.10.12", minimum required is "3.6") 
[1.106s] -- Found python_cmake_module: 0.10.0 (/opt/ros/humble/share/python_cmake_module/cmake)
[1.121s] -- Found PythonLibs: /usr/lib/x86_64-linux-gnu/libpython3.10.so (found suitable version "3.10.12", minimum required is "3.5") 
[1.121s] -- Using PYTHON_EXECUTABLE: /usr/bin/python3
[1.121s] -- Using PYTHON_INCLUDE_DIRS: /usr/include/python3.10
[1.121s] -- Using PYTHON_LIBRARIES: /usr/lib/x86_64-linux-gnu/libpython3.10.so
[1.135s] -- Found PythonExtra: .so  
[1.154s] -- Found ament_lint_auto: 0.12.14 (/opt/ros/humble/share/ament_lint_auto/cmake)
[1.159s] -- Added test 'copyright' to check source files copyright and LICENSE
[1.159s] -- Added test 'xmllint' to check XML markup files
[1.160s] -- Configuring done
[1.175s] -- Generating done
[1.176s] [33mCMake Warning:
[1.176s]   Manually-specified variables were not used by the project:
[1.176s] 
[1.176s]     CATKIN_INSTALL_INTO_PREFIX_ROOT
[1.176s] 
[1.176s] [0m
[1.180s] -- Build files have been written to: /home/valtec/aether/aether_ws/build/aether_interfaces
[1.184s] Invoked command in '/home/valtec/aether/aether_ws/build/aether_interfaces' returned '0': /usr/bin/cmake /home/valtec/aether/aether_ws/src/aether_interfaces -DCATKIN_INSTALL_INTO_PREFIX_ROOT=0 -DCMAKE_INSTALL_PREFIX=/home/valtec/aether/aether_ws/install/aether_interfaces
[1.185s] Invoking command in '/home/valtec/aether/aether_ws/build/aether_interfaces': /usr/bin/cmake --build /home/valtec/aether/aether_ws/build/aether_interfaces -- -j20 -l20
[1.216s] [  2%] [34m[1mGenerating C code for ROS interfaces[0m
[1.224s] [  4%] [34m[1mGenerating C++ code for ROS interfaces[0m
[1.230s] [  4%] Built target ament_cmake_python_copy_aether_interfaces
[1.349s] running egg_info
[1.350s] creating aether_interfaces.egg-info
[1.350s] writing aether_interfaces.egg-info/PKG-INFO
[1.350s] writing dependency_links to aether_interfaces.egg-info/dependency_links.txt
[1.350s] writing top-level names to aether_interfaces.egg-info/top_level.txt
[1.350s] writing manifest file 'aether_interfaces.egg-info/SOURCES.txt'
[1.351s] reading manifest file 'aether_interfaces.egg-info/SOURCES.txt'
[1.351s] writing manifest file 'aether_interfaces.egg-info/SOURCES.txt'
[1.369s] [  4%] Built target ament_cmake_python_build_aether_interfaces_egg
[1.426s] [  4%] Built target aether_interfaces__cpp
[1.433s] [  6%] [34m[1mGenerating C++ type support dispatch for ROS interfaces[0m
[1.433s] [  8%] [34m[1mGenerating C++ type support for eProsima Fast-RTPS[0m
[1.434s] [ 10%] [34m[1mGenerating C++ introspection for ROS interfaces[0m
[1.441s] [ 12%] [32mBuilding C object CMakeFiles/aether_interfaces__rosidl_generator_c.dir/rosidl_generator_c/aether_interfaces/msg/detail/drone_state__functions.c.o[0m
[1.441s] [ 14%] [32mBuilding C object CMakeFiles/aether_interfaces__rosidl_generator_c.dir/rosidl_generator_c/aether_interfaces/msg/detail/fleet_state__functions.c.o[0m
[1.442s] [ 17%] [32mBuilding C object CMakeFiles/aether_interfaces__rosidl_generator_c.dir/rosidl_generator_c/aether_interfaces/srv/detail/upload_mission__functions.c.o[0m
[1.448s] In file included from [01m[K/home/valtec/aether/aether_ws/build/aether_interfaces/rosidl_generator_c/aether_interfaces/msg/detail/fleet_state__functions.h:19[m[K,
[1.449s]                  from [01m[K/home/valtec/aether/aether_ws/build/aether_interfaces/rosidl_generator_c/aether_interfaces/msg/detail/fleet_state__functions.c:4[m[K:
[1.449s] [01m[K/home/valtec/aether/aether_ws/build/aether_interfaces/rosidl_generator_c/aether_interfaces/msg/detail/fleet_state__struct.h:22:10:[m[K [01;31m[Kfatal error: [m[Kstd_msgs/msg/detail/header__struct.h: No such file or directory
[1.449s]    22 | #include [01;31m[K"std_msgs/msg/detail/header__struct.h"[m[K
[1.449s]       |          [01;31m[K^~~~~~~~~~~~~~~~~~~~~~~~~~~~~~~~~~~~~~[m[K
[1.449s] compilation terminated.
[1.449s] gmake[2]: *** [CMakeFiles/aether_interfaces__rosidl_generator_c.dir/build.make:165: CMakeFiles/aether_interfaces__rosidl_generator_c.dir/rosidl_generator_c/aether_interfaces/msg/detail/fleet_state__functions.c.o] Error 1
[1.449s] gmake[2]: *** Waiting for unfinished jobs....
[1.473s] gmake[1]: *** [CMakeFiles/Makefile2:213: CMakeFiles/aether_interfaces__rosidl_generator_c.dir/all] Error 2
[1.473s] gmake[1]: *** Waiting for unfinished jobs....
[1.595s] [ 19%] [32mBuilding CXX object CMakeFiles/aether_interfaces__rosidl_typesupport_cpp.dir/rosidl_typesupport_cpp/aether_interfaces/msg/drone_state__type_support.cpp.o[0m
[1.596s] [ 23%] [32mBuilding CXX object CMakeFiles/aether_interfaces__rosidl_typesupport_cpp.dir/rosidl_typesupport_cpp/aether_interfaces/msg/fleet_state__type_support.cpp.o[0m
[1.596s] [ 23%] [32mBuilding CXX object CMakeFiles/aether_interfaces__rosidl_typesupport_cpp.dir/rosidl_typesupport_cpp/aether_interfaces/srv/upload_mission__type_support.cpp.o[0m
[1.610s] [ 25%] [32mBuilding CXX object CMakeFiles/aether_interfaces__rosidl_typesupport_introspection_cpp.dir/rosidl_typesupport_introspection_cpp/aether_interfaces/msg/detail/fleet_state__type_support.cpp.o[0m
[1.611s] [ 27%] [32mBuilding CXX object CMakeFiles/aether_interfaces__rosidl_typesupport_introspection_cpp.dir/rosidl_typesupport_introspection_cpp/aether_interfaces/srv/detail/upload_mission__type_support.cpp.o[0m
[1.611s] [ 29%] [32mBuilding CXX object CMakeFiles/aether_interfaces__rosidl_typesupport_introspection_cpp.dir/rosidl_typesupport_introspection_cpp/aether_interfaces/msg/detail/drone_state__type_support.cpp.o[0m
[1.622s] In file included from [01m[K/home/valtec/aether/aether_ws/build/aether_interfaces/rosidl_typesupport_cpp/aether_interfaces/msg/fleet_state__type_support.cpp:7[m[K:
[1.622s] [01m[K/home/valtec/aether/aether_ws/build/aether_interfaces/rosidl_generator_cpp/aether_interfaces/msg/detail/fleet_state__struct.hpp:20:10:[m[K [01;31m[Kfatal error: [m[Kstd_msgs/msg/detail/header__struct.hpp: No such file or directory
[1.622s]    20 | #include [01;31m[K"std_msgs/msg/detail/header__struct.hpp"[m[K
[1.622s]       |          [01;31m[K^~~~~~~~~~~~~~~~~~~~~~~~~~~~~~~~~~~~~~~~[m[K
[1.622s] compilation terminated.
[1.624s] gmake[2]: *** [CMakeFiles/aether_interfaces__rosidl_typesupport_cpp.dir/build.make:122: CMakeFiles/aether_interfaces__rosidl_typesupport_cpp.dir/rosidl_typesupport_cpp/aether_interfaces/msg/fleet_state__type_support.cpp.o] Error 1
[1.624s] gmake[2]: *** Waiting for unfinished jobs....
[1.635s] [ 36%] [32mBuilding CXX object CMakeFiles/aether_interfaces__rosidl_typesupport_fastrtps_cpp.dir/rosidl_typesupport_fastrtps_cpp/aether_interfaces/msg/detail/dds_fastrtps/fleet_state__type_support.cpp.o[0m
[1.635s] [ 36%] [32mBuilding CXX object CMakeFiles/aether_interfaces__rosidl_typesupport_fastrtps_cpp.dir/rosidl_typesupport_fastrtps_cpp/aether_interfaces/srv/detail/dds_fastrtps/upload_mission__type_support.cpp.o[0m
[1.635s] [ 36%] [32mBuilding CXX object CMakeFiles/aether_interfaces__rosidl_typesupport_fastrtps_cpp.dir/rosidl_typesupport_fastrtps_cpp/aether_interfaces/msg/detail/dds_fastrtps/drone_state__type_support.cpp.o[0m
[1.642s] In file included from [01m[K/home/valtec/aether/aether_ws/build/aether_interfaces/rosidl_typesupport_introspection_cpp/aether_interfaces/msg/detail/fleet_state__type_support.cpp:12[m[K:
[1.642s] [01m[K/home/valtec/aether/aether_ws/build/aether_interfaces/rosidl_generator_cpp/aether_interfaces/msg/detail/fleet_state__struct.hpp:20:10:[m[K [01;31m[Kfatal error: [m[Kstd_msgs/msg/detail/header__struct.hpp: No such file or directory
[1.642s]    20 | #include [01;31m[K"std_msgs/msg/detail/header__struct.hpp"[m[K
[1.642s]       |          [01;31m[K^~~~~~~~~~~~~~~~~~~~~~~~~~~~~~~~~~~~~~~~[m[K
[1.643s] compilation terminated.
[1.643s] gmake[2]: *** [CMakeFiles/aether_interfaces__rosidl_typesupport_introspection_cpp.dir/build.make:133: CMakeFiles/aether_interfaces__rosidl_typesupport_introspection_cpp.dir/rosidl_typesupport_introspection_cpp/aether_interfaces/msg/detail/fleet_state__type_support.cpp.o] Error 1
[1.643s] gmake[2]: *** Waiting for unfinished jobs....
[1.661s] In file included from [01m[K/home/valtec/aether/aether_ws/build/aether_interfaces/rosidl_typesupport_fastrtps_cpp/aether_interfaces/msg/detail/fleet_state__rosidl_typesupport_fastrtps_cpp.hpp:11[m[K,
[1.661s]                  from [01m[K/home/valtec/aether/aether_ws/build/aether_interfaces/rosidl_typesupport_fastrtps_cpp/aether_interfaces/msg/detail/dds_fastrtps/fleet_state__type_support.cpp:4[m[K:
[1.661s] [01m[K/home/valtec/aether/aether_ws/build/aether_interfaces/rosidl_generator_cpp/aether_interfaces/msg/detail/fleet_state__struct.hpp:20:10:[m[K [01;31m[Kfatal error: [m[Kstd_msgs/msg/detail/header__struct.hpp: No such file or directory
[1.662s]    20 | #include [01;31m[K"std_msgs/msg/detail/header__struct.hpp"[m[K
[1.662s]       |          [01;31m[K^~~~~~~~~~~~~~~~~~~~~~~~~~~~~~~~~~~~~~~~[m[K
[1.662s] compilation terminated.
[1.662s] gmake[2]: *** [CMakeFiles/aether_interfaces__rosidl_typesupport_fastrtps_cpp.dir/build.make:133: CMakeFiles/aether_interfaces__rosidl_typesupport_fastrtps_cpp.dir/rosidl_typesupport_fastrtps_cpp/aether_interfaces/msg/detail/dds_fastrtps/fleet_state__type_support.cpp.o] Error 1
[1.662s] gmake[2]: *** Waiting for unfinished jobs....
[1.731s] gmake[1]: *** [CMakeFiles/Makefile2:395: CMakeFiles/aether_interfaces__rosidl_typesupport_cpp.dir/all] Error 2
[1.839s] gmake[1]: *** [CMakeFiles/Makefile2:343: CMakeFiles/aether_interfaces__rosidl_typesupport_fastrtps_cpp.dir/all] Error 2
[1.840s] gmake[1]: *** [CMakeFiles/Makefile2:369: CMakeFiles/aether_interfaces__rosidl_typesupport_introspection_cpp.dir/all] Error 2
[1.840s] gmake: *** [Makefile:146: all] Error 2
[1.842s] Invoked command in '/home/valtec/aether/aether_ws/build/aether_interfaces' returned '2': /usr/bin/cmake --build /home/valtec/aether/aether_ws/build/aether_interfaces -- -j20 -l20
