[0.406s] Invoking command in '/home/valtec/aether/aether_ws/src/aether_gcs_backend': PYTHONPATH=/home/valtec/aether/aether_ws/build/aether_gcs_backend/prefix_override:/usr/lib/python3/dist-packages/colcon_core/task/python/colcon_distutils_commands:/home/valtec/aether/aether_ws/install/aether_gcs_backend/lib/python3.10/site-packages:${PYTHONPATH} /usr/bin/python3 -W ignore:setup.py install is deprecated -W ignore:easy_install command is deprecated setup.py egg_info --egg-base ../../build/aether_gcs_backend build --build-base /home/valtec/aether/aether_ws/build/aether_gcs_backend/build install --record /home/valtec/aether/aether_ws/build/aether_gcs_backend/install.log --single-version-externally-managed install_data
[0.537s] running egg_info
[0.538s] creating ../../build/aether_gcs_backend/aether_gcs_backend.egg-info
[0.538s] writing ../../build/aether_gcs_backend/aether_gcs_backend.egg-info/PKG-INFO
[0.538s] writing dependency_links to ../../build/aether_gcs_backend/aether_gcs_backend.egg-info/dependency_links.txt
[0.538s] writing entry points to ../../build/aether_gcs_backend/aether_gcs_backend.egg-info/entry_points.txt
[0.538s] writing requirements to ../../build/aether_gcs_backend/aether_gcs_backend.egg-info/requires.txt
[0.538s] writing top-level names to ../../build/aether_gcs_backend/aether_gcs_backend.egg-info/top_level.txt
[0.538s] writing manifest file '../../build/aether_gcs_backend/aether_gcs_backend.egg-info/SOURCES.txt'
[0.539s] reading manifest file '../../build/aether_gcs_backend/aether_gcs_backend.egg-info/SOURCES.txt'
[0.540s] writing manifest file '../../build/aether_gcs_backend/aether_gcs_backend.egg-info/SOURCES.txt'
[0.540s] running build
[0.540s] running build_py
[0.540s] creating /home/valtec/aether/aether_ws/build/aether_gcs_backend/build
[0.540s] creating /home/valtec/aether/aether_ws/build/aether_gcs_backend/build/lib
[0.540s] creating /home/valtec/aether/aether_ws/build/aether_gcs_backend/build/lib/aether_gcs_backend
[0.540s] copying aether_gcs_backend/general_fleet_manager.py -> /home/valtec/aether/aether_ws/build/aether_gcs_backend/build/lib/aether_gcs_backend
[0.540s] copying aether_gcs_backend/mission_planner_node.py -> /home/valtec/aether/aether_ws/build/aether_gcs_backend/build/lib/aether_gcs_backend
[0.540s] copying aether_gcs_backend/__init__.py -> /home/valtec/aether/aether_ws/build/aether_gcs_backend/build/lib/aether_gcs_backend
[0.540s] copying aether_gcs_backend/fleet_manager_node.py -> /home/valtec/aether/aether_ws/build/aether_gcs_backend/build/lib/aether_gcs_backend
[0.540s] running install
[0.540s] running install_lib
[0.541s] creating /home/valtec/aether/aether_ws/install/aether_gcs_backend/lib/python3.10/site-packages/aether_gcs_backend
[0.541s] copying /home/valtec/aether/aether_ws/build/aether_gcs_backend/build/lib/aether_gcs_backend/general_fleet_manager.py -> /home/valtec/aether/aether_ws/install/aether_gcs_backend/lib/python3.10/site-packages/aether_gcs_backend
[0.541s] copying /home/valtec/aether/aether_ws/build/aether_gcs_backend/build/lib/aether_gcs_backend/mission_planner_node.py -> /home/valtec/aether/aether_ws/install/aether_gcs_backend/lib/python3.10/site-packages/aether_gcs_backend
[0.541s] copying /home/valtec/aether/aether_ws/build/aether_gcs_backend/build/lib/aether_gcs_backend/__init__.py -> /home/valtec/aether/aether_ws/install/aether_gcs_backend/lib/python3.10/site-packages/aether_gcs_backend
[0.541s] copying /home/valtec/aether/aether_ws/build/aether_gcs_backend/build/lib/aether_gcs_backend/fleet_manager_node.py -> /home/valtec/aether/aether_ws/install/aether_gcs_backend/lib/python3.10/site-packages/aether_gcs_backend
[0.541s] byte-compiling /home/valtec/aether/aether_ws/install/aether_gcs_backend/lib/python3.10/site-packages/aether_gcs_backend/general_fleet_manager.py to general_fleet_manager.cpython-310.pyc
[0.542s] byte-compiling /home/valtec/aether/aether_ws/install/aether_gcs_backend/lib/python3.10/site-packages/aether_gcs_backend/mission_planner_node.py to mission_planner_node.cpython-310.pyc
[0.543s] byte-compiling /home/valtec/aether/aether_ws/install/aether_gcs_backend/lib/python3.10/site-packages/aether_gcs_backend/__init__.py to __init__.cpython-310.pyc
[0.543s] byte-compiling /home/valtec/aether/aether_ws/install/aether_gcs_backend/lib/python3.10/site-packages/aether_gcs_backend/fleet_manager_node.py to fleet_manager_node.cpython-310.pyc
[0.543s] running install_data
[0.544s] creating /home/valtec/aether/aether_ws/install/aether_gcs_backend/share/ament_index
[0.544s] creating /home/valtec/aether/aether_ws/install/aether_gcs_backend/share/ament_index/resource_index
[0.544s] creating /home/valtec/aether/aether_ws/install/aether_gcs_backend/share/ament_index/resource_index/packages
[0.544s] copying resource/aether_gcs_backend -> /home/valtec/aether/aether_ws/install/aether_gcs_backend/share/ament_index/resource_index/packages
[0.544s] copying package.xml -> /home/valtec/aether/aether_ws/install/aether_gcs_backend/share/aether_gcs_backend
[0.544s] creating /home/valtec/aether/aether_ws/install/aether_gcs_backend/share/aether_gcs_backend/launch
[0.544s] copying launch/gcs_backend.launch.py -> /home/valtec/aether/aether_ws/install/aether_gcs_backend/share/aether_gcs_backend/launch
[0.544s] creating /home/valtec/aether/aether_ws/install/aether_gcs_backend/share/aether_gcs_backend/config
[0.544s] copying config/drone_profiles.yaml -> /home/valtec/aether/aether_ws/install/aether_gcs_backend/share/aether_gcs_backend/config
[0.544s] running install_egg_info
[0.545s] Copying ../../build/aether_gcs_backend/aether_gcs_backend.egg-info to /home/valtec/aether/aether_ws/install/aether_gcs_backend/lib/python3.10/site-packages/aether_gcs_backend-0.0.0-py3.10.egg-info
[0.546s] running install_scripts
[0.560s] Installing fleet_manager script to /home/valtec/aether/aether_ws/install/aether_gcs_backend/lib/aether_gcs_backend
[0.560s] Installing mission_planner script to /home/valtec/aether/aether_ws/install/aether_gcs_backend/lib/aether_gcs_backend
[0.560s] writing list of installed files to '/home/valtec/aether/aether_ws/build/aether_gcs_backend/install.log'
[0.577s] Invoked command in '/home/valtec/aether/aether_ws/src/aether_gcs_backend' returned '0': PYTHONPATH=/home/valtec/aether/aether_ws/build/aether_gcs_backend/prefix_override:/usr/lib/python3/dist-packages/colcon_core/task/python/colcon_distutils_commands:/home/valtec/aether/aether_ws/install/aether_gcs_backend/lib/python3.10/site-packages:${PYTHONPATH} /usr/bin/python3 -W ignore:setup.py install is deprecated -W ignore:easy_install command is deprecated setup.py egg_info --egg-base ../../build/aether_gcs_backend build --build-base /home/valtec/aether/aether_ws/build/aether_gcs_backend/build install --record /home/valtec/aether/aether_ws/build/aether_gcs_backend/install.log --single-version-externally-managed install_data
