[0.008s] Invoking command in '/home/valtec/aether/aether_ws/build/aether_interfaces': VIRTUAL_ENV_PROMPT=(.venv) /usr/bin/cmake --build /home/valtec/aether/aether_ws/build/aether_interfaces -- -j20 -l20
[0.028s] -- Found ament_cmake: 1.3.12 (/opt/ros/humble/share/ament_cmake/cmake)
[0.118s] -- Found rosidl_default_generators: 1.2.0 (/opt/ros/humble/share/rosidl_default_generators/cmake)
[0.121s] -- Using all available rosidl_typesupport_c: rosidl_typesupport_fastrtps_c;rosidl_typesupport_introspection_c
[0.125s] -- Found rosidl_adapter: 3.1.7 (/opt/ros/humble/share/rosidl_adapter/cmake)
[0.147s] -- Using all available rosidl_typesupport_cpp: rosidl_typesupport_fastrtps_cpp;rosidl_typesupport_introspection_cpp
[0.164s] -- Found std_msgs: 4.9.0 (/opt/ros/humble/share/std_msgs/cmake)
[0.377s] -- Found ament_cmake_ros: 0.10.0 (/opt/ros/humble/share/ament_cmake_ros/cmake)
[0.538s] -- Using all available rosidl_typesupport_c: rosidl_typesupport_fastrtps_c;rosidl_typesupport_introspection_c
[0.739s] -- Using all available rosidl_typesupport_cpp: rosidl_typesupport_fastrtps_cpp;rosidl_typesupport_introspection_cpp
[0.755s] -- Found python_cmake_module: 0.10.0 (/opt/ros/humble/share/python_cmake_module/cmake)
[0.776s] -- Using PYTHON_EXECUTABLE: /usr/bin/python3
[0.776s] -- Using PYTHON_INCLUDE_DIRS: /usr/include/python3.10
[0.776s] -- Using PYTHON_LIBRARIES: /usr/lib/x86_64-linux-gnu/libpython3.10.so
[0.793s] -- Found ament_lint_auto: 0.12.14 (/opt/ros/humble/share/ament_lint_auto/cmake)
[0.801s] -- Added test 'copyright' to check source files copyright and LICENSE
[0.801s] -- Added test 'xmllint' to check XML markup files
[0.803s] -- Configuring done
[0.836s] -- Generating done
[0.842s] -- Build files have been written to: /home/valtec/aether/aether_ws/build/aether_interfaces
[0.861s] [  1%] [34m[1mGenerating C code for ROS interfaces[0m
[0.870s] [  3%] [34m[1mGenerating C++ code for ROS interfaces[0m
[0.879s] [  3%] Built target ament_cmake_python_copy_aether_interfaces
[1.000s] running egg_info
[1.000s] writing aether_interfaces.egg-info/PKG-INFO
[1.000s] writing dependency_links to aether_interfaces.egg-info/dependency_links.txt
[1.000s] writing top-level names to aether_interfaces.egg-info/top_level.txt
[1.001s] reading manifest file 'aether_interfaces.egg-info/SOURCES.txt'
[1.002s] writing manifest file 'aether_interfaces.egg-info/SOURCES.txt'
[1.017s] [  3%] Built target ament_cmake_python_build_aether_interfaces_egg
[1.166s] [35m[1mConsolidate compiler generated dependencies of target aether_interfaces__rosidl_generator_c[0m
[1.171s] [  3%] Built target aether_interfaces__cpp
[1.174s] [  4%] [32mBuilding C object CMakeFiles/aether_interfaces__rosidl_generator_c.dir/rosidl_generator_c/aether_interfaces/msg/detail/fleet_state__functions.c.o[0m
[1.174s] [  6%] [32mBuilding C object CMakeFiles/aether_interfaces__rosidl_generator_c.dir/rosidl_generator_c/aether_interfaces/msg/detail/drone_state__functions.c.o[0m
[1.174s] [  7%] [32mBuilding C object CMakeFiles/aether_interfaces__rosidl_generator_c.dir/rosidl_generator_c/aether_interfaces/msg/detail/calibration_status__functions.c.o[0m
[1.176s] [  9%] [32mBuilding C object CMakeFiles/aether_interfaces__rosidl_generator_c.dir/rosidl_generator_c/aether_interfaces/srv/detail/upload_mission__functions.c.o[0m
[1.176s] [ 11%] [32mBuilding C object CMakeFiles/aether_interfaces__rosidl_generator_c.dir/rosidl_generator_c/aether_interfaces/srv/detail/start_calibration__functions.c.o[0m
[1.178s] [ 12%] [34m[1mGenerating C++ introspection for ROS interfaces[0m
[1.180s] [ 14%] [34m[1mGenerating C++ type support for eProsima Fast-RTPS[0m
[1.180s] [ 15%] [34m[1mGenerating C++ type support dispatch for ROS interfaces[0m
[1.227s] [ 17%] [32m[1mLinking C shared library libaether_interfaces__rosidl_generator_c.so[0m
[1.254s] [ 17%] Built target aether_interfaces__rosidl_generator_c
[1.263s] [ 22%] [34m[1mGenerating C introspection for ROS interfaces[0m
[1.263s] [ 22%] [34m[1mGenerating C type support for eProsima Fast-RTPS[0m
[1.263s] [ 22%] [34m[1mGenerating C type support dispatch for ROS interfaces[0m
[1.393s] [35m[1mConsolidate compiler generated dependencies of target aether_interfaces__rosidl_typesupport_cpp[0m
[1.405s] [ 23%] [32mBuilding CXX object CMakeFiles/aether_interfaces__rosidl_typesupport_cpp.dir/rosidl_typesupport_cpp/aether_interfaces/srv/start_calibration__type_support.cpp.o[0m
[1.405s] [ 28%] [32mBuilding CXX object CMakeFiles/aether_interfaces__rosidl_typesupport_cpp.dir/rosidl_typesupport_cpp/aether_interfaces/msg/drone_state__type_support.cpp.o[0m
[1.405s] [ 28%] [32mBuilding CXX object CMakeFiles/aether_interfaces__rosidl_typesupport_cpp.dir/rosidl_typesupport_cpp/aether_interfaces/srv/upload_mission__type_support.cpp.o[0m
[1.405s] [ 28%] [32mBuilding CXX object CMakeFiles/aether_interfaces__rosidl_typesupport_cpp.dir/rosidl_typesupport_cpp/aether_interfaces/msg/fleet_state__type_support.cpp.o[0m
[1.405s] [ 30%] [32mBuilding CXX object CMakeFiles/aether_interfaces__rosidl_typesupport_cpp.dir/rosidl_typesupport_cpp/aether_interfaces/msg/calibration_status__type_support.cpp.o[0m
[1.431s] [35m[1mConsolidate compiler generated dependencies of target aether_interfaces__rosidl_typesupport_introspection_cpp[0m
[1.440s] [ 31%] [32mBuilding CXX object CMakeFiles/aether_interfaces__rosidl_typesupport_introspection_cpp.dir/rosidl_typesupport_introspection_cpp/aether_interfaces/srv/detail/start_calibration__type_support.cpp.o[0m
[1.441s] [ 33%] [32mBuilding CXX object CMakeFiles/aether_interfaces__rosidl_typesupport_introspection_cpp.dir/rosidl_typesupport_introspection_cpp/aether_interfaces/srv/detail/upload_mission__type_support.cpp.o[0m
[1.441s] [ 34%] [32mBuilding CXX object CMakeFiles/aether_interfaces__rosidl_typesupport_introspection_cpp.dir/rosidl_typesupport_introspection_cpp/aether_interfaces/msg/detail/fleet_state__type_support.cpp.o[0m
[1.441s] [ 36%] [32mBuilding CXX object CMakeFiles/aether_interfaces__rosidl_typesupport_introspection_cpp.dir/rosidl_typesupport_introspection_cpp/aether_interfaces/msg/detail/drone_state__type_support.cpp.o[0m
[1.442s] [ 38%] [32mBuilding CXX object CMakeFiles/aether_interfaces__rosidl_typesupport_introspection_cpp.dir/rosidl_typesupport_introspection_cpp/aether_interfaces/msg/detail/calibration_status__type_support.cpp.o[0m
[1.457s] [35m[1mConsolidate compiler generated dependencies of target aether_interfaces__rosidl_typesupport_fastrtps_cpp[0m
[1.471s] [ 41%] [32mBuilding CXX object CMakeFiles/aether_interfaces__rosidl_typesupport_fastrtps_cpp.dir/rosidl_typesupport_fastrtps_cpp/aether_interfaces/msg/detail/dds_fastrtps/drone_state__type_support.cpp.o[0m
[1.471s] [ 41%] [32mBuilding CXX object CMakeFiles/aether_interfaces__rosidl_typesupport_fastrtps_cpp.dir/rosidl_typesupport_fastrtps_cpp/aether_interfaces/srv/detail/dds_fastrtps/upload_mission__type_support.cpp.o[0m
[1.471s] [ 42%] [32mBuilding CXX object CMakeFiles/aether_interfaces__rosidl_typesupport_fastrtps_cpp.dir/rosidl_typesupport_fastrtps_cpp/aether_interfaces/msg/detail/dds_fastrtps/fleet_state__type_support.cpp.o[0m
[1.471s] [ 46%] [32mBuilding CXX object CMakeFiles/aether_interfaces__rosidl_typesupport_fastrtps_cpp.dir/rosidl_typesupport_fastrtps_cpp/aether_interfaces/srv/detail/dds_fastrtps/start_calibration__type_support.cpp.o[0m
[1.471s] [ 46%] [32mBuilding CXX object CMakeFiles/aether_interfaces__rosidl_typesupport_fastrtps_cpp.dir/rosidl_typesupport_fastrtps_cpp/aether_interfaces/msg/detail/dds_fastrtps/calibration_status__type_support.cpp.o[0m
[1.508s] [35m[1mConsolidate compiler generated dependencies of target aether_interfaces__rosidl_typesupport_c[0m
[1.518s] [ 49%] [32mBuilding CXX object CMakeFiles/aether_interfaces__rosidl_typesupport_c.dir/rosidl_typesupport_c/aether_interfaces/srv/upload_mission__type_support.cpp.o[0m
[1.518s] [ 49%] [32mBuilding CXX object CMakeFiles/aether_interfaces__rosidl_typesupport_c.dir/rosidl_typesupport_c/aether_interfaces/msg/drone_state__type_support.cpp.o[0m
[1.518s] [ 50%] [32mBuilding CXX object CMakeFiles/aether_interfaces__rosidl_typesupport_c.dir/rosidl_typesupport_c/aether_interfaces/msg/fleet_state__type_support.cpp.o[0m
[1.551s] [ 52%] [32mBuilding CXX object CMakeFiles/aether_interfaces__rosidl_typesupport_c.dir/rosidl_typesupport_c/aether_interfaces/msg/calibration_status__type_support.cpp.o[0m
[1.553s] [ 53%] [32mBuilding CXX object CMakeFiles/aether_interfaces__rosidl_typesupport_c.dir/rosidl_typesupport_c/aether_interfaces/srv/start_calibration__type_support.cpp.o[0m
[1.593s] [ 55%] [32m[1mLinking CXX shared library libaether_interfaces__rosidl_typesupport_c.so[0m
[1.604s] [35m[1mConsolidate compiler generated dependencies of target aether_interfaces__rosidl_typesupport_fastrtps_c[0m
[1.623s] [ 57%] [32mBuilding CXX object CMakeFiles/aether_interfaces__rosidl_typesupport_fastrtps_c.dir/rosidl_typesupport_fastrtps_c/aether_interfaces/msg/detail/drone_state__type_support_c.cpp.o[0m
[1.625s] [ 58%] [32mBuilding CXX object CMakeFiles/aether_interfaces__rosidl_typesupport_fastrtps_c.dir/rosidl_typesupport_fastrtps_c/aether_interfaces/msg/detail/fleet_state__type_support_c.cpp.o[0m
[1.630s] [ 60%] [32mBuilding CXX object CMakeFiles/aether_interfaces__rosidl_typesupport_fastrtps_c.dir/rosidl_typesupport_fastrtps_c/aether_interfaces/srv/detail/upload_mission__type_support_c.cpp.o[0m
[1.644s] [ 60%] Built target aether_interfaces__rosidl_typesupport_c
[1.652s] [ 61%] [32mBuilding CXX object CMakeFiles/aether_interfaces__rosidl_typesupport_fastrtps_c.dir/rosidl_typesupport_fastrtps_c/aether_interfaces/srv/detail/start_calibration__type_support_c.cpp.o[0m
[1.656s] [ 63%] [32mBuilding CXX object CMakeFiles/aether_interfaces__rosidl_typesupport_fastrtps_c.dir/rosidl_typesupport_fastrtps_c/aether_interfaces/msg/detail/calibration_status__type_support_c.cpp.o[0m
[1.669s] [ 65%] [32m[1mLinking CXX shared library libaether_interfaces__rosidl_typesupport_cpp.so[0m
[1.681s] [35m[1mConsolidate compiler generated dependencies of target aether_interfaces__rosidl_typesupport_introspection_c[0m
[1.693s] [ 69%] [32mBuilding C object CMakeFiles/aether_interfaces__rosidl_typesupport_introspection_c.dir/rosidl_typesupport_introspection_c/aether_interfaces/msg/detail/drone_state__type_support.c.o[0m
[1.694s] [ 69%] [32mBuilding C object CMakeFiles/aether_interfaces__rosidl_typesupport_introspection_c.dir/rosidl_typesupport_introspection_c/aether_interfaces/srv/detail/start_calibration__type_support.c.o[0m
[1.694s] [ 69%] [32mBuilding C object CMakeFiles/aether_interfaces__rosidl_typesupport_introspection_c.dir/rosidl_typesupport_introspection_c/aether_interfaces/msg/detail/fleet_state__type_support.c.o[0m
[1.695s] [ 71%] [32mBuilding C object CMakeFiles/aether_interfaces__rosidl_typesupport_introspection_c.dir/rosidl_typesupport_introspection_c/aether_interfaces/srv/detail/upload_mission__type_support.c.o[0m
[1.705s] [ 71%] Built target aether_interfaces__rosidl_typesupport_cpp
[1.713s] [ 73%] [32mBuilding C object CMakeFiles/aether_interfaces__rosidl_typesupport_introspection_c.dir/rosidl_typesupport_introspection_c/aether_interfaces/msg/detail/calibration_status__type_support.c.o[0m
[1.744s] [ 74%] [32m[1mLinking C shared library libaether_interfaces__rosidl_typesupport_introspection_c.so[0m
[1.773s] [ 74%] Built target aether_interfaces__rosidl_typesupport_introspection_c
[1.818s] [ 76%] [32m[1mLinking CXX shared library libaether_interfaces__rosidl_typesupport_introspection_cpp.so[0m
[1.865s] [ 76%] Built target aether_interfaces__rosidl_typesupport_introspection_cpp
[1.869s] [ 77%] [32m[1mLinking CXX shared library libaether_interfaces__rosidl_typesupport_fastrtps_cpp.so[0m
[1.896s] [ 79%] [32m[1mLinking CXX shared library libaether_interfaces__rosidl_typesupport_fastrtps_c.so[0m
[1.918s] [ 79%] Built target aether_interfaces__rosidl_typesupport_fastrtps_cpp
[1.948s] [ 79%] Built target aether_interfaces__rosidl_typesupport_fastrtps_c
[1.969s] [ 79%] Built target aether_interfaces
[1.995s] [ 80%] [34m[1mGenerating Python code for ROS interfaces[0m
[2.460s] [ 80%] Built target aether_interfaces__py
[2.468s] [35m[1mConsolidate compiler generated dependencies of target aether_interfaces__rosidl_generator_py[0m
[2.487s] [ 84%] [32mBuilding C object CMakeFiles/aether_interfaces__rosidl_generator_py.dir/rosidl_generator_py/aether_interfaces/msg/_calibration_status_s.c.o[0m
[2.488s] [ 84%] [32mBuilding C object CMakeFiles/aether_interfaces__rosidl_generator_py.dir/rosidl_generator_py/aether_interfaces/srv/_start_calibration_s.c.o[0m
[2.489s] [ 85%] [32mBuilding C object CMakeFiles/aether_interfaces__rosidl_generator_py.dir/rosidl_generator_py/aether_interfaces/srv/_upload_mission_s.c.o[0m
[2.489s] [ 87%] [32mBuilding C object CMakeFiles/aether_interfaces__rosidl_generator_py.dir/rosidl_generator_py/aether_interfaces/msg/_drone_state_s.c.o[0m
[2.489s] [ 88%] [32mBuilding C object CMakeFiles/aether_interfaces__rosidl_generator_py.dir/rosidl_generator_py/aether_interfaces/msg/_fleet_state_s.c.o[0m
[2.572s] [ 90%] [32m[1mLinking C shared library rosidl_generator_py/aether_interfaces/libaether_interfaces__rosidl_generator_py.so[0m
[2.603s] [ 90%] Built target aether_interfaces__rosidl_generator_py
[2.615s] [35m[1mConsolidate compiler generated dependencies of target aether_interfaces__rosidl_typesupport_fastrtps_c__pyext[0m
[2.616s] [35m[1mConsolidate compiler generated dependencies of target aether_interfaces__rosidl_typesupport_introspection_c__pyext[0m
[2.616s] [35m[1mConsolidate compiler generated dependencies of target aether_interfaces__rosidl_typesupport_c__pyext[0m
[2.630s] [ 92%] [32mBuilding C object CMakeFiles/aether_interfaces__rosidl_typesupport_fastrtps_c__pyext.dir/rosidl_generator_py/aether_interfaces/_aether_interfaces_s.ep.rosidl_typesupport_fastrtps_c.c.o[0m
[2.633s] [ 93%] [32mBuilding C object CMakeFiles/aether_interfaces__rosidl_typesupport_introspection_c__pyext.dir/rosidl_generator_py/aether_interfaces/_aether_interfaces_s.ep.rosidl_typesupport_introspection_c.c.o[0m
[2.637s] [ 95%] [32mBuilding C object CMakeFiles/aether_interfaces__rosidl_typesupport_c__pyext.dir/rosidl_generator_py/aether_interfaces/_aether_interfaces_s.ep.rosidl_typesupport_c.c.o[0m
[2.702s] [ 98%] [32m[1mLinking C shared library rosidl_generator_py/aether_interfaces/aether_interfaces_s__rosidl_typesupport_introspection_c.cpython-310-x86_64-linux-gnu.so[0m
[2.702s] [ 98%] [32m[1mLinking C shared library rosidl_generator_py/aether_interfaces/aether_interfaces_s__rosidl_typesupport_fastrtps_c.cpython-310-x86_64-linux-gnu.so[0m
[2.703s] [100%] [32m[1mLinking C shared library rosidl_generator_py/aether_interfaces/aether_interfaces_s__rosidl_typesupport_c.cpython-310-x86_64-linux-gnu.so[0m
[2.730s] [100%] Built target aether_interfaces__rosidl_typesupport_fastrtps_c__pyext
[2.733s] [100%] Built target aether_interfaces__rosidl_typesupport_c__pyext
[2.733s] [100%] Built target aether_interfaces__rosidl_typesupport_introspection_c__pyext
[2.741s] Invoked command in '/home/valtec/aether/aether_ws/build/aether_interfaces' returned '0': VIRTUAL_ENV_PROMPT=(.venv) /usr/bin/cmake --build /home/valtec/aether/aether_ws/build/aether_interfaces -- -j20 -l20
[2.743s] Invoking command in '/home/valtec/aether/aether_ws/build/aether_interfaces': VIRTUAL_ENV_PROMPT=(.venv) /usr/bin/cmake --install /home/valtec/aether/aether_ws/build/aether_interfaces
[2.748s] -- Install configuration: ""
[2.748s] -- Installing: /home/valtec/aether/aether_ws/install/aether_interfaces/share/ament_index/resource_index/rosidl_interfaces/aether_interfaces
[2.748s] -- Up-to-date: /home/valtec/aether/aether_ws/install/aether_interfaces/include/aether_interfaces/aether_interfaces
[2.748s] -- Up-to-date: /home/valtec/aether/aether_ws/install/aether_interfaces/include/aether_interfaces/aether_interfaces/srv
[2.748s] -- Installing: /home/valtec/aether/aether_ws/install/aether_interfaces/include/aether_interfaces/aether_interfaces/srv/upload_mission.h
[2.748s] -- Installing: /home/valtec/aether/aether_ws/install/aether_interfaces/include/aether_interfaces/aether_interfaces/srv/start_calibration.h
[2.749s] -- Up-to-date: /home/valtec/aether/aether_ws/install/aether_interfaces/include/aether_interfaces/aether_interfaces/srv/detail
[2.749s] -- Installing: /home/valtec/aether/aether_ws/install/aether_interfaces/include/aether_interfaces/aether_interfaces/srv/detail/start_calibration__type_support.h
[2.749s] -- Installing: /home/valtec/aether/aether_ws/install/aether_interfaces/include/aether_interfaces/aether_interfaces/srv/detail/upload_mission__functions.c
[2.749s] -- Installing: /home/valtec/aether/aether_ws/install/aether_interfaces/include/aether_interfaces/aether_interfaces/srv/detail/start_calibration__functions.h
[2.749s] -- Installing: /home/valtec/aether/aether_ws/install/aether_interfaces/include/aether_interfaces/aether_interfaces/srv/detail/start_calibration__functions.c
[2.749s] -- Installing: /home/valtec/aether/aether_ws/install/aether_interfaces/include/aether_interfaces/aether_interfaces/srv/detail/upload_mission__type_support.h
[2.749s] -- Installing: /home/valtec/aether/aether_ws/install/aether_interfaces/include/aether_interfaces/aether_interfaces/srv/detail/upload_mission__struct.h
[2.749s] -- Installing: /home/valtec/aether/aether_ws/install/aether_interfaces/include/aether_interfaces/aether_interfaces/srv/detail/start_calibration__struct.h
[2.749s] -- Installing: /home/valtec/aether/aether_ws/install/aether_interfaces/include/aether_interfaces/aether_interfaces/srv/detail/upload_mission__functions.h
[2.749s] -- Up-to-date: /home/valtec/aether/aether_ws/install/aether_interfaces/include/aether_interfaces/aether_interfaces/msg
[2.749s] -- Installing: /home/valtec/aether/aether_ws/install/aether_interfaces/include/aether_interfaces/aether_interfaces/msg/fleet_state.h
[2.749s] -- Up-to-date: /home/valtec/aether/aether_ws/install/aether_interfaces/include/aether_interfaces/aether_interfaces/msg/rosidl_generator_c__visibility_control.h
[2.749s] -- Installing: /home/valtec/aether/aether_ws/install/aether_interfaces/include/aether_interfaces/aether_interfaces/msg/drone_state.h
[2.749s] -- Installing: /home/valtec/aether/aether_ws/install/aether_interfaces/include/aether_interfaces/aether_interfaces/msg/calibration_status.h
[2.750s] -- Up-to-date: /home/valtec/aether/aether_ws/install/aether_interfaces/include/aether_interfaces/aether_interfaces/msg/detail
[2.750s] -- Installing: /home/valtec/aether/aether_ws/install/aether_interfaces/include/aether_interfaces/aether_interfaces/msg/detail/fleet_state__struct.h
[2.750s] -- Installing: /home/valtec/aether/aether_ws/install/aether_interfaces/include/aether_interfaces/aether_interfaces/msg/detail/drone_state__functions.h
[2.750s] -- Installing: /home/valtec/aether/aether_ws/install/aether_interfaces/include/aether_interfaces/aether_interfaces/msg/detail/calibration_status__functions.h
[2.750s] -- Installing: /home/valtec/aether/aether_ws/install/aether_interfaces/include/aether_interfaces/aether_interfaces/msg/detail/drone_state__type_support.h
[2.750s] -- Installing: /home/valtec/aether/aether_ws/install/aether_interfaces/include/aether_interfaces/aether_interfaces/msg/detail/drone_state__functions.c
[2.750s] -- Installing: /home/valtec/aether/aether_ws/install/aether_interfaces/include/aether_interfaces/aether_interfaces/msg/detail/calibration_status__functions.c
[2.750s] -- Installing: /home/valtec/aether/aether_ws/install/aether_interfaces/include/aether_interfaces/aether_interfaces/msg/detail/fleet_state__functions.h
[2.750s] -- Installing: /home/valtec/aether/aether_ws/install/aether_interfaces/include/aether_interfaces/aether_interfaces/msg/detail/calibration_status__type_support.h
[2.750s] -- Installing: /home/valtec/aether/aether_ws/install/aether_interfaces/include/aether_interfaces/aether_interfaces/msg/detail/fleet_state__type_support.h
[2.750s] -- Installing: /home/valtec/aether/aether_ws/install/aether_interfaces/include/aether_interfaces/aether_interfaces/msg/detail/fleet_state__functions.c
[2.750s] -- Installing: /home/valtec/aether/aether_ws/install/aether_interfaces/include/aether_interfaces/aether_interfaces/msg/detail/calibration_status__struct.h
[2.750s] -- Installing: /home/valtec/aether/aether_ws/install/aether_interfaces/include/aether_interfaces/aether_interfaces/msg/detail/drone_state__struct.h
[2.750s] -- Up-to-date: /home/valtec/aether/aether_ws/install/aether_interfaces/share/aether_interfaces/environment/library_path.sh
[2.750s] -- Installing: /home/valtec/aether/aether_ws/install/aether_interfaces/share/aether_interfaces/environment/library_path.dsv
[2.750s] -- Installing: /home/valtec/aether/aether_ws/install/aether_interfaces/lib/libaether_interfaces__rosidl_generator_c.so
[2.751s] -- Set runtime path of "/home/valtec/aether/aether_ws/install/aether_interfaces/lib/libaether_interfaces__rosidl_generator_c.so" to ""
[2.751s] -- Up-to-date: /home/valtec/aether/aether_ws/install/aether_interfaces/include/aether_interfaces/aether_interfaces
[2.751s] -- Up-to-date: /home/valtec/aether/aether_ws/install/aether_interfaces/include/aether_interfaces/aether_interfaces/srv
[2.751s] -- Up-to-date: /home/valtec/aether/aether_ws/install/aether_interfaces/include/aether_interfaces/aether_interfaces/srv/detail
[2.751s] -- Installing: /home/valtec/aether/aether_ws/install/aether_interfaces/include/aether_interfaces/aether_interfaces/srv/detail/upload_mission__rosidl_typesupport_fastrtps_c.h
[2.751s] -- Installing: /home/valtec/aether/aether_ws/install/aether_interfaces/include/aether_interfaces/aether_interfaces/srv/detail/start_calibration__rosidl_typesupport_fastrtps_c.h
[2.751s] -- Up-to-date: /home/valtec/aether/aether_ws/install/aether_interfaces/include/aether_interfaces/aether_interfaces/msg
[2.751s] -- Up-to-date: /home/valtec/aether/aether_ws/install/aether_interfaces/include/aether_interfaces/aether_interfaces/msg/detail
[2.751s] -- Installing: /home/valtec/aether/aether_ws/install/aether_interfaces/include/aether_interfaces/aether_interfaces/msg/detail/drone_state__rosidl_typesupport_fastrtps_c.h
[2.751s] -- Installing: /home/valtec/aether/aether_ws/install/aether_interfaces/include/aether_interfaces/aether_interfaces/msg/detail/fleet_state__rosidl_typesupport_fastrtps_c.h
[2.751s] -- Installing: /home/valtec/aether/aether_ws/install/aether_interfaces/include/aether_interfaces/aether_interfaces/msg/detail/calibration_status__rosidl_typesupport_fastrtps_c.h
[2.751s] -- Up-to-date: /home/valtec/aether/aether_ws/install/aether_interfaces/include/aether_interfaces/aether_interfaces/msg/rosidl_typesupport_fastrtps_c__visibility_control.h
[2.751s] -- Installing: /home/valtec/aether/aether_ws/install/aether_interfaces/lib/libaether_interfaces__rosidl_typesupport_fastrtps_c.so
[2.751s] -- Set runtime path of "/home/valtec/aether/aether_ws/install/aether_interfaces/lib/libaether_interfaces__rosidl_typesupport_fastrtps_c.so" to ""
[2.752s] -- Up-to-date: /home/valtec/aether/aether_ws/install/aether_interfaces/include/aether_interfaces/aether_interfaces
[2.752s] -- Up-to-date: /home/valtec/aether/aether_ws/install/aether_interfaces/include/aether_interfaces/aether_interfaces/srv
[2.752s] -- Up-to-date: /home/valtec/aether/aether_ws/install/aether_interfaces/include/aether_interfaces/aether_interfaces/srv/detail
[2.752s] -- Installing: /home/valtec/aether/aether_ws/install/aether_interfaces/include/aether_interfaces/aether_interfaces/srv/detail/start_calibration__rosidl_typesupport_introspection_c.h
[2.752s] -- Installing: /home/valtec/aether/aether_ws/install/aether_interfaces/include/aether_interfaces/aether_interfaces/srv/detail/upload_mission__type_support.c
[2.752s] -- Installing: /home/valtec/aether/aether_ws/install/aether_interfaces/include/aether_interfaces/aether_interfaces/srv/detail/upload_mission__rosidl_typesupport_introspection_c.h
[2.752s] -- Installing: /home/valtec/aether/aether_ws/install/aether_interfaces/include/aether_interfaces/aether_interfaces/srv/detail/start_calibration__type_support.c
[2.752s] -- Up-to-date: /home/valtec/aether/aether_ws/install/aether_interfaces/include/aether_interfaces/aether_interfaces/msg
[2.752s] -- Up-to-date: /home/valtec/aether/aether_ws/install/aether_interfaces/include/aether_interfaces/aether_interfaces/msg/rosidl_typesupport_introspection_c__visibility_control.h
[2.752s] -- Up-to-date: /home/valtec/aether/aether_ws/install/aether_interfaces/include/aether_interfaces/aether_interfaces/msg/detail
[2.752s] -- Installing: /home/valtec/aether/aether_ws/install/aether_interfaces/include/aether_interfaces/aether_interfaces/msg/detail/calibration_status__rosidl_typesupport_introspection_c.h
[2.752s] -- Installing: /home/valtec/aether/aether_ws/install/aether_interfaces/include/aether_interfaces/aether_interfaces/msg/detail/drone_state__type_support.c
[2.752s] -- Installing: /home/valtec/aether/aether_ws/install/aether_interfaces/include/aether_interfaces/aether_interfaces/msg/detail/drone_state__rosidl_typesupport_introspection_c.h
[2.752s] -- Installing: /home/valtec/aether/aether_ws/install/aether_interfaces/include/aether_interfaces/aether_interfaces/msg/detail/calibration_status__type_support.c
[2.752s] -- Installing: /home/valtec/aether/aether_ws/install/aether_interfaces/include/aether_interfaces/aether_interfaces/msg/detail/fleet_state__rosidl_typesupport_introspection_c.h
[2.752s] -- Installing: /home/valtec/aether/aether_ws/install/aether_interfaces/include/aether_interfaces/aether_interfaces/msg/detail/fleet_state__type_support.c
[2.752s] -- Installing: /home/valtec/aether/aether_ws/install/aether_interfaces/lib/libaether_interfaces__rosidl_typesupport_introspection_c.so
[2.752s] -- Set runtime path of "/home/valtec/aether/aether_ws/install/aether_interfaces/lib/libaether_interfaces__rosidl_typesupport_introspection_c.so" to ""
[2.752s] -- Installing: /home/valtec/aether/aether_ws/install/aether_interfaces/lib/libaether_interfaces__rosidl_typesupport_c.so
[2.753s] -- Set runtime path of "/home/valtec/aether/aether_ws/install/aether_interfaces/lib/libaether_interfaces__rosidl_typesupport_c.so" to ""
[2.753s] -- Up-to-date: /home/valtec/aether/aether_ws/install/aether_interfaces/include/aether_interfaces/aether_interfaces
[2.753s] -- Up-to-date: /home/valtec/aether/aether_ws/install/aether_interfaces/include/aether_interfaces/aether_interfaces/srv
[2.753s] -- Installing: /home/valtec/aether/aether_ws/install/aether_interfaces/include/aether_interfaces/aether_interfaces/srv/start_calibration.hpp
[2.753s] -- Installing: /home/valtec/aether/aether_ws/install/aether_interfaces/include/aether_interfaces/aether_interfaces/srv/upload_mission.hpp
[2.753s] -- Up-to-date: /home/valtec/aether/aether_ws/install/aether_interfaces/include/aether_interfaces/aether_interfaces/srv/detail
[2.753s] -- Installing: /home/valtec/aether/aether_ws/install/aether_interfaces/include/aether_interfaces/aether_interfaces/srv/detail/upload_mission__type_support.hpp
[2.753s] -- Installing: /home/valtec/aether/aether_ws/install/aether_interfaces/include/aether_interfaces/aether_interfaces/srv/detail/upload_mission__builder.hpp
[2.753s] -- Installing: /home/valtec/aether/aether_ws/install/aether_interfaces/include/aether_interfaces/aether_interfaces/srv/detail/start_calibration__traits.hpp
[2.753s] -- Installing: /home/valtec/aether/aether_ws/install/aether_interfaces/include/aether_interfaces/aether_interfaces/srv/detail/upload_mission__struct.hpp
[2.753s] -- Installing: /home/valtec/aether/aether_ws/install/aether_interfaces/include/aether_interfaces/aether_interfaces/srv/detail/upload_mission__traits.hpp
[2.753s] -- Installing: /home/valtec/aether/aether_ws/install/aether_interfaces/include/aether_interfaces/aether_interfaces/srv/detail/start_calibration__builder.hpp
[2.754s] -- Installing: /home/valtec/aether/aether_ws/install/aether_interfaces/include/aether_interfaces/aether_interfaces/srv/detail/start_calibration__struct.hpp
[2.754s] -- Installing: /home/valtec/aether/aether_ws/install/aether_interfaces/include/aether_interfaces/aether_interfaces/srv/detail/start_calibration__type_support.hpp
[2.754s] -- Up-to-date: /home/valtec/aether/aether_ws/install/aether_interfaces/include/aether_interfaces/aether_interfaces/msg
[2.754s] -- Installing: /home/valtec/aether/aether_ws/install/aether_interfaces/include/aether_interfaces/aether_interfaces/msg/calibration_status.hpp
[2.754s] -- Installing: /home/valtec/aether/aether_ws/install/aether_interfaces/include/aether_interfaces/aether_interfaces/msg/fleet_state.hpp
[2.754s] -- Installing: /home/valtec/aether/aether_ws/install/aether_interfaces/include/aether_interfaces/aether_interfaces/msg/drone_state.hpp
[2.754s] -- Up-to-date: /home/valtec/aether/aether_ws/install/aether_interfaces/include/aether_interfaces/aether_interfaces/msg/detail
[2.754s] -- Installing: /home/valtec/aether/aether_ws/install/aether_interfaces/include/aether_interfaces/aether_interfaces/msg/detail/fleet_state__struct.hpp
[2.754s] -- Installing: /home/valtec/aether/aether_ws/install/aether_interfaces/include/aether_interfaces/aether_interfaces/msg/detail/fleet_state__traits.hpp
[2.754s] -- Installing: /home/valtec/aether/aether_ws/install/aether_interfaces/include/aether_interfaces/aether_interfaces/msg/detail/calibration_status__type_support.hpp
[2.754s] -- Installing: /home/valtec/aether/aether_ws/install/aether_interfaces/include/aether_interfaces/aether_interfaces/msg/detail/fleet_state__builder.hpp
[2.754s] -- Installing: /home/valtec/aether/aether_ws/install/aether_interfaces/include/aether_interfaces/aether_interfaces/msg/detail/drone_state__struct.hpp
[2.754s] -- Installing: /home/valtec/aether/aether_ws/install/aether_interfaces/include/aether_interfaces/aether_interfaces/msg/detail/calibration_status__builder.hpp
[2.754s] -- Installing: /home/valtec/aether/aether_ws/install/aether_interfaces/include/aether_interfaces/aether_interfaces/msg/detail/drone_state__type_support.hpp
[2.754s] -- Installing: /home/valtec/aether/aether_ws/install/aether_interfaces/include/aether_interfaces/aether_interfaces/msg/detail/fleet_state__type_support.hpp
[2.754s] -- Installing: /home/valtec/aether/aether_ws/install/aether_interfaces/include/aether_interfaces/aether_interfaces/msg/detail/calibration_status__struct.hpp
[2.754s] -- Installing: /home/valtec/aether/aether_ws/install/aether_interfaces/include/aether_interfaces/aether_interfaces/msg/detail/drone_state__traits.hpp
[2.754s] -- Installing: /home/valtec/aether/aether_ws/install/aether_interfaces/include/aether_interfaces/aether_interfaces/msg/detail/calibration_status__traits.hpp
[2.754s] -- Installing: /home/valtec/aether/aether_ws/install/aether_interfaces/include/aether_interfaces/aether_interfaces/msg/detail/drone_state__builder.hpp
[2.755s] -- Up-to-date: /home/valtec/aether/aether_ws/install/aether_interfaces/include/aether_interfaces/aether_interfaces/msg/rosidl_generator_cpp__visibility_control.hpp
[2.755s] -- Up-to-date: /home/valtec/aether/aether_ws/install/aether_interfaces/include/aether_interfaces/aether_interfaces
[2.755s] -- Up-to-date: /home/valtec/aether/aether_ws/install/aether_interfaces/include/aether_interfaces/aether_interfaces/srv
[2.755s] -- Up-to-date: /home/valtec/aether/aether_ws/install/aether_interfaces/include/aether_interfaces/aether_interfaces/srv/detail
[2.755s] -- Installing: /home/valtec/aether/aether_ws/install/aether_interfaces/include/aether_interfaces/aether_interfaces/srv/detail/start_calibration__rosidl_typesupport_fastrtps_cpp.hpp
[2.755s] -- Installing: /home/valtec/aether/aether_ws/install/aether_interfaces/include/aether_interfaces/aether_interfaces/srv/detail/upload_mission__rosidl_typesupport_fastrtps_cpp.hpp
[2.755s] -- Up-to-date: /home/valtec/aether/aether_ws/install/aether_interfaces/include/aether_interfaces/aether_interfaces/srv/detail/dds_fastrtps
[2.755s] -- Up-to-date: /home/valtec/aether/aether_ws/install/aether_interfaces/include/aether_interfaces/aether_interfaces/msg
[2.755s] -- Up-to-date: /home/valtec/aether/aether_ws/install/aether_interfaces/include/aether_interfaces/aether_interfaces/msg/rosidl_typesupport_fastrtps_cpp__visibility_control.h
[2.755s] -- Up-to-date: /home/valtec/aether/aether_ws/install/aether_interfaces/include/aether_interfaces/aether_interfaces/msg/detail
[2.755s] -- Installing: /home/valtec/aether/aether_ws/install/aether_interfaces/include/aether_interfaces/aether_interfaces/msg/detail/drone_state__rosidl_typesupport_fastrtps_cpp.hpp
[2.755s] -- Up-to-date: /home/valtec/aether/aether_ws/install/aether_interfaces/include/aether_interfaces/aether_interfaces/msg/detail/dds_fastrtps
[2.755s] -- Installing: /home/valtec/aether/aether_ws/install/aether_interfaces/include/aether_interfaces/aether_interfaces/msg/detail/calibration_status__rosidl_typesupport_fastrtps_cpp.hpp
[2.755s] -- Installing: /home/valtec/aether/aether_ws/install/aether_interfaces/include/aether_interfaces/aether_interfaces/msg/detail/fleet_state__rosidl_typesupport_fastrtps_cpp.hpp
[2.755s] -- Installing: /home/valtec/aether/aether_ws/install/aether_interfaces/lib/libaether_interfaces__rosidl_typesupport_fastrtps_cpp.so
[2.756s] -- Set runtime path of "/home/valtec/aether/aether_ws/install/aether_interfaces/lib/libaether_interfaces__rosidl_typesupport_fastrtps_cpp.so" to ""
[2.756s] -- Up-to-date: /home/valtec/aether/aether_ws/install/aether_interfaces/include/aether_interfaces/aether_interfaces
[2.756s] -- Up-to-date: /home/valtec/aether/aether_ws/install/aether_interfaces/include/aether_interfaces/aether_interfaces/srv
[2.756s] -- Up-to-date: /home/valtec/aether/aether_ws/install/aether_interfaces/include/aether_interfaces/aether_interfaces/srv/detail
[2.756s] -- Installing: /home/valtec/aether/aether_ws/install/aether_interfaces/include/aether_interfaces/aether_interfaces/srv/detail/start_calibration__type_support.cpp
[2.756s] -- Installing: /home/valtec/aether/aether_ws/install/aether_interfaces/include/aether_interfaces/aether_interfaces/srv/detail/upload_mission__rosidl_typesupport_introspection_cpp.hpp
[2.756s] -- Installing: /home/valtec/aether/aether_ws/install/aether_interfaces/include/aether_interfaces/aether_interfaces/srv/detail/start_calibration__rosidl_typesupport_introspection_cpp.hpp
[2.756s] -- Installing: /home/valtec/aether/aether_ws/install/aether_interfaces/include/aether_interfaces/aether_interfaces/srv/detail/upload_mission__type_support.cpp
[2.756s] -- Up-to-date: /home/valtec/aether/aether_ws/install/aether_interfaces/include/aether_interfaces/aether_interfaces/msg
[2.756s] -- Up-to-date: /home/valtec/aether/aether_ws/install/aether_interfaces/include/aether_interfaces/aether_interfaces/msg/detail
[2.756s] -- Installing: /home/valtec/aether/aether_ws/install/aether_interfaces/include/aether_interfaces/aether_interfaces/msg/detail/drone_state__rosidl_typesupport_introspection_cpp.hpp
[2.756s] -- Installing: /home/valtec/aether/aether_ws/install/aether_interfaces/include/aether_interfaces/aether_interfaces/msg/detail/fleet_state__rosidl_typesupport_introspection_cpp.hpp
[2.756s] -- Installing: /home/valtec/aether/aether_ws/install/aether_interfaces/include/aether_interfaces/aether_interfaces/msg/detail/calibration_status__type_support.cpp
[2.756s] -- Installing: /home/valtec/aether/aether_ws/install/aether_interfaces/include/aether_interfaces/aether_interfaces/msg/detail/drone_state__type_support.cpp
[2.756s] -- Installing: /home/valtec/aether/aether_ws/install/aether_interfaces/include/aether_interfaces/aether_interfaces/msg/detail/fleet_state__type_support.cpp
[2.756s] -- Installing: /home/valtec/aether/aether_ws/install/aether_interfaces/include/aether_interfaces/aether_interfaces/msg/detail/calibration_status__rosidl_typesupport_introspection_cpp.hpp
[2.757s] -- Installing: /home/valtec/aether/aether_ws/install/aether_interfaces/lib/libaether_interfaces__rosidl_typesupport_introspection_cpp.so
[2.757s] -- Set runtime path of "/home/valtec/aether/aether_ws/install/aether_interfaces/lib/libaether_interfaces__rosidl_typesupport_introspection_cpp.so" to ""
[2.757s] -- Installing: /home/valtec/aether/aether_ws/install/aether_interfaces/lib/libaether_interfaces__rosidl_typesupport_cpp.so
[2.757s] -- Set runtime path of "/home/valtec/aether/aether_ws/install/aether_interfaces/lib/libaether_interfaces__rosidl_typesupport_cpp.so" to ""
[2.757s] -- Up-to-date: /home/valtec/aether/aether_ws/install/aether_interfaces/share/aether_interfaces/environment/pythonpath.sh
[2.757s] -- Installing: /home/valtec/aether/aether_ws/install/aether_interfaces/share/aether_interfaces/environment/pythonpath.dsv
[2.757s] -- Up-to-date: /home/valtec/aether/aether_ws/install/aether_interfaces/local/lib/python3.10/dist-packages/aether_interfaces-0.0.1-py3.10.egg-info
[2.757s] -- Installing: /home/valtec/aether/aether_ws/install/aether_interfaces/local/lib/python3.10/dist-packages/aether_interfaces-0.0.1-py3.10.egg-info/SOURCES.txt
[2.757s] -- Installing: /home/valtec/aether/aether_ws/install/aether_interfaces/local/lib/python3.10/dist-packages/aether_interfaces-0.0.1-py3.10.egg-info/PKG-INFO
[2.758s] -- Installing: /home/valtec/aether/aether_ws/install/aether_interfaces/local/lib/python3.10/dist-packages/aether_interfaces-0.0.1-py3.10.egg-info/dependency_links.txt
[2.758s] -- Installing: /home/valtec/aether/aether_ws/install/aether_interfaces/local/lib/python3.10/dist-packages/aether_interfaces-0.0.1-py3.10.egg-info/top_level.txt
[2.758s] -- Up-to-date: /home/valtec/aether/aether_ws/install/aether_interfaces/local/lib/python3.10/dist-packages/aether_interfaces
[2.758s] -- Installing: /home/valtec/aether/aether_ws/install/aether_interfaces/local/lib/python3.10/dist-packages/aether_interfaces/__init__.py
[2.758s] -- Installing: /home/valtec/aether/aether_ws/install/aether_interfaces/local/lib/python3.10/dist-packages/aether_interfaces/aether_interfaces_s__rosidl_typesupport_c.cpython-310-x86_64-linux-gnu.so
[2.758s] -- Installing: /home/valtec/aether/aether_ws/install/aether_interfaces/local/lib/python3.10/dist-packages/aether_interfaces/aether_interfaces_s__rosidl_typesupport_introspection_c.cpython-310-x86_64-linux-gnu.so
[2.758s] -- Installing: /home/valtec/aether/aether_ws/install/aether_interfaces/local/lib/python3.10/dist-packages/aether_interfaces/_aether_interfaces_s.ep.rosidl_typesupport_fastrtps_c.c
[2.758s] -- Installing: /home/valtec/aether/aether_ws/install/aether_interfaces/local/lib/python3.10/dist-packages/aether_interfaces/_aether_interfaces_s.ep.rosidl_typesupport_introspection_c.c
[2.758s] -- Up-to-date: /home/valtec/aether/aether_ws/install/aether_interfaces/local/lib/python3.10/dist-packages/aether_interfaces/srv
[2.758s] -- Installing: /home/valtec/aether/aether_ws/install/aether_interfaces/local/lib/python3.10/dist-packages/aether_interfaces/srv/__init__.py
[2.758s] -- Installing: /home/valtec/aether/aether_ws/install/aether_interfaces/local/lib/python3.10/dist-packages/aether_interfaces/srv/_upload_mission_s.c
[2.758s] -- Installing: /home/valtec/aether/aether_ws/install/aether_interfaces/local/lib/python3.10/dist-packages/aether_interfaces/srv/_upload_mission.py
[2.758s] -- Installing: /home/valtec/aether/aether_ws/install/aether_interfaces/local/lib/python3.10/dist-packages/aether_interfaces/srv/_start_calibration.py
[2.758s] -- Installing: /home/valtec/aether/aether_ws/install/aether_interfaces/local/lib/python3.10/dist-packages/aether_interfaces/srv/_start_calibration_s.c
[2.758s] -- Up-to-date: /home/valtec/aether/aether_ws/install/aether_interfaces/local/lib/python3.10/dist-packages/aether_interfaces/msg
[2.758s] -- Installing: /home/valtec/aether/aether_ws/install/aether_interfaces/local/lib/python3.10/dist-packages/aether_interfaces/msg/__init__.py
[2.758s] -- Installing: /home/valtec/aether/aether_ws/install/aether_interfaces/local/lib/python3.10/dist-packages/aether_interfaces/msg/_drone_state.py
[2.759s] -- Installing: /home/valtec/aether/aether_ws/install/aether_interfaces/local/lib/python3.10/dist-packages/aether_interfaces/msg/_drone_state_s.c
[2.759s] -- Installing: /home/valtec/aether/aether_ws/install/aether_interfaces/local/lib/python3.10/dist-packages/aether_interfaces/msg/_calibration_status_s.c
[2.759s] -- Installing: /home/valtec/aether/aether_ws/install/aether_interfaces/local/lib/python3.10/dist-packages/aether_interfaces/msg/_calibration_status.py
[2.759s] -- Installing: /home/valtec/aether/aether_ws/install/aether_interfaces/local/lib/python3.10/dist-packages/aether_interfaces/msg/_fleet_state.py
[2.759s] -- Installing: /home/valtec/aether/aether_ws/install/aether_interfaces/local/lib/python3.10/dist-packages/aether_interfaces/msg/_fleet_state_s.c
[2.759s] -- Installing: /home/valtec/aether/aether_ws/install/aether_interfaces/local/lib/python3.10/dist-packages/aether_interfaces/aether_interfaces_s__rosidl_typesupport_fastrtps_c.cpython-310-x86_64-linux-gnu.so
[2.759s] -- Installing: /home/valtec/aether/aether_ws/install/aether_interfaces/local/lib/python3.10/dist-packages/aether_interfaces/_aether_interfaces_s.ep.rosidl_typesupport_c.c
[2.759s] -- Installing: /home/valtec/aether/aether_ws/install/aether_interfaces/local/lib/python3.10/dist-packages/aether_interfaces/libaether_interfaces__rosidl_generator_py.so
[2.786s] Listing '/home/valtec/aether/aether_ws/install/aether_interfaces/local/lib/python3.10/dist-packages/aether_interfaces'...
[2.786s] Compiling '/home/valtec/aether/aether_ws/install/aether_interfaces/local/lib/python3.10/dist-packages/aether_interfaces/__init__.py'...
[2.786s] Listing '/home/valtec/aether/aether_ws/install/aether_interfaces/local/lib/python3.10/dist-packages/aether_interfaces/msg'...
[2.786s] Compiling '/home/valtec/aether/aether_ws/install/aether_interfaces/local/lib/python3.10/dist-packages/aether_interfaces/msg/__init__.py'...
[2.786s] Compiling '/home/valtec/aether/aether_ws/install/aether_interfaces/local/lib/python3.10/dist-packages/aether_interfaces/msg/_calibration_status.py'...
[2.786s] Compiling '/home/valtec/aether/aether_ws/install/aether_interfaces/local/lib/python3.10/dist-packages/aether_interfaces/msg/_drone_state.py'...
[2.786s] Compiling '/home/valtec/aether/aether_ws/install/aether_interfaces/local/lib/python3.10/dist-packages/aether_interfaces/msg/_fleet_state.py'...
[2.786s] Listing '/home/valtec/aether/aether_ws/install/aether_interfaces/local/lib/python3.10/dist-packages/aether_interfaces/srv'...
[2.786s] Compiling '/home/valtec/aether/aether_ws/install/aether_interfaces/local/lib/python3.10/dist-packages/aether_interfaces/srv/__init__.py'...
[2.786s] Compiling '/home/valtec/aether/aether_ws/install/aether_interfaces/local/lib/python3.10/dist-packages/aether_interfaces/srv/_start_calibration.py'...
[2.786s] Compiling '/home/valtec/aether/aether_ws/install/aether_interfaces/local/lib/python3.10/dist-packages/aether_interfaces/srv/_upload_mission.py'...
[2.788s] -- Installing: /home/valtec/aether/aether_ws/install/aether_interfaces/local/lib/python3.10/dist-packages/aether_interfaces/aether_interfaces_s__rosidl_typesupport_fastrtps_c.cpython-310-x86_64-linux-gnu.so
[2.788s] -- Set runtime path of "/home/valtec/aether/aether_ws/install/aether_interfaces/local/lib/python3.10/dist-packages/aether_interfaces/aether_interfaces_s__rosidl_typesupport_fastrtps_c.cpython-310-x86_64-linux-gnu.so" to ""
[2.789s] -- Installing: /home/valtec/aether/aether_ws/install/aether_interfaces/local/lib/python3.10/dist-packages/aether_interfaces/aether_interfaces_s__rosidl_typesupport_introspection_c.cpython-310-x86_64-linux-gnu.so
[2.789s] -- Set runtime path of "/home/valtec/aether/aether_ws/install/aether_interfaces/local/lib/python3.10/dist-packages/aether_interfaces/aether_interfaces_s__rosidl_typesupport_introspection_c.cpython-310-x86_64-linux-gnu.so" to ""
[2.789s] -- Installing: /home/valtec/aether/aether_ws/install/aether_interfaces/local/lib/python3.10/dist-packages/aether_interfaces/aether_interfaces_s__rosidl_typesupport_c.cpython-310-x86_64-linux-gnu.so
[2.789s] -- Set runtime path of "/home/valtec/aether/aether_ws/install/aether_interfaces/local/lib/python3.10/dist-packages/aether_interfaces/aether_interfaces_s__rosidl_typesupport_c.cpython-310-x86_64-linux-gnu.so" to ""
[2.789s] -- Installing: /home/valtec/aether/aether_ws/install/aether_interfaces/lib/libaether_interfaces__rosidl_generator_py.so
[2.789s] -- Set runtime path of "/home/valtec/aether/aether_ws/install/aether_interfaces/lib/libaether_interfaces__rosidl_generator_py.so" to ""
[2.789s] -- Up-to-date: /home/valtec/aether/aether_ws/install/aether_interfaces/share/aether_interfaces/srv/UploadMission.idl
[2.789s] -- Up-to-date: /home/valtec/aether/aether_ws/install/aether_interfaces/share/aether_interfaces/msg/DroneState.idl
[2.789s] -- Up-to-date: /home/valtec/aether/aether_ws/install/aether_interfaces/share/aether_interfaces/msg/FleetState.idl
[2.789s] -- Installing: /home/valtec/aether/aether_ws/install/aether_interfaces/share/aether_interfaces/srv/StartCalibration.idl
[2.789s] -- Installing: /home/valtec/aether/aether_ws/install/aether_interfaces/share/aether_interfaces/msg/CalibrationStatus.idl
[2.790s] -- Up-to-date: /home/valtec/aether/aether_ws/install/aether_interfaces/share/aether_interfaces/srv/UploadMission.srv
[2.790s] -- Up-to-date: /home/valtec/aether/aether_ws/install/aether_interfaces/share/aether_interfaces/srv/UploadMission_Request.msg
[2.790s] -- Up-to-date: /home/valtec/aether/aether_ws/install/aether_interfaces/share/aether_interfaces/srv/UploadMission_Response.msg
[2.790s] -- Up-to-date: /home/valtec/aether/aether_ws/install/aether_interfaces/share/aether_interfaces/msg/DroneState.msg
[2.790s] -- Up-to-date: /home/valtec/aether/aether_ws/install/aether_interfaces/share/aether_interfaces/msg/FleetState.msg
[2.790s] -- Installing: /home/valtec/aether/aether_ws/install/aether_interfaces/share/aether_interfaces/srv/StartCalibration.srv
[2.790s] -- Installing: /home/valtec/aether/aether_ws/install/aether_interfaces/share/aether_interfaces/srv/StartCalibration_Request.msg
[2.790s] -- Installing: /home/valtec/aether/aether_ws/install/aether_interfaces/share/aether_interfaces/srv/StartCalibration_Response.msg
[2.790s] -- Installing: /home/valtec/aether/aether_ws/install/aether_interfaces/share/aether_interfaces/msg/CalibrationStatus.msg
[2.790s] -- Up-to-date: /home/valtec/aether/aether_ws/install/aether_interfaces/share/ament_index/resource_index/package_run_dependencies/aether_interfaces
[2.790s] -- Installing: /home/valtec/aether/aether_ws/install/aether_interfaces/share/ament_index/resource_index/parent_prefix_path/aether_interfaces
[2.790s] -- Up-to-date: /home/valtec/aether/aether_ws/install/aether_interfaces/share/aether_interfaces/environment/ament_prefix_path.sh
[2.790s] -- Installing: /home/valtec/aether/aether_ws/install/aether_interfaces/share/aether_interfaces/environment/ament_prefix_path.dsv
[2.790s] -- Up-to-date: /home/valtec/aether/aether_ws/install/aether_interfaces/share/aether_interfaces/environment/path.sh
[2.790s] -- Installing: /home/valtec/aether/aether_ws/install/aether_interfaces/share/aether_interfaces/environment/path.dsv
[2.790s] -- Up-to-date: /home/valtec/aether/aether_ws/install/aether_interfaces/share/aether_interfaces/local_setup.bash
[2.790s] -- Up-to-date: /home/valtec/aether/aether_ws/install/aether_interfaces/share/aether_interfaces/local_setup.sh
[2.790s] -- Up-to-date: /home/valtec/aether/aether_ws/install/aether_interfaces/share/aether_interfaces/local_setup.zsh
[2.790s] -- Installing: /home/valtec/aether/aether_ws/install/aether_interfaces/share/aether_interfaces/local_setup.dsv
[2.790s] -- Installing: /home/valtec/aether/aether_ws/install/aether_interfaces/share/aether_interfaces/package.dsv
[2.790s] -- Up-to-date: /home/valtec/aether/aether_ws/install/aether_interfaces/share/ament_index/resource_index/packages/aether_interfaces
[2.790s] -- Up-to-date: /home/valtec/aether/aether_ws/install/aether_interfaces/share/aether_interfaces/cmake/export_aether_interfaces__rosidl_generator_cExport.cmake
[2.790s] -- Up-to-date: /home/valtec/aether/aether_ws/install/aether_interfaces/share/aether_interfaces/cmake/export_aether_interfaces__rosidl_generator_cExport-noconfig.cmake
[2.791s] -- Up-to-date: /home/valtec/aether/aether_ws/install/aether_interfaces/share/aether_interfaces/cmake/export_aether_interfaces__rosidl_typesupport_fastrtps_cExport.cmake
[2.791s] -- Up-to-date: /home/valtec/aether/aether_ws/install/aether_interfaces/share/aether_interfaces/cmake/export_aether_interfaces__rosidl_typesupport_fastrtps_cExport-noconfig.cmake
[2.791s] -- Up-to-date: /home/valtec/aether/aether_ws/install/aether_interfaces/share/aether_interfaces/cmake/aether_interfaces__rosidl_typesupport_introspection_cExport.cmake
[2.791s] -- Up-to-date: /home/valtec/aether/aether_ws/install/aether_interfaces/share/aether_interfaces/cmake/aether_interfaces__rosidl_typesupport_introspection_cExport-noconfig.cmake
[2.791s] -- Up-to-date: /home/valtec/aether/aether_ws/install/aether_interfaces/share/aether_interfaces/cmake/aether_interfaces__rosidl_typesupport_cExport.cmake
[2.791s] -- Up-to-date: /home/valtec/aether/aether_ws/install/aether_interfaces/share/aether_interfaces/cmake/aether_interfaces__rosidl_typesupport_cExport-noconfig.cmake
[2.791s] -- Up-to-date: /home/valtec/aether/aether_ws/install/aether_interfaces/share/aether_interfaces/cmake/export_aether_interfaces__rosidl_generator_cppExport.cmake
[2.791s] -- Up-to-date: /home/valtec/aether/aether_ws/install/aether_interfaces/share/aether_interfaces/cmake/export_aether_interfaces__rosidl_typesupport_fastrtps_cppExport.cmake
[2.791s] -- Up-to-date: /home/valtec/aether/aether_ws/install/aether_interfaces/share/aether_interfaces/cmake/export_aether_interfaces__rosidl_typesupport_fastrtps_cppExport-noconfig.cmake
[2.791s] -- Up-to-date: /home/valtec/aether/aether_ws/install/aether_interfaces/share/aether_interfaces/cmake/aether_interfaces__rosidl_typesupport_introspection_cppExport.cmake
[2.791s] -- Up-to-date: /home/valtec/aether/aether_ws/install/aether_interfaces/share/aether_interfaces/cmake/aether_interfaces__rosidl_typesupport_introspection_cppExport-noconfig.cmake
[2.791s] -- Up-to-date: /home/valtec/aether/aether_ws/install/aether_interfaces/share/aether_interfaces/cmake/aether_interfaces__rosidl_typesupport_cppExport.cmake
[2.791s] -- Up-to-date: /home/valtec/aether/aether_ws/install/aether_interfaces/share/aether_interfaces/cmake/aether_interfaces__rosidl_typesupport_cppExport-noconfig.cmake
[2.791s] -- Up-to-date: /home/valtec/aether/aether_ws/install/aether_interfaces/share/aether_interfaces/cmake/export_aether_interfaces__rosidl_generator_pyExport.cmake
[2.792s] -- Up-to-date: /home/valtec/aether/aether_ws/install/aether_interfaces/share/aether_interfaces/cmake/export_aether_interfaces__rosidl_generator_pyExport-noconfig.cmake
[2.792s] -- Installing: /home/valtec/aether/aether_ws/install/aether_interfaces/share/aether_interfaces/cmake/rosidl_cmake-extras.cmake
[2.792s] -- Up-to-date: /home/valtec/aether/aether_ws/install/aether_interfaces/share/aether_interfaces/cmake/ament_cmake_export_dependencies-extras.cmake
[2.792s] -- Up-to-date: /home/valtec/aether/aether_ws/install/aether_interfaces/share/aether_interfaces/cmake/ament_cmake_export_include_directories-extras.cmake
[2.792s] -- Up-to-date: /home/valtec/aether/aether_ws/install/aether_interfaces/share/aether_interfaces/cmake/ament_cmake_export_libraries-extras.cmake
[2.792s] -- Up-to-date: /home/valtec/aether/aether_ws/install/aether_interfaces/share/aether_interfaces/cmake/ament_cmake_export_targets-extras.cmake
[2.792s] -- Up-to-date: /home/valtec/aether/aether_ws/install/aether_interfaces/share/aether_interfaces/cmake/rosidl_cmake_export_typesupport_targets-extras.cmake
[2.792s] -- Up-to-date: /home/valtec/aether/aether_ws/install/aether_interfaces/share/aether_interfaces/cmake/rosidl_cmake_export_typesupport_libraries-extras.cmake
[2.792s] -- Up-to-date: /home/valtec/aether/aether_ws/install/aether_interfaces/share/aether_interfaces/cmake/aether_interfacesConfig.cmake
[2.792s] -- Up-to-date: /home/valtec/aether/aether_ws/install/aether_interfaces/share/aether_interfaces/cmake/aether_interfacesConfig-version.cmake
[2.792s] -- Up-to-date: /home/valtec/aether/aether_ws/install/aether_interfaces/share/aether_interfaces/package.xml
[2.794s] Invoked command in '/home/valtec/aether/aether_ws/build/aether_interfaces' returned '0': VIRTUAL_ENV_PROMPT=(.venv) /usr/bin/cmake --install /home/valtec/aether/aether_ws/build/aether_interfaces
