[0.012s] Invoking command in '/home/valtec/aether/aether_ws/build/valtec_onboard_intelligence': /usr/bin/cmake /home/valtec/aether/aether_ws/src/valtec_onboard_intelligence -DCMAKE_INSTALL_PREFIX=/home/valtec/aether/aether_ws/install/valtec_onboard_intelligence
[0.078s] -- The C compiler identification is GNU 11.4.0
[0.147s] -- The CXX compiler identification is GNU 11.4.0
[0.154s] -- Detecting C compiler ABI info
[0.203s] -- Detecting C compiler ABI info - done
[0.219s] -- Check for working C compiler: /usr/bin/cc - skipped
[0.219s] -- Detecting C compile features
[0.221s] -- Detecting C compile features - done
[0.227s] -- Detecting CXX compiler ABI info
[0.285s] -- Detecting CXX compiler ABI info - done
[0.290s] -- Check for working CXX compiler: /usr/bin/c++ - skipped
[0.290s] -- Detecting CXX compile features
[0.290s] -- Detecting CXX compile features - done
[0.296s] [31mCMake Error at CMakeLists.txt:9 (find_package):
[0.296s]   By not providing "Findament_cmake.cmake" in CMAKE_MODULE_PATH this project
[0.296s]   has asked CMake to find a package configuration file provided by
[0.296s]   "ament_cmake", but CMake did not find one.
[0.296s] 
[0.296s]   Could not find a package configuration file provided by "ament_cmake" with
[0.296s]   any of the following names:
[0.296s] 
[0.296s]     ament_cmakeConfig.cmake
[0.296s]     ament_cmake-config.cmake
[0.296s] 
[0.296s]   Add the installation prefix of "ament_cmake" to CMAKE_PREFIX_PATH or set
[0.296s]   "ament_cmake_DIR" to a directory containing one of the above files.  If
[0.296s]   "ament_cmake" provides a separate development package or SDK, be sure it
[0.296s]   has been installed.
[0.296s] 
[0.296s] [0m
[0.296s] -- Configuring incomplete, errors occurred!
[0.296s] See also "/home/valtec/aether/aether_ws/build/valtec_onboard_intelligence/CMakeFiles/CMakeOutput.log".
[0.297s] Invoked command in '/home/valtec/aether/aether_ws/build/valtec_onboard_intelligence' returned '1': /usr/bin/cmake /home/valtec/aether/aether_ws/src/valtec_onboard_intelligence -DCMAKE_INSTALL_PREFIX=/home/valtec/aether/aether_ws/install/valtec_onboard_intelligence
