[0.146s] Invoking command in '/home/valtec/aether/aether_ws/build/aether_gcs_logic_cpp': CMAKE_PREFIX_PATH=/opt/ros/humble:/home/valtec/aether/aether_ws/install/aether_interfaces LD_LIBRARY_PATH=/home/valtec/aether/aether_ws/install/aether_interfaces/lib:${LD_LIBRARY_PATH} PKG_CONFIG_PATH=/home/valtec/aether/aether_ws/install/aether_interfaces/lib/x86_64-linux-gnu/pkgconfig:/home/valtec/aether/aether_ws/install/aether_interfaces/lib/pkgconfig PYTHONPATH=/home/valtec/aether/aether_ws/install/aether_interfaces/lib/python3.10/site-packages:${PYTHONPATH} ROS_PACKAGE_PATH=/home/valtec/aether/aether_ws/install/aether_interfaces/share /usr/bin/cmake --build /home/valtec/aether/aether_ws/build/aether_gcs_logic_cpp -- -j20 -l20
[0.176s] [35m[1mConsolidate compiler generated dependencies of target strategic_deconfliction_node[0m
[0.186s] [100%] Built target strategic_deconfliction_node
[0.282s] Invoked command in '/home/valtec/aether/aether_ws/build/aether_gcs_logic_cpp' returned '0': CMAKE_PREFIX_PATH=/opt/ros/humble:/home/valtec/aether/aether_ws/install/aether_interfaces LD_LIBRARY_PATH=/home/valtec/aether/aether_ws/install/aether_interfaces/lib:${LD_LIBRARY_PATH} PKG_CONFIG_PATH=/home/valtec/aether/aether_ws/install/aether_interfaces/lib/x86_64-linux-gnu/pkgconfig:/home/valtec/aether/aether_ws/install/aether_interfaces/lib/pkgconfig PYTHONPATH=/home/valtec/aether/aether_ws/install/aether_interfaces/lib/python3.10/site-packages:${PYTHONPATH} ROS_PACKAGE_PATH=/home/valtec/aether/aether_ws/install/aether_interfaces/share /usr/bin/cmake --build /home/valtec/aether/aether_ws/build/aether_gcs_logic_cpp -- -j20 -l20
[0.283s] Invoking command in '/home/valtec/aether/aether_ws/build/aether_gcs_logic_cpp': CMAKE_PREFIX_PATH=/opt/ros/humble:/home/valtec/aether/aether_ws/install/aether_interfaces LD_LIBRARY_PATH=/home/valtec/aether/aether_ws/install/aether_interfaces/lib:${LD_LIBRARY_PATH} PKG_CONFIG_PATH=/home/valtec/aether/aether_ws/install/aether_interfaces/lib/x86_64-linux-gnu/pkgconfig:/home/valtec/aether/aether_ws/install/aether_interfaces/lib/pkgconfig PYTHONPATH=/home/valtec/aether/aether_ws/install/aether_interfaces/lib/python3.10/site-packages:${PYTHONPATH} ROS_PACKAGE_PATH=/home/valtec/aether/aether_ws/install/aether_interfaces/share /usr/bin/cmake --install /home/valtec/aether/aether_ws/build/aether_gcs_logic_cpp
[0.288s] -- Install configuration: ""
[0.289s] -- Execute custom install script
[0.289s] -- Up-to-date symlink: /home/valtec/aether/aether_ws/install/aether_gcs_logic_cpp/lib/aether_gcs_logic_cpp/strategic_deconfliction_node
[0.289s] -- Up-to-date symlink: /home/valtec/aether/aether_ws/install/aether_gcs_logic_cpp/share/ament_index/resource_index/package_run_dependencies/aether_gcs_logic_cpp
[0.289s] -- Up-to-date symlink: /home/valtec/aether/aether_ws/install/aether_gcs_logic_cpp/share/ament_index/resource_index/parent_prefix_path/aether_gcs_logic_cpp
[0.289s] -- Up-to-date symlink: /home/valtec/aether/aether_ws/install/aether_gcs_logic_cpp/share/aether_gcs_logic_cpp/environment/ament_prefix_path.sh
[0.289s] -- Up-to-date symlink: /home/valtec/aether/aether_ws/install/aether_gcs_logic_cpp/share/aether_gcs_logic_cpp/environment/ament_prefix_path.dsv
[0.290s] -- Up-to-date symlink: /home/valtec/aether/aether_ws/install/aether_gcs_logic_cpp/share/aether_gcs_logic_cpp/environment/path.sh
[0.290s] -- Up-to-date symlink: /home/valtec/aether/aether_ws/install/aether_gcs_logic_cpp/share/aether_gcs_logic_cpp/environment/path.dsv
[0.290s] -- Up-to-date symlink: /home/valtec/aether/aether_ws/install/aether_gcs_logic_cpp/share/aether_gcs_logic_cpp/local_setup.bash
[0.290s] -- Up-to-date symlink: /home/valtec/aether/aether_ws/install/aether_gcs_logic_cpp/share/aether_gcs_logic_cpp/local_setup.sh
[0.290s] -- Up-to-date symlink: /home/valtec/aether/aether_ws/install/aether_gcs_logic_cpp/share/aether_gcs_logic_cpp/local_setup.zsh
[0.290s] -- Up-to-date symlink: /home/valtec/aether/aether_ws/install/aether_gcs_logic_cpp/share/aether_gcs_logic_cpp/local_setup.dsv
[0.290s] -- Symlinking: /home/valtec/aether/aether_ws/install/aether_gcs_logic_cpp/share/aether_gcs_logic_cpp/package.dsv
[0.295s] -- Up-to-date symlink: /home/valtec/aether/aether_ws/install/aether_gcs_logic_cpp/share/ament_index/resource_index/packages/aether_gcs_logic_cpp
[0.295s] -- Up-to-date symlink: /home/valtec/aether/aether_ws/install/aether_gcs_logic_cpp/share/aether_gcs_logic_cpp/cmake/aether_gcs_logic_cppConfig.cmake
[0.295s] -- Up-to-date symlink: /home/valtec/aether/aether_ws/install/aether_gcs_logic_cpp/share/aether_gcs_logic_cpp/cmake/aether_gcs_logic_cppConfig-version.cmake
[0.295s] -- Up-to-date symlink: /home/valtec/aether/aether_ws/install/aether_gcs_logic_cpp/share/aether_gcs_logic_cpp/package.xml
[0.296s] Invoked command in '/home/valtec/aether/aether_ws/build/aether_gcs_logic_cpp' returned '0': CMAKE_PREFIX_PATH=/opt/ros/humble:/home/valtec/aether/aether_ws/install/aether_interfaces LD_LIBRARY_PATH=/home/valtec/aether/aether_ws/install/aether_interfaces/lib:${LD_LIBRARY_PATH} PKG_CONFIG_PATH=/home/valtec/aether/aether_ws/install/aether_interfaces/lib/x86_64-linux-gnu/pkgconfig:/home/valtec/aether/aether_ws/install/aether_interfaces/lib/pkgconfig PYTHONPATH=/home/valtec/aether/aether_ws/install/aether_interfaces/lib/python3.10/site-packages:${PYTHONPATH} ROS_PACKAGE_PATH=/home/valtec/aether/aether_ws/install/aether_interfaces/share /usr/bin/cmake --install /home/valtec/aether/aether_ws/build/aether_gcs_logic_cpp
