[0.237s] Invoking command in '/home/valtec/aether/aether_ws/build/valtec_onboard_intelligence': CMAKE_PREFIX_PATH=${CMAKE_PREFIX_PATH}:/home/valtec/aether/aether_ws/install/aether_gcs_ui:/home/valtec/aether/aether_ws/install/aether_gcs_backend:/opt/ros/humble /usr/bin/cmake /home/valtec/aether/aether_ws/src/valtec_onboard_intelligence -DCMAKE_INSTALL_PREFIX=/home/valtec/aether/aether_ws/install/valtec_onboard_intelligence
[0.272s] -- The C compiler identification is GNU 11.4.0
[0.314s] -- The CXX compiler identification is GNU 11.4.0
[0.319s] -- Detecting C compiler ABI info
[0.368s] -- Detecting C compiler ABI info - done
[0.372s] -- Check for working C compiler: /usr/bin/cc - skipped
[0.372s] -- Detecting C compile features
[0.372s] -- Detecting C compile features - done
[0.374s] -- Detecting CXX compiler ABI info
[0.426s] -- Detecting CXX compiler ABI info - done
[0.432s] -- Check for working CXX compiler: /usr/bin/c++ - skipped
[0.432s] -- Detecting CXX compile features
[0.432s] -- Detecting CXX compile features - done
[0.433s] -- Found ament_cmake: 1.3.12 (/opt/ros/humble/share/ament_cmake/cmake)
[0.544s] -- Found Python3: /usr/bin/python3 (found version "3.10.12") found components: Interpreter 
[0.600s] -- Found rclcpp: 16.0.14 (/opt/ros/humble/share/rclcpp/cmake)
[0.621s] -- Found rosidl_generator_c: 3.1.7 (/opt/ros/humble/share/rosidl_generator_c/cmake)
[0.623s] -- Found rosidl_adapter: 3.1.7 (/opt/ros/humble/share/rosidl_adapter/cmake)
[0.628s] -- Found rosidl_generator_cpp: 3.1.7 (/opt/ros/humble/share/rosidl_generator_cpp/cmake)
[0.635s] -- Using all available rosidl_typesupport_c: rosidl_typesupport_fastrtps_c;rosidl_typesupport_introspection_c
[0.643s] -- Using all available rosidl_typesupport_cpp: rosidl_typesupport_fastrtps_cpp;rosidl_typesupport_introspection_cpp
[0.665s] -- Found rmw_implementation_cmake: 6.1.2 (/opt/ros/humble/share/rmw_implementation_cmake/cmake)
[0.666s] -- Found rmw_fastrtps_cpp: 6.2.8 (/opt/ros/humble/share/rmw_fastrtps_cpp/cmake)
[0.722s] -- Found OpenSSL: /usr/lib/x86_64-linux-gnu/libcrypto.so (found version "3.0.2")  
[0.739s] -- Found FastRTPS: /opt/ros/humble/include  
[0.765s] -- Using RMW implementation 'rmw_fastrtps_cpp' as default
[0.770s] -- Looking for pthread.h
[0.827s] -- Looking for pthread.h - found
[0.827s] -- Performing Test CMAKE_HAVE_LIBC_PTHREAD
[0.882s] -- Performing Test CMAKE_HAVE_LIBC_PTHREAD - Success
[0.883s] -- Found Threads: TRUE  
[0.909s] -- Found geometry_msgs: 4.9.0 (/opt/ros/humble/share/geometry_msgs/cmake)
[0.916s] -- Found mavros_msgs: 2.10.1 (/opt/ros/humble/share/mavros_msgs/cmake)
[0.955s] -- Found ament_lint_auto: 0.12.14 (/opt/ros/humble/share/ament_lint_auto/cmake)
[1.000s] -- Added test 'copyright' to check source files copyright and LICENSE
[1.000s] -- Added test 'cppcheck' to perform static code analysis on C / C++ code
[1.000s] -- Configured cppcheck include dirs: 
[1.000s] -- Configured cppcheck exclude dirs and/or files: 
[1.001s] -- Added test 'cpplint' to check C / C++ code against the Google style
[1.001s] -- Configured cpplint exclude dirs and/or files: 
[1.001s] -- Added test 'flake8' to check Python code syntax and style conventions
[1.001s] -- Added test 'lint_cmake' to check CMake code style
[1.001s] -- Added test 'pep257' to check Python code against some of the docstring style conventions in PEP 257
[1.002s] -- Added test 'uncrustify' to check C / C++ code style
[1.002s] -- Configured uncrustify additional arguments: 
[1.002s] -- Added test 'xmllint' to check XML markup files
[1.003s] -- Configuring done
[1.008s] -- Generating done
[1.010s] -- Build files have been written to: /home/valtec/aether/aether_ws/build/valtec_onboard_intelligence
[1.017s] Invoked command in '/home/valtec/aether/aether_ws/build/valtec_onboard_intelligence' returned '0': CMAKE_PREFIX_PATH=${CMAKE_PREFIX_PATH}:/home/valtec/aether/aether_ws/install/aether_gcs_ui:/home/valtec/aether/aether_ws/install/aether_gcs_backend:/opt/ros/humble /usr/bin/cmake /home/valtec/aether/aether_ws/src/valtec_onboard_intelligence -DCMAKE_INSTALL_PREFIX=/home/valtec/aether/aether_ws/install/valtec_onboard_intelligence
[1.018s] Invoking command in '/home/valtec/aether/aether_ws/build/valtec_onboard_intelligence': CMAKE_PREFIX_PATH=${CMAKE_PREFIX_PATH}:/home/valtec/aether/aether_ws/install/aether_gcs_ui:/home/valtec/aether/aether_ws/install/aether_gcs_backend:/opt/ros/humble /usr/bin/cmake --build /home/valtec/aether/aether_ws/build/valtec_onboard_intelligence -- -j20 -l20
[1.059s] [ 50%] [32mBuilding CXX object CMakeFiles/collision_avoider_node.dir/src/collision_avoider_node.cpp.o[0m
[6.493s] [100%] [32m[1mLinking CXX executable collision_avoider_node[0m
[6.759s] [100%] Built target collision_avoider_node
[6.766s] Invoked command in '/home/valtec/aether/aether_ws/build/valtec_onboard_intelligence' returned '0': CMAKE_PREFIX_PATH=${CMAKE_PREFIX_PATH}:/home/valtec/aether/aether_ws/install/aether_gcs_ui:/home/valtec/aether/aether_ws/install/aether_gcs_backend:/opt/ros/humble /usr/bin/cmake --build /home/valtec/aether/aether_ws/build/valtec_onboard_intelligence -- -j20 -l20
[6.767s] Invoking command in '/home/valtec/aether/aether_ws/build/valtec_onboard_intelligence': CMAKE_PREFIX_PATH=${CMAKE_PREFIX_PATH}:/home/valtec/aether/aether_ws/install/aether_gcs_ui:/home/valtec/aether/aether_ws/install/aether_gcs_backend:/opt/ros/humble /usr/bin/cmake --install /home/valtec/aether/aether_ws/build/valtec_onboard_intelligence
[6.772s] -- Install configuration: ""
[6.773s] -- Installing: /home/valtec/aether/aether_ws/install/valtec_onboard_intelligence/lib/valtec_onboard_intelligence/collision_avoider_node
[6.775s] -- Set runtime path of "/home/valtec/aether/aether_ws/install/valtec_onboard_intelligence/lib/valtec_onboard_intelligence/collision_avoider_node" to ""
[6.775s] -- Installing: /home/valtec/aether/aether_ws/install/valtec_onboard_intelligence/share/ament_index/resource_index/package_run_dependencies/valtec_onboard_intelligence
[6.775s] -- Installing: /home/valtec/aether/aether_ws/install/valtec_onboard_intelligence/share/ament_index/resource_index/parent_prefix_path/valtec_onboard_intelligence
[6.776s] -- Installing: /home/valtec/aether/aether_ws/install/valtec_onboard_intelligence/share/valtec_onboard_intelligence/environment/ament_prefix_path.sh
[6.776s] -- Installing: /home/valtec/aether/aether_ws/install/valtec_onboard_intelligence/share/valtec_onboard_intelligence/environment/ament_prefix_path.dsv
[6.776s] -- Installing: /home/valtec/aether/aether_ws/install/valtec_onboard_intelligence/share/valtec_onboard_intelligence/environment/path.sh
[6.776s] -- Installing: /home/valtec/aether/aether_ws/install/valtec_onboard_intelligence/share/valtec_onboard_intelligence/environment/path.dsv
[6.776s] -- Installing: /home/valtec/aether/aether_ws/install/valtec_onboard_intelligence/share/valtec_onboard_intelligence/local_setup.bash
[6.776s] -- Installing: /home/valtec/aether/aether_ws/install/valtec_onboard_intelligence/share/valtec_onboard_intelligence/local_setup.sh
[6.776s] -- Installing: /home/valtec/aether/aether_ws/install/valtec_onboard_intelligence/share/valtec_onboard_intelligence/local_setup.zsh
[6.776s] -- Installing: /home/valtec/aether/aether_ws/install/valtec_onboard_intelligence/share/valtec_onboard_intelligence/local_setup.dsv
[6.776s] -- Installing: /home/valtec/aether/aether_ws/install/valtec_onboard_intelligence/share/valtec_onboard_intelligence/package.dsv
[6.776s] -- Installing: /home/valtec/aether/aether_ws/install/valtec_onboard_intelligence/share/ament_index/resource_index/packages/valtec_onboard_intelligence
[6.777s] -- Installing: /home/valtec/aether/aether_ws/install/valtec_onboard_intelligence/share/valtec_onboard_intelligence/cmake/valtec_onboard_intelligenceConfig.cmake
[6.777s] -- Installing: /home/valtec/aether/aether_ws/install/valtec_onboard_intelligence/share/valtec_onboard_intelligence/cmake/valtec_onboard_intelligenceConfig-version.cmake
[6.777s] -- Installing: /home/valtec/aether/aether_ws/install/valtec_onboard_intelligence/share/valtec_onboard_intelligence/package.xml
[6.778s] Invoked command in '/home/valtec/aether/aether_ws/build/valtec_onboard_intelligence' returned '0': CMAKE_PREFIX_PATH=${CMAKE_PREFIX_PATH}:/home/valtec/aether/aether_ws/install/aether_gcs_ui:/home/valtec/aether/aether_ws/install/aether_gcs_backend:/opt/ros/humble /usr/bin/cmake --install /home/valtec/aether/aether_ws/build/valtec_onboard_intelligence
