running egg_info
creating ../../build/aether_gcs_ui/aether_gcs_ui.egg-info
writing ../../build/aether_gcs_ui/aether_gcs_ui.egg-info/PKG-INFO
writing dependency_links to ../../build/aether_gcs_ui/aether_gcs_ui.egg-info/dependency_links.txt
writing entry points to ../../build/aether_gcs_ui/aether_gcs_ui.egg-info/entry_points.txt
writing requirements to ../../build/aether_gcs_ui/aether_gcs_ui.egg-info/requires.txt
writing top-level names to ../../build/aether_gcs_ui/aether_gcs_ui.egg-info/top_level.txt
writing manifest file '../../build/aether_gcs_ui/aether_gcs_ui.egg-info/SOURCES.txt'
reading manifest file '../../build/aether_gcs_ui/aether_gcs_ui.egg-info/SOURCES.txt'
writing manifest file '../../build/aether_gcs_ui/aether_gcs_ui.egg-info/SOURCES.txt'
running build
running build_py
creating /home/valtec/aether/aether_ws/build/aether_gcs_ui/build
creating /home/valtec/aether/aether_ws/build/aether_gcs_ui/build/lib
creating /home/valtec/aether/aether_ws/build/aether_gcs_ui/build/lib/aether_gcs_ui
copying aether_gcs_ui/main_window_node.py -> /home/valtec/aether/aether_ws/build/aether_gcs_ui/build/lib/aether_gcs_ui
copying aether_gcs_ui/__init__.py -> /home/valtec/aether/aether_ws/build/aether_gcs_ui/build/lib/aether_gcs_ui
running install
running install_lib
creating /home/valtec/aether/aether_ws/install/aether_gcs_ui/lib/python3.10/site-packages/aether_gcs_ui
copying /home/valtec/aether/aether_ws/build/aether_gcs_ui/build/lib/aether_gcs_ui/main_window_node.py -> /home/valtec/aether/aether_ws/install/aether_gcs_ui/lib/python3.10/site-packages/aether_gcs_ui
copying /home/valtec/aether/aether_ws/build/aether_gcs_ui/build/lib/aether_gcs_ui/__init__.py -> /home/valtec/aether/aether_ws/install/aether_gcs_ui/lib/python3.10/site-packages/aether_gcs_ui
byte-compiling /home/valtec/aether/aether_ws/install/aether_gcs_ui/lib/python3.10/site-packages/aether_gcs_ui/main_window_node.py to main_window_node.cpython-310.pyc
byte-compiling /home/valtec/aether/aether_ws/install/aether_gcs_ui/lib/python3.10/site-packages/aether_gcs_ui/__init__.py to __init__.cpython-310.pyc
running install_data
creating /home/valtec/aether/aether_ws/install/aether_gcs_ui/share/ament_index
creating /home/valtec/aether/aether_ws/install/aether_gcs_ui/share/ament_index/resource_index
creating /home/valtec/aether/aether_ws/install/aether_gcs_ui/share/ament_index/resource_index/packages
copying resource/aether_gcs_ui -> /home/valtec/aether/aether_ws/install/aether_gcs_ui/share/ament_index/resource_index/packages
copying package.xml -> /home/valtec/aether/aether_ws/install/aether_gcs_ui/share/aether_gcs_ui
running install_egg_info
Copying ../../build/aether_gcs_ui/aether_gcs_ui.egg-info to /home/valtec/aether/aether_ws/install/aether_gcs_ui/lib/python3.10/site-packages/aether_gcs_ui-0.0.0-py3.10.egg-info
running install_scripts
Installing aether_ui script to /home/valtec/aether/aether_ws/install/aether_gcs_ui/lib/aether_gcs_ui
writing list of installed files to '/home/valtec/aether/aether_ws/build/aether_gcs_ui/install.log'
