running develop
Removing /home/valtec/aether/aether_ws/install/aether_gcs_backend/lib/python3.10/site-packages/aether-gcs-backend.egg-link (link to .)
running egg_info
writing ../../build/aether_gcs_backend/aether_gcs_backend.egg-info/PKG-INFO
writing dependency_links to ../../build/aether_gcs_backend/aether_gcs_backend.egg-info/dependency_links.txt
writing entry points to ../../build/aether_gcs_backend/aether_gcs_backend.egg-info/entry_points.txt
writing requirements to ../../build/aether_gcs_backend/aether_gcs_backend.egg-info/requires.txt
writing top-level names to ../../build/aether_gcs_backend/aether_gcs_backend.egg-info/top_level.txt
reading manifest file '../../build/aether_gcs_backend/aether_gcs_backend.egg-info/SOURCES.txt'
writing manifest file '../../build/aether_gcs_backend/aether_gcs_backend.egg-info/SOURCES.txt'
running build
running build_py
creating /home/valtec/aether/aether_ws/build/aether_gcs_backend/build
creating /home/valtec/aether/aether_ws/build/aether_gcs_backend/build/lib
creating /home/valtec/aether/aether_ws/build/aether_gcs_backend/build/lib/aether_gcs_backend
copying aether_gcs_backend/__init__.py -> /home/valtec/aether/aether_ws/build/aether_gcs_backend/build/lib/aether_gcs_backend
copying aether_gcs_backend/calibration_manager_node.py -> /home/valtec/aether/aether_ws/build/aether_gcs_backend/build/lib/aether_gcs_backend
copying aether_gcs_backend/mission_planner_node.py -> /home/valtec/aether/aether_ws/build/aether_gcs_backend/build/lib/aether_gcs_backend
copying aether_gcs_backend/fleet_manager_node.py -> /home/valtec/aether/aether_ws/build/aether_gcs_backend/build/lib/aether_gcs_backend
running install
running install_lib
creating /home/valtec/aether/aether_ws/install/aether_gcs_backend/lib/python3.10/site-packages/aether_gcs_backend
copying /home/valtec/aether/aether_ws/build/aether_gcs_backend/build/lib/aether_gcs_backend/__init__.py -> /home/valtec/aether/aether_ws/install/aether_gcs_backend/lib/python3.10/site-packages/aether_gcs_backend
copying /home/valtec/aether/aether_ws/build/aether_gcs_backend/build/lib/aether_gcs_backend/calibration_manager_node.py -> /home/valtec/aether/aether_ws/install/aether_gcs_backend/lib/python3.10/site-packages/aether_gcs_backend
copying /home/valtec/aether/aether_ws/build/aether_gcs_backend/build/lib/aether_gcs_backend/mission_planner_node.py -> /home/valtec/aether/aether_ws/install/aether_gcs_backend/lib/python3.10/site-packages/aether_gcs_backend
copying /home/valtec/aether/aether_ws/build/aether_gcs_backend/build/lib/aether_gcs_backend/fleet_manager_node.py -> /home/valtec/aether/aether_ws/install/aether_gcs_backend/lib/python3.10/site-packages/aether_gcs_backend
byte-compiling /home/valtec/aether/aether_ws/install/aether_gcs_backend/lib/python3.10/site-packages/aether_gcs_backend/__init__.py to __init__.cpython-310.pyc
byte-compiling /home/valtec/aether/aether_ws/install/aether_gcs_backend/lib/python3.10/site-packages/aether_gcs_backend/calibration_manager_node.py to calibration_manager_node.cpython-310.pyc
byte-compiling /home/valtec/aether/aether_ws/install/aether_gcs_backend/lib/python3.10/site-packages/aether_gcs_backend/mission_planner_node.py to mission_planner_node.cpython-310.pyc
byte-compiling /home/valtec/aether/aether_ws/install/aether_gcs_backend/lib/python3.10/site-packages/aether_gcs_backend/fleet_manager_node.py to fleet_manager_node.cpython-310.pyc
running install_data
copying resource/aether_gcs_backend -> /home/valtec/aether/aether_ws/install/aether_gcs_backend/share/ament_index/resource_index/packages
copying package.xml -> /home/valtec/aether/aether_ws/install/aether_gcs_backend/share/aether_gcs_backend
copying launch/gcs_backend.launch.py -> /home/valtec/aether/aether_ws/install/aether_gcs_backend/share/aether_gcs_backend/launch
copying config/drone_profiles.yaml -> /home/valtec/aether/aether_ws/install/aether_gcs_backend/share/aether_gcs_backend/config
running install_egg_info
Copying ../../build/aether_gcs_backend/aether_gcs_backend.egg-info to /home/valtec/aether/aether_ws/install/aether_gcs_backend/lib/python3.10/site-packages/aether_gcs_backend-0.0.1-py3.10.egg-info
running install_scripts
Installing calibration_manager script to /home/valtec/aether/aether_ws/install/aether_gcs_backend/lib/aether_gcs_backend
Installing fleet_manager script to /home/valtec/aether/aether_ws/install/aether_gcs_backend/lib/aether_gcs_backend
Installing mission_planner script to /home/valtec/aether/aether_ws/install/aether_gcs_backend/lib/aether_gcs_backend
writing list of installed files to '/home/valtec/aether/aether_ws/build/aether_gcs_backend/install.log'
