[0.433s] Invoking command in '/home/valtec/aether/aether_ws/src/aether_gcs_ui': CMAKE_PREFIX_PATH=/home/valtec/aether/aether_ws/install/aether_interfaces:/home/valtec/aether/aether_ws/install/valtec_onboard_intelligence PYTHONPATH=/home/valtec/aether/aether_ws/build/aether_gcs_ui/prefix_override:/usr/lib/python3/dist-packages/colcon_core/task/python/colcon_distutils_commands:/home/valtec/aether/aether_ws/install/aether_gcs_ui/lib/python3.10/site-packages:${PYTHONPATH} VIRTUAL_ENV_PROMPT=(.venv) /usr/bin/python3 -W ignore:setup.py install is deprecated -W ignore:easy_install command is deprecated setup.py egg_info --egg-base ../../build/aether_gcs_ui build --build-base /home/valtec/aether/aether_ws/build/aether_gcs_ui/build install --record /home/valtec/aether/aether_ws/build/aether_gcs_ui/install.log --single-version-externally-managed install_data
[0.555s] running egg_info
[0.555s] writing ../../build/aether_gcs_ui/aether_gcs_ui.egg-info/PKG-INFO
[0.555s] writing dependency_links to ../../build/aether_gcs_ui/aether_gcs_ui.egg-info/dependency_links.txt
[0.555s] writing entry points to ../../build/aether_gcs_ui/aether_gcs_ui.egg-info/entry_points.txt
[0.555s] writing requirements to ../../build/aether_gcs_ui/aether_gcs_ui.egg-info/requires.txt
[0.555s] writing top-level names to ../../build/aether_gcs_ui/aether_gcs_ui.egg-info/top_level.txt
[0.556s] reading manifest file '../../build/aether_gcs_ui/aether_gcs_ui.egg-info/SOURCES.txt'
[0.557s] writing manifest file '../../build/aether_gcs_ui/aether_gcs_ui.egg-info/SOURCES.txt'
[0.557s] running build
[0.557s] running build_py
[0.557s] copying aether_gcs_ui/calibration_wizard.py -> /home/valtec/aether/aether_ws/build/aether_gcs_ui/build/lib/aether_gcs_ui
[0.557s] running install
[0.557s] running install_lib
[0.558s] copying /home/valtec/aether/aether_ws/build/aether_gcs_ui/build/lib/aether_gcs_ui/calibration_wizard.py -> /home/valtec/aether/aether_ws/install/aether_gcs_ui/lib/python3.10/site-packages/aether_gcs_ui
[0.558s] byte-compiling /home/valtec/aether/aether_ws/install/aether_gcs_ui/lib/python3.10/site-packages/aether_gcs_ui/calibration_wizard.py to calibration_wizard.cpython-310.pyc
[0.558s] running install_data
[0.558s] running install_egg_info
[0.560s] removing '/home/valtec/aether/aether_ws/install/aether_gcs_ui/lib/python3.10/site-packages/aether_gcs_ui-0.0.0-py3.10.egg-info' (and everything under it)
[0.560s] Copying ../../build/aether_gcs_ui/aether_gcs_ui.egg-info to /home/valtec/aether/aether_ws/install/aether_gcs_ui/lib/python3.10/site-packages/aether_gcs_ui-0.0.0-py3.10.egg-info
[0.560s] running install_scripts
[0.572s] Installing aether_ui script to /home/valtec/aether/aether_ws/install/aether_gcs_ui/lib/aether_gcs_ui
[0.572s] writing list of installed files to '/home/valtec/aether/aether_ws/build/aether_gcs_ui/install.log'
[0.587s] Invoked command in '/home/valtec/aether/aether_ws/src/aether_gcs_ui' returned '0': CMAKE_PREFIX_PATH=/home/valtec/aether/aether_ws/install/aether_interfaces:/home/valtec/aether/aether_ws/install/valtec_onboard_intelligence PYTHONPATH=/home/valtec/aether/aether_ws/build/aether_gcs_ui/prefix_override:/usr/lib/python3/dist-packages/colcon_core/task/python/colcon_distutils_commands:/home/valtec/aether/aether_ws/install/aether_gcs_ui/lib/python3.10/site-packages:${PYTHONPATH} VIRTUAL_ENV_PROMPT=(.venv) /usr/bin/python3 -W ignore:setup.py install is deprecated -W ignore:easy_install command is deprecated setup.py egg_info --egg-base ../../build/aether_gcs_ui build --build-base /home/valtec/aether/aether_ws/build/aether_gcs_ui/build install --record /home/valtec/aether/aether_ws/build/aether_gcs_ui/install.log --single-version-externally-managed install_data
