[0.049s] DEBUG:colcon:Command line arguments: ['/usr/bin/colcon', 'build']
[0.049s] DEBUG:colcon:Parsed command line arguments: Namespace(log_base=None, log_level=None, verb_name='build', build_base='build', install_base='install', merge_install=False, symlink_install=False, test_result_base=None, continue_on_error=False, executor='parallel', parallel_workers=20, event_handlers=None, ignore_user_meta=False, metas=['./colcon.meta'], base_paths=['.'], packages_ignore=None, packages_ignore_regex=None, paths=None, packages_up_to=None, packages_up_to_regex=None, packages_above=None, packages_above_and_dependencies=None, packages_above_depth=None, packages_select_by_dep=None, packages_skip_by_dep=None, packages_skip_up_to=None, packages_select_build_failed=False, packages_skip_build_finished=False, packages_select_test_failures=False, packages_skip_test_passed=False, packages_select=None, packages_skip=None, packages_select_regex=None, packages_skip_regex=None, packages_start=None, packages_end=None, allow_overriding=[], cmake_args=None, cmake_target=None, cmake_target_skip_unavailable=False, cmake_clean_cache=False, cmake_clean_first=False, cmake_force_configure=False, ament_cmake_args=None, catkin_cmake_args=None, catkin_skip_building_tests=False, verb_parser=<colcon_defaults.argument_parser.defaults.DefaultArgumentsDecorator object at 0x78ca8a72f430>, verb_extension=<colcon_core.verb.build.BuildVerb object at 0x78ca8a86c8e0>, main=<bound method BuildVerb.main of <colcon_core.verb.build.BuildVerb object at 0x78ca8a86c8e0>>)
[0.119s] Level 1:colcon.colcon_core.package_discovery:discover_packages(colcon_meta) check parameters
[0.119s] Level 1:colcon.colcon_core.package_discovery:discover_packages(recursive) check parameters
[0.119s] Level 1:colcon.colcon_core.package_discovery:discover_packages(ignore) check parameters
[0.119s] Level 1:colcon.colcon_core.package_discovery:discover_packages(path) check parameters
[0.119s] Level 1:colcon.colcon_core.package_discovery:discover_packages(colcon_meta) discover
[0.119s] Level 1:colcon.colcon_core.package_discovery:discover_packages(recursive) discover
[0.119s] INFO:colcon.colcon_core.package_discovery:Crawling recursively for packages in '/home/valtec/aether/aether_ws'
[0.119s] Level 1:colcon.colcon_core.package_identification:_identify(.) by extensions ['ignore', 'ignore_ament_install']
[0.119s] Level 1:colcon.colcon_core.package_identification:_identify(.) by extension 'ignore'
[0.119s] Level 1:colcon.colcon_core.package_identification:_identify(.) by extension 'ignore_ament_install'
[0.119s] Level 1:colcon.colcon_core.package_identification:_identify(.) by extensions ['colcon_pkg']
[0.119s] Level 1:colcon.colcon_core.package_identification:_identify(.) by extension 'colcon_pkg'
[0.119s] Level 1:colcon.colcon_core.package_identification:_identify(.) by extensions ['colcon_meta']
[0.119s] Level 1:colcon.colcon_core.package_identification:_identify(.) by extension 'colcon_meta'
[0.119s] Level 1:colcon.colcon_core.package_identification:_identify(.) by extensions ['ros']
[0.119s] Level 1:colcon.colcon_core.package_identification:_identify(.) by extension 'ros'
[0.125s] Level 1:colcon.colcon_core.package_identification:_identify(.) by extensions ['cmake', 'python']
[0.125s] Level 1:colcon.colcon_core.package_identification:_identify(.) by extension 'cmake'
[0.125s] Level 1:colcon.colcon_core.package_identification:_identify(.) by extension 'python'
[0.125s] Level 1:colcon.colcon_core.package_identification:_identify(.) by extensions ['python_setup_py']
[0.125s] Level 1:colcon.colcon_core.package_identification:_identify(.) by extension 'python_setup_py'
[0.125s] Level 1:colcon.colcon_core.package_identification:_identify(build) by extensions ['ignore', 'ignore_ament_install']
[0.125s] Level 1:colcon.colcon_core.package_identification:_identify(build) by extension 'ignore'
[0.125s] Level 1:colcon.colcon_core.package_identification:_identify(build) ignored
[0.125s] Level 1:colcon.colcon_core.package_identification:_identify(install) by extensions ['ignore', 'ignore_ament_install']
[0.125s] Level 1:colcon.colcon_core.package_identification:_identify(install) by extension 'ignore'
[0.125s] Level 1:colcon.colcon_core.package_identification:_identify(install) ignored
[0.125s] Level 1:colcon.colcon_core.package_identification:_identify(log) by extensions ['ignore', 'ignore_ament_install']
[0.125s] Level 1:colcon.colcon_core.package_identification:_identify(log) by extension 'ignore'
[0.126s] Level 1:colcon.colcon_core.package_identification:_identify(log) ignored
[0.126s] Level 1:colcon.colcon_core.package_identification:_identify(src) by extensions ['ignore', 'ignore_ament_install']
[0.126s] Level 1:colcon.colcon_core.package_identification:_identify(src) by extension 'ignore'
[0.126s] Level 1:colcon.colcon_core.package_identification:_identify(src) by extension 'ignore_ament_install'
[0.126s] Level 1:colcon.colcon_core.package_identification:_identify(src) by extensions ['colcon_pkg']
[0.126s] Level 1:colcon.colcon_core.package_identification:_identify(src) by extension 'colcon_pkg'
[0.126s] Level 1:colcon.colcon_core.package_identification:_identify(src) by extensions ['colcon_meta']
[0.126s] Level 1:colcon.colcon_core.package_identification:_identify(src) by extension 'colcon_meta'
[0.126s] Level 1:colcon.colcon_core.package_identification:_identify(src) by extensions ['ros']
[0.126s] Level 1:colcon.colcon_core.package_identification:_identify(src) by extension 'ros'
[0.126s] Level 1:colcon.colcon_core.package_identification:_identify(src) by extensions ['cmake', 'python']
[0.126s] Level 1:colcon.colcon_core.package_identification:_identify(src) by extension 'cmake'
[0.126s] Level 1:colcon.colcon_core.package_identification:_identify(src) by extension 'python'
[0.126s] Level 1:colcon.colcon_core.package_identification:_identify(src) by extensions ['python_setup_py']
[0.126s] Level 1:colcon.colcon_core.package_identification:_identify(src) by extension 'python_setup_py'
[0.126s] Level 1:colcon.colcon_core.package_identification:_identify(src/aether_gcs_backend) by extensions ['ignore', 'ignore_ament_install']
[0.126s] Level 1:colcon.colcon_core.package_identification:_identify(src/aether_gcs_backend) by extension 'ignore'
[0.126s] Level 1:colcon.colcon_core.package_identification:_identify(src/aether_gcs_backend) by extension 'ignore_ament_install'
[0.126s] Level 1:colcon.colcon_core.package_identification:_identify(src/aether_gcs_backend) by extensions ['colcon_pkg']
[0.126s] Level 1:colcon.colcon_core.package_identification:_identify(src/aether_gcs_backend) by extension 'colcon_pkg'
[0.126s] Level 1:colcon.colcon_core.package_identification:_identify(src/aether_gcs_backend) by extensions ['colcon_meta']
[0.126s] Level 1:colcon.colcon_core.package_identification:_identify(src/aether_gcs_backend) by extension 'colcon_meta'
[0.126s] Level 1:colcon.colcon_core.package_identification:_identify(src/aether_gcs_backend) by extensions ['ros']
[0.126s] Level 1:colcon.colcon_core.package_identification:_identify(src/aether_gcs_backend) by extension 'ros'
[0.127s] DEBUG:colcon.colcon_core.package_identification:Package 'src/aether_gcs_backend' with type 'ros.ament_python' and name 'aether_gcs_backend'
[0.127s] Level 1:colcon.colcon_core.package_identification:_identify(src/aether_gcs_ui) by extensions ['ignore', 'ignore_ament_install']
[0.128s] Level 1:colcon.colcon_core.package_identification:_identify(src/aether_gcs_ui) by extension 'ignore'
[0.128s] Level 1:colcon.colcon_core.package_identification:_identify(src/aether_gcs_ui) by extension 'ignore_ament_install'
[0.128s] Level 1:colcon.colcon_core.package_identification:_identify(src/aether_gcs_ui) by extensions ['colcon_pkg']
[0.128s] Level 1:colcon.colcon_core.package_identification:_identify(src/aether_gcs_ui) by extension 'colcon_pkg'
[0.128s] Level 1:colcon.colcon_core.package_identification:_identify(src/aether_gcs_ui) by extensions ['colcon_meta']
[0.128s] Level 1:colcon.colcon_core.package_identification:_identify(src/aether_gcs_ui) by extension 'colcon_meta'
[0.128s] Level 1:colcon.colcon_core.package_identification:_identify(src/aether_gcs_ui) by extensions ['ros']
[0.128s] Level 1:colcon.colcon_core.package_identification:_identify(src/aether_gcs_ui) by extension 'ros'
[0.128s] DEBUG:colcon.colcon_core.package_identification:Package 'src/aether_gcs_ui' with type 'ros.ament_python' and name 'aether_gcs_ui'
[0.128s] Level 1:colcon.colcon_core.package_identification:_identify(src/valtec_onboard_intelligence) by extensions ['ignore', 'ignore_ament_install']
[0.128s] Level 1:colcon.colcon_core.package_identification:_identify(src/valtec_onboard_intelligence) by extension 'ignore'
[0.128s] Level 1:colcon.colcon_core.package_identification:_identify(src/valtec_onboard_intelligence) by extension 'ignore_ament_install'
[0.128s] Level 1:colcon.colcon_core.package_identification:_identify(src/valtec_onboard_intelligence) by extensions ['colcon_pkg']
[0.128s] Level 1:colcon.colcon_core.package_identification:_identify(src/valtec_onboard_intelligence) by extension 'colcon_pkg'
[0.128s] Level 1:colcon.colcon_core.package_identification:_identify(src/valtec_onboard_intelligence) by extensions ['colcon_meta']
[0.128s] Level 1:colcon.colcon_core.package_identification:_identify(src/valtec_onboard_intelligence) by extension 'colcon_meta'
[0.128s] Level 1:colcon.colcon_core.package_identification:_identify(src/valtec_onboard_intelligence) by extensions ['ros']
[0.128s] Level 1:colcon.colcon_core.package_identification:_identify(src/valtec_onboard_intelligence) by extension 'ros'
[0.129s] DEBUG:colcon.colcon_core.package_identification:Package 'src/valtec_onboard_intelligence' with type 'ros.ament_cmake' and name 'valtec_onboard_intelligence'
[0.129s] Level 1:colcon.colcon_core.package_discovery:discover_packages(recursive) using defaults
[0.129s] Level 1:colcon.colcon_core.package_discovery:discover_packages(ignore) discover
[0.129s] Level 1:colcon.colcon_core.package_discovery:discover_packages(ignore) using defaults
[0.129s] Level 1:colcon.colcon_core.package_discovery:discover_packages(path) discover
[0.129s] Level 1:colcon.colcon_core.package_discovery:discover_packages(path) using defaults
[0.139s] Level 1:colcon.colcon_core.package_discovery:discover_packages(prefix_path) check parameters
[0.139s] Level 1:colcon.colcon_core.package_discovery:discover_packages(prefix_path) discover
[0.140s] DEBUG:colcon.colcon_installed_package_information.package_discovery:Found 277 installed packages in /opt/ros/humble
[0.141s] Level 1:colcon.colcon_core.package_discovery:discover_packages(prefix_path) using defaults
[0.162s] Level 5:colcon.colcon_core.verb:set package 'aether_gcs_backend' build argument 'cmake_args' from command line to 'None'
[0.162s] Level 5:colcon.colcon_core.verb:set package 'aether_gcs_backend' build argument 'cmake_target' from command line to 'None'
[0.162s] Level 5:colcon.colcon_core.verb:set package 'aether_gcs_backend' build argument 'cmake_target_skip_unavailable' from command line to 'False'
[0.162s] Level 5:colcon.colcon_core.verb:set package 'aether_gcs_backend' build argument 'cmake_clean_cache' from command line to 'False'
[0.162s] Level 5:colcon.colcon_core.verb:set package 'aether_gcs_backend' build argument 'cmake_clean_first' from command line to 'False'
[0.162s] Level 5:colcon.colcon_core.verb:set package 'aether_gcs_backend' build argument 'cmake_force_configure' from command line to 'False'
[0.162s] Level 5:colcon.colcon_core.verb:set package 'aether_gcs_backend' build argument 'ament_cmake_args' from command line to 'None'
[0.162s] Level 5:colcon.colcon_core.verb:set package 'aether_gcs_backend' build argument 'catkin_cmake_args' from command line to 'None'
[0.162s] Level 5:colcon.colcon_core.verb:set package 'aether_gcs_backend' build argument 'catkin_skip_building_tests' from command line to 'False'
[0.162s] DEBUG:colcon.colcon_core.verb:Building package 'aether_gcs_backend' with the following arguments: {'ament_cmake_args': None, 'build_base': '/home/valtec/aether/aether_ws/build/aether_gcs_backend', 'catkin_cmake_args': None, 'catkin_skip_building_tests': False, 'cmake_args': None, 'cmake_clean_cache': False, 'cmake_clean_first': False, 'cmake_force_configure': False, 'cmake_target': None, 'cmake_target_skip_unavailable': False, 'install_base': '/home/valtec/aether/aether_ws/install/aether_gcs_backend', 'merge_install': False, 'path': '/home/valtec/aether/aether_ws/src/aether_gcs_backend', 'symlink_install': False, 'test_result_base': None}
[0.163s] Level 5:colcon.colcon_core.verb:set package 'aether_gcs_ui' build argument 'cmake_args' from command line to 'None'
[0.163s] Level 5:colcon.colcon_core.verb:set package 'aether_gcs_ui' build argument 'cmake_target' from command line to 'None'
[0.163s] Level 5:colcon.colcon_core.verb:set package 'aether_gcs_ui' build argument 'cmake_target_skip_unavailable' from command line to 'False'
[0.163s] Level 5:colcon.colcon_core.verb:set package 'aether_gcs_ui' build argument 'cmake_clean_cache' from command line to 'False'
[0.163s] Level 5:colcon.colcon_core.verb:set package 'aether_gcs_ui' build argument 'cmake_clean_first' from command line to 'False'
[0.163s] Level 5:colcon.colcon_core.verb:set package 'aether_gcs_ui' build argument 'cmake_force_configure' from command line to 'False'
[0.163s] Level 5:colcon.colcon_core.verb:set package 'aether_gcs_ui' build argument 'ament_cmake_args' from command line to 'None'
[0.163s] Level 5:colcon.colcon_core.verb:set package 'aether_gcs_ui' build argument 'catkin_cmake_args' from command line to 'None'
[0.163s] Level 5:colcon.colcon_core.verb:set package 'aether_gcs_ui' build argument 'catkin_skip_building_tests' from command line to 'False'
[0.163s] DEBUG:colcon.colcon_core.verb:Building package 'aether_gcs_ui' with the following arguments: {'ament_cmake_args': None, 'build_base': '/home/valtec/aether/aether_ws/build/aether_gcs_ui', 'catkin_cmake_args': None, 'catkin_skip_building_tests': False, 'cmake_args': None, 'cmake_clean_cache': False, 'cmake_clean_first': False, 'cmake_force_configure': False, 'cmake_target': None, 'cmake_target_skip_unavailable': False, 'install_base': '/home/valtec/aether/aether_ws/install/aether_gcs_ui', 'merge_install': False, 'path': '/home/valtec/aether/aether_ws/src/aether_gcs_ui', 'symlink_install': False, 'test_result_base': None}
[0.163s] Level 5:colcon.colcon_core.verb:set package 'valtec_onboard_intelligence' build argument 'cmake_args' from command line to 'None'
[0.163s] Level 5:colcon.colcon_core.verb:set package 'valtec_onboard_intelligence' build argument 'cmake_target' from command line to 'None'
[0.163s] Level 5:colcon.colcon_core.verb:set package 'valtec_onboard_intelligence' build argument 'cmake_target_skip_unavailable' from command line to 'False'
[0.163s] Level 5:colcon.colcon_core.verb:set package 'valtec_onboard_intelligence' build argument 'cmake_clean_cache' from command line to 'False'
[0.163s] Level 5:colcon.colcon_core.verb:set package 'valtec_onboard_intelligence' build argument 'cmake_clean_first' from command line to 'False'
[0.163s] Level 5:colcon.colcon_core.verb:set package 'valtec_onboard_intelligence' build argument 'cmake_force_configure' from command line to 'False'
[0.163s] Level 5:colcon.colcon_core.verb:set package 'valtec_onboard_intelligence' build argument 'ament_cmake_args' from command line to 'None'
[0.163s] Level 5:colcon.colcon_core.verb:set package 'valtec_onboard_intelligence' build argument 'catkin_cmake_args' from command line to 'None'
[0.163s] Level 5:colcon.colcon_core.verb:set package 'valtec_onboard_intelligence' build argument 'catkin_skip_building_tests' from command line to 'False'
[0.163s] DEBUG:colcon.colcon_core.verb:Building package 'valtec_onboard_intelligence' with the following arguments: {'ament_cmake_args': None, 'build_base': '/home/valtec/aether/aether_ws/build/valtec_onboard_intelligence', 'catkin_cmake_args': None, 'catkin_skip_building_tests': False, 'cmake_args': None, 'cmake_clean_cache': False, 'cmake_clean_first': False, 'cmake_force_configure': False, 'cmake_target': None, 'cmake_target_skip_unavailable': False, 'install_base': '/home/valtec/aether/aether_ws/install/valtec_onboard_intelligence', 'merge_install': False, 'path': '/home/valtec/aether/aether_ws/src/valtec_onboard_intelligence', 'symlink_install': False, 'test_result_base': None}
[0.163s] INFO:colcon.colcon_core.executor:Executing jobs using 'parallel' executor
[0.164s] DEBUG:colcon.colcon_parallel_executor.executor.parallel:run_until_complete
[0.164s] INFO:colcon.colcon_ros.task.ament_python.build:Building ROS package in '/home/valtec/aether/aether_ws/src/aether_gcs_backend' with build type 'ament_python'
[0.164s] Level 1:colcon.colcon_core.shell:create_environment_hook('aether_gcs_backend', 'ament_prefix_path')
[0.165s] INFO:colcon.colcon_core.plugin_system:Skipping extension 'colcon_core.shell.bat': Not used on non-Windows systems
[0.165s] INFO:colcon.colcon_core.shell:Creating environment hook '/home/valtec/aether/aether_ws/install/aether_gcs_backend/share/aether_gcs_backend/hook/ament_prefix_path.ps1'
[0.166s] INFO:colcon.colcon_core.shell:Creating environment descriptor '/home/valtec/aether/aether_ws/install/aether_gcs_backend/share/aether_gcs_backend/hook/ament_prefix_path.dsv'
[0.166s] INFO:colcon.colcon_core.shell:Creating environment hook '/home/valtec/aether/aether_ws/install/aether_gcs_backend/share/aether_gcs_backend/hook/ament_prefix_path.sh'
[0.166s] INFO:colcon.colcon_core.shell:Skip shell extension 'powershell' for command environment: Not usable outside of PowerShell
[0.166s] DEBUG:colcon.colcon_core.shell:Skip shell extension 'dsv' for command environment
[0.168s] INFO:colcon.colcon_ros.task.ament_python.build:Building ROS package in '/home/valtec/aether/aether_ws/src/aether_gcs_ui' with build type 'ament_python'
[0.168s] Level 1:colcon.colcon_core.shell:create_environment_hook('aether_gcs_ui', 'ament_prefix_path')
[0.168s] INFO:colcon.colcon_core.shell:Creating environment hook '/home/valtec/aether/aether_ws/install/aether_gcs_ui/share/aether_gcs_ui/hook/ament_prefix_path.ps1'
[0.168s] INFO:colcon.colcon_core.shell:Creating environment descriptor '/home/valtec/aether/aether_ws/install/aether_gcs_ui/share/aether_gcs_ui/hook/ament_prefix_path.dsv'
[0.168s] INFO:colcon.colcon_core.shell:Creating environment hook '/home/valtec/aether/aether_ws/install/aether_gcs_ui/share/aether_gcs_ui/hook/ament_prefix_path.sh'
[0.169s] INFO:colcon.colcon_core.shell:Skip shell extension 'powershell' for command environment: Not usable outside of PowerShell
[0.169s] DEBUG:colcon.colcon_core.shell:Skip shell extension 'dsv' for command environment
[0.170s] INFO:colcon.colcon_ros.task.ament_cmake.build:Building ROS package in '/home/valtec/aether/aether_ws/src/valtec_onboard_intelligence' with build type 'ament_cmake'
[0.170s] INFO:colcon.colcon_cmake.task.cmake.build:Building CMake package in '/home/valtec/aether/aether_ws/src/valtec_onboard_intelligence'
[0.170s] INFO:colcon.colcon_core.shell:Skip shell extension 'powershell' for command environment: Not usable outside of PowerShell
[0.170s] DEBUG:colcon.colcon_core.shell:Skip shell extension 'dsv' for command environment
[0.290s] INFO:colcon.colcon_core.task.python.build:Building Python package in '/home/valtec/aether/aether_ws/src/aether_gcs_backend'
[0.290s] INFO:colcon.colcon_core.shell:Skip shell extension 'powershell' for command environment: Not usable outside of PowerShell
[0.290s] DEBUG:colcon.colcon_core.shell:Skip shell extension 'dsv' for command environment
[0.406s] INFO:colcon.colcon_core.task.python.build:Building Python package in '/home/valtec/aether/aether_ws/src/aether_gcs_ui'
[0.407s] INFO:colcon.colcon_core.shell:Skip shell extension 'powershell' for command environment: Not usable outside of PowerShell
[0.407s] DEBUG:colcon.colcon_core.shell:Skip shell extension 'dsv' for command environment
[0.411s] DEBUG:colcon.colcon_core.event_handler.log_command:Invoking command in '/home/valtec/aether/aether_ws/build/valtec_onboard_intelligence': CMAKE_PREFIX_PATH=/opt/ros/humble VIRTUAL_ENV_PROMPT=(.venv) /usr/bin/cmake /home/valtec/aether/aether_ws/src/valtec_onboard_intelligence -DCMAKE_INSTALL_PREFIX=/home/valtec/aether/aether_ws/install/valtec_onboard_intelligence
[0.570s] DEBUG:colcon.colcon_core.event_handler.log_command:Invoking command in '/home/valtec/aether/aether_ws/src/aether_gcs_ui': PYTHONPATH=/home/valtec/aether/aether_ws/build/aether_gcs_ui/prefix_override:/usr/lib/python3/dist-packages/colcon_core/task/python/colcon_distutils_commands:/home/valtec/aether/aether_ws/install/aether_gcs_ui/lib/python3.10/site-packages:${PYTHONPATH} VIRTUAL_ENV_PROMPT=(.venv) /usr/bin/python3 -W ignore:setup.py install is deprecated -W ignore:easy_install command is deprecated setup.py egg_info --egg-base ../../build/aether_gcs_ui build --build-base /home/valtec/aether/aether_ws/build/aether_gcs_ui/build install --record /home/valtec/aether/aether_ws/build/aether_gcs_ui/install.log --single-version-externally-managed install_data
[0.572s] DEBUG:colcon.colcon_core.event_handler.log_command:Invoking command in '/home/valtec/aether/aether_ws/src/aether_gcs_backend': PYTHONPATH=/home/valtec/aether/aether_ws/build/aether_gcs_backend/prefix_override:/usr/lib/python3/dist-packages/colcon_core/task/python/colcon_distutils_commands:/home/valtec/aether/aether_ws/install/aether_gcs_backend/lib/python3.10/site-packages:${PYTHONPATH} VIRTUAL_ENV_PROMPT=(.venv) /usr/bin/python3 -W ignore:setup.py install is deprecated -W ignore:easy_install command is deprecated setup.py egg_info --egg-base ../../build/aether_gcs_backend build --build-base /home/valtec/aether/aether_ws/build/aether_gcs_backend/build install --record /home/valtec/aether/aether_ws/build/aether_gcs_backend/install.log --single-version-externally-managed install_data
[0.713s] DEBUG:colcon.colcon_core.event_handler.log_command:Invoked command in '/home/valtec/aether/aether_ws/src/aether_gcs_ui' returned '0': PYTHONPATH=/home/valtec/aether/aether_ws/build/aether_gcs_ui/prefix_override:/usr/lib/python3/dist-packages/colcon_core/task/python/colcon_distutils_commands:/home/valtec/aether/aether_ws/install/aether_gcs_ui/lib/python3.10/site-packages:${PYTHONPATH} VIRTUAL_ENV_PROMPT=(.venv) /usr/bin/python3 -W ignore:setup.py install is deprecated -W ignore:easy_install command is deprecated setup.py egg_info --egg-base ../../build/aether_gcs_ui build --build-base /home/valtec/aether/aether_ws/build/aether_gcs_ui/build install --record /home/valtec/aether/aether_ws/build/aether_gcs_ui/install.log --single-version-externally-managed install_data
[0.715s] Level 1:colcon.colcon_core.environment:checking '/home/valtec/aether/aether_ws/install/aether_gcs_ui' for CMake module files
[0.716s] Level 1:colcon.colcon_core.environment:checking '/home/valtec/aether/aether_ws/install/aether_gcs_ui' for CMake config files
[0.717s] Level 1:colcon.colcon_core.environment:checking '/home/valtec/aether/aether_ws/install/aether_gcs_ui/lib'
[0.717s] Level 1:colcon.colcon_core.environment:checking '/home/valtec/aether/aether_ws/install/aether_gcs_ui/bin'
[0.717s] Level 1:colcon.colcon_core.environment:checking '/home/valtec/aether/aether_ws/install/aether_gcs_ui/lib/pkgconfig/aether_gcs_ui.pc'
[0.717s] Level 1:colcon.colcon_core.environment:checking '/home/valtec/aether/aether_ws/install/aether_gcs_ui/lib/python3.10/site-packages'
[0.717s] Level 1:colcon.colcon_core.shell:create_environment_hook('aether_gcs_ui', 'pythonpath')
[0.717s] INFO:colcon.colcon_core.shell:Creating environment hook '/home/valtec/aether/aether_ws/install/aether_gcs_ui/share/aether_gcs_ui/hook/pythonpath.ps1'
[0.718s] INFO:colcon.colcon_core.shell:Creating environment descriptor '/home/valtec/aether/aether_ws/install/aether_gcs_ui/share/aether_gcs_ui/hook/pythonpath.dsv'
[0.718s] INFO:colcon.colcon_core.shell:Creating environment hook '/home/valtec/aether/aether_ws/install/aether_gcs_ui/share/aether_gcs_ui/hook/pythonpath.sh'
[0.719s] Level 1:colcon.colcon_core.environment:checking '/home/valtec/aether/aether_ws/install/aether_gcs_ui/bin'
[0.719s] Level 1:colcon.colcon_core.environment:create_environment_scripts_only(aether_gcs_ui)
[0.719s] INFO:colcon.colcon_core.shell:Creating package script '/home/valtec/aether/aether_ws/install/aether_gcs_ui/share/aether_gcs_ui/package.ps1'
[0.719s] INFO:colcon.colcon_core.shell:Creating package descriptor '/home/valtec/aether/aether_ws/install/aether_gcs_ui/share/aether_gcs_ui/package.dsv'
[0.720s] INFO:colcon.colcon_core.shell:Creating package script '/home/valtec/aether/aether_ws/install/aether_gcs_ui/share/aether_gcs_ui/package.sh'
[0.720s] INFO:colcon.colcon_core.shell:Creating package script '/home/valtec/aether/aether_ws/install/aether_gcs_ui/share/aether_gcs_ui/package.bash'
[0.720s] INFO:colcon.colcon_core.shell:Creating package script '/home/valtec/aether/aether_ws/install/aether_gcs_ui/share/aether_gcs_ui/package.zsh'
[0.721s] Level 1:colcon.colcon_core.environment:create_file_with_runtime_dependencies(/home/valtec/aether/aether_ws/install/aether_gcs_ui/share/colcon-core/packages/aether_gcs_ui)
[0.721s] Level 1:colcon.colcon_core.environment:checking '/home/valtec/aether/aether_ws/install/aether_gcs_backend' for CMake module files
[0.722s] DEBUG:colcon.colcon_core.event_handler.log_command:Invoked command in '/home/valtec/aether/aether_ws/src/aether_gcs_backend' returned '0': PYTHONPATH=/home/valtec/aether/aether_ws/build/aether_gcs_backend/prefix_override:/usr/lib/python3/dist-packages/colcon_core/task/python/colcon_distutils_commands:/home/valtec/aether/aether_ws/install/aether_gcs_backend/lib/python3.10/site-packages:${PYTHONPATH} VIRTUAL_ENV_PROMPT=(.venv) /usr/bin/python3 -W ignore:setup.py install is deprecated -W ignore:easy_install command is deprecated setup.py egg_info --egg-base ../../build/aether_gcs_backend build --build-base /home/valtec/aether/aether_ws/build/aether_gcs_backend/build install --record /home/valtec/aether/aether_ws/build/aether_gcs_backend/install.log --single-version-externally-managed install_data
[0.722s] Level 1:colcon.colcon_core.environment:checking '/home/valtec/aether/aether_ws/install/aether_gcs_backend' for CMake config files
[0.723s] Level 1:colcon.colcon_core.environment:checking '/home/valtec/aether/aether_ws/install/aether_gcs_backend/lib'
[0.723s] Level 1:colcon.colcon_core.environment:checking '/home/valtec/aether/aether_ws/install/aether_gcs_backend/bin'
[0.723s] Level 1:colcon.colcon_core.environment:checking '/home/valtec/aether/aether_ws/install/aether_gcs_backend/lib/pkgconfig/aether_gcs_backend.pc'
[0.723s] Level 1:colcon.colcon_core.environment:checking '/home/valtec/aether/aether_ws/install/aether_gcs_backend/lib/python3.10/site-packages'
[0.723s] Level 1:colcon.colcon_core.shell:create_environment_hook('aether_gcs_backend', 'pythonpath')
[0.724s] INFO:colcon.colcon_core.shell:Creating environment hook '/home/valtec/aether/aether_ws/install/aether_gcs_backend/share/aether_gcs_backend/hook/pythonpath.ps1'
[0.724s] INFO:colcon.colcon_core.shell:Creating environment descriptor '/home/valtec/aether/aether_ws/install/aether_gcs_backend/share/aether_gcs_backend/hook/pythonpath.dsv'
[0.724s] INFO:colcon.colcon_core.shell:Creating environment hook '/home/valtec/aether/aether_ws/install/aether_gcs_backend/share/aether_gcs_backend/hook/pythonpath.sh'
[0.725s] Level 1:colcon.colcon_core.environment:checking '/home/valtec/aether/aether_ws/install/aether_gcs_backend/bin'
[0.725s] Level 1:colcon.colcon_core.environment:create_environment_scripts_only(aether_gcs_backend)
[0.725s] INFO:colcon.colcon_core.shell:Creating package script '/home/valtec/aether/aether_ws/install/aether_gcs_backend/share/aether_gcs_backend/package.ps1'
[0.725s] INFO:colcon.colcon_core.shell:Creating package descriptor '/home/valtec/aether/aether_ws/install/aether_gcs_backend/share/aether_gcs_backend/package.dsv'
[0.726s] INFO:colcon.colcon_core.shell:Creating package script '/home/valtec/aether/aether_ws/install/aether_gcs_backend/share/aether_gcs_backend/package.sh'
[0.726s] INFO:colcon.colcon_core.shell:Creating package script '/home/valtec/aether/aether_ws/install/aether_gcs_backend/share/aether_gcs_backend/package.bash'
[0.726s] INFO:colcon.colcon_core.shell:Creating package script '/home/valtec/aether/aether_ws/install/aether_gcs_backend/share/aether_gcs_backend/package.zsh'
[0.727s] Level 1:colcon.colcon_core.environment:create_file_with_runtime_dependencies(/home/valtec/aether/aether_ws/install/aether_gcs_backend/share/colcon-core/packages/aether_gcs_backend)
[0.744s] DEBUG:colcon.colcon_core.event_handler.log_command:Invoked command in '/home/valtec/aether/aether_ws/build/valtec_onboard_intelligence' returned '0': CMAKE_PREFIX_PATH=/opt/ros/humble VIRTUAL_ENV_PROMPT=(.venv) /usr/bin/cmake /home/valtec/aether/aether_ws/src/valtec_onboard_intelligence -DCMAKE_INSTALL_PREFIX=/home/valtec/aether/aether_ws/install/valtec_onboard_intelligence
[0.746s] DEBUG:colcon.colcon_core.event_handler.log_command:Invoking command in '/home/valtec/aether/aether_ws/build/valtec_onboard_intelligence': CMAKE_PREFIX_PATH=/opt/ros/humble VIRTUAL_ENV_PROMPT=(.venv) /usr/bin/cmake --build /home/valtec/aether/aether_ws/build/valtec_onboard_intelligence -- -j20 -l20
[0.787s] DEBUG:colcon.colcon_core.event_handler.log_command:Invoked command in '/home/valtec/aether/aether_ws/build/valtec_onboard_intelligence' returned '0': CMAKE_PREFIX_PATH=/opt/ros/humble VIRTUAL_ENV_PROMPT=(.venv) /usr/bin/cmake --build /home/valtec/aether/aether_ws/build/valtec_onboard_intelligence -- -j20 -l20
[0.800s] DEBUG:colcon.colcon_core.event_handler.log_command:Invoking command in '/home/valtec/aether/aether_ws/build/valtec_onboard_intelligence': CMAKE_PREFIX_PATH=/opt/ros/humble VIRTUAL_ENV_PROMPT=(.venv) /usr/bin/cmake --install /home/valtec/aether/aether_ws/build/valtec_onboard_intelligence
[0.811s] Level 1:colcon.colcon_core.environment:create_environment_scripts_only(valtec_onboard_intelligence)
[0.811s] Level 1:colcon.colcon_core.environment:checking '/home/valtec/aether/aether_ws/install/valtec_onboard_intelligence' for CMake module files
[0.812s] DEBUG:colcon.colcon_core.event_handler.log_command:Invoked command in '/home/valtec/aether/aether_ws/build/valtec_onboard_intelligence' returned '0': CMAKE_PREFIX_PATH=/opt/ros/humble VIRTUAL_ENV_PROMPT=(.venv) /usr/bin/cmake --install /home/valtec/aether/aether_ws/build/valtec_onboard_intelligence
[0.813s] Level 1:colcon.colcon_core.environment:checking '/home/valtec/aether/aether_ws/install/valtec_onboard_intelligence' for CMake config files
[0.813s] Level 1:colcon.colcon_core.shell:create_environment_hook('valtec_onboard_intelligence', 'cmake_prefix_path')
[0.813s] INFO:colcon.colcon_core.shell:Creating environment hook '/home/valtec/aether/aether_ws/install/valtec_onboard_intelligence/share/valtec_onboard_intelligence/hook/cmake_prefix_path.ps1'
[0.814s] INFO:colcon.colcon_core.shell:Creating environment descriptor '/home/valtec/aether/aether_ws/install/valtec_onboard_intelligence/share/valtec_onboard_intelligence/hook/cmake_prefix_path.dsv'
[0.814s] INFO:colcon.colcon_core.shell:Creating environment hook '/home/valtec/aether/aether_ws/install/valtec_onboard_intelligence/share/valtec_onboard_intelligence/hook/cmake_prefix_path.sh'
[0.815s] Level 1:colcon.colcon_core.environment:checking '/home/valtec/aether/aether_ws/install/valtec_onboard_intelligence/bin'
[0.815s] Level 1:colcon.colcon_core.environment:checking '/home/valtec/aether/aether_ws/install/valtec_onboard_intelligence/lib/pkgconfig/valtec_onboard_intelligence.pc'
[0.816s] Level 1:colcon.colcon_core.environment:checking '/home/valtec/aether/aether_ws/install/valtec_onboard_intelligence/lib/python3.10/site-packages'
[0.816s] Level 1:colcon.colcon_core.environment:checking '/home/valtec/aether/aether_ws/install/valtec_onboard_intelligence/bin'
[0.816s] INFO:colcon.colcon_core.shell:Creating package script '/home/valtec/aether/aether_ws/install/valtec_onboard_intelligence/share/valtec_onboard_intelligence/package.ps1'
[0.817s] INFO:colcon.colcon_core.shell:Creating package descriptor '/home/valtec/aether/aether_ws/install/valtec_onboard_intelligence/share/valtec_onboard_intelligence/package.dsv'
[0.817s] INFO:colcon.colcon_core.shell:Creating package script '/home/valtec/aether/aether_ws/install/valtec_onboard_intelligence/share/valtec_onboard_intelligence/package.sh'
[0.818s] INFO:colcon.colcon_core.shell:Creating package script '/home/valtec/aether/aether_ws/install/valtec_onboard_intelligence/share/valtec_onboard_intelligence/package.bash'
[0.818s] INFO:colcon.colcon_core.shell:Creating package script '/home/valtec/aether/aether_ws/install/valtec_onboard_intelligence/share/valtec_onboard_intelligence/package.zsh'
[0.819s] Level 1:colcon.colcon_core.environment:create_file_with_runtime_dependencies(/home/valtec/aether/aether_ws/install/valtec_onboard_intelligence/share/colcon-core/packages/valtec_onboard_intelligence)
[0.819s] Level 1:colcon.colcon_core.environment:create_environment_scripts_only(valtec_onboard_intelligence)
[0.819s] Level 1:colcon.colcon_core.environment:checking '/home/valtec/aether/aether_ws/install/valtec_onboard_intelligence' for CMake module files
[0.820s] Level 1:colcon.colcon_core.environment:checking '/home/valtec/aether/aether_ws/install/valtec_onboard_intelligence' for CMake config files
[0.820s] Level 1:colcon.colcon_core.shell:create_environment_hook('valtec_onboard_intelligence', 'cmake_prefix_path')
[0.821s] INFO:colcon.colcon_core.shell:Creating environment hook '/home/valtec/aether/aether_ws/install/valtec_onboard_intelligence/share/valtec_onboard_intelligence/hook/cmake_prefix_path.ps1'
[0.821s] INFO:colcon.colcon_core.shell:Creating environment descriptor '/home/valtec/aether/aether_ws/install/valtec_onboard_intelligence/share/valtec_onboard_intelligence/hook/cmake_prefix_path.dsv'
[0.821s] INFO:colcon.colcon_core.shell:Creating environment hook '/home/valtec/aether/aether_ws/install/valtec_onboard_intelligence/share/valtec_onboard_intelligence/hook/cmake_prefix_path.sh'
[0.822s] Level 1:colcon.colcon_core.environment:checking '/home/valtec/aether/aether_ws/install/valtec_onboard_intelligence/bin'
[0.822s] Level 1:colcon.colcon_core.environment:checking '/home/valtec/aether/aether_ws/install/valtec_onboard_intelligence/lib/pkgconfig/valtec_onboard_intelligence.pc'
[0.822s] Level 1:colcon.colcon_core.environment:checking '/home/valtec/aether/aether_ws/install/valtec_onboard_intelligence/lib/python3.10/site-packages'
[0.823s] Level 1:colcon.colcon_core.environment:checking '/home/valtec/aether/aether_ws/install/valtec_onboard_intelligence/bin'
[0.823s] INFO:colcon.colcon_core.shell:Creating package script '/home/valtec/aether/aether_ws/install/valtec_onboard_intelligence/share/valtec_onboard_intelligence/package.ps1'
[0.823s] INFO:colcon.colcon_core.shell:Creating package descriptor '/home/valtec/aether/aether_ws/install/valtec_onboard_intelligence/share/valtec_onboard_intelligence/package.dsv'
[0.824s] INFO:colcon.colcon_core.shell:Creating package script '/home/valtec/aether/aether_ws/install/valtec_onboard_intelligence/share/valtec_onboard_intelligence/package.sh'
[0.824s] INFO:colcon.colcon_core.shell:Creating package script '/home/valtec/aether/aether_ws/install/valtec_onboard_intelligence/share/valtec_onboard_intelligence/package.bash'
[0.825s] INFO:colcon.colcon_core.shell:Creating package script '/home/valtec/aether/aether_ws/install/valtec_onboard_intelligence/share/valtec_onboard_intelligence/package.zsh'
[0.825s] Level 1:colcon.colcon_core.environment:create_file_with_runtime_dependencies(/home/valtec/aether/aether_ws/install/valtec_onboard_intelligence/share/colcon-core/packages/valtec_onboard_intelligence)
[0.825s] DEBUG:colcon.colcon_parallel_executor.executor.parallel:closing loop
[0.825s] DEBUG:colcon.colcon_parallel_executor.executor.parallel:loop closed
[0.825s] DEBUG:colcon.colcon_parallel_executor.executor.parallel:run_until_complete finished with '0'
[0.826s] DEBUG:colcon.colcon_core.event_reactor:joining thread
[0.832s] INFO:colcon.colcon_core.plugin_system:Skipping extension 'colcon_notification.desktop_notification.terminal_notifier': Not used on non-Darwin systems
[0.832s] INFO:colcon.colcon_core.plugin_system:Skipping extension 'colcon_notification.desktop_notification.win32': Not used on non-Windows systems
[0.832s] INFO:colcon.colcon_notification.desktop_notification:Sending desktop notification using 'notify2'
[0.849s] DEBUG:colcon.colcon_core.event_reactor:joined thread
[0.849s] INFO:colcon.colcon_core.shell:Creating prefix script '/home/valtec/aether/aether_ws/install/local_setup.ps1'
[0.850s] INFO:colcon.colcon_core.shell:Creating prefix util module '/home/valtec/aether/aether_ws/install/_local_setup_util_ps1.py'
[0.851s] INFO:colcon.colcon_core.shell:Creating prefix chain script '/home/valtec/aether/aether_ws/install/setup.ps1'
[0.851s] INFO:colcon.colcon_core.shell:Creating prefix script '/home/valtec/aether/aether_ws/install/local_setup.sh'
[0.852s] INFO:colcon.colcon_core.shell:Creating prefix util module '/home/valtec/aether/aether_ws/install/_local_setup_util_sh.py'
[0.852s] INFO:colcon.colcon_core.shell:Creating prefix chain script '/home/valtec/aether/aether_ws/install/setup.sh'
[0.853s] INFO:colcon.colcon_core.shell:Creating prefix script '/home/valtec/aether/aether_ws/install/local_setup.bash'
[0.853s] INFO:colcon.colcon_core.shell:Creating prefix chain script '/home/valtec/aether/aether_ws/install/setup.bash'
[0.854s] INFO:colcon.colcon_core.shell:Creating prefix script '/home/valtec/aether/aether_ws/install/local_setup.zsh'
[0.854s] INFO:colcon.colcon_core.shell:Creating prefix chain script '/home/valtec/aether/aether_ws/install/setup.zsh'
