[0.009s] Invoking command in '/home/valtec/aether/aether_ws/build/aether_interfaces': /usr/bin/cmake --build /home/valtec/aether/aether_ws/build/aether_interfaces -- -j20 -l20
[0.120s] [35m[1mConsolidate compiler generated dependencies of target aether_interfaces__rosidl_generator_c[0m
[0.120s] [  1%] Built target aether_interfaces__cpp
[0.121s] [ 12%] Built target aether_interfaces__rosidl_generator_c
[0.121s] [ 12%] Built target ament_cmake_python_copy_aether_interfaces
[0.121s] [35m[1mConsolidate compiler generated dependencies of target aether_interfaces__rosidl_typesupport_introspection_cpp[0m
[0.121s] [35m[1mConsolidate compiler generated dependencies of target aether_interfaces__rosidl_typesupport_introspection_c[0m
[0.121s] [35m[1mConsolidate compiler generated dependencies of target aether_interfaces__rosidl_typesupport_cpp[0m
[0.121s] [35m[1mConsolidate compiler generated dependencies of target aether_interfaces__rosidl_typesupport_fastrtps_cpp[0m
[0.121s] [35m[1mConsolidate compiler generated dependencies of target aether_interfaces__rosidl_typesupport_c[0m
[0.121s] [35m[1mConsolidate compiler generated dependencies of target aether_interfaces__rosidl_typesupport_fastrtps_c[0m
[0.121s] [ 23%] Built target aether_interfaces__rosidl_typesupport_introspection_c
[0.121s] [ 35%] Built target aether_interfaces__rosidl_typesupport_c
[0.122s] [ 46%] Built target aether_interfaces__rosidl_typesupport_introspection_cpp
[0.122s] [ 57%] Built target aether_interfaces__rosidl_typesupport_fastrtps_c
[0.122s] [ 69%] Built target aether_interfaces__rosidl_typesupport_cpp
[0.123s] [ 80%] Built target aether_interfaces__rosidl_typesupport_fastrtps_cpp
[0.123s] [ 80%] Built target aether_interfaces
[0.123s] [ 81%] Built target aether_interfaces__py
[0.123s] [35m[1mConsolidate compiler generated dependencies of target aether_interfaces__rosidl_generator_py[0m
[0.128s] [ 91%] Built target aether_interfaces__rosidl_generator_py
[0.134s] [35m[1mConsolidate compiler generated dependencies of target aether_interfaces__rosidl_typesupport_introspection_c__pyext[0m
[0.134s] [35m[1mConsolidate compiler generated dependencies of target aether_interfaces__rosidl_typesupport_c__pyext[0m
[0.135s] [35m[1mConsolidate compiler generated dependencies of target aether_interfaces__rosidl_typesupport_fastrtps_c__pyext[0m
[0.142s] [ 94%] Built target aether_interfaces__rosidl_typesupport_c__pyext
[0.142s] [ 97%] Built target aether_interfaces__rosidl_typesupport_introspection_c__pyext
[0.143s] [100%] Built target aether_interfaces__rosidl_typesupport_fastrtps_c__pyext
[0.174s] running egg_info
[0.174s] writing aether_interfaces.egg-info/PKG-INFO
[0.174s] writing dependency_links to aether_interfaces.egg-info/dependency_links.txt
[0.174s] writing top-level names to aether_interfaces.egg-info/top_level.txt
[0.176s] reading manifest file 'aether_interfaces.egg-info/SOURCES.txt'
[0.176s] writing manifest file 'aether_interfaces.egg-info/SOURCES.txt'
[0.192s] [100%] Built target ament_cmake_python_build_aether_interfaces_egg
[0.208s] Invoked command in '/home/valtec/aether/aether_ws/build/aether_interfaces' returned '0': /usr/bin/cmake --build /home/valtec/aether/aether_ws/build/aether_interfaces -- -j20 -l20
[0.209s] Invoking command in '/home/valtec/aether/aether_ws/build/aether_interfaces': /usr/bin/cmake --install /home/valtec/aether/aether_ws/build/aether_interfaces
[0.214s] -- Install configuration: ""
[0.214s] -- Up-to-date: /home/valtec/aether/aether_ws/install/aether_interfaces/share/ament_index/resource_index/rosidl_interfaces/aether_interfaces
[0.214s] -- Up-to-date: /home/valtec/aether/aether_ws/install/aether_interfaces/include/aether_interfaces/aether_interfaces
[0.214s] -- Up-to-date: /home/valtec/aether/aether_ws/install/aether_interfaces/include/aether_interfaces/aether_interfaces/srv
[0.214s] -- Up-to-date: /home/valtec/aether/aether_ws/install/aether_interfaces/include/aether_interfaces/aether_interfaces/srv/upload_mission.h
[0.214s] -- Up-to-date: /home/valtec/aether/aether_ws/install/aether_interfaces/include/aether_interfaces/aether_interfaces/srv/start_calibration.h
[0.214s] -- Up-to-date: /home/valtec/aether/aether_ws/install/aether_interfaces/include/aether_interfaces/aether_interfaces/srv/detail
[0.214s] -- Up-to-date: /home/valtec/aether/aether_ws/install/aether_interfaces/include/aether_interfaces/aether_interfaces/srv/detail/start_calibration__type_support.h
[0.214s] -- Up-to-date: /home/valtec/aether/aether_ws/install/aether_interfaces/include/aether_interfaces/aether_interfaces/srv/detail/upload_mission__functions.c
[0.214s] -- Up-to-date: /home/valtec/aether/aether_ws/install/aether_interfaces/include/aether_interfaces/aether_interfaces/srv/detail/start_calibration__functions.h
[0.215s] -- Up-to-date: /home/valtec/aether/aether_ws/install/aether_interfaces/include/aether_interfaces/aether_interfaces/srv/detail/start_calibration__functions.c
[0.215s] -- Up-to-date: /home/valtec/aether/aether_ws/install/aether_interfaces/include/aether_interfaces/aether_interfaces/srv/detail/upload_mission__type_support.h
[0.215s] -- Up-to-date: /home/valtec/aether/aether_ws/install/aether_interfaces/include/aether_interfaces/aether_interfaces/srv/detail/upload_mission__struct.h
[0.215s] -- Up-to-date: /home/valtec/aether/aether_ws/install/aether_interfaces/include/aether_interfaces/aether_interfaces/srv/detail/start_calibration__struct.h
[0.215s] -- Up-to-date: /home/valtec/aether/aether_ws/install/aether_interfaces/include/aether_interfaces/aether_interfaces/srv/detail/upload_mission__functions.h
[0.215s] -- Up-to-date: /home/valtec/aether/aether_ws/install/aether_interfaces/include/aether_interfaces/aether_interfaces/msg
[0.215s] -- Up-to-date: /home/valtec/aether/aether_ws/install/aether_interfaces/include/aether_interfaces/aether_interfaces/msg/fleet_state.h
[0.215s] -- Up-to-date: /home/valtec/aether/aether_ws/install/aether_interfaces/include/aether_interfaces/aether_interfaces/msg/rosidl_generator_c__visibility_control.h
[0.215s] -- Up-to-date: /home/valtec/aether/aether_ws/install/aether_interfaces/include/aether_interfaces/aether_interfaces/msg/drone_state.h
[0.215s] -- Up-to-date: /home/valtec/aether/aether_ws/install/aether_interfaces/include/aether_interfaces/aether_interfaces/msg/calibration_status.h
[0.215s] -- Up-to-date: /home/valtec/aether/aether_ws/install/aether_interfaces/include/aether_interfaces/aether_interfaces/msg/detail
[0.215s] -- Up-to-date: /home/valtec/aether/aether_ws/install/aether_interfaces/include/aether_interfaces/aether_interfaces/msg/detail/deconfliction_warning__functions.h
[0.215s] -- Up-to-date: /home/valtec/aether/aether_ws/install/aether_interfaces/include/aether_interfaces/aether_interfaces/msg/detail/fleet_state__struct.h
[0.215s] -- Up-to-date: /home/valtec/aether/aether_ws/install/aether_interfaces/include/aether_interfaces/aether_interfaces/msg/detail/drone_state__functions.h
[0.215s] -- Up-to-date: /home/valtec/aether/aether_ws/install/aether_interfaces/include/aether_interfaces/aether_interfaces/msg/detail/calibration_status__functions.h
[0.215s] -- Up-to-date: /home/valtec/aether/aether_ws/install/aether_interfaces/include/aether_interfaces/aether_interfaces/msg/detail/drone_state__type_support.h
[0.215s] -- Up-to-date: /home/valtec/aether/aether_ws/install/aether_interfaces/include/aether_interfaces/aether_interfaces/msg/detail/drone_state__functions.c
[0.215s] -- Up-to-date: /home/valtec/aether/aether_ws/install/aether_interfaces/include/aether_interfaces/aether_interfaces/msg/detail/calibration_status__functions.c
[0.215s] -- Up-to-date: /home/valtec/aether/aether_ws/install/aether_interfaces/include/aether_interfaces/aether_interfaces/msg/detail/deconfliction_warning__functions.c
[0.215s] -- Up-to-date: /home/valtec/aether/aether_ws/install/aether_interfaces/include/aether_interfaces/aether_interfaces/msg/detail/fleet_state__functions.h
[0.215s] -- Up-to-date: /home/valtec/aether/aether_ws/install/aether_interfaces/include/aether_interfaces/aether_interfaces/msg/detail/calibration_status__type_support.h
[0.215s] -- Up-to-date: /home/valtec/aether/aether_ws/install/aether_interfaces/include/aether_interfaces/aether_interfaces/msg/detail/deconfliction_warning__type_support.h
[0.215s] -- Up-to-date: /home/valtec/aether/aether_ws/install/aether_interfaces/include/aether_interfaces/aether_interfaces/msg/detail/fleet_state__type_support.h
[0.215s] -- Up-to-date: /home/valtec/aether/aether_ws/install/aether_interfaces/include/aether_interfaces/aether_interfaces/msg/detail/fleet_state__functions.c
[0.215s] -- Up-to-date: /home/valtec/aether/aether_ws/install/aether_interfaces/include/aether_interfaces/aether_interfaces/msg/detail/calibration_status__struct.h
[0.215s] -- Up-to-date: /home/valtec/aether/aether_ws/install/aether_interfaces/include/aether_interfaces/aether_interfaces/msg/detail/drone_state__struct.h
[0.215s] -- Up-to-date: /home/valtec/aether/aether_ws/install/aether_interfaces/include/aether_interfaces/aether_interfaces/msg/detail/deconfliction_warning__struct.h
[0.215s] -- Up-to-date: /home/valtec/aether/aether_ws/install/aether_interfaces/include/aether_interfaces/aether_interfaces/msg/deconfliction_warning.h
[0.216s] -- Up-to-date: /home/valtec/aether/aether_ws/install/aether_interfaces/share/aether_interfaces/environment/library_path.sh
[0.216s] -- Up-to-date: /home/valtec/aether/aether_ws/install/aether_interfaces/share/aether_interfaces/environment/library_path.dsv
[0.216s] -- Up-to-date: /home/valtec/aether/aether_ws/install/aether_interfaces/lib/libaether_interfaces__rosidl_generator_c.so
[0.216s] -- Up-to-date: /home/valtec/aether/aether_ws/install/aether_interfaces/include/aether_interfaces/aether_interfaces
[0.216s] -- Up-to-date: /home/valtec/aether/aether_ws/install/aether_interfaces/include/aether_interfaces/aether_interfaces/srv
[0.216s] -- Up-to-date: /home/valtec/aether/aether_ws/install/aether_interfaces/include/aether_interfaces/aether_interfaces/srv/detail
[0.216s] -- Up-to-date: /home/valtec/aether/aether_ws/install/aether_interfaces/include/aether_interfaces/aether_interfaces/srv/detail/upload_mission__rosidl_typesupport_fastrtps_c.h
[0.216s] -- Up-to-date: /home/valtec/aether/aether_ws/install/aether_interfaces/include/aether_interfaces/aether_interfaces/srv/detail/start_calibration__rosidl_typesupport_fastrtps_c.h
[0.216s] -- Up-to-date: /home/valtec/aether/aether_ws/install/aether_interfaces/include/aether_interfaces/aether_interfaces/msg
[0.216s] -- Up-to-date: /home/valtec/aether/aether_ws/install/aether_interfaces/include/aether_interfaces/aether_interfaces/msg/detail
[0.216s] -- Up-to-date: /home/valtec/aether/aether_ws/install/aether_interfaces/include/aether_interfaces/aether_interfaces/msg/detail/drone_state__rosidl_typesupport_fastrtps_c.h
[0.216s] -- Up-to-date: /home/valtec/aether/aether_ws/install/aether_interfaces/include/aether_interfaces/aether_interfaces/msg/detail/deconfliction_warning__rosidl_typesupport_fastrtps_c.h
[0.216s] -- Up-to-date: /home/valtec/aether/aether_ws/install/aether_interfaces/include/aether_interfaces/aether_interfaces/msg/detail/fleet_state__rosidl_typesupport_fastrtps_c.h
[0.216s] -- Up-to-date: /home/valtec/aether/aether_ws/install/aether_interfaces/include/aether_interfaces/aether_interfaces/msg/detail/calibration_status__rosidl_typesupport_fastrtps_c.h
[0.216s] -- Up-to-date: /home/valtec/aether/aether_ws/install/aether_interfaces/include/aether_interfaces/aether_interfaces/msg/rosidl_typesupport_fastrtps_c__visibility_control.h
[0.216s] -- Up-to-date: /home/valtec/aether/aether_ws/install/aether_interfaces/lib/libaether_interfaces__rosidl_typesupport_fastrtps_c.so
[0.216s] -- Up-to-date: /home/valtec/aether/aether_ws/install/aether_interfaces/include/aether_interfaces/aether_interfaces
[0.216s] -- Up-to-date: /home/valtec/aether/aether_ws/install/aether_interfaces/include/aether_interfaces/aether_interfaces/srv
[0.216s] -- Up-to-date: /home/valtec/aether/aether_ws/install/aether_interfaces/include/aether_interfaces/aether_interfaces/srv/detail
[0.216s] -- Up-to-date: /home/valtec/aether/aether_ws/install/aether_interfaces/include/aether_interfaces/aether_interfaces/srv/detail/start_calibration__rosidl_typesupport_introspection_c.h
[0.216s] -- Up-to-date: /home/valtec/aether/aether_ws/install/aether_interfaces/include/aether_interfaces/aether_interfaces/srv/detail/upload_mission__type_support.c
[0.216s] -- Up-to-date: /home/valtec/aether/aether_ws/install/aether_interfaces/include/aether_interfaces/aether_interfaces/srv/detail/upload_mission__rosidl_typesupport_introspection_c.h
[0.216s] -- Up-to-date: /home/valtec/aether/aether_ws/install/aether_interfaces/include/aether_interfaces/aether_interfaces/srv/detail/start_calibration__type_support.c
[0.216s] -- Up-to-date: /home/valtec/aether/aether_ws/install/aether_interfaces/include/aether_interfaces/aether_interfaces/msg
[0.216s] -- Up-to-date: /home/valtec/aether/aether_ws/install/aether_interfaces/include/aether_interfaces/aether_interfaces/msg/rosidl_typesupport_introspection_c__visibility_control.h
[0.216s] -- Up-to-date: /home/valtec/aether/aether_ws/install/aether_interfaces/include/aether_interfaces/aether_interfaces/msg/detail
[0.216s] -- Up-to-date: /home/valtec/aether/aether_ws/install/aether_interfaces/include/aether_interfaces/aether_interfaces/msg/detail/calibration_status__rosidl_typesupport_introspection_c.h
[0.216s] -- Up-to-date: /home/valtec/aether/aether_ws/install/aether_interfaces/include/aether_interfaces/aether_interfaces/msg/detail/deconfliction_warning__type_support.c
[0.217s] -- Up-to-date: /home/valtec/aether/aether_ws/install/aether_interfaces/include/aether_interfaces/aether_interfaces/msg/detail/drone_state__type_support.c
[0.217s] -- Up-to-date: /home/valtec/aether/aether_ws/install/aether_interfaces/include/aether_interfaces/aether_interfaces/msg/detail/drone_state__rosidl_typesupport_introspection_c.h
[0.217s] -- Up-to-date: /home/valtec/aether/aether_ws/install/aether_interfaces/include/aether_interfaces/aether_interfaces/msg/detail/deconfliction_warning__rosidl_typesupport_introspection_c.h
[0.217s] -- Up-to-date: /home/valtec/aether/aether_ws/install/aether_interfaces/include/aether_interfaces/aether_interfaces/msg/detail/calibration_status__type_support.c
[0.217s] -- Up-to-date: /home/valtec/aether/aether_ws/install/aether_interfaces/include/aether_interfaces/aether_interfaces/msg/detail/fleet_state__rosidl_typesupport_introspection_c.h
[0.217s] -- Up-to-date: /home/valtec/aether/aether_ws/install/aether_interfaces/include/aether_interfaces/aether_interfaces/msg/detail/fleet_state__type_support.c
[0.217s] -- Up-to-date: /home/valtec/aether/aether_ws/install/aether_interfaces/lib/libaether_interfaces__rosidl_typesupport_introspection_c.so
[0.217s] -- Up-to-date: /home/valtec/aether/aether_ws/install/aether_interfaces/lib/libaether_interfaces__rosidl_typesupport_c.so
[0.217s] -- Up-to-date: /home/valtec/aether/aether_ws/install/aether_interfaces/include/aether_interfaces/aether_interfaces
[0.217s] -- Up-to-date: /home/valtec/aether/aether_ws/install/aether_interfaces/include/aether_interfaces/aether_interfaces/srv
[0.217s] -- Up-to-date: /home/valtec/aether/aether_ws/install/aether_interfaces/include/aether_interfaces/aether_interfaces/srv/start_calibration.hpp
[0.217s] -- Up-to-date: /home/valtec/aether/aether_ws/install/aether_interfaces/include/aether_interfaces/aether_interfaces/srv/upload_mission.hpp
[0.217s] -- Up-to-date: /home/valtec/aether/aether_ws/install/aether_interfaces/include/aether_interfaces/aether_interfaces/srv/detail
[0.217s] -- Up-to-date: /home/valtec/aether/aether_ws/install/aether_interfaces/include/aether_interfaces/aether_interfaces/srv/detail/upload_mission__type_support.hpp
[0.217s] -- Up-to-date: /home/valtec/aether/aether_ws/install/aether_interfaces/include/aether_interfaces/aether_interfaces/srv/detail/upload_mission__builder.hpp
[0.217s] -- Up-to-date: /home/valtec/aether/aether_ws/install/aether_interfaces/include/aether_interfaces/aether_interfaces/srv/detail/start_calibration__traits.hpp
[0.217s] -- Up-to-date: /home/valtec/aether/aether_ws/install/aether_interfaces/include/aether_interfaces/aether_interfaces/srv/detail/upload_mission__struct.hpp
[0.217s] -- Up-to-date: /home/valtec/aether/aether_ws/install/aether_interfaces/include/aether_interfaces/aether_interfaces/srv/detail/upload_mission__traits.hpp
[0.218s] -- Up-to-date: /home/valtec/aether/aether_ws/install/aether_interfaces/include/aether_interfaces/aether_interfaces/srv/detail/start_calibration__builder.hpp
[0.218s] -- Up-to-date: /home/valtec/aether/aether_ws/install/aether_interfaces/include/aether_interfaces/aether_interfaces/srv/detail/start_calibration__struct.hpp
[0.218s] -- Up-to-date: /home/valtec/aether/aether_ws/install/aether_interfaces/include/aether_interfaces/aether_interfaces/srv/detail/start_calibration__type_support.hpp
[0.218s] -- Up-to-date: /home/valtec/aether/aether_ws/install/aether_interfaces/include/aether_interfaces/aether_interfaces/msg
[0.218s] -- Up-to-date: /home/valtec/aether/aether_ws/install/aether_interfaces/include/aether_interfaces/aether_interfaces/msg/deconfliction_warning.hpp
[0.218s] -- Up-to-date: /home/valtec/aether/aether_ws/install/aether_interfaces/include/aether_interfaces/aether_interfaces/msg/calibration_status.hpp
[0.218s] -- Up-to-date: /home/valtec/aether/aether_ws/install/aether_interfaces/include/aether_interfaces/aether_interfaces/msg/fleet_state.hpp
[0.218s] -- Up-to-date: /home/valtec/aether/aether_ws/install/aether_interfaces/include/aether_interfaces/aether_interfaces/msg/drone_state.hpp
[0.218s] -- Up-to-date: /home/valtec/aether/aether_ws/install/aether_interfaces/include/aether_interfaces/aether_interfaces/msg/detail
[0.218s] -- Up-to-date: /home/valtec/aether/aether_ws/install/aether_interfaces/include/aether_interfaces/aether_interfaces/msg/detail/fleet_state__struct.hpp
[0.218s] -- Up-to-date: /home/valtec/aether/aether_ws/install/aether_interfaces/include/aether_interfaces/aether_interfaces/msg/detail/deconfliction_warning__builder.hpp
[0.218s] -- Up-to-date: /home/valtec/aether/aether_ws/install/aether_interfaces/include/aether_interfaces/aether_interfaces/msg/detail/fleet_state__traits.hpp
[0.218s] -- Up-to-date: /home/valtec/aether/aether_ws/install/aether_interfaces/include/aether_interfaces/aether_interfaces/msg/detail/deconfliction_warning__type_support.hpp
[0.218s] -- Up-to-date: /home/valtec/aether/aether_ws/install/aether_interfaces/include/aether_interfaces/aether_interfaces/msg/detail/calibration_status__type_support.hpp
[0.218s] -- Up-to-date: /home/valtec/aether/aether_ws/install/aether_interfaces/include/aether_interfaces/aether_interfaces/msg/detail/fleet_state__builder.hpp
[0.218s] -- Up-to-date: /home/valtec/aether/aether_ws/install/aether_interfaces/include/aether_interfaces/aether_interfaces/msg/detail/drone_state__struct.hpp
[0.218s] -- Up-to-date: /home/valtec/aether/aether_ws/install/aether_interfaces/include/aether_interfaces/aether_interfaces/msg/detail/calibration_status__builder.hpp
[0.218s] -- Up-to-date: /home/valtec/aether/aether_ws/install/aether_interfaces/include/aether_interfaces/aether_interfaces/msg/detail/drone_state__type_support.hpp
[0.218s] -- Up-to-date: /home/valtec/aether/aether_ws/install/aether_interfaces/include/aether_interfaces/aether_interfaces/msg/detail/fleet_state__type_support.hpp
[0.218s] -- Up-to-date: /home/valtec/aether/aether_ws/install/aether_interfaces/include/aether_interfaces/aether_interfaces/msg/detail/calibration_status__struct.hpp
[0.218s] -- Up-to-date: /home/valtec/aether/aether_ws/install/aether_interfaces/include/aether_interfaces/aether_interfaces/msg/detail/deconfliction_warning__struct.hpp
[0.218s] -- Up-to-date: /home/valtec/aether/aether_ws/install/aether_interfaces/include/aether_interfaces/aether_interfaces/msg/detail/drone_state__traits.hpp
[0.218s] -- Up-to-date: /home/valtec/aether/aether_ws/install/aether_interfaces/include/aether_interfaces/aether_interfaces/msg/detail/deconfliction_warning__traits.hpp
[0.219s] -- Up-to-date: /home/valtec/aether/aether_ws/install/aether_interfaces/include/aether_interfaces/aether_interfaces/msg/detail/calibration_status__traits.hpp
[0.219s] -- Up-to-date: /home/valtec/aether/aether_ws/install/aether_interfaces/include/aether_interfaces/aether_interfaces/msg/detail/drone_state__builder.hpp
[0.219s] -- Up-to-date: /home/valtec/aether/aether_ws/install/aether_interfaces/include/aether_interfaces/aether_interfaces/msg/rosidl_generator_cpp__visibility_control.hpp
[0.219s] -- Up-to-date: /home/valtec/aether/aether_ws/install/aether_interfaces/include/aether_interfaces/aether_interfaces
[0.219s] -- Up-to-date: /home/valtec/aether/aether_ws/install/aether_interfaces/include/aether_interfaces/aether_interfaces/srv
[0.219s] -- Up-to-date: /home/valtec/aether/aether_ws/install/aether_interfaces/include/aether_interfaces/aether_interfaces/srv/detail
[0.219s] -- Up-to-date: /home/valtec/aether/aether_ws/install/aether_interfaces/include/aether_interfaces/aether_interfaces/srv/detail/start_calibration__rosidl_typesupport_fastrtps_cpp.hpp
[0.219s] -- Up-to-date: /home/valtec/aether/aether_ws/install/aether_interfaces/include/aether_interfaces/aether_interfaces/srv/detail/upload_mission__rosidl_typesupport_fastrtps_cpp.hpp
[0.219s] -- Up-to-date: /home/valtec/aether/aether_ws/install/aether_interfaces/include/aether_interfaces/aether_interfaces/srv/detail/dds_fastrtps
[0.219s] -- Up-to-date: /home/valtec/aether/aether_ws/install/aether_interfaces/include/aether_interfaces/aether_interfaces/msg
[0.219s] -- Up-to-date: /home/valtec/aether/aether_ws/install/aether_interfaces/include/aether_interfaces/aether_interfaces/msg/rosidl_typesupport_fastrtps_cpp__visibility_control.h
[0.219s] -- Up-to-date: /home/valtec/aether/aether_ws/install/aether_interfaces/include/aether_interfaces/aether_interfaces/msg/detail
[0.219s] -- Up-to-date: /home/valtec/aether/aether_ws/install/aether_interfaces/include/aether_interfaces/aether_interfaces/msg/detail/drone_state__rosidl_typesupport_fastrtps_cpp.hpp
[0.219s] -- Up-to-date: /home/valtec/aether/aether_ws/install/aether_interfaces/include/aether_interfaces/aether_interfaces/msg/detail/dds_fastrtps
[0.219s] -- Up-to-date: /home/valtec/aether/aether_ws/install/aether_interfaces/include/aether_interfaces/aether_interfaces/msg/detail/deconfliction_warning__rosidl_typesupport_fastrtps_cpp.hpp
[0.219s] -- Up-to-date: /home/valtec/aether/aether_ws/install/aether_interfaces/include/aether_interfaces/aether_interfaces/msg/detail/calibration_status__rosidl_typesupport_fastrtps_cpp.hpp
[0.219s] -- Up-to-date: /home/valtec/aether/aether_ws/install/aether_interfaces/include/aether_interfaces/aether_interfaces/msg/detail/fleet_state__rosidl_typesupport_fastrtps_cpp.hpp
[0.219s] -- Up-to-date: /home/valtec/aether/aether_ws/install/aether_interfaces/lib/libaether_interfaces__rosidl_typesupport_fastrtps_cpp.so
[0.219s] -- Up-to-date: /home/valtec/aether/aether_ws/install/aether_interfaces/include/aether_interfaces/aether_interfaces
[0.219s] -- Up-to-date: /home/valtec/aether/aether_ws/install/aether_interfaces/include/aether_interfaces/aether_interfaces/srv
[0.219s] -- Up-to-date: /home/valtec/aether/aether_ws/install/aether_interfaces/include/aether_interfaces/aether_interfaces/srv/detail
[0.219s] -- Up-to-date: /home/valtec/aether/aether_ws/install/aether_interfaces/include/aether_interfaces/aether_interfaces/srv/detail/start_calibration__type_support.cpp
[0.219s] -- Up-to-date: /home/valtec/aether/aether_ws/install/aether_interfaces/include/aether_interfaces/aether_interfaces/srv/detail/upload_mission__rosidl_typesupport_introspection_cpp.hpp
[0.219s] -- Up-to-date: /home/valtec/aether/aether_ws/install/aether_interfaces/include/aether_interfaces/aether_interfaces/srv/detail/start_calibration__rosidl_typesupport_introspection_cpp.hpp
[0.219s] -- Up-to-date: /home/valtec/aether/aether_ws/install/aether_interfaces/include/aether_interfaces/aether_interfaces/srv/detail/upload_mission__type_support.cpp
[0.219s] -- Up-to-date: /home/valtec/aether/aether_ws/install/aether_interfaces/include/aether_interfaces/aether_interfaces/msg
[0.219s] -- Up-to-date: /home/valtec/aether/aether_ws/install/aether_interfaces/include/aether_interfaces/aether_interfaces/msg/detail
[0.219s] -- Up-to-date: /home/valtec/aether/aether_ws/install/aether_interfaces/include/aether_interfaces/aether_interfaces/msg/detail/deconfliction_warning__type_support.cpp
[0.219s] -- Up-to-date: /home/valtec/aether/aether_ws/install/aether_interfaces/include/aether_interfaces/aether_interfaces/msg/detail/deconfliction_warning__rosidl_typesupport_introspection_cpp.hpp
[0.219s] -- Up-to-date: /home/valtec/aether/aether_ws/install/aether_interfaces/include/aether_interfaces/aether_interfaces/msg/detail/drone_state__rosidl_typesupport_introspection_cpp.hpp
[0.219s] -- Up-to-date: /home/valtec/aether/aether_ws/install/aether_interfaces/include/aether_interfaces/aether_interfaces/msg/detail/fleet_state__rosidl_typesupport_introspection_cpp.hpp
[0.219s] -- Up-to-date: /home/valtec/aether/aether_ws/install/aether_interfaces/include/aether_interfaces/aether_interfaces/msg/detail/calibration_status__type_support.cpp
[0.219s] -- Up-to-date: /home/valtec/aether/aether_ws/install/aether_interfaces/include/aether_interfaces/aether_interfaces/msg/detail/drone_state__type_support.cpp
[0.219s] -- Up-to-date: /home/valtec/aether/aether_ws/install/aether_interfaces/include/aether_interfaces/aether_interfaces/msg/detail/fleet_state__type_support.cpp
[0.219s] -- Up-to-date: /home/valtec/aether/aether_ws/install/aether_interfaces/include/aether_interfaces/aether_interfaces/msg/detail/calibration_status__rosidl_typesupport_introspection_cpp.hpp
[0.219s] -- Up-to-date: /home/valtec/aether/aether_ws/install/aether_interfaces/lib/libaether_interfaces__rosidl_typesupport_introspection_cpp.so
[0.220s] -- Up-to-date: /home/valtec/aether/aether_ws/install/aether_interfaces/lib/libaether_interfaces__rosidl_typesupport_cpp.so
[0.220s] -- Up-to-date: /home/valtec/aether/aether_ws/install/aether_interfaces/share/aether_interfaces/environment/pythonpath.sh
[0.220s] -- Up-to-date: /home/valtec/aether/aether_ws/install/aether_interfaces/share/aether_interfaces/environment/pythonpath.dsv
[0.220s] -- Up-to-date: /home/valtec/aether/aether_ws/install/aether_interfaces/local/lib/python3.10/dist-packages/aether_interfaces-0.0.1-py3.10.egg-info
[0.220s] -- Installing: /home/valtec/aether/aether_ws/install/aether_interfaces/local/lib/python3.10/dist-packages/aether_interfaces-0.0.1-py3.10.egg-info/SOURCES.txt
[0.220s] -- Installing: /home/valtec/aether/aether_ws/install/aether_interfaces/local/lib/python3.10/dist-packages/aether_interfaces-0.0.1-py3.10.egg-info/PKG-INFO
[0.220s] -- Installing: /home/valtec/aether/aether_ws/install/aether_interfaces/local/lib/python3.10/dist-packages/aether_interfaces-0.0.1-py3.10.egg-info/dependency_links.txt
[0.220s] -- Installing: /home/valtec/aether/aether_ws/install/aether_interfaces/local/lib/python3.10/dist-packages/aether_interfaces-0.0.1-py3.10.egg-info/top_level.txt
[0.220s] -- Up-to-date: /home/valtec/aether/aether_ws/install/aether_interfaces/local/lib/python3.10/dist-packages/aether_interfaces
[0.220s] -- Up-to-date: /home/valtec/aether/aether_ws/install/aether_interfaces/local/lib/python3.10/dist-packages/aether_interfaces/__init__.py
[0.220s] -- Up-to-date: /home/valtec/aether/aether_ws/install/aether_interfaces/local/lib/python3.10/dist-packages/aether_interfaces/aether_interfaces_s__rosidl_typesupport_c.cpython-310-x86_64-linux-gnu.so
[0.220s] -- Up-to-date: /home/valtec/aether/aether_ws/install/aether_interfaces/local/lib/python3.10/dist-packages/aether_interfaces/aether_interfaces_s__rosidl_typesupport_introspection_c.cpython-310-x86_64-linux-gnu.so
[0.220s] -- Up-to-date: /home/valtec/aether/aether_ws/install/aether_interfaces/local/lib/python3.10/dist-packages/aether_interfaces/_aether_interfaces_s.ep.rosidl_typesupport_fastrtps_c.c
[0.220s] -- Up-to-date: /home/valtec/aether/aether_ws/install/aether_interfaces/local/lib/python3.10/dist-packages/aether_interfaces/_aether_interfaces_s.ep.rosidl_typesupport_introspection_c.c
[0.220s] -- Up-to-date: /home/valtec/aether/aether_ws/install/aether_interfaces/local/lib/python3.10/dist-packages/aether_interfaces/srv
[0.220s] -- Up-to-date: /home/valtec/aether/aether_ws/install/aether_interfaces/local/lib/python3.10/dist-packages/aether_interfaces/srv/__init__.py
[0.220s] -- Up-to-date: /home/valtec/aether/aether_ws/install/aether_interfaces/local/lib/python3.10/dist-packages/aether_interfaces/srv/_upload_mission_s.c
[0.220s] -- Up-to-date: /home/valtec/aether/aether_ws/install/aether_interfaces/local/lib/python3.10/dist-packages/aether_interfaces/srv/_upload_mission.py
[0.220s] -- Up-to-date: /home/valtec/aether/aether_ws/install/aether_interfaces/local/lib/python3.10/dist-packages/aether_interfaces/srv/_start_calibration.py
[0.220s] -- Up-to-date: /home/valtec/aether/aether_ws/install/aether_interfaces/local/lib/python3.10/dist-packages/aether_interfaces/srv/_start_calibration_s.c
[0.220s] -- Up-to-date: /home/valtec/aether/aether_ws/install/aether_interfaces/local/lib/python3.10/dist-packages/aether_interfaces/msg
[0.220s] -- Up-to-date: /home/valtec/aether/aether_ws/install/aether_interfaces/local/lib/python3.10/dist-packages/aether_interfaces/msg/__init__.py
[0.220s] -- Up-to-date: /home/valtec/aether/aether_ws/install/aether_interfaces/local/lib/python3.10/dist-packages/aether_interfaces/msg/_drone_state.py
[0.220s] -- Up-to-date: /home/valtec/aether/aether_ws/install/aether_interfaces/local/lib/python3.10/dist-packages/aether_interfaces/msg/_drone_state_s.c
[0.220s] -- Up-to-date: /home/valtec/aether/aether_ws/install/aether_interfaces/local/lib/python3.10/dist-packages/aether_interfaces/msg/_deconfliction_warning.py
[0.220s] -- Up-to-date: /home/valtec/aether/aether_ws/install/aether_interfaces/local/lib/python3.10/dist-packages/aether_interfaces/msg/_calibration_status_s.c
[0.220s] -- Up-to-date: /home/valtec/aether/aether_ws/install/aether_interfaces/local/lib/python3.10/dist-packages/aether_interfaces/msg/_calibration_status.py
[0.220s] -- Up-to-date: /home/valtec/aether/aether_ws/install/aether_interfaces/local/lib/python3.10/dist-packages/aether_interfaces/msg/_fleet_state.py
[0.220s] -- Up-to-date: /home/valtec/aether/aether_ws/install/aether_interfaces/local/lib/python3.10/dist-packages/aether_interfaces/msg/_fleet_state_s.c
[0.220s] -- Up-to-date: /home/valtec/aether/aether_ws/install/aether_interfaces/local/lib/python3.10/dist-packages/aether_interfaces/msg/_deconfliction_warning_s.c
[0.220s] -- Up-to-date: /home/valtec/aether/aether_ws/install/aether_interfaces/local/lib/python3.10/dist-packages/aether_interfaces/aether_interfaces_s__rosidl_typesupport_fastrtps_c.cpython-310-x86_64-linux-gnu.so
[0.220s] -- Up-to-date: /home/valtec/aether/aether_ws/install/aether_interfaces/local/lib/python3.10/dist-packages/aether_interfaces/_aether_interfaces_s.ep.rosidl_typesupport_c.c
[0.220s] -- Up-to-date: /home/valtec/aether/aether_ws/install/aether_interfaces/local/lib/python3.10/dist-packages/aether_interfaces/libaether_interfaces__rosidl_generator_py.so
[0.238s] Listing '/home/valtec/aether/aether_ws/install/aether_interfaces/local/lib/python3.10/dist-packages/aether_interfaces'...
[0.238s] Listing '/home/valtec/aether/aether_ws/install/aether_interfaces/local/lib/python3.10/dist-packages/aether_interfaces/msg'...
[0.238s] Listing '/home/valtec/aether/aether_ws/install/aether_interfaces/local/lib/python3.10/dist-packages/aether_interfaces/srv'...
[0.241s] -- Up-to-date: /home/valtec/aether/aether_ws/install/aether_interfaces/local/lib/python3.10/dist-packages/aether_interfaces/aether_interfaces_s__rosidl_typesupport_fastrtps_c.cpython-310-x86_64-linux-gnu.so
[0.241s] -- Up-to-date: /home/valtec/aether/aether_ws/install/aether_interfaces/local/lib/python3.10/dist-packages/aether_interfaces/aether_interfaces_s__rosidl_typesupport_introspection_c.cpython-310-x86_64-linux-gnu.so
[0.241s] -- Up-to-date: /home/valtec/aether/aether_ws/install/aether_interfaces/local/lib/python3.10/dist-packages/aether_interfaces/aether_interfaces_s__rosidl_typesupport_c.cpython-310-x86_64-linux-gnu.so
[0.241s] -- Up-to-date: /home/valtec/aether/aether_ws/install/aether_interfaces/lib/libaether_interfaces__rosidl_generator_py.so
[0.242s] -- Up-to-date: /home/valtec/aether/aether_ws/install/aether_interfaces/share/aether_interfaces/srv/UploadMission.idl
[0.242s] -- Up-to-date: /home/valtec/aether/aether_ws/install/aether_interfaces/share/aether_interfaces/msg/DroneState.idl
[0.242s] -- Up-to-date: /home/valtec/aether/aether_ws/install/aether_interfaces/share/aether_interfaces/msg/FleetState.idl
[0.242s] -- Up-to-date: /home/valtec/aether/aether_ws/install/aether_interfaces/share/aether_interfaces/srv/StartCalibration.idl
[0.242s] -- Up-to-date: /home/valtec/aether/aether_ws/install/aether_interfaces/share/aether_interfaces/msg/CalibrationStatus.idl
[0.242s] -- Up-to-date: /home/valtec/aether/aether_ws/install/aether_interfaces/share/aether_interfaces/msg/DeconflictionWarning.idl
[0.242s] -- Up-to-date: /home/valtec/aether/aether_ws/install/aether_interfaces/share/aether_interfaces/srv/UploadMission.srv
[0.242s] -- Up-to-date: /home/valtec/aether/aether_ws/install/aether_interfaces/share/aether_interfaces/srv/UploadMission_Request.msg
[0.242s] -- Up-to-date: /home/valtec/aether/aether_ws/install/aether_interfaces/share/aether_interfaces/srv/UploadMission_Response.msg
[0.242s] -- Up-to-date: /home/valtec/aether/aether_ws/install/aether_interfaces/share/aether_interfaces/msg/DroneState.msg
[0.242s] -- Up-to-date: /home/valtec/aether/aether_ws/install/aether_interfaces/share/aether_interfaces/msg/FleetState.msg
[0.242s] -- Up-to-date: /home/valtec/aether/aether_ws/install/aether_interfaces/share/aether_interfaces/srv/StartCalibration.srv
[0.242s] -- Up-to-date: /home/valtec/aether/aether_ws/install/aether_interfaces/share/aether_interfaces/srv/StartCalibration_Request.msg
[0.242s] -- Up-to-date: /home/valtec/aether/aether_ws/install/aether_interfaces/share/aether_interfaces/srv/StartCalibration_Response.msg
[0.242s] -- Up-to-date: /home/valtec/aether/aether_ws/install/aether_interfaces/share/aether_interfaces/msg/CalibrationStatus.msg
[0.242s] -- Up-to-date: /home/valtec/aether/aether_ws/install/aether_interfaces/share/aether_interfaces/msg/DeconflictionWarning.msg
[0.242s] -- Up-to-date: /home/valtec/aether/aether_ws/install/aether_interfaces/share/ament_index/resource_index/package_run_dependencies/aether_interfaces
[0.242s] -- Up-to-date: /home/valtec/aether/aether_ws/install/aether_interfaces/share/ament_index/resource_index/parent_prefix_path/aether_interfaces
[0.242s] -- Up-to-date: /home/valtec/aether/aether_ws/install/aether_interfaces/share/aether_interfaces/environment/ament_prefix_path.sh
[0.242s] -- Up-to-date: /home/valtec/aether/aether_ws/install/aether_interfaces/share/aether_interfaces/environment/ament_prefix_path.dsv
[0.242s] -- Up-to-date: /home/valtec/aether/aether_ws/install/aether_interfaces/share/aether_interfaces/environment/path.sh
[0.242s] -- Up-to-date: /home/valtec/aether/aether_ws/install/aether_interfaces/share/aether_interfaces/environment/path.dsv
[0.242s] -- Up-to-date: /home/valtec/aether/aether_ws/install/aether_interfaces/share/aether_interfaces/local_setup.bash
[0.242s] -- Up-to-date: /home/valtec/aether/aether_ws/install/aether_interfaces/share/aether_interfaces/local_setup.sh
[0.242s] -- Up-to-date: /home/valtec/aether/aether_ws/install/aether_interfaces/share/aether_interfaces/local_setup.zsh
[0.242s] -- Up-to-date: /home/valtec/aether/aether_ws/install/aether_interfaces/share/aether_interfaces/local_setup.dsv
[0.243s] -- Installing: /home/valtec/aether/aether_ws/install/aether_interfaces/share/aether_interfaces/package.dsv
[0.243s] -- Up-to-date: /home/valtec/aether/aether_ws/install/aether_interfaces/share/ament_index/resource_index/packages/aether_interfaces
[0.243s] -- Up-to-date: /home/valtec/aether/aether_ws/install/aether_interfaces/share/aether_interfaces/cmake/export_aether_interfaces__rosidl_generator_cExport.cmake
[0.243s] -- Up-to-date: /home/valtec/aether/aether_ws/install/aether_interfaces/share/aether_interfaces/cmake/export_aether_interfaces__rosidl_generator_cExport-noconfig.cmake
[0.243s] -- Up-to-date: /home/valtec/aether/aether_ws/install/aether_interfaces/share/aether_interfaces/cmake/export_aether_interfaces__rosidl_typesupport_fastrtps_cExport.cmake
[0.243s] -- Up-to-date: /home/valtec/aether/aether_ws/install/aether_interfaces/share/aether_interfaces/cmake/export_aether_interfaces__rosidl_typesupport_fastrtps_cExport-noconfig.cmake
[0.243s] -- Up-to-date: /home/valtec/aether/aether_ws/install/aether_interfaces/share/aether_interfaces/cmake/aether_interfaces__rosidl_typesupport_introspection_cExport.cmake
[0.243s] -- Up-to-date: /home/valtec/aether/aether_ws/install/aether_interfaces/share/aether_interfaces/cmake/aether_interfaces__rosidl_typesupport_introspection_cExport-noconfig.cmake
[0.243s] -- Up-to-date: /home/valtec/aether/aether_ws/install/aether_interfaces/share/aether_interfaces/cmake/aether_interfaces__rosidl_typesupport_cExport.cmake
[0.243s] -- Up-to-date: /home/valtec/aether/aether_ws/install/aether_interfaces/share/aether_interfaces/cmake/aether_interfaces__rosidl_typesupport_cExport-noconfig.cmake
[0.243s] -- Up-to-date: /home/valtec/aether/aether_ws/install/aether_interfaces/share/aether_interfaces/cmake/export_aether_interfaces__rosidl_generator_cppExport.cmake
[0.243s] -- Up-to-date: /home/valtec/aether/aether_ws/install/aether_interfaces/share/aether_interfaces/cmake/export_aether_interfaces__rosidl_typesupport_fastrtps_cppExport.cmake
[0.243s] -- Up-to-date: /home/valtec/aether/aether_ws/install/aether_interfaces/share/aether_interfaces/cmake/export_aether_interfaces__rosidl_typesupport_fastrtps_cppExport-noconfig.cmake
[0.243s] -- Up-to-date: /home/valtec/aether/aether_ws/install/aether_interfaces/share/aether_interfaces/cmake/aether_interfaces__rosidl_typesupport_introspection_cppExport.cmake
[0.243s] -- Up-to-date: /home/valtec/aether/aether_ws/install/aether_interfaces/share/aether_interfaces/cmake/aether_interfaces__rosidl_typesupport_introspection_cppExport-noconfig.cmake
[0.243s] -- Up-to-date: /home/valtec/aether/aether_ws/install/aether_interfaces/share/aether_interfaces/cmake/aether_interfaces__rosidl_typesupport_cppExport.cmake
[0.243s] -- Up-to-date: /home/valtec/aether/aether_ws/install/aether_interfaces/share/aether_interfaces/cmake/aether_interfaces__rosidl_typesupport_cppExport-noconfig.cmake
[0.243s] -- Up-to-date: /home/valtec/aether/aether_ws/install/aether_interfaces/share/aether_interfaces/cmake/export_aether_interfaces__rosidl_generator_pyExport.cmake
[0.243s] -- Up-to-date: /home/valtec/aether/aether_ws/install/aether_interfaces/share/aether_interfaces/cmake/export_aether_interfaces__rosidl_generator_pyExport-noconfig.cmake
[0.243s] -- Up-to-date: /home/valtec/aether/aether_ws/install/aether_interfaces/share/aether_interfaces/cmake/rosidl_cmake-extras.cmake
[0.243s] -- Up-to-date: /home/valtec/aether/aether_ws/install/aether_interfaces/share/aether_interfaces/cmake/ament_cmake_export_dependencies-extras.cmake
[0.243s] -- Up-to-date: /home/valtec/aether/aether_ws/install/aether_interfaces/share/aether_interfaces/cmake/ament_cmake_export_include_directories-extras.cmake
[0.243s] -- Up-to-date: /home/valtec/aether/aether_ws/install/aether_interfaces/share/aether_interfaces/cmake/ament_cmake_export_libraries-extras.cmake
[0.243s] -- Up-to-date: /home/valtec/aether/aether_ws/install/aether_interfaces/share/aether_interfaces/cmake/ament_cmake_export_targets-extras.cmake
[0.243s] -- Up-to-date: /home/valtec/aether/aether_ws/install/aether_interfaces/share/aether_interfaces/cmake/rosidl_cmake_export_typesupport_targets-extras.cmake
[0.243s] -- Up-to-date: /home/valtec/aether/aether_ws/install/aether_interfaces/share/aether_interfaces/cmake/rosidl_cmake_export_typesupport_libraries-extras.cmake
[0.243s] -- Up-to-date: /home/valtec/aether/aether_ws/install/aether_interfaces/share/aether_interfaces/cmake/aether_interfacesConfig.cmake
[0.243s] -- Up-to-date: /home/valtec/aether/aether_ws/install/aether_interfaces/share/aether_interfaces/cmake/aether_interfacesConfig-version.cmake
[0.243s] -- Up-to-date: /home/valtec/aether/aether_ws/install/aether_interfaces/share/aether_interfaces/package.xml
[0.245s] Invoked command in '/home/valtec/aether/aether_ws/build/aether_interfaces' returned '0': /usr/bin/cmake --install /home/valtec/aether/aether_ws/build/aether_interfaces
