[0.482s] Invoking command in '/home/valtec/aether/aether_ws/src/aether_gcs_backend': CMAKE_PREFIX_PATH=/home/valtec/aether/aether_ws/install/aether_interfaces:/home/valtec/aether/aether_ws/install/valtec_onboard_intelligence:/home/valtec/aether/aether_ws/install/aether_gcs_logic_cpp PYTHONPATH=/home/valtec/aether/aether_ws/build/aether_gcs_backend/prefix_override:/usr/lib/python3/dist-packages/colcon_core/task/python/colcon_distutils_commands:/home/valtec/aether/aether_ws/install/aether_gcs_backend/lib/python3.10/site-packages:/home/valtec/aether/aether_ws/install/aether_interfaces/lib/python3.10/site-packages:/home/valtec/aether/aether_ws/install/aether_gcs_ui/lib/python3.10/site-packages:/home/valtec/aether/aether_ws/install/aether_gcs_backend/lib/python3.10/site-packages:/opt/ros/humble/lib/python3.10/site-packages:/opt/ros/humble/local/lib/python3.10/dist-packages VIRTUAL_ENV_PROMPT=(.venv) /usr/bin/python3 -W ignore:setup.py install is deprecated -W ignore:easy_install command is deprecated setup.py egg_info --egg-base ../../build/aether_gcs_backend build --build-base /home/valtec/aether/aether_ws/build/aether_gcs_backend/build install --record /home/valtec/aether/aether_ws/build/aether_gcs_backend/install.log --single-version-externally-managed install_data
[0.599s] running egg_info
[0.599s] writing ../../build/aether_gcs_backend/aether_gcs_backend.egg-info/PKG-INFO
[0.599s] writing dependency_links to ../../build/aether_gcs_backend/aether_gcs_backend.egg-info/dependency_links.txt
[0.599s] writing entry points to ../../build/aether_gcs_backend/aether_gcs_backend.egg-info/entry_points.txt
[0.599s] writing requirements to ../../build/aether_gcs_backend/aether_gcs_backend.egg-info/requires.txt
[0.599s] writing top-level names to ../../build/aether_gcs_backend/aether_gcs_backend.egg-info/top_level.txt
[0.601s] reading manifest file '../../build/aether_gcs_backend/aether_gcs_backend.egg-info/SOURCES.txt'
[0.601s] writing manifest file '../../build/aether_gcs_backend/aether_gcs_backend.egg-info/SOURCES.txt'
[0.601s] running build
[0.601s] running build_py
[0.601s] copying aether_gcs_backend/swarm_coordinator_node.py -> /home/valtec/aether/aether_ws/build/aether_gcs_backend/build/lib/aether_gcs_backend
[0.602s] running install
[0.602s] running install_lib
[0.603s] copying /home/valtec/aether/aether_ws/build/aether_gcs_backend/build/lib/aether_gcs_backend/swarm_coordinator_node.py -> /home/valtec/aether/aether_ws/install/aether_gcs_backend/lib/python3.10/site-packages/aether_gcs_backend
[0.603s] byte-compiling /home/valtec/aether/aether_ws/install/aether_gcs_backend/lib/python3.10/site-packages/aether_gcs_backend/swarm_coordinator_node.py to swarm_coordinator_node.cpython-310.pyc
[0.604s] running install_data
[0.604s] copying launch/gcs_backend.launch.py -> /home/valtec/aether/aether_ws/install/aether_gcs_backend/share/aether_gcs_backend/launch
[0.604s] running install_egg_info
[0.606s] removing '/home/valtec/aether/aether_ws/install/aether_gcs_backend/lib/python3.10/site-packages/aether_gcs_backend-0.0.1-py3.10.egg-info' (and everything under it)
[0.606s] Copying ../../build/aether_gcs_backend/aether_gcs_backend.egg-info to /home/valtec/aether/aether_ws/install/aether_gcs_backend/lib/python3.10/site-packages/aether_gcs_backend-0.0.1-py3.10.egg-info
[0.606s] running install_scripts
[0.618s] Installing calibration_manager script to /home/valtec/aether/aether_ws/install/aether_gcs_backend/lib/aether_gcs_backend
[0.618s] Installing fleet_manager script to /home/valtec/aether/aether_ws/install/aether_gcs_backend/lib/aether_gcs_backend
[0.618s] Installing mission_planner script to /home/valtec/aether/aether_ws/install/aether_gcs_backend/lib/aether_gcs_backend
[0.618s] Installing swarm_coordinator script to /home/valtec/aether/aether_ws/install/aether_gcs_backend/lib/aether_gcs_backend
[0.618s] writing list of installed files to '/home/valtec/aether/aether_ws/build/aether_gcs_backend/install.log'
[0.635s] Invoked command in '/home/valtec/aether/aether_ws/src/aether_gcs_backend' returned '0': CMAKE_PREFIX_PATH=/home/valtec/aether/aether_ws/install/aether_interfaces:/home/valtec/aether/aether_ws/install/valtec_onboard_intelligence:/home/valtec/aether/aether_ws/install/aether_gcs_logic_cpp PYTHONPATH=/home/valtec/aether/aether_ws/build/aether_gcs_backend/prefix_override:/usr/lib/python3/dist-packages/colcon_core/task/python/colcon_distutils_commands:/home/valtec/aether/aether_ws/install/aether_gcs_backend/lib/python3.10/site-packages:/home/valtec/aether/aether_ws/install/aether_interfaces/lib/python3.10/site-packages:/home/valtec/aether/aether_ws/install/aether_gcs_ui/lib/python3.10/site-packages:/home/valtec/aether/aether_ws/install/aether_gcs_backend/lib/python3.10/site-packages:/opt/ros/humble/lib/python3.10/site-packages:/opt/ros/humble/local/lib/python3.10/dist-packages VIRTUAL_ENV_PROMPT=(.venv) /usr/bin/python3 -W ignore:setup.py install is deprecated -W ignore:easy_install command is deprecated setup.py egg_info --egg-base ../../build/aether_gcs_backend build --build-base /home/valtec/aether/aether_ws/build/aether_gcs_backend/build install --record /home/valtec/aether/aether_ws/build/aether_gcs_backend/install.log --single-version-externally-managed install_data
