[0.408s] Invoking command in '/home/valtec/aether/aether_ws/src/aether_gcs_backend': PYTHONPATH=/home/valtec/aether/aether_ws/build/aether_gcs_backend/prefix_override:/usr/lib/python3/dist-packages/colcon_core/task/python/colcon_distutils_commands:/home/valtec/aether/aether_ws/install/aether_gcs_backend/lib/python3.10/site-packages:${PYTHONPATH} VIRTUAL_ENV_PROMPT=(.venv) /usr/bin/python3 -W ignore:setup.py install is deprecated -W ignore:easy_install command is deprecated setup.py egg_info --egg-base ../../build/aether_gcs_backend build --build-base /home/valtec/aether/aether_ws/build/aether_gcs_backend/build install --record /home/valtec/aether/aether_ws/build/aether_gcs_backend/install.log --single-version-externally-managed install_data
[0.523s] running egg_info
[0.523s] writing ../../build/aether_gcs_backend/aether_gcs_backend.egg-info/PKG-INFO
[0.523s] writing dependency_links to ../../build/aether_gcs_backend/aether_gcs_backend.egg-info/dependency_links.txt
[0.523s] writing entry points to ../../build/aether_gcs_backend/aether_gcs_backend.egg-info/entry_points.txt
[0.523s] writing requirements to ../../build/aether_gcs_backend/aether_gcs_backend.egg-info/requires.txt
[0.523s] writing top-level names to ../../build/aether_gcs_backend/aether_gcs_backend.egg-info/top_level.txt
[0.524s] reading manifest file '../../build/aether_gcs_backend/aether_gcs_backend.egg-info/SOURCES.txt'
[0.524s] writing manifest file '../../build/aether_gcs_backend/aether_gcs_backend.egg-info/SOURCES.txt'
[0.525s] running build
[0.525s] running build_py
[0.525s] copying aether_gcs_backend/mission_planner_node.py -> /home/valtec/aether/aether_ws/build/aether_gcs_backend/build/lib/aether_gcs_backend
[0.525s] copying aether_gcs_backend/fleet_manager_node.py -> /home/valtec/aether/aether_ws/build/aether_gcs_backend/build/lib/aether_gcs_backend
[0.525s] running install
[0.525s] running install_lib
[0.525s] copying /home/valtec/aether/aether_ws/build/aether_gcs_backend/build/lib/aether_gcs_backend/mission_planner_node.py -> /home/valtec/aether/aether_ws/install/aether_gcs_backend/lib/python3.10/site-packages/aether_gcs_backend
[0.525s] copying /home/valtec/aether/aether_ws/build/aether_gcs_backend/build/lib/aether_gcs_backend/fleet_manager_node.py -> /home/valtec/aether/aether_ws/install/aether_gcs_backend/lib/python3.10/site-packages/aether_gcs_backend
[0.526s] byte-compiling /home/valtec/aether/aether_ws/install/aether_gcs_backend/lib/python3.10/site-packages/aether_gcs_backend/mission_planner_node.py to mission_planner_node.cpython-310.pyc
[0.526s] byte-compiling /home/valtec/aether/aether_ws/install/aether_gcs_backend/lib/python3.10/site-packages/aether_gcs_backend/fleet_manager_node.py to fleet_manager_node.cpython-310.pyc
[0.526s] running install_data
[0.526s] running install_egg_info
[0.527s] removing '/home/valtec/aether/aether_ws/install/aether_gcs_backend/lib/python3.10/site-packages/aether_gcs_backend-0.0.0-py3.10.egg-info' (and everything under it)
[0.527s] Copying ../../build/aether_gcs_backend/aether_gcs_backend.egg-info to /home/valtec/aether/aether_ws/install/aether_gcs_backend/lib/python3.10/site-packages/aether_gcs_backend-0.0.0-py3.10.egg-info
[0.527s] running install_scripts
[0.539s] Installing fleet_manager script to /home/valtec/aether/aether_ws/install/aether_gcs_backend/lib/aether_gcs_backend
[0.539s] Installing mission_planner script to /home/valtec/aether/aether_ws/install/aether_gcs_backend/lib/aether_gcs_backend
[0.539s] writing list of installed files to '/home/valtec/aether/aether_ws/build/aether_gcs_backend/install.log'
[0.558s] Invoked command in '/home/valtec/aether/aether_ws/src/aether_gcs_backend' returned '0': PYTHONPATH=/home/valtec/aether/aether_ws/build/aether_gcs_backend/prefix_override:/usr/lib/python3/dist-packages/colcon_core/task/python/colcon_distutils_commands:/home/valtec/aether/aether_ws/install/aether_gcs_backend/lib/python3.10/site-packages:${PYTHONPATH} VIRTUAL_ENV_PROMPT=(.venv) /usr/bin/python3 -W ignore:setup.py install is deprecated -W ignore:easy_install command is deprecated setup.py egg_info --egg-base ../../build/aether_gcs_backend build --build-base /home/valtec/aether/aether_ws/build/aether_gcs_backend/build install --record /home/valtec/aether/aether_ws/build/aether_gcs_backend/install.log --single-version-externally-managed install_data
