[  1%] Built target aether_interfaces__cpp
[ 12%] Built target aether_interfaces__rosidl_generator_c
[ 12%] Built target ament_cmake_python_copy_aether_interfaces
[ 23%] Built target aether_interfaces__rosidl_typesupport_cpp
[ 35%] Built target aether_interfaces__rosidl_typesupport_introspection_c
[ 46%] Built target aether_interfaces__rosidl_typesupport_fastrtps_c
[ 57%] Built target aether_interfaces__rosidl_typesupport_introspection_cpp
[ 69%] Built target aether_interfaces__rosidl_typesupport_c
[ 80%] Built target aether_interfaces__rosidl_typesupport_fastrtps_cpp
[ 80%] Built target aether_interfaces
[ 81%] Built target aether_interfaces__py
[ 91%] Built target aether_interfaces__rosidl_generator_py
[ 94%] Built target aether_interfaces__rosidl_typesupport_introspection_c__pyext
[ 97%] Built target aether_interfaces__rosidl_typesupport_c__pyext
[100%] Built target aether_interfaces__rosidl_typesupport_fastrtps_c__pyext
running egg_info
writing aether_interfaces.egg-info/PKG-INFO
writing dependency_links to aether_interfaces.egg-info/dependency_links.txt
writing top-level names to aether_interfaces.egg-info/top_level.txt
reading manifest file 'aether_interfaces.egg-info/SOURCES.txt'
writing manifest file 'aether_interfaces.egg-info/SOURCES.txt'
[100%] Built target ament_cmake_python_build_aether_interfaces_egg
-- Install configuration: ""
-- Up-to-date: /home/valtec/aether/aether_ws/install/aether_interfaces/share/ament_index/resource_index/rosidl_interfaces/aether_interfaces
-- Up-to-date: /home/valtec/aether/aether_ws/install/aether_interfaces/include/aether_interfaces/aether_interfaces
-- Up-to-date: /home/valtec/aether/aether_ws/install/aether_interfaces/include/aether_interfaces/aether_interfaces/srv
-- Up-to-date: /home/valtec/aether/aether_ws/install/aether_interfaces/include/aether_interfaces/aether_interfaces/srv/upload_mission.h
-- Up-to-date: /home/valtec/aether/aether_ws/install/aether_interfaces/include/aether_interfaces/aether_interfaces/srv/start_calibration.h
-- Up-to-date: /home/valtec/aether/aether_ws/install/aether_interfaces/include/aether_interfaces/aether_interfaces/srv/detail
-- Up-to-date: /home/valtec/aether/aether_ws/install/aether_interfaces/include/aether_interfaces/aether_interfaces/srv/detail/start_calibration__type_support.h
-- Up-to-date: /home/valtec/aether/aether_ws/install/aether_interfaces/include/aether_interfaces/aether_interfaces/srv/detail/upload_mission__functions.c
-- Up-to-date: /home/valtec/aether/aether_ws/install/aether_interfaces/include/aether_interfaces/aether_interfaces/srv/detail/start_calibration__functions.h
-- Up-to-date: /home/valtec/aether/aether_ws/install/aether_interfaces/include/aether_interfaces/aether_interfaces/srv/detail/start_calibration__functions.c
-- Up-to-date: /home/valtec/aether/aether_ws/install/aether_interfaces/include/aether_interfaces/aether_interfaces/srv/detail/upload_mission__type_support.h
-- Up-to-date: /home/valtec/aether/aether_ws/install/aether_interfaces/include/aether_interfaces/aether_interfaces/srv/detail/upload_mission__struct.h
-- Up-to-date: /home/valtec/aether/aether_ws/install/aether_interfaces/include/aether_interfaces/aether_interfaces/srv/detail/start_calibration__struct.h
-- Up-to-date: /home/valtec/aether/aether_ws/install/aether_interfaces/include/aether_interfaces/aether_interfaces/srv/detail/upload_mission__functions.h
-- Up-to-date: /home/valtec/aether/aether_ws/install/aether_interfaces/include/aether_interfaces/aether_interfaces/msg
-- Up-to-date: /home/valtec/aether/aether_ws/install/aether_interfaces/include/aether_interfaces/aether_interfaces/msg/fleet_state.h
-- Up-to-date: /home/valtec/aether/aether_ws/install/aether_interfaces/include/aether_interfaces/aether_interfaces/msg/rosidl_generator_c__visibility_control.h
-- Up-to-date: /home/valtec/aether/aether_ws/install/aether_interfaces/include/aether_interfaces/aether_interfaces/msg/drone_state.h
-- Up-to-date: /home/valtec/aether/aether_ws/install/aether_interfaces/include/aether_interfaces/aether_interfaces/msg/calibration_status.h
-- Up-to-date: /home/valtec/aether/aether_ws/install/aether_interfaces/include/aether_interfaces/aether_interfaces/msg/detail
-- Up-to-date: /home/valtec/aether/aether_ws/install/aether_interfaces/include/aether_interfaces/aether_interfaces/msg/detail/deconfliction_warning__functions.h
-- Up-to-date: /home/valtec/aether/aether_ws/install/aether_interfaces/include/aether_interfaces/aether_interfaces/msg/detail/fleet_state__struct.h
-- Up-to-date: /home/valtec/aether/aether_ws/install/aether_interfaces/include/aether_interfaces/aether_interfaces/msg/detail/drone_state__functions.h
-- Up-to-date: /home/valtec/aether/aether_ws/install/aether_interfaces/include/aether_interfaces/aether_interfaces/msg/detail/calibration_status__functions.h
-- Up-to-date: /home/valtec/aether/aether_ws/install/aether_interfaces/include/aether_interfaces/aether_interfaces/msg/detail/drone_state__type_support.h
-- Up-to-date: /home/valtec/aether/aether_ws/install/aether_interfaces/include/aether_interfaces/aether_interfaces/msg/detail/drone_state__functions.c
-- Up-to-date: /home/valtec/aether/aether_ws/install/aether_interfaces/include/aether_interfaces/aether_interfaces/msg/detail/calibration_status__functions.c
-- Up-to-date: /home/valtec/aether/aether_ws/install/aether_interfaces/include/aether_interfaces/aether_interfaces/msg/detail/deconfliction_warning__functions.c
-- Up-to-date: /home/valtec/aether/aether_ws/install/aether_interfaces/include/aether_interfaces/aether_interfaces/msg/detail/fleet_state__functions.h
-- Up-to-date: /home/valtec/aether/aether_ws/install/aether_interfaces/include/aether_interfaces/aether_interfaces/msg/detail/calibration_status__type_support.h
-- Up-to-date: /home/valtec/aether/aether_ws/install/aether_interfaces/include/aether_interfaces/aether_interfaces/msg/detail/deconfliction_warning__type_support.h
-- Up-to-date: /home/valtec/aether/aether_ws/install/aether_interfaces/include/aether_interfaces/aether_interfaces/msg/detail/fleet_state__type_support.h
-- Up-to-date: /home/valtec/aether/aether_ws/install/aether_interfaces/include/aether_interfaces/aether_interfaces/msg/detail/fleet_state__functions.c
-- Up-to-date: /home/valtec/aether/aether_ws/install/aether_interfaces/include/aether_interfaces/aether_interfaces/msg/detail/calibration_status__struct.h
-- Up-to-date: /home/valtec/aether/aether_ws/install/aether_interfaces/include/aether_interfaces/aether_interfaces/msg/detail/drone_state__struct.h
-- Up-to-date: /home/valtec/aether/aether_ws/install/aether_interfaces/include/aether_interfaces/aether_interfaces/msg/detail/deconfliction_warning__struct.h
-- Up-to-date: /home/valtec/aether/aether_ws/install/aether_interfaces/include/aether_interfaces/aether_interfaces/msg/deconfliction_warning.h
-- Up-to-date: /home/valtec/aether/aether_ws/install/aether_interfaces/share/aether_interfaces/environment/library_path.sh
-- Up-to-date: /home/valtec/aether/aether_ws/install/aether_interfaces/share/aether_interfaces/environment/library_path.dsv
-- Up-to-date: /home/valtec/aether/aether_ws/install/aether_interfaces/lib/libaether_interfaces__rosidl_generator_c.so
-- Up-to-date: /home/valtec/aether/aether_ws/install/aether_interfaces/include/aether_interfaces/aether_interfaces
-- Up-to-date: /home/valtec/aether/aether_ws/install/aether_interfaces/include/aether_interfaces/aether_interfaces/srv
-- Up-to-date: /home/valtec/aether/aether_ws/install/aether_interfaces/include/aether_interfaces/aether_interfaces/srv/detail
-- Up-to-date: /home/valtec/aether/aether_ws/install/aether_interfaces/include/aether_interfaces/aether_interfaces/srv/detail/upload_mission__rosidl_typesupport_fastrtps_c.h
-- Up-to-date: /home/valtec/aether/aether_ws/install/aether_interfaces/include/aether_interfaces/aether_interfaces/srv/detail/start_calibration__rosidl_typesupport_fastrtps_c.h
-- Up-to-date: /home/valtec/aether/aether_ws/install/aether_interfaces/include/aether_interfaces/aether_interfaces/msg
-- Up-to-date: /home/valtec/aether/aether_ws/install/aether_interfaces/include/aether_interfaces/aether_interfaces/msg/detail
-- Up-to-date: /home/valtec/aether/aether_ws/install/aether_interfaces/include/aether_interfaces/aether_interfaces/msg/detail/drone_state__rosidl_typesupport_fastrtps_c.h
-- Up-to-date: /home/valtec/aether/aether_ws/install/aether_interfaces/include/aether_interfaces/aether_interfaces/msg/detail/deconfliction_warning__rosidl_typesupport_fastrtps_c.h
-- Up-to-date: /home/valtec/aether/aether_ws/install/aether_interfaces/include/aether_interfaces/aether_interfaces/msg/detail/fleet_state__rosidl_typesupport_fastrtps_c.h
-- Up-to-date: /home/valtec/aether/aether_ws/install/aether_interfaces/include/aether_interfaces/aether_interfaces/msg/detail/calibration_status__rosidl_typesupport_fastrtps_c.h
-- Up-to-date: /home/valtec/aether/aether_ws/install/aether_interfaces/include/aether_interfaces/aether_interfaces/msg/rosidl_typesupport_fastrtps_c__visibility_control.h
-- Up-to-date: /home/valtec/aether/aether_ws/install/aether_interfaces/lib/libaether_interfaces__rosidl_typesupport_fastrtps_c.so
-- Up-to-date: /home/valtec/aether/aether_ws/install/aether_interfaces/include/aether_interfaces/aether_interfaces
-- Up-to-date: /home/valtec/aether/aether_ws/install/aether_interfaces/include/aether_interfaces/aether_interfaces/srv
-- Up-to-date: /home/valtec/aether/aether_ws/install/aether_interfaces/include/aether_interfaces/aether_interfaces/srv/detail
-- Up-to-date: /home/valtec/aether/aether_ws/install/aether_interfaces/include/aether_interfaces/aether_interfaces/srv/detail/start_calibration__rosidl_typesupport_introspection_c.h
-- Up-to-date: /home/valtec/aether/aether_ws/install/aether_interfaces/include/aether_interfaces/aether_interfaces/srv/detail/upload_mission__type_support.c
-- Up-to-date: /home/valtec/aether/aether_ws/install/aether_interfaces/include/aether_interfaces/aether_interfaces/srv/detail/upload_mission__rosidl_typesupport_introspection_c.h
-- Up-to-date: /home/valtec/aether/aether_ws/install/aether_interfaces/include/aether_interfaces/aether_interfaces/srv/detail/start_calibration__type_support.c
-- Up-to-date: /home/valtec/aether/aether_ws/install/aether_interfaces/include/aether_interfaces/aether_interfaces/msg
-- Up-to-date: /home/valtec/aether/aether_ws/install/aether_interfaces/include/aether_interfaces/aether_interfaces/msg/rosidl_typesupport_introspection_c__visibility_control.h
-- Up-to-date: /home/valtec/aether/aether_ws/install/aether_interfaces/include/aether_interfaces/aether_interfaces/msg/detail
-- Up-to-date: /home/valtec/aether/aether_ws/install/aether_interfaces/include/aether_interfaces/aether_interfaces/msg/detail/calibration_status__rosidl_typesupport_introspection_c.h
-- Up-to-date: /home/valtec/aether/aether_ws/install/aether_interfaces/include/aether_interfaces/aether_interfaces/msg/detail/deconfliction_warning__type_support.c
-- Up-to-date: /home/valtec/aether/aether_ws/install/aether_interfaces/include/aether_interfaces/aether_interfaces/msg/detail/drone_state__type_support.c
-- Up-to-date: /home/valtec/aether/aether_ws/install/aether_interfaces/include/aether_interfaces/aether_interfaces/msg/detail/drone_state__rosidl_typesupport_introspection_c.h
-- Up-to-date: /home/valtec/aether/aether_ws/install/aether_interfaces/include/aether_interfaces/aether_interfaces/msg/detail/deconfliction_warning__rosidl_typesupport_introspection_c.h
-- Up-to-date: /home/valtec/aether/aether_ws/install/aether_interfaces/include/aether_interfaces/aether_interfaces/msg/detail/calibration_status__type_support.c
-- Up-to-date: /home/valtec/aether/aether_ws/install/aether_interfaces/include/aether_interfaces/aether_interfaces/msg/detail/fleet_state__rosidl_typesupport_introspection_c.h
-- Up-to-date: /home/valtec/aether/aether_ws/install/aether_interfaces/include/aether_interfaces/aether_interfaces/msg/detail/fleet_state__type_support.c
-- Up-to-date: /home/valtec/aether/aether_ws/install/aether_interfaces/lib/libaether_interfaces__rosidl_typesupport_introspection_c.so
-- Up-to-date: /home/valtec/aether/aether_ws/install/aether_interfaces/lib/libaether_interfaces__rosidl_typesupport_c.so
-- Up-to-date: /home/valtec/aether/aether_ws/install/aether_interfaces/include/aether_interfaces/aether_interfaces
-- Up-to-date: /home/valtec/aether/aether_ws/install/aether_interfaces/include/aether_interfaces/aether_interfaces/srv
-- Up-to-date: /home/valtec/aether/aether_ws/install/aether_interfaces/include/aether_interfaces/aether_interfaces/srv/start_calibration.hpp
-- Up-to-date: /home/valtec/aether/aether_ws/install/aether_interfaces/include/aether_interfaces/aether_interfaces/srv/upload_mission.hpp
-- Up-to-date: /home/valtec/aether/aether_ws/install/aether_interfaces/include/aether_interfaces/aether_interfaces/srv/detail
-- Up-to-date: /home/valtec/aether/aether_ws/install/aether_interfaces/include/aether_interfaces/aether_interfaces/srv/detail/upload_mission__type_support.hpp
-- Up-to-date: /home/valtec/aether/aether_ws/install/aether_interfaces/include/aether_interfaces/aether_interfaces/srv/detail/upload_mission__builder.hpp
-- Up-to-date: /home/valtec/aether/aether_ws/install/aether_interfaces/include/aether_interfaces/aether_interfaces/srv/detail/start_calibration__traits.hpp
-- Up-to-date: /home/valtec/aether/aether_ws/install/aether_interfaces/include/aether_interfaces/aether_interfaces/srv/detail/upload_mission__struct.hpp
-- Up-to-date: /home/valtec/aether/aether_ws/install/aether_interfaces/include/aether_interfaces/aether_interfaces/srv/detail/upload_mission__traits.hpp
-- Up-to-date: /home/valtec/aether/aether_ws/install/aether_interfaces/include/aether_interfaces/aether_interfaces/srv/detail/start_calibration__builder.hpp
-- Up-to-date: /home/valtec/aether/aether_ws/install/aether_interfaces/include/aether_interfaces/aether_interfaces/srv/detail/start_calibration__struct.hpp
-- Up-to-date: /home/valtec/aether/aether_ws/install/aether_interfaces/include/aether_interfaces/aether_interfaces/srv/detail/start_calibration__type_support.hpp
-- Up-to-date: /home/valtec/aether/aether_ws/install/aether_interfaces/include/aether_interfaces/aether_interfaces/msg
-- Up-to-date: /home/valtec/aether/aether_ws/install/aether_interfaces/include/aether_interfaces/aether_interfaces/msg/deconfliction_warning.hpp
-- Up-to-date: /home/valtec/aether/aether_ws/install/aether_interfaces/include/aether_interfaces/aether_interfaces/msg/calibration_status.hpp
-- Up-to-date: /home/valtec/aether/aether_ws/install/aether_interfaces/include/aether_interfaces/aether_interfaces/msg/fleet_state.hpp
-- Up-to-date: /home/valtec/aether/aether_ws/install/aether_interfaces/include/aether_interfaces/aether_interfaces/msg/drone_state.hpp
-- Up-to-date: /home/valtec/aether/aether_ws/install/aether_interfaces/include/aether_interfaces/aether_interfaces/msg/detail
-- Up-to-date: /home/valtec/aether/aether_ws/install/aether_interfaces/include/aether_interfaces/aether_interfaces/msg/detail/fleet_state__struct.hpp
-- Up-to-date: /home/valtec/aether/aether_ws/install/aether_interfaces/include/aether_interfaces/aether_interfaces/msg/detail/deconfliction_warning__builder.hpp
-- Up-to-date: /home/valtec/aether/aether_ws/install/aether_interfaces/include/aether_interfaces/aether_interfaces/msg/detail/fleet_state__traits.hpp
-- Up-to-date: /home/valtec/aether/aether_ws/install/aether_interfaces/include/aether_interfaces/aether_interfaces/msg/detail/deconfliction_warning__type_support.hpp
-- Up-to-date: /home/valtec/aether/aether_ws/install/aether_interfaces/include/aether_interfaces/aether_interfaces/msg/detail/calibration_status__type_support.hpp
-- Up-to-date: /home/valtec/aether/aether_ws/install/aether_interfaces/include/aether_interfaces/aether_interfaces/msg/detail/fleet_state__builder.hpp
-- Up-to-date: /home/valtec/aether/aether_ws/install/aether_interfaces/include/aether_interfaces/aether_interfaces/msg/detail/drone_state__struct.hpp
-- Up-to-date: /home/valtec/aether/aether_ws/install/aether_interfaces/include/aether_interfaces/aether_interfaces/msg/detail/calibration_status__builder.hpp
-- Up-to-date: /home/valtec/aether/aether_ws/install/aether_interfaces/include/aether_interfaces/aether_interfaces/msg/detail/drone_state__type_support.hpp
-- Up-to-date: /home/valtec/aether/aether_ws/install/aether_interfaces/include/aether_interfaces/aether_interfaces/msg/detail/fleet_state__type_support.hpp
-- Up-to-date: /home/valtec/aether/aether_ws/install/aether_interfaces/include/aether_interfaces/aether_interfaces/msg/detail/calibration_status__struct.hpp
-- Up-to-date: /home/valtec/aether/aether_ws/install/aether_interfaces/include/aether_interfaces/aether_interfaces/msg/detail/deconfliction_warning__struct.hpp
-- Up-to-date: /home/valtec/aether/aether_ws/install/aether_interfaces/include/aether_interfaces/aether_interfaces/msg/detail/drone_state__traits.hpp
-- Up-to-date: /home/valtec/aether/aether_ws/install/aether_interfaces/include/aether_interfaces/aether_interfaces/msg/detail/deconfliction_warning__traits.hpp
-- Up-to-date: /home/valtec/aether/aether_ws/install/aether_interfaces/include/aether_interfaces/aether_interfaces/msg/detail/calibration_status__traits.hpp
-- Up-to-date: /home/valtec/aether/aether_ws/install/aether_interfaces/include/aether_interfaces/aether_interfaces/msg/detail/drone_state__builder.hpp
-- Up-to-date: /home/valtec/aether/aether_ws/install/aether_interfaces/include/aether_interfaces/aether_interfaces/msg/rosidl_generator_cpp__visibility_control.hpp
-- Up-to-date: /home/valtec/aether/aether_ws/install/aether_interfaces/include/aether_interfaces/aether_interfaces
-- Up-to-date: /home/valtec/aether/aether_ws/install/aether_interfaces/include/aether_interfaces/aether_interfaces/srv
-- Up-to-date: /home/valtec/aether/aether_ws/install/aether_interfaces/include/aether_interfaces/aether_interfaces/srv/detail
-- Up-to-date: /home/valtec/aether/aether_ws/install/aether_interfaces/include/aether_interfaces/aether_interfaces/srv/detail/start_calibration__rosidl_typesupport_fastrtps_cpp.hpp
-- Up-to-date: /home/valtec/aether/aether_ws/install/aether_interfaces/include/aether_interfaces/aether_interfaces/srv/detail/upload_mission__rosidl_typesupport_fastrtps_cpp.hpp
-- Up-to-date: /home/valtec/aether/aether_ws/install/aether_interfaces/include/aether_interfaces/aether_interfaces/srv/detail/dds_fastrtps
-- Up-to-date: /home/valtec/aether/aether_ws/install/aether_interfaces/include/aether_interfaces/aether_interfaces/msg
-- Up-to-date: /home/valtec/aether/aether_ws/install/aether_interfaces/include/aether_interfaces/aether_interfaces/msg/rosidl_typesupport_fastrtps_cpp__visibility_control.h
-- Up-to-date: /home/valtec/aether/aether_ws/install/aether_interfaces/include/aether_interfaces/aether_interfaces/msg/detail
-- Up-to-date: /home/valtec/aether/aether_ws/install/aether_interfaces/include/aether_interfaces/aether_interfaces/msg/detail/drone_state__rosidl_typesupport_fastrtps_cpp.hpp
-- Up-to-date: /home/valtec/aether/aether_ws/install/aether_interfaces/include/aether_interfaces/aether_interfaces/msg/detail/dds_fastrtps
-- Up-to-date: /home/valtec/aether/aether_ws/install/aether_interfaces/include/aether_interfaces/aether_interfaces/msg/detail/deconfliction_warning__rosidl_typesupport_fastrtps_cpp.hpp
-- Up-to-date: /home/valtec/aether/aether_ws/install/aether_interfaces/include/aether_interfaces/aether_interfaces/msg/detail/calibration_status__rosidl_typesupport_fastrtps_cpp.hpp
-- Up-to-date: /home/valtec/aether/aether_ws/install/aether_interfaces/include/aether_interfaces/aether_interfaces/msg/detail/fleet_state__rosidl_typesupport_fastrtps_cpp.hpp
-- Up-to-date: /home/valtec/aether/aether_ws/install/aether_interfaces/lib/libaether_interfaces__rosidl_typesupport_fastrtps_cpp.so
-- Up-to-date: /home/valtec/aether/aether_ws/install/aether_interfaces/include/aether_interfaces/aether_interfaces
-- Up-to-date: /home/valtec/aether/aether_ws/install/aether_interfaces/include/aether_interfaces/aether_interfaces/srv
-- Up-to-date: /home/valtec/aether/aether_ws/install/aether_interfaces/include/aether_interfaces/aether_interfaces/srv/detail
-- Up-to-date: /home/valtec/aether/aether_ws/install/aether_interfaces/include/aether_interfaces/aether_interfaces/srv/detail/start_calibration__type_support.cpp
-- Up-to-date: /home/valtec/aether/aether_ws/install/aether_interfaces/include/aether_interfaces/aether_interfaces/srv/detail/upload_mission__rosidl_typesupport_introspection_cpp.hpp
-- Up-to-date: /home/valtec/aether/aether_ws/install/aether_interfaces/include/aether_interfaces/aether_interfaces/srv/detail/start_calibration__rosidl_typesupport_introspection_cpp.hpp
-- Up-to-date: /home/valtec/aether/aether_ws/install/aether_interfaces/include/aether_interfaces/aether_interfaces/srv/detail/upload_mission__type_support.cpp
-- Up-to-date: /home/valtec/aether/aether_ws/install/aether_interfaces/include/aether_interfaces/aether_interfaces/msg
-- Up-to-date: /home/valtec/aether/aether_ws/install/aether_interfaces/include/aether_interfaces/aether_interfaces/msg/detail
-- Up-to-date: /home/valtec/aether/aether_ws/install/aether_interfaces/include/aether_interfaces/aether_interfaces/msg/detail/deconfliction_warning__type_support.cpp
-- Up-to-date: /home/valtec/aether/aether_ws/install/aether_interfaces/include/aether_interfaces/aether_interfaces/msg/detail/deconfliction_warning__rosidl_typesupport_introspection_cpp.hpp
-- Up-to-date: /home/valtec/aether/aether_ws/install/aether_interfaces/include/aether_interfaces/aether_interfaces/msg/detail/drone_state__rosidl_typesupport_introspection_cpp.hpp
-- Up-to-date: /home/valtec/aether/aether_ws/install/aether_interfaces/include/aether_interfaces/aether_interfaces/msg/detail/fleet_state__rosidl_typesupport_introspection_cpp.hpp
-- Up-to-date: /home/valtec/aether/aether_ws/install/aether_interfaces/include/aether_interfaces/aether_interfaces/msg/detail/calibration_status__type_support.cpp
-- Up-to-date: /home/valtec/aether/aether_ws/install/aether_interfaces/include/aether_interfaces/aether_interfaces/msg/detail/drone_state__type_support.cpp
-- Up-to-date: /home/valtec/aether/aether_ws/install/aether_interfaces/include/aether_interfaces/aether_interfaces/msg/detail/fleet_state__type_support.cpp
-- Up-to-date: /home/valtec/aether/aether_ws/install/aether_interfaces/include/aether_interfaces/aether_interfaces/msg/detail/calibration_status__rosidl_typesupport_introspection_cpp.hpp
-- Up-to-date: /home/valtec/aether/aether_ws/install/aether_interfaces/lib/libaether_interfaces__rosidl_typesupport_introspection_cpp.so
-- Up-to-date: /home/valtec/aether/aether_ws/install/aether_interfaces/lib/libaether_interfaces__rosidl_typesupport_cpp.so
-- Up-to-date: /home/valtec/aether/aether_ws/install/aether_interfaces/share/aether_interfaces/environment/pythonpath.sh
-- Up-to-date: /home/valtec/aether/aether_ws/install/aether_interfaces/share/aether_interfaces/environment/pythonpath.dsv
-- Up-to-date: /home/valtec/aether/aether_ws/install/aether_interfaces/lib/python3.10/site-packages/aether_interfaces-0.0.1-py3.10.egg-info
-- Installing: /home/valtec/aether/aether_ws/install/aether_interfaces/lib/python3.10/site-packages/aether_interfaces-0.0.1-py3.10.egg-info/SOURCES.txt
-- Installing: /home/valtec/aether/aether_ws/install/aether_interfaces/lib/python3.10/site-packages/aether_interfaces-0.0.1-py3.10.egg-info/PKG-INFO
-- Installing: /home/valtec/aether/aether_ws/install/aether_interfaces/lib/python3.10/site-packages/aether_interfaces-0.0.1-py3.10.egg-info/dependency_links.txt
-- Installing: /home/valtec/aether/aether_ws/install/aether_interfaces/lib/python3.10/site-packages/aether_interfaces-0.0.1-py3.10.egg-info/top_level.txt
-- Up-to-date: /home/valtec/aether/aether_ws/install/aether_interfaces/lib/python3.10/site-packages/aether_interfaces
-- Up-to-date: /home/valtec/aether/aether_ws/install/aether_interfaces/lib/python3.10/site-packages/aether_interfaces/__init__.py
-- Up-to-date: /home/valtec/aether/aether_ws/install/aether_interfaces/lib/python3.10/site-packages/aether_interfaces/aether_interfaces_s__rosidl_typesupport_c.cpython-310-x86_64-linux-gnu.so
-- Up-to-date: /home/valtec/aether/aether_ws/install/aether_interfaces/lib/python3.10/site-packages/aether_interfaces/aether_interfaces_s__rosidl_typesupport_introspection_c.cpython-310-x86_64-linux-gnu.so
-- Up-to-date: /home/valtec/aether/aether_ws/install/aether_interfaces/lib/python3.10/site-packages/aether_interfaces/_aether_interfaces_s.ep.rosidl_typesupport_fastrtps_c.c
-- Up-to-date: /home/valtec/aether/aether_ws/install/aether_interfaces/lib/python3.10/site-packages/aether_interfaces/_aether_interfaces_s.ep.rosidl_typesupport_introspection_c.c
-- Up-to-date: /home/valtec/aether/aether_ws/install/aether_interfaces/lib/python3.10/site-packages/aether_interfaces/srv
-- Up-to-date: /home/valtec/aether/aether_ws/install/aether_interfaces/lib/python3.10/site-packages/aether_interfaces/srv/__init__.py
-- Up-to-date: /home/valtec/aether/aether_ws/install/aether_interfaces/lib/python3.10/site-packages/aether_interfaces/srv/_upload_mission_s.c
-- Up-to-date: /home/valtec/aether/aether_ws/install/aether_interfaces/lib/python3.10/site-packages/aether_interfaces/srv/_upload_mission.py
-- Up-to-date: /home/valtec/aether/aether_ws/install/aether_interfaces/lib/python3.10/site-packages/aether_interfaces/srv/_start_calibration.py
-- Up-to-date: /home/valtec/aether/aether_ws/install/aether_interfaces/lib/python3.10/site-packages/aether_interfaces/srv/_start_calibration_s.c
-- Up-to-date: /home/valtec/aether/aether_ws/install/aether_interfaces/lib/python3.10/site-packages/aether_interfaces/msg
-- Up-to-date: /home/valtec/aether/aether_ws/install/aether_interfaces/lib/python3.10/site-packages/aether_interfaces/msg/__init__.py
-- Up-to-date: /home/valtec/aether/aether_ws/install/aether_interfaces/lib/python3.10/site-packages/aether_interfaces/msg/_drone_state.py
-- Up-to-date: /home/valtec/aether/aether_ws/install/aether_interfaces/lib/python3.10/site-packages/aether_interfaces/msg/_drone_state_s.c
-- Up-to-date: /home/valtec/aether/aether_ws/install/aether_interfaces/lib/python3.10/site-packages/aether_interfaces/msg/_deconfliction_warning.py
-- Up-to-date: /home/valtec/aether/aether_ws/install/aether_interfaces/lib/python3.10/site-packages/aether_interfaces/msg/_calibration_status_s.c
-- Up-to-date: /home/valtec/aether/aether_ws/install/aether_interfaces/lib/python3.10/site-packages/aether_interfaces/msg/_calibration_status.py
-- Up-to-date: /home/valtec/aether/aether_ws/install/aether_interfaces/lib/python3.10/site-packages/aether_interfaces/msg/_fleet_state.py
-- Up-to-date: /home/valtec/aether/aether_ws/install/aether_interfaces/lib/python3.10/site-packages/aether_interfaces/msg/_fleet_state_s.c
-- Up-to-date: /home/valtec/aether/aether_ws/install/aether_interfaces/lib/python3.10/site-packages/aether_interfaces/msg/_deconfliction_warning_s.c
-- Up-to-date: /home/valtec/aether/aether_ws/install/aether_interfaces/lib/python3.10/site-packages/aether_interfaces/aether_interfaces_s__rosidl_typesupport_fastrtps_c.cpython-310-x86_64-linux-gnu.so
-- Up-to-date: /home/valtec/aether/aether_ws/install/aether_interfaces/lib/python3.10/site-packages/aether_interfaces/_aether_interfaces_s.ep.rosidl_typesupport_c.c
-- Up-to-date: /home/valtec/aether/aether_ws/install/aether_interfaces/lib/python3.10/site-packages/aether_interfaces/libaether_interfaces__rosidl_generator_py.so
Listing '/home/valtec/aether/aether_ws/install/aether_interfaces/lib/python3.10/site-packages/aether_interfaces'...
Listing '/home/valtec/aether/aether_ws/install/aether_interfaces/lib/python3.10/site-packages/aether_interfaces/msg'...
Listing '/home/valtec/aether/aether_ws/install/aether_interfaces/lib/python3.10/site-packages/aether_interfaces/srv'...
-- Up-to-date: /home/valtec/aether/aether_ws/install/aether_interfaces/lib/python3.10/site-packages/aether_interfaces/aether_interfaces_s__rosidl_typesupport_fastrtps_c.cpython-310-x86_64-linux-gnu.so
-- Up-to-date: /home/valtec/aether/aether_ws/install/aether_interfaces/lib/python3.10/site-packages/aether_interfaces/aether_interfaces_s__rosidl_typesupport_introspection_c.cpython-310-x86_64-linux-gnu.so
-- Up-to-date: /home/valtec/aether/aether_ws/install/aether_interfaces/lib/python3.10/site-packages/aether_interfaces/aether_interfaces_s__rosidl_typesupport_c.cpython-310-x86_64-linux-gnu.so
-- Up-to-date: /home/valtec/aether/aether_ws/install/aether_interfaces/lib/libaether_interfaces__rosidl_generator_py.so
-- Up-to-date: /home/valtec/aether/aether_ws/install/aether_interfaces/share/aether_interfaces/srv/UploadMission.idl
-- Up-to-date: /home/valtec/aether/aether_ws/install/aether_interfaces/share/aether_interfaces/msg/DroneState.idl
-- Up-to-date: /home/valtec/aether/aether_ws/install/aether_interfaces/share/aether_interfaces/msg/FleetState.idl
-- Up-to-date: /home/valtec/aether/aether_ws/install/aether_interfaces/share/aether_interfaces/srv/StartCalibration.idl
-- Up-to-date: /home/valtec/aether/aether_ws/install/aether_interfaces/share/aether_interfaces/msg/CalibrationStatus.idl
-- Up-to-date: /home/valtec/aether/aether_ws/install/aether_interfaces/share/aether_interfaces/msg/DeconflictionWarning.idl
-- Up-to-date: /home/valtec/aether/aether_ws/install/aether_interfaces/share/aether_interfaces/srv/UploadMission.srv
-- Up-to-date: /home/valtec/aether/aether_ws/install/aether_interfaces/share/aether_interfaces/srv/UploadMission_Request.msg
-- Up-to-date: /home/valtec/aether/aether_ws/install/aether_interfaces/share/aether_interfaces/srv/UploadMission_Response.msg
-- Up-to-date: /home/valtec/aether/aether_ws/install/aether_interfaces/share/aether_interfaces/msg/DroneState.msg
-- Up-to-date: /home/valtec/aether/aether_ws/install/aether_interfaces/share/aether_interfaces/msg/FleetState.msg
-- Up-to-date: /home/valtec/aether/aether_ws/install/aether_interfaces/share/aether_interfaces/srv/StartCalibration.srv
-- Up-to-date: /home/valtec/aether/aether_ws/install/aether_interfaces/share/aether_interfaces/srv/StartCalibration_Request.msg
-- Up-to-date: /home/valtec/aether/aether_ws/install/aether_interfaces/share/aether_interfaces/srv/StartCalibration_Response.msg
-- Up-to-date: /home/valtec/aether/aether_ws/install/aether_interfaces/share/aether_interfaces/msg/CalibrationStatus.msg
-- Up-to-date: /home/valtec/aether/aether_ws/install/aether_interfaces/share/aether_interfaces/msg/DeconflictionWarning.msg
-- Up-to-date: /home/valtec/aether/aether_ws/install/aether_interfaces/share/ament_index/resource_index/package_run_dependencies/aether_interfaces
-- Up-to-date: /home/valtec/aether/aether_ws/install/aether_interfaces/share/ament_index/resource_index/parent_prefix_path/aether_interfaces
-- Up-to-date: /home/valtec/aether/aether_ws/install/aether_interfaces/share/aether_interfaces/environment/ament_prefix_path.sh
-- Up-to-date: /home/valtec/aether/aether_ws/install/aether_interfaces/share/aether_interfaces/environment/ament_prefix_path.dsv
-- Up-to-date: /home/valtec/aether/aether_ws/install/aether_interfaces/share/aether_interfaces/environment/path.sh
-- Up-to-date: /home/valtec/aether/aether_ws/install/aether_interfaces/share/aether_interfaces/environment/path.dsv
-- Up-to-date: /home/valtec/aether/aether_ws/install/aether_interfaces/share/aether_interfaces/local_setup.bash
-- Up-to-date: /home/valtec/aether/aether_ws/install/aether_interfaces/share/aether_interfaces/local_setup.sh
-- Up-to-date: /home/valtec/aether/aether_ws/install/aether_interfaces/share/aether_interfaces/local_setup.zsh
-- Up-to-date: /home/valtec/aether/aether_ws/install/aether_interfaces/share/aether_interfaces/local_setup.dsv
-- Installing: /home/valtec/aether/aether_ws/install/aether_interfaces/share/aether_interfaces/package.dsv
-- Up-to-date: /home/valtec/aether/aether_ws/install/aether_interfaces/share/ament_index/resource_index/packages/aether_interfaces
-- Up-to-date: /home/valtec/aether/aether_ws/install/aether_interfaces/share/aether_interfaces/cmake/export_aether_interfaces__rosidl_generator_cExport.cmake
-- Up-to-date: /home/valtec/aether/aether_ws/install/aether_interfaces/share/aether_interfaces/cmake/export_aether_interfaces__rosidl_generator_cExport-noconfig.cmake
-- Up-to-date: /home/valtec/aether/aether_ws/install/aether_interfaces/share/aether_interfaces/cmake/export_aether_interfaces__rosidl_typesupport_fastrtps_cExport.cmake
-- Up-to-date: /home/valtec/aether/aether_ws/install/aether_interfaces/share/aether_interfaces/cmake/export_aether_interfaces__rosidl_typesupport_fastrtps_cExport-noconfig.cmake
-- Up-to-date: /home/valtec/aether/aether_ws/install/aether_interfaces/share/aether_interfaces/cmake/aether_interfaces__rosidl_typesupport_introspection_cExport.cmake
-- Up-to-date: /home/valtec/aether/aether_ws/install/aether_interfaces/share/aether_interfaces/cmake/aether_interfaces__rosidl_typesupport_introspection_cExport-noconfig.cmake
-- Up-to-date: /home/valtec/aether/aether_ws/install/aether_interfaces/share/aether_interfaces/cmake/aether_interfaces__rosidl_typesupport_cExport.cmake
-- Up-to-date: /home/valtec/aether/aether_ws/install/aether_interfaces/share/aether_interfaces/cmake/aether_interfaces__rosidl_typesupport_cExport-noconfig.cmake
-- Up-to-date: /home/valtec/aether/aether_ws/install/aether_interfaces/share/aether_interfaces/cmake/export_aether_interfaces__rosidl_generator_cppExport.cmake
-- Up-to-date: /home/valtec/aether/aether_ws/install/aether_interfaces/share/aether_interfaces/cmake/export_aether_interfaces__rosidl_typesupport_fastrtps_cppExport.cmake
-- Up-to-date: /home/valtec/aether/aether_ws/install/aether_interfaces/share/aether_interfaces/cmake/export_aether_interfaces__rosidl_typesupport_fastrtps_cppExport-noconfig.cmake
-- Up-to-date: /home/valtec/aether/aether_ws/install/aether_interfaces/share/aether_interfaces/cmake/aether_interfaces__rosidl_typesupport_introspection_cppExport.cmake
-- Up-to-date: /home/valtec/aether/aether_ws/install/aether_interfaces/share/aether_interfaces/cmake/aether_interfaces__rosidl_typesupport_introspection_cppExport-noconfig.cmake
-- Up-to-date: /home/valtec/aether/aether_ws/install/aether_interfaces/share/aether_interfaces/cmake/aether_interfaces__rosidl_typesupport_cppExport.cmake
-- Up-to-date: /home/valtec/aether/aether_ws/install/aether_interfaces/share/aether_interfaces/cmake/aether_interfaces__rosidl_typesupport_cppExport-noconfig.cmake
-- Up-to-date: /home/valtec/aether/aether_ws/install/aether_interfaces/share/aether_interfaces/cmake/export_aether_interfaces__rosidl_generator_pyExport.cmake
-- Up-to-date: /home/valtec/aether/aether_ws/install/aether_interfaces/share/aether_interfaces/cmake/export_aether_interfaces__rosidl_generator_pyExport-noconfig.cmake
-- Up-to-date: /home/valtec/aether/aether_ws/install/aether_interfaces/share/aether_interfaces/cmake/rosidl_cmake-extras.cmake
-- Up-to-date: /home/valtec/aether/aether_ws/install/aether_interfaces/share/aether_interfaces/cmake/ament_cmake_export_dependencies-extras.cmake
-- Up-to-date: /home/valtec/aether/aether_ws/install/aether_interfaces/share/aether_interfaces/cmake/ament_cmake_export_include_directories-extras.cmake
-- Up-to-date: /home/valtec/aether/aether_ws/install/aether_interfaces/share/aether_interfaces/cmake/ament_cmake_export_libraries-extras.cmake
-- Up-to-date: /home/valtec/aether/aether_ws/install/aether_interfaces/share/aether_interfaces/cmake/ament_cmake_export_targets-extras.cmake
-- Up-to-date: /home/valtec/aether/aether_ws/install/aether_interfaces/share/aether_interfaces/cmake/rosidl_cmake_export_typesupport_targets-extras.cmake
-- Up-to-date: /home/valtec/aether/aether_ws/install/aether_interfaces/share/aether_interfaces/cmake/rosidl_cmake_export_typesupport_libraries-extras.cmake
-- Up-to-date: /home/valtec/aether/aether_ws/install/aether_interfaces/share/aether_interfaces/cmake/aether_interfacesConfig.cmake
-- Up-to-date: /home/valtec/aether/aether_ws/install/aether_interfaces/share/aether_interfaces/cmake/aether_interfacesConfig-version.cmake
-- Up-to-date: /home/valtec/aether/aether_ws/install/aether_interfaces/share/aether_interfaces/package.xml
