[0.284s] Invoking command in '/home/valtec/aether/aether_ws/build/valtec_onboard_intelligence': CMAKE_PREFIX_PATH=/opt/ros/humble VIRTUAL_ENV_PROMPT=(.venv) /usr/bin/cmake /home/valtec/aether/aether_ws/src/valtec_onboard_intelligence -DCMAKE_INSTALL_PREFIX=/home/valtec/aether/aether_ws/install/valtec_onboard_intelligence
[0.292s] -- Found ament_cmake: 1.3.12 (/opt/ros/humble/share/ament_cmake/cmake)
[0.375s] -- Found rclcpp: 16.0.14 (/opt/ros/humble/share/rclcpp/cmake)
[0.392s] -- Found rosidl_generator_c: 3.1.7 (/opt/ros/humble/share/rosidl_generator_c/cmake)
[0.394s] -- Found rosidl_adapter: 3.1.7 (/opt/ros/humble/share/rosidl_adapter/cmake)
[0.397s] -- Found rosidl_generator_cpp: 3.1.7 (/opt/ros/humble/share/rosidl_generator_cpp/cmake)
[0.404s] -- Using all available rosidl_typesupport_c: rosidl_typesupport_fastrtps_c;rosidl_typesupport_introspection_c
[0.412s] -- Using all available rosidl_typesupport_cpp: rosidl_typesupport_fastrtps_cpp;rosidl_typesupport_introspection_cpp
[0.433s] -- Found rmw_implementation_cmake: 6.1.2 (/opt/ros/humble/share/rmw_implementation_cmake/cmake)
[0.434s] -- Found rmw_fastrtps_cpp: 6.2.8 (/opt/ros/humble/share/rmw_fastrtps_cpp/cmake)
[0.505s] -- Using RMW implementation 'rmw_fastrtps_cpp' as default
[0.537s] -- Found geometry_msgs: 4.9.0 (/opt/ros/humble/share/geometry_msgs/cmake)
[0.548s] -- Configuring incomplete, errors occurred!
[0.548s] See also "/home/valtec/aether/aether_ws/build/valtec_onboard_intelligence/CMakeFiles/CMakeOutput.log".
[0.548s] [31mCMake Error at CMakeLists.txt:12 (find_package):
[0.548s]   By not providing "Findmavros_msgs.cmake" in CMAKE_MODULE_PATH this project
[0.548s]   has asked CMake to find a package configuration file provided by
[0.548s]   "mavros_msgs", but CMake did not find one.
[0.548s] 
[0.548s]   Could not find a package configuration file provided by "mavros_msgs" with
[0.548s]   any of the following names:
[0.548s] 
[0.548s]     mavros_msgsConfig.cmake
[0.548s]     mavros_msgs-config.cmake
[0.548s] 
[0.548s]   Add the installation prefix of "mavros_msgs" to CMAKE_PREFIX_PATH or set
[0.549s]   "mavros_msgs_DIR" to a directory containing one of the above files.  If
[0.549s]   "mavros_msgs" provides a separate development package or SDK, be sure it
[0.549s]   has been installed.
[0.549s] 
[0.549s] [0m
[0.553s] Invoked command in '/home/valtec/aether/aether_ws/build/valtec_onboard_intelligence' returned '1': CMAKE_PREFIX_PATH=/opt/ros/humble VIRTUAL_ENV_PROMPT=(.venv) /usr/bin/cmake /home/valtec/aether/aether_ws/src/valtec_onboard_intelligence -DCMAKE_INSTALL_PREFIX=/home/valtec/aether/aether_ws/install/valtec_onboard_intelligence
