[0.012s] Invoking command in '/home/valtec/aether/aether_ws/build/aether_interfaces': /usr/bin/cmake /home/valtec/aether/aether_ws/src/aether_interfaces -DCATKIN_INSTALL_INTO_PREFIX_ROOT=0 -DCMAKE_INSTALL_PREFIX=/home/valtec/aether/aether_ws/install/aether_interfaces
[0.083s] -- The C compiler identification is GNU 11.4.0
[0.153s] -- The CXX compiler identification is GNU 11.4.0
[0.160s] -- Detecting C compiler ABI info
[0.210s] -- Detecting C compiler ABI info - done
[0.226s] -- Check for working C compiler: /usr/bin/cc - skipped
[0.227s] -- Detecting C compile features
[0.227s] -- Detecting C compile features - done
[0.233s] -- Detecting CXX compiler ABI info
[0.291s] -- Detecting CXX compiler ABI info - done
[0.295s] -- Check for working CXX compiler: /usr/bin/c++ - skipped
[0.295s] -- Detecting CXX compile features
[0.296s] -- Detecting CXX compile features - done
[0.301s] -- Configuring incomplete, errors occurred!
[0.301s] See also "/home/valtec/aether/aether_ws/build/aether_interfaces/CMakeFiles/CMakeOutput.log".
[0.301s] [31mCMake Error at CMakeLists.txt:9 (find_package):
[0.301s]   By not providing "Findament_cmake.cmake" in CMAKE_MODULE_PATH this project
[0.301s]   has asked CMake to find a package configuration file provided by
[0.301s]   "ament_cmake", but CMake did not find one.
[0.301s] 
[0.301s]   Could not find a package configuration file provided by "ament_cmake" with
[0.301s]   any of the following names:
[0.301s] 
[0.301s]     ament_cmakeConfig.cmake
[0.301s]     ament_cmake-config.cmake
[0.301s] 
[0.301s]   Add the installation prefix of "ament_cmake" to CMAKE_PREFIX_PATH or set
[0.301s]   "ament_cmake_DIR" to a directory containing one of the above files.  If
[0.301s]   "ament_cmake" provides a separate development package or SDK, be sure it
[0.301s]   has been installed.
[0.301s] 
[0.301s] [0m
[0.304s] Invoked command in '/home/valtec/aether/aether_ws/build/aether_interfaces' returned '1': /usr/bin/cmake /home/valtec/aether/aether_ws/src/aether_interfaces -DCATKIN_INSTALL_INTO_PREFIX_ROOT=0 -DCMAKE_INSTALL_PREFIX=/home/valtec/aether/aether_ws/install/aether_interfaces
