[0.580s] Invoking command in '/home/valtec/aether/aether_ws/src/aether_gcs_backend': PS1=\[\e]0;\u@\h: \w\a\]${debian_chroot:+($debian_chroot)}\[\033[01;32m\]\u@\h\[\033[00m\]:\[\033[01;34m\]\w\[\033[00m\]\$ PYTHONPATH=/home/valtec/aether/aether_ws/build/aether_gcs_backend/prefix_override:/usr/lib/python3/dist-packages/colcon_core/task/python/colcon_distutils_commands:/home/valtec/aether/aether_ws/install/aether_gcs_backend/lib/python3.10/site-packages:${PYTHONPATH} /usr/bin/python3 -W ignore:setup.py install is deprecated -W ignore:easy_install command is deprecated setup.py egg_info --egg-base ../../build/aether_gcs_backend build --build-base /home/valtec/aether/aether_ws/build/aether_gcs_backend/build install --record /home/valtec/aether/aether_ws/build/aether_gcs_backend/install.log --single-version-externally-managed install_data
[0.738s] running egg_info
[0.739s] writing ../../build/aether_gcs_backend/aether_gcs_backend.egg-info/PKG-INFO
[0.739s] writing dependency_links to ../../build/aether_gcs_backend/aether_gcs_backend.egg-info/dependency_links.txt
[0.739s] writing entry points to ../../build/aether_gcs_backend/aether_gcs_backend.egg-info/entry_points.txt
[0.739s] writing requirements to ../../build/aether_gcs_backend/aether_gcs_backend.egg-info/requires.txt
[0.739s] writing top-level names to ../../build/aether_gcs_backend/aether_gcs_backend.egg-info/top_level.txt
[0.740s] reading manifest file '../../build/aether_gcs_backend/aether_gcs_backend.egg-info/SOURCES.txt'
[0.741s] writing manifest file '../../build/aether_gcs_backend/aether_gcs_backend.egg-info/SOURCES.txt'
[0.741s] running build
[0.741s] running build_py
[0.741s] copying aether_gcs_backend/general_fleet_manager.py -> /home/valtec/aether/aether_ws/build/aether_gcs_backend/build/lib/aether_gcs_backend
[0.741s] running install
[0.741s] running install_lib
[0.742s] copying /home/valtec/aether/aether_ws/build/aether_gcs_backend/build/lib/aether_gcs_backend/general_fleet_manager.py -> /home/valtec/aether/aether_ws/install/aether_gcs_backend/lib/python3.10/site-packages/aether_gcs_backend
[0.742s] byte-compiling /home/valtec/aether/aether_ws/install/aether_gcs_backend/lib/python3.10/site-packages/aether_gcs_backend/general_fleet_manager.py to general_fleet_manager.cpython-310.pyc
[0.744s] running install_data
[0.744s] copying launch/gcs_backend.launch.py -> /home/valtec/aether/aether_ws/install/aether_gcs_backend/share/aether_gcs_backend/launch
[0.744s] running install_egg_info
[0.745s] removing '/home/valtec/aether/aether_ws/install/aether_gcs_backend/lib/python3.10/site-packages/aether_gcs_backend-0.0.0-py3.10.egg-info' (and everything under it)
[0.745s] Copying ../../build/aether_gcs_backend/aether_gcs_backend.egg-info to /home/valtec/aether/aether_ws/install/aether_gcs_backend/lib/python3.10/site-packages/aether_gcs_backend-0.0.0-py3.10.egg-info
[0.746s] running install_scripts
[0.762s] Installing fleet_manager script to /home/valtec/aether/aether_ws/install/aether_gcs_backend/lib/aether_gcs_backend
[0.762s] Installing mission_planner script to /home/valtec/aether/aether_ws/install/aether_gcs_backend/lib/aether_gcs_backend
[0.762s] writing list of installed files to '/home/valtec/aether/aether_ws/build/aether_gcs_backend/install.log'
