[0.497s] Invoking command in '/home/valtec/aether/aether_ws/build/aether_gcs_ui': CMAKE_PREFIX_PATH=/home/valtec/aether/aether_ws/install/aether_interfaces:/home/valtec/aether/aether_ws/install/valtec_onboard_intelligence:/home/valtec/aether/aether_ws/install/aether_gcs_logic_cpp PYTHONPATH=/home/valtec/aether/aether_ws/build/aether_gcs_ui/prefix_override:/usr/lib/python3/dist-packages/colcon_core/task/python/colcon_distutils_commands:/home/valtec/aether/aether_ws/install/aether_gcs_ui/lib/python3.10/site-packages:/home/valtec/aether/aether_ws/install/aether_interfaces/lib/python3.10/site-packages:/home/valtec/aether/aether_ws/build/aether_gcs_ui:/home/valtec/aether/aether_ws/install/aether_gcs_ui/lib/python3.10/site-packages:/home/valtec/aether/aether_ws/build/aether_gcs_backend:/home/valtec/aether/aether_ws/install/aether_gcs_backend/lib/python3.10/site-packages:/opt/ros/humble/lib/python3.10/site-packages:/opt/ros/humble/local/lib/python3.10/dist-packages VIRTUAL_ENV_PROMPT=(.venv) /usr/bin/python3 -W ignore:setup.py install is deprecated -W ignore:easy_install command is deprecated setup.py develop --uninstall --editable --build-directory /home/valtec/aether/aether_ws/build/aether_gcs_ui/build
[0.639s] running develop
[0.717s] Removing /home/valtec/aether/aether_ws/install/aether_gcs_ui/lib/python3.10/site-packages/aether-gcs-ui.egg-link (link to .)
[0.732s] Invoked command in '/home/valtec/aether/aether_ws/build/aether_gcs_ui' returned '0': CMAKE_PREFIX_PATH=/home/valtec/aether/aether_ws/install/aether_interfaces:/home/valtec/aether/aether_ws/install/valtec_onboard_intelligence:/home/valtec/aether/aether_ws/install/aether_gcs_logic_cpp PYTHONPATH=/home/valtec/aether/aether_ws/build/aether_gcs_ui/prefix_override:/usr/lib/python3/dist-packages/colcon_core/task/python/colcon_distutils_commands:/home/valtec/aether/aether_ws/install/aether_gcs_ui/lib/python3.10/site-packages:/home/valtec/aether/aether_ws/install/aether_interfaces/lib/python3.10/site-packages:/home/valtec/aether/aether_ws/build/aether_gcs_ui:/home/valtec/aether/aether_ws/install/aether_gcs_ui/lib/python3.10/site-packages:/home/valtec/aether/aether_ws/build/aether_gcs_backend:/home/valtec/aether/aether_ws/install/aether_gcs_backend/lib/python3.10/site-packages:/opt/ros/humble/lib/python3.10/site-packages:/opt/ros/humble/local/lib/python3.10/dist-packages VIRTUAL_ENV_PROMPT=(.venv) /usr/bin/python3 -W ignore:setup.py install is deprecated -W ignore:easy_install command is deprecated setup.py develop --uninstall --editable --build-directory /home/valtec/aether/aether_ws/build/aether_gcs_ui/build
[0.734s] Invoking command in '/home/valtec/aether/aether_ws/src/aether_gcs_ui': CMAKE_PREFIX_PATH=/home/valtec/aether/aether_ws/install/aether_interfaces:/home/valtec/aether/aether_ws/install/valtec_onboard_intelligence:/home/valtec/aether/aether_ws/install/aether_gcs_logic_cpp PYTHONPATH=/home/valtec/aether/aether_ws/build/aether_gcs_ui/prefix_override:/usr/lib/python3/dist-packages/colcon_core/task/python/colcon_distutils_commands:/home/valtec/aether/aether_ws/install/aether_gcs_ui/lib/python3.10/site-packages:/home/valtec/aether/aether_ws/install/aether_interfaces/lib/python3.10/site-packages:/home/valtec/aether/aether_ws/build/aether_gcs_ui:/home/valtec/aether/aether_ws/install/aether_gcs_ui/lib/python3.10/site-packages:/home/valtec/aether/aether_ws/build/aether_gcs_backend:/home/valtec/aether/aether_ws/install/aether_gcs_backend/lib/python3.10/site-packages:/opt/ros/humble/lib/python3.10/site-packages:/opt/ros/humble/local/lib/python3.10/dist-packages VIRTUAL_ENV_PROMPT=(.venv) /usr/bin/python3 -W ignore:setup.py install is deprecated -W ignore:easy_install command is deprecated setup.py egg_info --egg-base ../../build/aether_gcs_ui build --build-base /home/valtec/aether/aether_ws/build/aether_gcs_ui/build install --record /home/valtec/aether/aether_ws/build/aether_gcs_ui/install.log --single-version-externally-managed install_data --force
[0.861s] running egg_info
[0.861s] writing ../../build/aether_gcs_ui/aether_gcs_ui.egg-info/PKG-INFO
[0.861s] writing dependency_links to ../../build/aether_gcs_ui/aether_gcs_ui.egg-info/dependency_links.txt
[0.861s] writing entry points to ../../build/aether_gcs_ui/aether_gcs_ui.egg-info/entry_points.txt
[0.861s] writing requirements to ../../build/aether_gcs_ui/aether_gcs_ui.egg-info/requires.txt
[0.861s] writing top-level names to ../../build/aether_gcs_ui/aether_gcs_ui.egg-info/top_level.txt
[0.862s] reading manifest file '../../build/aether_gcs_ui/aether_gcs_ui.egg-info/SOURCES.txt'
[0.863s] writing manifest file '../../build/aether_gcs_ui/aether_gcs_ui.egg-info/SOURCES.txt'
[0.863s] running build
[0.863s] running build_py
[0.863s] creating /home/valtec/aether/aether_ws/build/aether_gcs_ui/build
[0.863s] creating /home/valtec/aether/aether_ws/build/aether_gcs_ui/build/lib
[0.863s] creating /home/valtec/aether/aether_ws/build/aether_gcs_ui/build/lib/aether_gcs_ui
[0.863s] copying aether_gcs_ui/__init__.py -> /home/valtec/aether/aether_ws/build/aether_gcs_ui/build/lib/aether_gcs_ui
[0.863s] copying aether_gcs_ui/calibration_wizard.py -> /home/valtec/aether/aether_ws/build/aether_gcs_ui/build/lib/aether_gcs_ui
[0.863s] copying aether_gcs_ui/main_window_node.py -> /home/valtec/aether/aether_ws/build/aether_gcs_ui/build/lib/aether_gcs_ui
[0.863s] running install
[0.864s] running install_lib
[0.864s] creating /home/valtec/aether/aether_ws/install/aether_gcs_ui/lib/python3.10/site-packages/aether_gcs_ui
[0.864s] copying /home/valtec/aether/aether_ws/build/aether_gcs_ui/build/lib/aether_gcs_ui/__init__.py -> /home/valtec/aether/aether_ws/install/aether_gcs_ui/lib/python3.10/site-packages/aether_gcs_ui
[0.864s] copying /home/valtec/aether/aether_ws/build/aether_gcs_ui/build/lib/aether_gcs_ui/calibration_wizard.py -> /home/valtec/aether/aether_ws/install/aether_gcs_ui/lib/python3.10/site-packages/aether_gcs_ui
[0.864s] copying /home/valtec/aether/aether_ws/build/aether_gcs_ui/build/lib/aether_gcs_ui/main_window_node.py -> /home/valtec/aether/aether_ws/install/aether_gcs_ui/lib/python3.10/site-packages/aether_gcs_ui
[0.864s] byte-compiling /home/valtec/aether/aether_ws/install/aether_gcs_ui/lib/python3.10/site-packages/aether_gcs_ui/__init__.py to __init__.cpython-310.pyc
[0.864s] byte-compiling /home/valtec/aether/aether_ws/install/aether_gcs_ui/lib/python3.10/site-packages/aether_gcs_ui/calibration_wizard.py to calibration_wizard.cpython-310.pyc
[0.865s] byte-compiling /home/valtec/aether/aether_ws/install/aether_gcs_ui/lib/python3.10/site-packages/aether_gcs_ui/main_window_node.py to main_window_node.cpython-310.pyc
[0.865s] running install_data
[0.866s] copying resource/aether_gcs_ui -> /home/valtec/aether/aether_ws/install/aether_gcs_ui/share/ament_index/resource_index/packages
[0.866s] copying package.xml -> /home/valtec/aether/aether_ws/install/aether_gcs_ui/share/aether_gcs_ui
[0.866s] running install_egg_info
[0.867s] Copying ../../build/aether_gcs_ui/aether_gcs_ui.egg-info to /home/valtec/aether/aether_ws/install/aether_gcs_ui/lib/python3.10/site-packages/aether_gcs_ui-0.0.0-py3.10.egg-info
[0.867s] running install_scripts
[0.879s] Installing aether_ui script to /home/valtec/aether/aether_ws/install/aether_gcs_ui/lib/aether_gcs_ui
[0.879s] writing list of installed files to '/home/valtec/aether/aether_ws/build/aether_gcs_ui/install.log'
[0.895s] Invoked command in '/home/valtec/aether/aether_ws/src/aether_gcs_ui' returned '0': CMAKE_PREFIX_PATH=/home/valtec/aether/aether_ws/install/aether_interfaces:/home/valtec/aether/aether_ws/install/valtec_onboard_intelligence:/home/valtec/aether/aether_ws/install/aether_gcs_logic_cpp PYTHONPATH=/home/valtec/aether/aether_ws/build/aether_gcs_ui/prefix_override:/usr/lib/python3/dist-packages/colcon_core/task/python/colcon_distutils_commands:/home/valtec/aether/aether_ws/install/aether_gcs_ui/lib/python3.10/site-packages:/home/valtec/aether/aether_ws/install/aether_interfaces/lib/python3.10/site-packages:/home/valtec/aether/aether_ws/build/aether_gcs_ui:/home/valtec/aether/aether_ws/install/aether_gcs_ui/lib/python3.10/site-packages:/home/valtec/aether/aether_ws/build/aether_gcs_backend:/home/valtec/aether/aether_ws/install/aether_gcs_backend/lib/python3.10/site-packages:/opt/ros/humble/lib/python3.10/site-packages:/opt/ros/humble/local/lib/python3.10/dist-packages VIRTUAL_ENV_PROMPT=(.venv) /usr/bin/python3 -W ignore:setup.py install is deprecated -W ignore:easy_install command is deprecated setup.py egg_info --egg-base ../../build/aether_gcs_ui build --build-base /home/valtec/aether/aether_ws/build/aether_gcs_ui/build install --record /home/valtec/aether/aether_ws/build/aether_gcs_ui/install.log --single-version-externally-managed install_data --force
