[0.471s] Invoking command in '/home/valtec/aether/aether_ws/src/aether_gcs_backend': PYTHONPATH=/home/valtec/aether/aether_ws/build/aether_gcs_backend/prefix_override:/usr/lib/python3/dist-packages/colcon_core/task/python/colcon_distutils_commands:/home/valtec/aether/aether_ws/install/aether_gcs_backend/lib/python3.10/site-packages:${PYTHONPATH} /usr/bin/python3 -W ignore:setup.py install is deprecated -W ignore:easy_install command is deprecated setup.py egg_info --egg-base ../../build/aether_gcs_backend build --build-base /home/valtec/aether/aether_ws/build/aether_gcs_backend/build install --record /home/valtec/aether/aether_ws/build/aether_gcs_backend/install.log --single-version-externally-managed install_data
[0.582s] running egg_info
[0.583s] creating ../../build/aether_gcs_backend/aether_gcs_backend.egg-info
[0.583s] writing ../../build/aether_gcs_backend/aether_gcs_backend.egg-info/PKG-INFO
[0.583s] writing dependency_links to ../../build/aether_gcs_backend/aether_gcs_backend.egg-info/dependency_links.txt
[0.583s] writing entry points to ../../build/aether_gcs_backend/aether_gcs_backend.egg-info/entry_points.txt
[0.583s] writing requirements to ../../build/aether_gcs_backend/aether_gcs_backend.egg-info/requires.txt
[0.583s] writing top-level names to ../../build/aether_gcs_backend/aether_gcs_backend.egg-info/top_level.txt
[0.583s] writing manifest file '../../build/aether_gcs_backend/aether_gcs_backend.egg-info/SOURCES.txt'
[0.584s] reading manifest file '../../build/aether_gcs_backend/aether_gcs_backend.egg-info/SOURCES.txt'
[0.585s] writing manifest file '../../build/aether_gcs_backend/aether_gcs_backend.egg-info/SOURCES.txt'
[0.585s] running build
[0.585s] running build_py
[0.585s] creating /home/valtec/aether/aether_ws/build/aether_gcs_backend/build
[0.585s] creating /home/valtec/aether/aether_ws/build/aether_gcs_backend/build/lib
[0.585s] creating /home/valtec/aether/aether_ws/build/aether_gcs_backend/build/lib/aether_gcs_backend
[0.585s] copying aether_gcs_backend/mission_planner_node.py -> /home/valtec/aether/aether_ws/build/aether_gcs_backend/build/lib/aether_gcs_backend
[0.585s] copying aether_gcs_backend/__init__.py -> /home/valtec/aether/aether_ws/build/aether_gcs_backend/build/lib/aether_gcs_backend
[0.585s] copying aether_gcs_backend/fleet_manager_node.py -> /home/valtec/aether/aether_ws/build/aether_gcs_backend/build/lib/aether_gcs_backend
[0.585s] running install
[0.585s] running install_lib
[0.586s] creating /home/valtec/aether/aether_ws/install/aether_gcs_backend/lib/python3.10/site-packages/aether_gcs_backend
[0.586s] copying /home/valtec/aether/aether_ws/build/aether_gcs_backend/build/lib/aether_gcs_backend/mission_planner_node.py -> /home/valtec/aether/aether_ws/install/aether_gcs_backend/lib/python3.10/site-packages/aether_gcs_backend
[0.586s] copying /home/valtec/aether/aether_ws/build/aether_gcs_backend/build/lib/aether_gcs_backend/__init__.py -> /home/valtec/aether/aether_ws/install/aether_gcs_backend/lib/python3.10/site-packages/aether_gcs_backend
[0.586s] copying /home/valtec/aether/aether_ws/build/aether_gcs_backend/build/lib/aether_gcs_backend/fleet_manager_node.py -> /home/valtec/aether/aether_ws/install/aether_gcs_backend/lib/python3.10/site-packages/aether_gcs_backend
[0.586s] byte-compiling /home/valtec/aether/aether_ws/install/aether_gcs_backend/lib/python3.10/site-packages/aether_gcs_backend/mission_planner_node.py to mission_planner_node.cpython-310.pyc
[0.586s] byte-compiling /home/valtec/aether/aether_ws/install/aether_gcs_backend/lib/python3.10/site-packages/aether_gcs_backend/__init__.py to __init__.cpython-310.pyc
[0.586s] byte-compiling /home/valtec/aether/aether_ws/install/aether_gcs_backend/lib/python3.10/site-packages/aether_gcs_backend/fleet_manager_node.py to fleet_manager_node.cpython-310.pyc
[0.586s] running install_data
[0.586s] creating /home/valtec/aether/aether_ws/install/aether_gcs_backend/share/ament_index
[0.586s] creating /home/valtec/aether/aether_ws/install/aether_gcs_backend/share/ament_index/resource_index
[0.586s] creating /home/valtec/aether/aether_ws/install/aether_gcs_backend/share/ament_index/resource_index/packages
[0.586s] copying resource/aether_gcs_backend -> /home/valtec/aether/aether_ws/install/aether_gcs_backend/share/ament_index/resource_index/packages
[0.586s] copying package.xml -> /home/valtec/aether/aether_ws/install/aether_gcs_backend/share/aether_gcs_backend
[0.586s] running install_egg_info
[0.587s] Copying ../../build/aether_gcs_backend/aether_gcs_backend.egg-info to /home/valtec/aether/aether_ws/install/aether_gcs_backend/lib/python3.10/site-packages/aether_gcs_backend-0.0.0-py3.10.egg-info
[0.587s] running install_scripts
[0.598s] writing list of installed files to '/home/valtec/aether/aether_ws/build/aether_gcs_backend/install.log'
[0.611s] Invoked command in '/home/valtec/aether/aether_ws/src/aether_gcs_backend' returned '0': PYTHONPATH=/home/valtec/aether/aether_ws/build/aether_gcs_backend/prefix_override:/usr/lib/python3/dist-packages/colcon_core/task/python/colcon_distutils_commands:/home/valtec/aether/aether_ws/install/aether_gcs_backend/lib/python3.10/site-packages:${PYTHONPATH} /usr/bin/python3 -W ignore:setup.py install is deprecated -W ignore:easy_install command is deprecated setup.py egg_info --egg-base ../../build/aether_gcs_backend build --build-base /home/valtec/aether/aether_ws/build/aether_gcs_backend/build install --record /home/valtec/aether/aether_ws/build/aether_gcs_backend/install.log --single-version-externally-managed install_data
