[0.251s] Invoking command in '/home/valtec/aether/aether_ws/build/valtec_onboard_intelligence': CMAKE_PREFIX_PATH=${CMAKE_PREFIX_PATH}:/home/valtec/aether/aether_ws/install/aether_gcs_ui:/home/valtec/aether/aether_ws/install/aether_gcs_backend:/opt/ros/humble VIRTUAL_ENV_PROMPT=(.venv) /usr/bin/cmake --build /home/valtec/aether/aether_ws/build/valtec_onboard_intelligence -- -j20 -l20
[0.281s] -- Found ament_cmake: 1.3.12 (/opt/ros/humble/share/ament_cmake/cmake)
[0.381s] -- Found rclcpp: 16.0.14 (/opt/ros/humble/share/rclcpp/cmake)
[0.403s] -- Found rosidl_generator_c: 3.1.7 (/opt/ros/humble/share/rosidl_generator_c/cmake)
[0.405s] -- Found rosidl_adapter: 3.1.7 (/opt/ros/humble/share/rosidl_adapter/cmake)
[0.410s] -- Found rosidl_generator_cpp: 3.1.7 (/opt/ros/humble/share/rosidl_generator_cpp/cmake)
[0.419s] -- Using all available rosidl_typesupport_c: rosidl_typesupport_fastrtps_c;rosidl_typesupport_introspection_c
[0.431s] -- Using all available rosidl_typesupport_cpp: rosidl_typesupport_fastrtps_cpp;rosidl_typesupport_introspection_cpp
[0.458s] -- Found rmw_implementation_cmake: 6.1.2 (/opt/ros/humble/share/rmw_implementation_cmake/cmake)
[0.459s] -- Found rmw_fastrtps_cpp: 6.2.8 (/opt/ros/humble/share/rmw_fastrtps_cpp/cmake)
[0.522s] -- Using RMW implementation 'rmw_fastrtps_cpp' as default
[0.558s] -- Found geometry_msgs: 4.9.0 (/opt/ros/humble/share/geometry_msgs/cmake)
[0.566s] -- Found mavros_msgs: 2.10.1 (/opt/ros/humble/share/mavros_msgs/cmake)
[0.617s] -- Found ament_lint_auto: 0.12.14 (/opt/ros/humble/share/ament_lint_auto/cmake)
[0.661s] -- Added test 'copyright' to check source files copyright and LICENSE
[0.662s] -- Added test 'cppcheck' to perform static code analysis on C / C++ code
[0.662s] -- Configured cppcheck include dirs: 
[0.662s] -- Configured cppcheck exclude dirs and/or files: 
[0.663s] -- Added test 'cpplint' to check C / C++ code against the Google style
[0.663s] -- Configured cpplint exclude dirs and/or files: 
[0.663s] -- Added test 'lint_cmake' to check CMake code style
[0.664s] -- Added test 'uncrustify' to check C / C++ code style
[0.664s] -- Configured uncrustify additional arguments: 
[0.664s] -- Added test 'xmllint' to check XML markup files
[0.665s] -- Configuring done
[0.671s] -- Generating done
[0.673s] -- Build files have been written to: /home/valtec/aether/aether_ws/build/valtec_onboard_intelligence
[0.700s] [ 50%] [32mBuilding CXX object CMakeFiles/collision_avoider_node.dir/src/collision_avoider_node.cpp.o[0m
[6.040s] [100%] [32m[1mLinking CXX executable collision_avoider_node[0m
[6.349s] [100%] Built target collision_avoider_node
