[35m[1mConsolidate compiler generated dependencies of target aether_interfaces__rosidl_generator_c[0m
[  2%] Built target aether_interfaces__cpp
[ 12%] Built target aether_interfaces__rosidl_generator_c
[35m[1mConsolidate compiler generated dependencies of target aether_interfaces__rosidl_typesupport_cpp[0m
[35m[1mConsolidate compiler generated dependencies of target aether_interfaces__rosidl_typesupport_introspection_cpp[0m
[35m[1mConsolidate compiler generated dependencies of target aether_interfaces__rosidl_typesupport_fastrtps_cpp[0m
[ 12%] Built target ament_cmake_python_copy_aether_interfaces
[35m[1mConsolidate compiler generated dependencies of target aether_interfaces__rosidl_typesupport_c[0m
[35m[1mConsolidate compiler generated dependencies of target aether_interfaces__rosidl_typesupport_introspection_c[0m
[35m[1mConsolidate compiler generated dependencies of target aether_interfaces__rosidl_typesupport_fastrtps_c[0m
[ 23%] Built target aether_interfaces__rosidl_typesupport_cpp
[ 34%] Built target aether_interfaces__rosidl_typesupport_introspection_cpp
[ 44%] Built target aether_interfaces__rosidl_typesupport_fastrtps_cpp
[ 55%] Built target aether_interfaces__rosidl_typesupport_c
[ 65%] Built target aether_interfaces__rosidl_typesupport_introspection_c
[ 76%] Built target aether_interfaces__rosidl_typesupport_fastrtps_c
[ 76%] Built target aether_interfaces
[ 78%] Built target aether_interfaces__py
[35m[1mConsolidate compiler generated dependencies of target aether_interfaces__rosidl_generator_py[0m
[ 87%] Built target aether_interfaces__rosidl_generator_py
[35m[1mConsolidate compiler generated dependencies of target aether_interfaces__rosidl_typesupport_fastrtps_c__pyext[0m
[35m[1mConsolidate compiler generated dependencies of target aether_interfaces__rosidl_typesupport_c__pyext[0m
[35m[1mConsolidate compiler generated dependencies of target aether_interfaces__rosidl_typesupport_introspection_c__pyext[0m
[100%] Built target aether_interfaces__rosidl_typesupport_c__pyext
[100%] Built target aether_interfaces__rosidl_typesupport_introspection_c__pyext
[100%] Built target aether_interfaces__rosidl_typesupport_fastrtps_c__pyext
running egg_info
writing aether_interfaces.egg-info/PKG-INFO
writing dependency_links to aether_interfaces.egg-info/dependency_links.txt
writing top-level names to aether_interfaces.egg-info/top_level.txt
reading manifest file 'aether_interfaces.egg-info/SOURCES.txt'
writing manifest file 'aether_interfaces.egg-info/SOURCES.txt'
[100%] Built target ament_cmake_python_build_aether_interfaces_egg
-- Install configuration: ""
-- Up-to-date: /home/valtec/aether/aether_ws/install/aether_interfaces/share/ament_index/resource_index/rosidl_interfaces/aether_interfaces
-- Up-to-date: /home/valtec/aether/aether_ws/install/aether_interfaces/include/aether_interfaces/aether_interfaces
-- Up-to-date: /home/valtec/aether/aether_ws/install/aether_interfaces/include/aether_interfaces/aether_interfaces/srv
-- Up-to-date: /home/valtec/aether/aether_ws/install/aether_interfaces/include/aether_interfaces/aether_interfaces/srv/upload_mission.h
-- Up-to-date: /home/valtec/aether/aether_ws/install/aether_interfaces/include/aether_interfaces/aether_interfaces/srv/detail
-- Up-to-date: /home/valtec/aether/aether_ws/install/aether_interfaces/include/aether_interfaces/aether_interfaces/srv/detail/upload_mission__functions.c
-- Up-to-date: /home/valtec/aether/aether_ws/install/aether_interfaces/include/aether_interfaces/aether_interfaces/srv/detail/upload_mission__type_support.h
-- Up-to-date: /home/valtec/aether/aether_ws/install/aether_interfaces/include/aether_interfaces/aether_interfaces/srv/detail/upload_mission__struct.h
-- Up-to-date: /home/valtec/aether/aether_ws/install/aether_interfaces/include/aether_interfaces/aether_interfaces/srv/detail/upload_mission__functions.h
-- Up-to-date: /home/valtec/aether/aether_ws/install/aether_interfaces/include/aether_interfaces/aether_interfaces/msg
-- Up-to-date: /home/valtec/aether/aether_ws/install/aether_interfaces/include/aether_interfaces/aether_interfaces/msg/fleet_state.h
-- Up-to-date: /home/valtec/aether/aether_ws/install/aether_interfaces/include/aether_interfaces/aether_interfaces/msg/rosidl_generator_c__visibility_control.h
-- Up-to-date: /home/valtec/aether/aether_ws/install/aether_interfaces/include/aether_interfaces/aether_interfaces/msg/drone_state.h
-- Up-to-date: /home/valtec/aether/aether_ws/install/aether_interfaces/include/aether_interfaces/aether_interfaces/msg/detail
-- Up-to-date: /home/valtec/aether/aether_ws/install/aether_interfaces/include/aether_interfaces/aether_interfaces/msg/detail/fleet_state__struct.h
-- Up-to-date: /home/valtec/aether/aether_ws/install/aether_interfaces/include/aether_interfaces/aether_interfaces/msg/detail/drone_state__functions.h
-- Up-to-date: /home/valtec/aether/aether_ws/install/aether_interfaces/include/aether_interfaces/aether_interfaces/msg/detail/drone_state__type_support.h
-- Up-to-date: /home/valtec/aether/aether_ws/install/aether_interfaces/include/aether_interfaces/aether_interfaces/msg/detail/drone_state__functions.c
-- Up-to-date: /home/valtec/aether/aether_ws/install/aether_interfaces/include/aether_interfaces/aether_interfaces/msg/detail/fleet_state__functions.h
-- Up-to-date: /home/valtec/aether/aether_ws/install/aether_interfaces/include/aether_interfaces/aether_interfaces/msg/detail/fleet_state__type_support.h
-- Up-to-date: /home/valtec/aether/aether_ws/install/aether_interfaces/include/aether_interfaces/aether_interfaces/msg/detail/fleet_state__functions.c
-- Up-to-date: /home/valtec/aether/aether_ws/install/aether_interfaces/include/aether_interfaces/aether_interfaces/msg/detail/drone_state__struct.h
-- Installing: /home/valtec/aether/aether_ws/install/aether_interfaces/share/aether_interfaces/environment/library_path.sh
-- Installing: /home/valtec/aether/aether_ws/install/aether_interfaces/share/aether_interfaces/environment/library_path.dsv
-- Installing: /home/valtec/aether/aether_ws/install/aether_interfaces/lib/libaether_interfaces__rosidl_generator_c.so
-- Set runtime path of "/home/valtec/aether/aether_ws/install/aether_interfaces/lib/libaether_interfaces__rosidl_generator_c.so" to ""
-- Up-to-date: /home/valtec/aether/aether_ws/install/aether_interfaces/include/aether_interfaces/aether_interfaces
-- Up-to-date: /home/valtec/aether/aether_ws/install/aether_interfaces/include/aether_interfaces/aether_interfaces/srv
-- Up-to-date: /home/valtec/aether/aether_ws/install/aether_interfaces/include/aether_interfaces/aether_interfaces/srv/detail
-- Up-to-date: /home/valtec/aether/aether_ws/install/aether_interfaces/include/aether_interfaces/aether_interfaces/srv/detail/upload_mission__rosidl_typesupport_fastrtps_c.h
-- Up-to-date: /home/valtec/aether/aether_ws/install/aether_interfaces/include/aether_interfaces/aether_interfaces/msg
-- Up-to-date: /home/valtec/aether/aether_ws/install/aether_interfaces/include/aether_interfaces/aether_interfaces/msg/detail
-- Up-to-date: /home/valtec/aether/aether_ws/install/aether_interfaces/include/aether_interfaces/aether_interfaces/msg/detail/drone_state__rosidl_typesupport_fastrtps_c.h
-- Up-to-date: /home/valtec/aether/aether_ws/install/aether_interfaces/include/aether_interfaces/aether_interfaces/msg/detail/fleet_state__rosidl_typesupport_fastrtps_c.h
-- Up-to-date: /home/valtec/aether/aether_ws/install/aether_interfaces/include/aether_interfaces/aether_interfaces/msg/rosidl_typesupport_fastrtps_c__visibility_control.h
-- Installing: /home/valtec/aether/aether_ws/install/aether_interfaces/lib/libaether_interfaces__rosidl_typesupport_fastrtps_c.so
-- Set runtime path of "/home/valtec/aether/aether_ws/install/aether_interfaces/lib/libaether_interfaces__rosidl_typesupport_fastrtps_c.so" to ""
-- Up-to-date: /home/valtec/aether/aether_ws/install/aether_interfaces/include/aether_interfaces/aether_interfaces
-- Up-to-date: /home/valtec/aether/aether_ws/install/aether_interfaces/include/aether_interfaces/aether_interfaces/srv
-- Up-to-date: /home/valtec/aether/aether_ws/install/aether_interfaces/include/aether_interfaces/aether_interfaces/srv/detail
-- Up-to-date: /home/valtec/aether/aether_ws/install/aether_interfaces/include/aether_interfaces/aether_interfaces/srv/detail/upload_mission__type_support.c
-- Up-to-date: /home/valtec/aether/aether_ws/install/aether_interfaces/include/aether_interfaces/aether_interfaces/srv/detail/upload_mission__rosidl_typesupport_introspection_c.h
-- Up-to-date: /home/valtec/aether/aether_ws/install/aether_interfaces/include/aether_interfaces/aether_interfaces/msg
-- Up-to-date: /home/valtec/aether/aether_ws/install/aether_interfaces/include/aether_interfaces/aether_interfaces/msg/rosidl_typesupport_introspection_c__visibility_control.h
-- Up-to-date: /home/valtec/aether/aether_ws/install/aether_interfaces/include/aether_interfaces/aether_interfaces/msg/detail
-- Up-to-date: /home/valtec/aether/aether_ws/install/aether_interfaces/include/aether_interfaces/aether_interfaces/msg/detail/drone_state__type_support.c
-- Up-to-date: /home/valtec/aether/aether_ws/install/aether_interfaces/include/aether_interfaces/aether_interfaces/msg/detail/drone_state__rosidl_typesupport_introspection_c.h
-- Up-to-date: /home/valtec/aether/aether_ws/install/aether_interfaces/include/aether_interfaces/aether_interfaces/msg/detail/fleet_state__rosidl_typesupport_introspection_c.h
-- Up-to-date: /home/valtec/aether/aether_ws/install/aether_interfaces/include/aether_interfaces/aether_interfaces/msg/detail/fleet_state__type_support.c
-- Installing: /home/valtec/aether/aether_ws/install/aether_interfaces/lib/libaether_interfaces__rosidl_typesupport_introspection_c.so
-- Set runtime path of "/home/valtec/aether/aether_ws/install/aether_interfaces/lib/libaether_interfaces__rosidl_typesupport_introspection_c.so" to ""
-- Installing: /home/valtec/aether/aether_ws/install/aether_interfaces/lib/libaether_interfaces__rosidl_typesupport_c.so
-- Set runtime path of "/home/valtec/aether/aether_ws/install/aether_interfaces/lib/libaether_interfaces__rosidl_typesupport_c.so" to ""
-- Up-to-date: /home/valtec/aether/aether_ws/install/aether_interfaces/include/aether_interfaces/aether_interfaces
-- Up-to-date: /home/valtec/aether/aether_ws/install/aether_interfaces/include/aether_interfaces/aether_interfaces/srv
-- Up-to-date: /home/valtec/aether/aether_ws/install/aether_interfaces/include/aether_interfaces/aether_interfaces/srv/upload_mission.hpp
-- Up-to-date: /home/valtec/aether/aether_ws/install/aether_interfaces/include/aether_interfaces/aether_interfaces/srv/detail
-- Up-to-date: /home/valtec/aether/aether_ws/install/aether_interfaces/include/aether_interfaces/aether_interfaces/srv/detail/upload_mission__type_support.hpp
-- Up-to-date: /home/valtec/aether/aether_ws/install/aether_interfaces/include/aether_interfaces/aether_interfaces/srv/detail/upload_mission__builder.hpp
-- Up-to-date: /home/valtec/aether/aether_ws/install/aether_interfaces/include/aether_interfaces/aether_interfaces/srv/detail/upload_mission__struct.hpp
-- Up-to-date: /home/valtec/aether/aether_ws/install/aether_interfaces/include/aether_interfaces/aether_interfaces/srv/detail/upload_mission__traits.hpp
-- Up-to-date: /home/valtec/aether/aether_ws/install/aether_interfaces/include/aether_interfaces/aether_interfaces/msg
-- Up-to-date: /home/valtec/aether/aether_ws/install/aether_interfaces/include/aether_interfaces/aether_interfaces/msg/fleet_state.hpp
-- Up-to-date: /home/valtec/aether/aether_ws/install/aether_interfaces/include/aether_interfaces/aether_interfaces/msg/drone_state.hpp
-- Up-to-date: /home/valtec/aether/aether_ws/install/aether_interfaces/include/aether_interfaces/aether_interfaces/msg/detail
-- Up-to-date: /home/valtec/aether/aether_ws/install/aether_interfaces/include/aether_interfaces/aether_interfaces/msg/detail/fleet_state__struct.hpp
-- Up-to-date: /home/valtec/aether/aether_ws/install/aether_interfaces/include/aether_interfaces/aether_interfaces/msg/detail/fleet_state__traits.hpp
-- Up-to-date: /home/valtec/aether/aether_ws/install/aether_interfaces/include/aether_interfaces/aether_interfaces/msg/detail/fleet_state__builder.hpp
-- Up-to-date: /home/valtec/aether/aether_ws/install/aether_interfaces/include/aether_interfaces/aether_interfaces/msg/detail/drone_state__struct.hpp
-- Up-to-date: /home/valtec/aether/aether_ws/install/aether_interfaces/include/aether_interfaces/aether_interfaces/msg/detail/drone_state__type_support.hpp
-- Up-to-date: /home/valtec/aether/aether_ws/install/aether_interfaces/include/aether_interfaces/aether_interfaces/msg/detail/fleet_state__type_support.hpp
-- Up-to-date: /home/valtec/aether/aether_ws/install/aether_interfaces/include/aether_interfaces/aether_interfaces/msg/detail/drone_state__traits.hpp
-- Up-to-date: /home/valtec/aether/aether_ws/install/aether_interfaces/include/aether_interfaces/aether_interfaces/msg/detail/drone_state__builder.hpp
-- Up-to-date: /home/valtec/aether/aether_ws/install/aether_interfaces/include/aether_interfaces/aether_interfaces/msg/rosidl_generator_cpp__visibility_control.hpp
-- Up-to-date: /home/valtec/aether/aether_ws/install/aether_interfaces/include/aether_interfaces/aether_interfaces
-- Up-to-date: /home/valtec/aether/aether_ws/install/aether_interfaces/include/aether_interfaces/aether_interfaces/srv
-- Up-to-date: /home/valtec/aether/aether_ws/install/aether_interfaces/include/aether_interfaces/aether_interfaces/srv/detail
-- Up-to-date: /home/valtec/aether/aether_ws/install/aether_interfaces/include/aether_interfaces/aether_interfaces/srv/detail/upload_mission__rosidl_typesupport_fastrtps_cpp.hpp
-- Installing: /home/valtec/aether/aether_ws/install/aether_interfaces/include/aether_interfaces/aether_interfaces/srv/detail/dds_fastrtps
-- Up-to-date: /home/valtec/aether/aether_ws/install/aether_interfaces/include/aether_interfaces/aether_interfaces/msg
-- Up-to-date: /home/valtec/aether/aether_ws/install/aether_interfaces/include/aether_interfaces/aether_interfaces/msg/rosidl_typesupport_fastrtps_cpp__visibility_control.h
-- Up-to-date: /home/valtec/aether/aether_ws/install/aether_interfaces/include/aether_interfaces/aether_interfaces/msg/detail
-- Up-to-date: /home/valtec/aether/aether_ws/install/aether_interfaces/include/aether_interfaces/aether_interfaces/msg/detail/drone_state__rosidl_typesupport_fastrtps_cpp.hpp
-- Installing: /home/valtec/aether/aether_ws/install/aether_interfaces/include/aether_interfaces/aether_interfaces/msg/detail/dds_fastrtps
-- Up-to-date: /home/valtec/aether/aether_ws/install/aether_interfaces/include/aether_interfaces/aether_interfaces/msg/detail/fleet_state__rosidl_typesupport_fastrtps_cpp.hpp
-- Installing: /home/valtec/aether/aether_ws/install/aether_interfaces/lib/libaether_interfaces__rosidl_typesupport_fastrtps_cpp.so
-- Set runtime path of "/home/valtec/aether/aether_ws/install/aether_interfaces/lib/libaether_interfaces__rosidl_typesupport_fastrtps_cpp.so" to ""
-- Up-to-date: /home/valtec/aether/aether_ws/install/aether_interfaces/include/aether_interfaces/aether_interfaces
-- Up-to-date: /home/valtec/aether/aether_ws/install/aether_interfaces/include/aether_interfaces/aether_interfaces/srv
-- Up-to-date: /home/valtec/aether/aether_ws/install/aether_interfaces/include/aether_interfaces/aether_interfaces/srv/detail
-- Up-to-date: /home/valtec/aether/aether_ws/install/aether_interfaces/include/aether_interfaces/aether_interfaces/srv/detail/upload_mission__rosidl_typesupport_introspection_cpp.hpp
-- Up-to-date: /home/valtec/aether/aether_ws/install/aether_interfaces/include/aether_interfaces/aether_interfaces/srv/detail/upload_mission__type_support.cpp
-- Up-to-date: /home/valtec/aether/aether_ws/install/aether_interfaces/include/aether_interfaces/aether_interfaces/msg
-- Up-to-date: /home/valtec/aether/aether_ws/install/aether_interfaces/include/aether_interfaces/aether_interfaces/msg/detail
-- Up-to-date: /home/valtec/aether/aether_ws/install/aether_interfaces/include/aether_interfaces/aether_interfaces/msg/detail/drone_state__rosidl_typesupport_introspection_cpp.hpp
-- Up-to-date: /home/valtec/aether/aether_ws/install/aether_interfaces/include/aether_interfaces/aether_interfaces/msg/detail/fleet_state__rosidl_typesupport_introspection_cpp.hpp
-- Up-to-date: /home/valtec/aether/aether_ws/install/aether_interfaces/include/aether_interfaces/aether_interfaces/msg/detail/drone_state__type_support.cpp
-- Up-to-date: /home/valtec/aether/aether_ws/install/aether_interfaces/include/aether_interfaces/aether_interfaces/msg/detail/fleet_state__type_support.cpp
-- Installing: /home/valtec/aether/aether_ws/install/aether_interfaces/lib/libaether_interfaces__rosidl_typesupport_introspection_cpp.so
-- Set runtime path of "/home/valtec/aether/aether_ws/install/aether_interfaces/lib/libaether_interfaces__rosidl_typesupport_introspection_cpp.so" to ""
-- Installing: /home/valtec/aether/aether_ws/install/aether_interfaces/lib/libaether_interfaces__rosidl_typesupport_cpp.so
-- Set runtime path of "/home/valtec/aether/aether_ws/install/aether_interfaces/lib/libaether_interfaces__rosidl_typesupport_cpp.so" to ""
-- Up-to-date: /home/valtec/aether/aether_ws/install/aether_interfaces/share/aether_interfaces/environment/pythonpath.sh
-- Installing: /home/valtec/aether/aether_ws/install/aether_interfaces/share/aether_interfaces/environment/pythonpath.dsv
-- Up-to-date: /home/valtec/aether/aether_ws/install/aether_interfaces/local/lib/python3.10/dist-packages/aether_interfaces-0.0.1-py3.10.egg-info
-- Installing: /home/valtec/aether/aether_ws/install/aether_interfaces/local/lib/python3.10/dist-packages/aether_interfaces-0.0.1-py3.10.egg-info/SOURCES.txt
-- Installing: /home/valtec/aether/aether_ws/install/aether_interfaces/local/lib/python3.10/dist-packages/aether_interfaces-0.0.1-py3.10.egg-info/PKG-INFO
-- Installing: /home/valtec/aether/aether_ws/install/aether_interfaces/local/lib/python3.10/dist-packages/aether_interfaces-0.0.1-py3.10.egg-info/dependency_links.txt
-- Installing: /home/valtec/aether/aether_ws/install/aether_interfaces/local/lib/python3.10/dist-packages/aether_interfaces-0.0.1-py3.10.egg-info/top_level.txt
-- Up-to-date: /home/valtec/aether/aether_ws/install/aether_interfaces/local/lib/python3.10/dist-packages/aether_interfaces
-- Installing: /home/valtec/aether/aether_ws/install/aether_interfaces/local/lib/python3.10/dist-packages/aether_interfaces/__init__.py
-- Installing: /home/valtec/aether/aether_ws/install/aether_interfaces/local/lib/python3.10/dist-packages/aether_interfaces/aether_interfaces_s__rosidl_typesupport_c.cpython-310-x86_64-linux-gnu.so
-- Installing: /home/valtec/aether/aether_ws/install/aether_interfaces/local/lib/python3.10/dist-packages/aether_interfaces/aether_interfaces_s__rosidl_typesupport_introspection_c.cpython-310-x86_64-linux-gnu.so
-- Up-to-date: /home/valtec/aether/aether_ws/install/aether_interfaces/local/lib/python3.10/dist-packages/aether_interfaces/_aether_interfaces_s.ep.rosidl_typesupport_fastrtps_c.c
-- Up-to-date: /home/valtec/aether/aether_ws/install/aether_interfaces/local/lib/python3.10/dist-packages/aether_interfaces/_aether_interfaces_s.ep.rosidl_typesupport_introspection_c.c
-- Up-to-date: /home/valtec/aether/aether_ws/install/aether_interfaces/local/lib/python3.10/dist-packages/aether_interfaces/srv
-- Up-to-date: /home/valtec/aether/aether_ws/install/aether_interfaces/local/lib/python3.10/dist-packages/aether_interfaces/srv/__init__.py
-- Up-to-date: /home/valtec/aether/aether_ws/install/aether_interfaces/local/lib/python3.10/dist-packages/aether_interfaces/srv/_upload_mission_s.c
-- Up-to-date: /home/valtec/aether/aether_ws/install/aether_interfaces/local/lib/python3.10/dist-packages/aether_interfaces/srv/_upload_mission.py
-- Up-to-date: /home/valtec/aether/aether_ws/install/aether_interfaces/local/lib/python3.10/dist-packages/aether_interfaces/msg
-- Up-to-date: /home/valtec/aether/aether_ws/install/aether_interfaces/local/lib/python3.10/dist-packages/aether_interfaces/msg/__init__.py
-- Up-to-date: /home/valtec/aether/aether_ws/install/aether_interfaces/local/lib/python3.10/dist-packages/aether_interfaces/msg/_drone_state.py
-- Up-to-date: /home/valtec/aether/aether_ws/install/aether_interfaces/local/lib/python3.10/dist-packages/aether_interfaces/msg/_drone_state_s.c
-- Up-to-date: /home/valtec/aether/aether_ws/install/aether_interfaces/local/lib/python3.10/dist-packages/aether_interfaces/msg/_fleet_state.py
-- Up-to-date: /home/valtec/aether/aether_ws/install/aether_interfaces/local/lib/python3.10/dist-packages/aether_interfaces/msg/_fleet_state_s.c
-- Installing: /home/valtec/aether/aether_ws/install/aether_interfaces/local/lib/python3.10/dist-packages/aether_interfaces/aether_interfaces_s__rosidl_typesupport_fastrtps_c.cpython-310-x86_64-linux-gnu.so
-- Up-to-date: /home/valtec/aether/aether_ws/install/aether_interfaces/local/lib/python3.10/dist-packages/aether_interfaces/_aether_interfaces_s.ep.rosidl_typesupport_c.c
-- Installing: /home/valtec/aether/aether_ws/install/aether_interfaces/local/lib/python3.10/dist-packages/aether_interfaces/libaether_interfaces__rosidl_generator_py.so
Listing '/home/valtec/aether/aether_ws/install/aether_interfaces/local/lib/python3.10/dist-packages/aether_interfaces'...
Compiling '/home/valtec/aether/aether_ws/install/aether_interfaces/local/lib/python3.10/dist-packages/aether_interfaces/__init__.py'...
Listing '/home/valtec/aether/aether_ws/install/aether_interfaces/local/lib/python3.10/dist-packages/aether_interfaces/msg'...
Listing '/home/valtec/aether/aether_ws/install/aether_interfaces/local/lib/python3.10/dist-packages/aether_interfaces/srv'...
-- Installing: /home/valtec/aether/aether_ws/install/aether_interfaces/local/lib/python3.10/dist-packages/aether_interfaces/aether_interfaces_s__rosidl_typesupport_fastrtps_c.cpython-310-x86_64-linux-gnu.so
-- Set runtime path of "/home/valtec/aether/aether_ws/install/aether_interfaces/local/lib/python3.10/dist-packages/aether_interfaces/aether_interfaces_s__rosidl_typesupport_fastrtps_c.cpython-310-x86_64-linux-gnu.so" to ""
-- Installing: /home/valtec/aether/aether_ws/install/aether_interfaces/local/lib/python3.10/dist-packages/aether_interfaces/aether_interfaces_s__rosidl_typesupport_introspection_c.cpython-310-x86_64-linux-gnu.so
-- Set runtime path of "/home/valtec/aether/aether_ws/install/aether_interfaces/local/lib/python3.10/dist-packages/aether_interfaces/aether_interfaces_s__rosidl_typesupport_introspection_c.cpython-310-x86_64-linux-gnu.so" to ""
-- Installing: /home/valtec/aether/aether_ws/install/aether_interfaces/local/lib/python3.10/dist-packages/aether_interfaces/aether_interfaces_s__rosidl_typesupport_c.cpython-310-x86_64-linux-gnu.so
-- Set runtime path of "/home/valtec/aether/aether_ws/install/aether_interfaces/local/lib/python3.10/dist-packages/aether_interfaces/aether_interfaces_s__rosidl_typesupport_c.cpython-310-x86_64-linux-gnu.so" to ""
-- Installing: /home/valtec/aether/aether_ws/install/aether_interfaces/lib/libaether_interfaces__rosidl_generator_py.so
-- Set runtime path of "/home/valtec/aether/aether_ws/install/aether_interfaces/lib/libaether_interfaces__rosidl_generator_py.so" to ""
-- Up-to-date: /home/valtec/aether/aether_ws/install/aether_interfaces/share/aether_interfaces/srv/UploadMission.idl
-- Up-to-date: /home/valtec/aether/aether_ws/install/aether_interfaces/share/aether_interfaces/msg/DroneState.idl
-- Up-to-date: /home/valtec/aether/aether_ws/install/aether_interfaces/share/aether_interfaces/msg/FleetState.idl
-- Up-to-date: /home/valtec/aether/aether_ws/install/aether_interfaces/share/aether_interfaces/srv/UploadMission.srv
-- Up-to-date: /home/valtec/aether/aether_ws/install/aether_interfaces/share/aether_interfaces/srv/UploadMission_Request.msg
-- Up-to-date: /home/valtec/aether/aether_ws/install/aether_interfaces/share/aether_interfaces/srv/UploadMission_Response.msg
-- Up-to-date: /home/valtec/aether/aether_ws/install/aether_interfaces/share/aether_interfaces/msg/DroneState.msg
-- Up-to-date: /home/valtec/aether/aether_ws/install/aether_interfaces/share/aether_interfaces/msg/FleetState.msg
-- Up-to-date: /home/valtec/aether/aether_ws/install/aether_interfaces/share/ament_index/resource_index/package_run_dependencies/aether_interfaces
-- Installing: /home/valtec/aether/aether_ws/install/aether_interfaces/share/ament_index/resource_index/parent_prefix_path/aether_interfaces
-- Installing: /home/valtec/aether/aether_ws/install/aether_interfaces/share/aether_interfaces/environment/ament_prefix_path.sh
-- Installing: /home/valtec/aether/aether_ws/install/aether_interfaces/share/aether_interfaces/environment/ament_prefix_path.dsv
-- Installing: /home/valtec/aether/aether_ws/install/aether_interfaces/share/aether_interfaces/environment/path.sh
-- Installing: /home/valtec/aether/aether_ws/install/aether_interfaces/share/aether_interfaces/environment/path.dsv
-- Up-to-date: /home/valtec/aether/aether_ws/install/aether_interfaces/share/aether_interfaces/local_setup.bash
-- Up-to-date: /home/valtec/aether/aether_ws/install/aether_interfaces/share/aether_interfaces/local_setup.sh
-- Up-to-date: /home/valtec/aether/aether_ws/install/aether_interfaces/share/aether_interfaces/local_setup.zsh
-- Installing: /home/valtec/aether/aether_ws/install/aether_interfaces/share/aether_interfaces/local_setup.dsv
-- Installing: /home/valtec/aether/aether_ws/install/aether_interfaces/share/aether_interfaces/package.dsv
-- Up-to-date: /home/valtec/aether/aether_ws/install/aether_interfaces/share/ament_index/resource_index/packages/aether_interfaces
-- Up-to-date: /home/valtec/aether/aether_ws/install/aether_interfaces/share/aether_interfaces/cmake/export_aether_interfaces__rosidl_generator_cExport.cmake
-- Up-to-date: /home/valtec/aether/aether_ws/install/aether_interfaces/share/aether_interfaces/cmake/export_aether_interfaces__rosidl_generator_cExport-noconfig.cmake
-- Up-to-date: /home/valtec/aether/aether_ws/install/aether_interfaces/share/aether_interfaces/cmake/export_aether_interfaces__rosidl_typesupport_fastrtps_cExport.cmake
-- Up-to-date: /home/valtec/aether/aether_ws/install/aether_interfaces/share/aether_interfaces/cmake/export_aether_interfaces__rosidl_typesupport_fastrtps_cExport-noconfig.cmake
-- Up-to-date: /home/valtec/aether/aether_ws/install/aether_interfaces/share/aether_interfaces/cmake/aether_interfaces__rosidl_typesupport_introspection_cExport.cmake
-- Up-to-date: /home/valtec/aether/aether_ws/install/aether_interfaces/share/aether_interfaces/cmake/aether_interfaces__rosidl_typesupport_introspection_cExport-noconfig.cmake
-- Up-to-date: /home/valtec/aether/aether_ws/install/aether_interfaces/share/aether_interfaces/cmake/aether_interfaces__rosidl_typesupport_cExport.cmake
-- Up-to-date: /home/valtec/aether/aether_ws/install/aether_interfaces/share/aether_interfaces/cmake/aether_interfaces__rosidl_typesupport_cExport-noconfig.cmake
-- Up-to-date: /home/valtec/aether/aether_ws/install/aether_interfaces/share/aether_interfaces/cmake/export_aether_interfaces__rosidl_generator_cppExport.cmake
-- Up-to-date: /home/valtec/aether/aether_ws/install/aether_interfaces/share/aether_interfaces/cmake/export_aether_interfaces__rosidl_typesupport_fastrtps_cppExport.cmake
-- Up-to-date: /home/valtec/aether/aether_ws/install/aether_interfaces/share/aether_interfaces/cmake/export_aether_interfaces__rosidl_typesupport_fastrtps_cppExport-noconfig.cmake
-- Up-to-date: /home/valtec/aether/aether_ws/install/aether_interfaces/share/aether_interfaces/cmake/aether_interfaces__rosidl_typesupport_introspection_cppExport.cmake
-- Up-to-date: /home/valtec/aether/aether_ws/install/aether_interfaces/share/aether_interfaces/cmake/aether_interfaces__rosidl_typesupport_introspection_cppExport-noconfig.cmake
-- Up-to-date: /home/valtec/aether/aether_ws/install/aether_interfaces/share/aether_interfaces/cmake/aether_interfaces__rosidl_typesupport_cppExport.cmake
-- Up-to-date: /home/valtec/aether/aether_ws/install/aether_interfaces/share/aether_interfaces/cmake/aether_interfaces__rosidl_typesupport_cppExport-noconfig.cmake
-- Up-to-date: /home/valtec/aether/aether_ws/install/aether_interfaces/share/aether_interfaces/cmake/export_aether_interfaces__rosidl_generator_pyExport.cmake
-- Up-to-date: /home/valtec/aether/aether_ws/install/aether_interfaces/share/aether_interfaces/cmake/export_aether_interfaces__rosidl_generator_pyExport-noconfig.cmake
-- Up-to-date: /home/valtec/aether/aether_ws/install/aether_interfaces/share/aether_interfaces/cmake/rosidl_cmake-extras.cmake
-- Up-to-date: /home/valtec/aether/aether_ws/install/aether_interfaces/share/aether_interfaces/cmake/ament_cmake_export_dependencies-extras.cmake
-- Up-to-date: /home/valtec/aether/aether_ws/install/aether_interfaces/share/aether_interfaces/cmake/ament_cmake_export_include_directories-extras.cmake
-- Up-to-date: /home/valtec/aether/aether_ws/install/aether_interfaces/share/aether_interfaces/cmake/ament_cmake_export_libraries-extras.cmake
-- Up-to-date: /home/valtec/aether/aether_ws/install/aether_interfaces/share/aether_interfaces/cmake/ament_cmake_export_targets-extras.cmake
-- Up-to-date: /home/valtec/aether/aether_ws/install/aether_interfaces/share/aether_interfaces/cmake/rosidl_cmake_export_typesupport_targets-extras.cmake
-- Up-to-date: /home/valtec/aether/aether_ws/install/aether_interfaces/share/aether_interfaces/cmake/rosidl_cmake_export_typesupport_libraries-extras.cmake
-- Up-to-date: /home/valtec/aether/aether_ws/install/aether_interfaces/share/aether_interfaces/cmake/aether_interfacesConfig.cmake
-- Up-to-date: /home/valtec/aether/aether_ws/install/aether_interfaces/share/aether_interfaces/cmake/aether_interfacesConfig-version.cmake
-- Up-to-date: /home/valtec/aether/aether_ws/install/aether_interfaces/share/aether_interfaces/package.xml
