[0.320s] Invoking command in '/home/valtec/aether/aether_ws/build/aether_interfaces': PS1=\[\e]0;\u@\h: \w\a\]${debian_chroot:+($debian_chroot)}\[\033[01;32m\]\u@\h\[\033[00m\]:\[\033[01;34m\]\w\[\033[00m\]\$ /usr/bin/cmake --build /home/valtec/aether/aether_ws/build/aether_interfaces -- -j20 -l20
[0.351s] [35m[1mConsolidate compiler generated dependencies of target aether_interfaces__rosidl_generator_c[0m
[0.358s] [  2%] Built target aether_interfaces__cpp
[0.361s] [ 12%] Built target aether_interfaces__rosidl_generator_c
[0.366s] [35m[1mConsolidate compiler generated dependencies of target aether_interfaces__rosidl_typesupport_cpp[0m
[0.366s] [35m[1mConsolidate compiler generated dependencies of target aether_interfaces__rosidl_typesupport_introspection_cpp[0m
[0.366s] [35m[1mConsolidate compiler generated dependencies of target aether_interfaces__rosidl_typesupport_fastrtps_cpp[0m
[0.367s] [ 12%] Built target ament_cmake_python_copy_aether_interfaces
[0.369s] [35m[1mConsolidate compiler generated dependencies of target aether_interfaces__rosidl_typesupport_c[0m
[0.371s] [35m[1mConsolidate compiler generated dependencies of target aether_interfaces__rosidl_typesupport_introspection_c[0m
[0.372s] [35m[1mConsolidate compiler generated dependencies of target aether_interfaces__rosidl_typesupport_fastrtps_c[0m
[0.374s] [ 23%] Built target aether_interfaces__rosidl_typesupport_cpp
[0.374s] [ 34%] Built target aether_interfaces__rosidl_typesupport_introspection_cpp
[0.375s] [ 44%] Built target aether_interfaces__rosidl_typesupport_fastrtps_cpp
[0.376s] [ 55%] Built target aether_interfaces__rosidl_typesupport_c
[0.380s] [ 65%] Built target aether_interfaces__rosidl_typesupport_introspection_c
[0.381s] [ 76%] Built target aether_interfaces__rosidl_typesupport_fastrtps_c
[0.397s] [ 76%] Built target aether_interfaces
[0.415s] [ 78%] Built target aether_interfaces__py
[0.425s] [35m[1mConsolidate compiler generated dependencies of target aether_interfaces__rosidl_generator_py[0m
[0.437s] [ 87%] Built target aether_interfaces__rosidl_generator_py
[0.447s] [35m[1mConsolidate compiler generated dependencies of target aether_interfaces__rosidl_typesupport_fastrtps_c__pyext[0m
[0.447s] [35m[1mConsolidate compiler generated dependencies of target aether_interfaces__rosidl_typesupport_c__pyext[0m
[0.447s] [35m[1mConsolidate compiler generated dependencies of target aether_interfaces__rosidl_typesupport_introspection_c__pyext[0m
[0.459s] [100%] Built target aether_interfaces__rosidl_typesupport_c__pyext
[0.459s] [100%] Built target aether_interfaces__rosidl_typesupport_introspection_c__pyext
[0.459s] [100%] Built target aether_interfaces__rosidl_typesupport_fastrtps_c__pyext
[0.530s] running egg_info
[0.531s] writing aether_interfaces.egg-info/PKG-INFO
[0.531s] writing dependency_links to aether_interfaces.egg-info/dependency_links.txt
[0.531s] writing top-level names to aether_interfaces.egg-info/top_level.txt
[0.532s] reading manifest file 'aether_interfaces.egg-info/SOURCES.txt'
[0.533s] writing manifest file 'aether_interfaces.egg-info/SOURCES.txt'
[0.554s] [100%] Built target ament_cmake_python_build_aether_interfaces_egg
[0.564s] Invoked command in '/home/valtec/aether/aether_ws/build/aether_interfaces' returned '0': PS1=\[\e]0;\u@\h: \w\a\]${debian_chroot:+($debian_chroot)}\[\033[01;32m\]\u@\h\[\033[00m\]:\[\033[01;34m\]\w\[\033[00m\]\$ /usr/bin/cmake --build /home/valtec/aether/aether_ws/build/aether_interfaces -- -j20 -l20
[0.573s] Invoking command in '/home/valtec/aether/aether_ws/build/aether_interfaces': PS1=\[\e]0;\u@\h: \w\a\]${debian_chroot:+($debian_chroot)}\[\033[01;32m\]\u@\h\[\033[00m\]:\[\033[01;34m\]\w\[\033[00m\]\$ /usr/bin/cmake --install /home/valtec/aether/aether_ws/build/aether_interfaces
[0.578s] -- Install configuration: ""
[0.578s] -- Up-to-date: /home/valtec/aether/aether_ws/install/aether_interfaces/share/ament_index/resource_index/rosidl_interfaces/aether_interfaces
[0.578s] -- Up-to-date: /home/valtec/aether/aether_ws/install/aether_interfaces/include/aether_interfaces/aether_interfaces
[0.579s] -- Up-to-date: /home/valtec/aether/aether_ws/install/aether_interfaces/include/aether_interfaces/aether_interfaces/srv
[0.579s] -- Up-to-date: /home/valtec/aether/aether_ws/install/aether_interfaces/include/aether_interfaces/aether_interfaces/srv/upload_mission.h
[0.579s] -- Up-to-date: /home/valtec/aether/aether_ws/install/aether_interfaces/include/aether_interfaces/aether_interfaces/srv/detail
[0.579s] -- Up-to-date: /home/valtec/aether/aether_ws/install/aether_interfaces/include/aether_interfaces/aether_interfaces/srv/detail/upload_mission__functions.c
[0.579s] -- Up-to-date: /home/valtec/aether/aether_ws/install/aether_interfaces/include/aether_interfaces/aether_interfaces/srv/detail/upload_mission__type_support.h
[0.579s] -- Up-to-date: /home/valtec/aether/aether_ws/install/aether_interfaces/include/aether_interfaces/aether_interfaces/srv/detail/upload_mission__struct.h
[0.579s] -- Up-to-date: /home/valtec/aether/aether_ws/install/aether_interfaces/include/aether_interfaces/aether_interfaces/srv/detail/upload_mission__functions.h
[0.579s] -- Up-to-date: /home/valtec/aether/aether_ws/install/aether_interfaces/include/aether_interfaces/aether_interfaces/msg
[0.579s] -- Up-to-date: /home/valtec/aether/aether_ws/install/aether_interfaces/include/aether_interfaces/aether_interfaces/msg/fleet_state.h
[0.579s] -- Up-to-date: /home/valtec/aether/aether_ws/install/aether_interfaces/include/aether_interfaces/aether_interfaces/msg/rosidl_generator_c__visibility_control.h
[0.579s] -- Up-to-date: /home/valtec/aether/aether_ws/install/aether_interfaces/include/aether_interfaces/aether_interfaces/msg/drone_state.h
[0.579s] -- Up-to-date: /home/valtec/aether/aether_ws/install/aether_interfaces/include/aether_interfaces/aether_interfaces/msg/detail
[0.579s] -- Up-to-date: /home/valtec/aether/aether_ws/install/aether_interfaces/include/aether_interfaces/aether_interfaces/msg/detail/fleet_state__struct.h
[0.579s] -- Up-to-date: /home/valtec/aether/aether_ws/install/aether_interfaces/include/aether_interfaces/aether_interfaces/msg/detail/drone_state__functions.h
[0.579s] -- Up-to-date: /home/valtec/aether/aether_ws/install/aether_interfaces/include/aether_interfaces/aether_interfaces/msg/detail/drone_state__type_support.h
[0.579s] -- Up-to-date: /home/valtec/aether/aether_ws/install/aether_interfaces/include/aether_interfaces/aether_interfaces/msg/detail/drone_state__functions.c
[0.580s] -- Up-to-date: /home/valtec/aether/aether_ws/install/aether_interfaces/include/aether_interfaces/aether_interfaces/msg/detail/fleet_state__functions.h
[0.580s] -- Up-to-date: /home/valtec/aether/aether_ws/install/aether_interfaces/include/aether_interfaces/aether_interfaces/msg/detail/fleet_state__type_support.h
[0.580s] -- Up-to-date: /home/valtec/aether/aether_ws/install/aether_interfaces/include/aether_interfaces/aether_interfaces/msg/detail/fleet_state__functions.c
[0.580s] -- Up-to-date: /home/valtec/aether/aether_ws/install/aether_interfaces/include/aether_interfaces/aether_interfaces/msg/detail/drone_state__struct.h
[0.580s] -- Installing: /home/valtec/aether/aether_ws/install/aether_interfaces/share/aether_interfaces/environment/library_path.sh
[0.580s] -- Installing: /home/valtec/aether/aether_ws/install/aether_interfaces/share/aether_interfaces/environment/library_path.dsv
[0.580s] -- Installing: /home/valtec/aether/aether_ws/install/aether_interfaces/lib/libaether_interfaces__rosidl_generator_c.so
[0.580s] -- Set runtime path of "/home/valtec/aether/aether_ws/install/aether_interfaces/lib/libaether_interfaces__rosidl_generator_c.so" to ""
[0.580s] -- Up-to-date: /home/valtec/aether/aether_ws/install/aether_interfaces/include/aether_interfaces/aether_interfaces
[0.580s] -- Up-to-date: /home/valtec/aether/aether_ws/install/aether_interfaces/include/aether_interfaces/aether_interfaces/srv
[0.580s] -- Up-to-date: /home/valtec/aether/aether_ws/install/aether_interfaces/include/aether_interfaces/aether_interfaces/srv/detail
[0.580s] -- Up-to-date: /home/valtec/aether/aether_ws/install/aether_interfaces/include/aether_interfaces/aether_interfaces/srv/detail/upload_mission__rosidl_typesupport_fastrtps_c.h
[0.580s] -- Up-to-date: /home/valtec/aether/aether_ws/install/aether_interfaces/include/aether_interfaces/aether_interfaces/msg
[0.580s] -- Up-to-date: /home/valtec/aether/aether_ws/install/aether_interfaces/include/aether_interfaces/aether_interfaces/msg/detail
[0.580s] -- Up-to-date: /home/valtec/aether/aether_ws/install/aether_interfaces/include/aether_interfaces/aether_interfaces/msg/detail/drone_state__rosidl_typesupport_fastrtps_c.h
[0.580s] -- Up-to-date: /home/valtec/aether/aether_ws/install/aether_interfaces/include/aether_interfaces/aether_interfaces/msg/detail/fleet_state__rosidl_typesupport_fastrtps_c.h
[0.580s] -- Up-to-date: /home/valtec/aether/aether_ws/install/aether_interfaces/include/aether_interfaces/aether_interfaces/msg/rosidl_typesupport_fastrtps_c__visibility_control.h
[0.580s] -- Installing: /home/valtec/aether/aether_ws/install/aether_interfaces/lib/libaether_interfaces__rosidl_typesupport_fastrtps_c.so
[0.580s] -- Set runtime path of "/home/valtec/aether/aether_ws/install/aether_interfaces/lib/libaether_interfaces__rosidl_typesupport_fastrtps_c.so" to ""
[0.580s] -- Up-to-date: /home/valtec/aether/aether_ws/install/aether_interfaces/include/aether_interfaces/aether_interfaces
[0.580s] -- Up-to-date: /home/valtec/aether/aether_ws/install/aether_interfaces/include/aether_interfaces/aether_interfaces/srv
[0.580s] -- Up-to-date: /home/valtec/aether/aether_ws/install/aether_interfaces/include/aether_interfaces/aether_interfaces/srv/detail
[0.580s] -- Up-to-date: /home/valtec/aether/aether_ws/install/aether_interfaces/include/aether_interfaces/aether_interfaces/srv/detail/upload_mission__type_support.c
[0.580s] -- Up-to-date: /home/valtec/aether/aether_ws/install/aether_interfaces/include/aether_interfaces/aether_interfaces/srv/detail/upload_mission__rosidl_typesupport_introspection_c.h
[0.580s] -- Up-to-date: /home/valtec/aether/aether_ws/install/aether_interfaces/include/aether_interfaces/aether_interfaces/msg
[0.580s] -- Up-to-date: /home/valtec/aether/aether_ws/install/aether_interfaces/include/aether_interfaces/aether_interfaces/msg/rosidl_typesupport_introspection_c__visibility_control.h
[0.580s] -- Up-to-date: /home/valtec/aether/aether_ws/install/aether_interfaces/include/aether_interfaces/aether_interfaces/msg/detail
[0.580s] -- Up-to-date: /home/valtec/aether/aether_ws/install/aether_interfaces/include/aether_interfaces/aether_interfaces/msg/detail/drone_state__type_support.c
[0.580s] -- Up-to-date: /home/valtec/aether/aether_ws/install/aether_interfaces/include/aether_interfaces/aether_interfaces/msg/detail/drone_state__rosidl_typesupport_introspection_c.h
[0.580s] -- Up-to-date: /home/valtec/aether/aether_ws/install/aether_interfaces/include/aether_interfaces/aether_interfaces/msg/detail/fleet_state__rosidl_typesupport_introspection_c.h
[0.581s] -- Up-to-date: /home/valtec/aether/aether_ws/install/aether_interfaces/include/aether_interfaces/aether_interfaces/msg/detail/fleet_state__type_support.c
[0.581s] -- Installing: /home/valtec/aether/aether_ws/install/aether_interfaces/lib/libaether_interfaces__rosidl_typesupport_introspection_c.so
[0.581s] -- Set runtime path of "/home/valtec/aether/aether_ws/install/aether_interfaces/lib/libaether_interfaces__rosidl_typesupport_introspection_c.so" to ""
[0.581s] -- Installing: /home/valtec/aether/aether_ws/install/aether_interfaces/lib/libaether_interfaces__rosidl_typesupport_c.so
[0.581s] -- Set runtime path of "/home/valtec/aether/aether_ws/install/aether_interfaces/lib/libaether_interfaces__rosidl_typesupport_c.so" to ""
[0.581s] -- Up-to-date: /home/valtec/aether/aether_ws/install/aether_interfaces/include/aether_interfaces/aether_interfaces
[0.581s] -- Up-to-date: /home/valtec/aether/aether_ws/install/aether_interfaces/include/aether_interfaces/aether_interfaces/srv
[0.581s] -- Up-to-date: /home/valtec/aether/aether_ws/install/aether_interfaces/include/aether_interfaces/aether_interfaces/srv/upload_mission.hpp
[0.581s] -- Up-to-date: /home/valtec/aether/aether_ws/install/aether_interfaces/include/aether_interfaces/aether_interfaces/srv/detail
[0.581s] -- Up-to-date: /home/valtec/aether/aether_ws/install/aether_interfaces/include/aether_interfaces/aether_interfaces/srv/detail/upload_mission__type_support.hpp
[0.581s] -- Up-to-date: /home/valtec/aether/aether_ws/install/aether_interfaces/include/aether_interfaces/aether_interfaces/srv/detail/upload_mission__builder.hpp
[0.581s] -- Up-to-date: /home/valtec/aether/aether_ws/install/aether_interfaces/include/aether_interfaces/aether_interfaces/srv/detail/upload_mission__struct.hpp
[0.581s] -- Up-to-date: /home/valtec/aether/aether_ws/install/aether_interfaces/include/aether_interfaces/aether_interfaces/srv/detail/upload_mission__traits.hpp
[0.581s] -- Up-to-date: /home/valtec/aether/aether_ws/install/aether_interfaces/include/aether_interfaces/aether_interfaces/msg
[0.581s] -- Up-to-date: /home/valtec/aether/aether_ws/install/aether_interfaces/include/aether_interfaces/aether_interfaces/msg/fleet_state.hpp
[0.581s] -- Up-to-date: /home/valtec/aether/aether_ws/install/aether_interfaces/include/aether_interfaces/aether_interfaces/msg/drone_state.hpp
[0.581s] -- Up-to-date: /home/valtec/aether/aether_ws/install/aether_interfaces/include/aether_interfaces/aether_interfaces/msg/detail
[0.581s] -- Up-to-date: /home/valtec/aether/aether_ws/install/aether_interfaces/include/aether_interfaces/aether_interfaces/msg/detail/fleet_state__struct.hpp
[0.581s] -- Up-to-date: /home/valtec/aether/aether_ws/install/aether_interfaces/include/aether_interfaces/aether_interfaces/msg/detail/fleet_state__traits.hpp
[0.581s] -- Up-to-date: /home/valtec/aether/aether_ws/install/aether_interfaces/include/aether_interfaces/aether_interfaces/msg/detail/fleet_state__builder.hpp
[0.581s] -- Up-to-date: /home/valtec/aether/aether_ws/install/aether_interfaces/include/aether_interfaces/aether_interfaces/msg/detail/drone_state__struct.hpp
[0.581s] -- Up-to-date: /home/valtec/aether/aether_ws/install/aether_interfaces/include/aether_interfaces/aether_interfaces/msg/detail/drone_state__type_support.hpp
[0.581s] -- Up-to-date: /home/valtec/aether/aether_ws/install/aether_interfaces/include/aether_interfaces/aether_interfaces/msg/detail/fleet_state__type_support.hpp
[0.581s] -- Up-to-date: /home/valtec/aether/aether_ws/install/aether_interfaces/include/aether_interfaces/aether_interfaces/msg/detail/drone_state__traits.hpp
[0.581s] -- Up-to-date: /home/valtec/aether/aether_ws/install/aether_interfaces/include/aether_interfaces/aether_interfaces/msg/detail/drone_state__builder.hpp
[0.581s] -- Up-to-date: /home/valtec/aether/aether_ws/install/aether_interfaces/include/aether_interfaces/aether_interfaces/msg/rosidl_generator_cpp__visibility_control.hpp
[0.581s] -- Up-to-date: /home/valtec/aether/aether_ws/install/aether_interfaces/include/aether_interfaces/aether_interfaces
[0.581s] -- Up-to-date: /home/valtec/aether/aether_ws/install/aether_interfaces/include/aether_interfaces/aether_interfaces/srv
[0.581s] -- Up-to-date: /home/valtec/aether/aether_ws/install/aether_interfaces/include/aether_interfaces/aether_interfaces/srv/detail
[0.581s] -- Up-to-date: /home/valtec/aether/aether_ws/install/aether_interfaces/include/aether_interfaces/aether_interfaces/srv/detail/upload_mission__rosidl_typesupport_fastrtps_cpp.hpp
[0.582s] -- Installing: /home/valtec/aether/aether_ws/install/aether_interfaces/include/aether_interfaces/aether_interfaces/srv/detail/dds_fastrtps
[0.582s] -- Up-to-date: /home/valtec/aether/aether_ws/install/aether_interfaces/include/aether_interfaces/aether_interfaces/msg
[0.582s] -- Up-to-date: /home/valtec/aether/aether_ws/install/aether_interfaces/include/aether_interfaces/aether_interfaces/msg/rosidl_typesupport_fastrtps_cpp__visibility_control.h
[0.582s] -- Up-to-date: /home/valtec/aether/aether_ws/install/aether_interfaces/include/aether_interfaces/aether_interfaces/msg/detail
[0.582s] -- Up-to-date: /home/valtec/aether/aether_ws/install/aether_interfaces/include/aether_interfaces/aether_interfaces/msg/detail/drone_state__rosidl_typesupport_fastrtps_cpp.hpp
[0.582s] -- Installing: /home/valtec/aether/aether_ws/install/aether_interfaces/include/aether_interfaces/aether_interfaces/msg/detail/dds_fastrtps
[0.582s] -- Up-to-date: /home/valtec/aether/aether_ws/install/aether_interfaces/include/aether_interfaces/aether_interfaces/msg/detail/fleet_state__rosidl_typesupport_fastrtps_cpp.hpp
[0.582s] -- Installing: /home/valtec/aether/aether_ws/install/aether_interfaces/lib/libaether_interfaces__rosidl_typesupport_fastrtps_cpp.so
[0.582s] -- Set runtime path of "/home/valtec/aether/aether_ws/install/aether_interfaces/lib/libaether_interfaces__rosidl_typesupport_fastrtps_cpp.so" to ""
[0.582s] -- Up-to-date: /home/valtec/aether/aether_ws/install/aether_interfaces/include/aether_interfaces/aether_interfaces
[0.582s] -- Up-to-date: /home/valtec/aether/aether_ws/install/aether_interfaces/include/aether_interfaces/aether_interfaces/srv
[0.582s] -- Up-to-date: /home/valtec/aether/aether_ws/install/aether_interfaces/include/aether_interfaces/aether_interfaces/srv/detail
[0.582s] -- Up-to-date: /home/valtec/aether/aether_ws/install/aether_interfaces/include/aether_interfaces/aether_interfaces/srv/detail/upload_mission__rosidl_typesupport_introspection_cpp.hpp
[0.582s] -- Up-to-date: /home/valtec/aether/aether_ws/install/aether_interfaces/include/aether_interfaces/aether_interfaces/srv/detail/upload_mission__type_support.cpp
[0.582s] -- Up-to-date: /home/valtec/aether/aether_ws/install/aether_interfaces/include/aether_interfaces/aether_interfaces/msg
[0.582s] -- Up-to-date: /home/valtec/aether/aether_ws/install/aether_interfaces/include/aether_interfaces/aether_interfaces/msg/detail
[0.582s] -- Up-to-date: /home/valtec/aether/aether_ws/install/aether_interfaces/include/aether_interfaces/aether_interfaces/msg/detail/drone_state__rosidl_typesupport_introspection_cpp.hpp
[0.582s] -- Up-to-date: /home/valtec/aether/aether_ws/install/aether_interfaces/include/aether_interfaces/aether_interfaces/msg/detail/fleet_state__rosidl_typesupport_introspection_cpp.hpp
[0.582s] -- Up-to-date: /home/valtec/aether/aether_ws/install/aether_interfaces/include/aether_interfaces/aether_interfaces/msg/detail/drone_state__type_support.cpp
[0.582s] -- Up-to-date: /home/valtec/aether/aether_ws/install/aether_interfaces/include/aether_interfaces/aether_interfaces/msg/detail/fleet_state__type_support.cpp
[0.582s] -- Installing: /home/valtec/aether/aether_ws/install/aether_interfaces/lib/libaether_interfaces__rosidl_typesupport_introspection_cpp.so
[0.582s] -- Set runtime path of "/home/valtec/aether/aether_ws/install/aether_interfaces/lib/libaether_interfaces__rosidl_typesupport_introspection_cpp.so" to ""
[0.582s] -- Installing: /home/valtec/aether/aether_ws/install/aether_interfaces/lib/libaether_interfaces__rosidl_typesupport_cpp.so
[0.582s] -- Set runtime path of "/home/valtec/aether/aether_ws/install/aether_interfaces/lib/libaether_interfaces__rosidl_typesupport_cpp.so" to ""
[0.582s] -- Up-to-date: /home/valtec/aether/aether_ws/install/aether_interfaces/share/aether_interfaces/environment/pythonpath.sh
[0.582s] -- Installing: /home/valtec/aether/aether_ws/install/aether_interfaces/share/aether_interfaces/environment/pythonpath.dsv
[0.582s] -- Up-to-date: /home/valtec/aether/aether_ws/install/aether_interfaces/local/lib/python3.10/dist-packages/aether_interfaces-0.0.1-py3.10.egg-info
[0.582s] -- Installing: /home/valtec/aether/aether_ws/install/aether_interfaces/local/lib/python3.10/dist-packages/aether_interfaces-0.0.1-py3.10.egg-info/SOURCES.txt
[0.582s] -- Installing: /home/valtec/aether/aether_ws/install/aether_interfaces/local/lib/python3.10/dist-packages/aether_interfaces-0.0.1-py3.10.egg-info/PKG-INFO
[0.582s] -- Installing: /home/valtec/aether/aether_ws/install/aether_interfaces/local/lib/python3.10/dist-packages/aether_interfaces-0.0.1-py3.10.egg-info/dependency_links.txt
[0.582s] -- Installing: /home/valtec/aether/aether_ws/install/aether_interfaces/local/lib/python3.10/dist-packages/aether_interfaces-0.0.1-py3.10.egg-info/top_level.txt
[0.582s] -- Up-to-date: /home/valtec/aether/aether_ws/install/aether_interfaces/local/lib/python3.10/dist-packages/aether_interfaces
[0.583s] -- Installing: /home/valtec/aether/aether_ws/install/aether_interfaces/local/lib/python3.10/dist-packages/aether_interfaces/__init__.py
[0.583s] -- Installing: /home/valtec/aether/aether_ws/install/aether_interfaces/local/lib/python3.10/dist-packages/aether_interfaces/aether_interfaces_s__rosidl_typesupport_c.cpython-310-x86_64-linux-gnu.so
[0.583s] -- Installing: /home/valtec/aether/aether_ws/install/aether_interfaces/local/lib/python3.10/dist-packages/aether_interfaces/aether_interfaces_s__rosidl_typesupport_introspection_c.cpython-310-x86_64-linux-gnu.so
[0.583s] -- Up-to-date: /home/valtec/aether/aether_ws/install/aether_interfaces/local/lib/python3.10/dist-packages/aether_interfaces/_aether_interfaces_s.ep.rosidl_typesupport_fastrtps_c.c
[0.583s] -- Up-to-date: /home/valtec/aether/aether_ws/install/aether_interfaces/local/lib/python3.10/dist-packages/aether_interfaces/_aether_interfaces_s.ep.rosidl_typesupport_introspection_c.c
[0.583s] -- Up-to-date: /home/valtec/aether/aether_ws/install/aether_interfaces/local/lib/python3.10/dist-packages/aether_interfaces/srv
[0.583s] -- Up-to-date: /home/valtec/aether/aether_ws/install/aether_interfaces/local/lib/python3.10/dist-packages/aether_interfaces/srv/__init__.py
[0.583s] -- Up-to-date: /home/valtec/aether/aether_ws/install/aether_interfaces/local/lib/python3.10/dist-packages/aether_interfaces/srv/_upload_mission_s.c
[0.583s] -- Up-to-date: /home/valtec/aether/aether_ws/install/aether_interfaces/local/lib/python3.10/dist-packages/aether_interfaces/srv/_upload_mission.py
[0.583s] -- Up-to-date: /home/valtec/aether/aether_ws/install/aether_interfaces/local/lib/python3.10/dist-packages/aether_interfaces/msg
[0.583s] -- Up-to-date: /home/valtec/aether/aether_ws/install/aether_interfaces/local/lib/python3.10/dist-packages/aether_interfaces/msg/__init__.py
[0.583s] -- Up-to-date: /home/valtec/aether/aether_ws/install/aether_interfaces/local/lib/python3.10/dist-packages/aether_interfaces/msg/_drone_state.py
[0.583s] -- Up-to-date: /home/valtec/aether/aether_ws/install/aether_interfaces/local/lib/python3.10/dist-packages/aether_interfaces/msg/_drone_state_s.c
[0.583s] -- Up-to-date: /home/valtec/aether/aether_ws/install/aether_interfaces/local/lib/python3.10/dist-packages/aether_interfaces/msg/_fleet_state.py
[0.583s] -- Up-to-date: /home/valtec/aether/aether_ws/install/aether_interfaces/local/lib/python3.10/dist-packages/aether_interfaces/msg/_fleet_state_s.c
[0.583s] -- Installing: /home/valtec/aether/aether_ws/install/aether_interfaces/local/lib/python3.10/dist-packages/aether_interfaces/aether_interfaces_s__rosidl_typesupport_fastrtps_c.cpython-310-x86_64-linux-gnu.so
[0.583s] -- Up-to-date: /home/valtec/aether/aether_ws/install/aether_interfaces/local/lib/python3.10/dist-packages/aether_interfaces/_aether_interfaces_s.ep.rosidl_typesupport_c.c
[0.583s] -- Installing: /home/valtec/aether/aether_ws/install/aether_interfaces/local/lib/python3.10/dist-packages/aether_interfaces/libaether_interfaces__rosidl_generator_py.so
[0.610s] Listing '/home/valtec/aether/aether_ws/install/aether_interfaces/local/lib/python3.10/dist-packages/aether_interfaces'...
[0.610s] Compiling '/home/valtec/aether/aether_ws/install/aether_interfaces/local/lib/python3.10/dist-packages/aether_interfaces/__init__.py'...
[0.610s] Listing '/home/valtec/aether/aether_ws/install/aether_interfaces/local/lib/python3.10/dist-packages/aether_interfaces/msg'...
[0.610s] Listing '/home/valtec/aether/aether_ws/install/aether_interfaces/local/lib/python3.10/dist-packages/aether_interfaces/srv'...
[0.614s] -- Installing: /home/valtec/aether/aether_ws/install/aether_interfaces/local/lib/python3.10/dist-packages/aether_interfaces/aether_interfaces_s__rosidl_typesupport_fastrtps_c.cpython-310-x86_64-linux-gnu.so
[0.614s] -- Set runtime path of "/home/valtec/aether/aether_ws/install/aether_interfaces/local/lib/python3.10/dist-packages/aether_interfaces/aether_interfaces_s__rosidl_typesupport_fastrtps_c.cpython-310-x86_64-linux-gnu.so" to ""
[0.614s] -- Installing: /home/valtec/aether/aether_ws/install/aether_interfaces/local/lib/python3.10/dist-packages/aether_interfaces/aether_interfaces_s__rosidl_typesupport_introspection_c.cpython-310-x86_64-linux-gnu.so
[0.614s] -- Set runtime path of "/home/valtec/aether/aether_ws/install/aether_interfaces/local/lib/python3.10/dist-packages/aether_interfaces/aether_interfaces_s__rosidl_typesupport_introspection_c.cpython-310-x86_64-linux-gnu.so" to ""
[0.615s] -- Installing: /home/valtec/aether/aether_ws/install/aether_interfaces/local/lib/python3.10/dist-packages/aether_interfaces/aether_interfaces_s__rosidl_typesupport_c.cpython-310-x86_64-linux-gnu.so
[0.615s] -- Set runtime path of "/home/valtec/aether/aether_ws/install/aether_interfaces/local/lib/python3.10/dist-packages/aether_interfaces/aether_interfaces_s__rosidl_typesupport_c.cpython-310-x86_64-linux-gnu.so" to ""
[0.615s] -- Installing: /home/valtec/aether/aether_ws/install/aether_interfaces/lib/libaether_interfaces__rosidl_generator_py.so
[0.615s] -- Set runtime path of "/home/valtec/aether/aether_ws/install/aether_interfaces/lib/libaether_interfaces__rosidl_generator_py.so" to ""
[0.615s] -- Up-to-date: /home/valtec/aether/aether_ws/install/aether_interfaces/share/aether_interfaces/srv/UploadMission.idl
[0.615s] -- Up-to-date: /home/valtec/aether/aether_ws/install/aether_interfaces/share/aether_interfaces/msg/DroneState.idl
[0.615s] -- Up-to-date: /home/valtec/aether/aether_ws/install/aether_interfaces/share/aether_interfaces/msg/FleetState.idl
[0.615s] -- Up-to-date: /home/valtec/aether/aether_ws/install/aether_interfaces/share/aether_interfaces/srv/UploadMission.srv
[0.615s] -- Up-to-date: /home/valtec/aether/aether_ws/install/aether_interfaces/share/aether_interfaces/srv/UploadMission_Request.msg
[0.615s] -- Up-to-date: /home/valtec/aether/aether_ws/install/aether_interfaces/share/aether_interfaces/srv/UploadMission_Response.msg
[0.615s] -- Up-to-date: /home/valtec/aether/aether_ws/install/aether_interfaces/share/aether_interfaces/msg/DroneState.msg
[0.615s] -- Up-to-date: /home/valtec/aether/aether_ws/install/aether_interfaces/share/aether_interfaces/msg/FleetState.msg
[0.615s] -- Up-to-date: /home/valtec/aether/aether_ws/install/aether_interfaces/share/ament_index/resource_index/package_run_dependencies/aether_interfaces
[0.615s] -- Installing: /home/valtec/aether/aether_ws/install/aether_interfaces/share/ament_index/resource_index/parent_prefix_path/aether_interfaces
[0.615s] -- Installing: /home/valtec/aether/aether_ws/install/aether_interfaces/share/aether_interfaces/environment/ament_prefix_path.sh
[0.615s] -- Installing: /home/valtec/aether/aether_ws/install/aether_interfaces/share/aether_interfaces/environment/ament_prefix_path.dsv
[0.615s] -- Installing: /home/valtec/aether/aether_ws/install/aether_interfaces/share/aether_interfaces/environment/path.sh
[0.616s] -- Installing: /home/valtec/aether/aether_ws/install/aether_interfaces/share/aether_interfaces/environment/path.dsv
[0.616s] -- Up-to-date: /home/valtec/aether/aether_ws/install/aether_interfaces/share/aether_interfaces/local_setup.bash
[0.616s] -- Up-to-date: /home/valtec/aether/aether_ws/install/aether_interfaces/share/aether_interfaces/local_setup.sh
[0.616s] -- Up-to-date: /home/valtec/aether/aether_ws/install/aether_interfaces/share/aether_interfaces/local_setup.zsh
[0.616s] -- Installing: /home/valtec/aether/aether_ws/install/aether_interfaces/share/aether_interfaces/local_setup.dsv
[0.616s] -- Installing: /home/valtec/aether/aether_ws/install/aether_interfaces/share/aether_interfaces/package.dsv
[0.616s] -- Up-to-date: /home/valtec/aether/aether_ws/install/aether_interfaces/share/ament_index/resource_index/packages/aether_interfaces
[0.616s] -- Up-to-date: /home/valtec/aether/aether_ws/install/aether_interfaces/share/aether_interfaces/cmake/export_aether_interfaces__rosidl_generator_cExport.cmake
[0.616s] -- Up-to-date: /home/valtec/aether/aether_ws/install/aether_interfaces/share/aether_interfaces/cmake/export_aether_interfaces__rosidl_generator_cExport-noconfig.cmake
[0.616s] -- Up-to-date: /home/valtec/aether/aether_ws/install/aether_interfaces/share/aether_interfaces/cmake/export_aether_interfaces__rosidl_typesupport_fastrtps_cExport.cmake
[0.616s] -- Up-to-date: /home/valtec/aether/aether_ws/install/aether_interfaces/share/aether_interfaces/cmake/export_aether_interfaces__rosidl_typesupport_fastrtps_cExport-noconfig.cmake
[0.616s] -- Up-to-date: /home/valtec/aether/aether_ws/install/aether_interfaces/share/aether_interfaces/cmake/aether_interfaces__rosidl_typesupport_introspection_cExport.cmake
[0.616s] -- Up-to-date: /home/valtec/aether/aether_ws/install/aether_interfaces/share/aether_interfaces/cmake/aether_interfaces__rosidl_typesupport_introspection_cExport-noconfig.cmake
[0.616s] -- Up-to-date: /home/valtec/aether/aether_ws/install/aether_interfaces/share/aether_interfaces/cmake/aether_interfaces__rosidl_typesupport_cExport.cmake
[0.616s] -- Up-to-date: /home/valtec/aether/aether_ws/install/aether_interfaces/share/aether_interfaces/cmake/aether_interfaces__rosidl_typesupport_cExport-noconfig.cmake
[0.616s] -- Up-to-date: /home/valtec/aether/aether_ws/install/aether_interfaces/share/aether_interfaces/cmake/export_aether_interfaces__rosidl_generator_cppExport.cmake
[0.616s] -- Up-to-date: /home/valtec/aether/aether_ws/install/aether_interfaces/share/aether_interfaces/cmake/export_aether_interfaces__rosidl_typesupport_fastrtps_cppExport.cmake
[0.616s] -- Up-to-date: /home/valtec/aether/aether_ws/install/aether_interfaces/share/aether_interfaces/cmake/export_aether_interfaces__rosidl_typesupport_fastrtps_cppExport-noconfig.cmake
[0.616s] -- Up-to-date: /home/valtec/aether/aether_ws/install/aether_interfaces/share/aether_interfaces/cmake/aether_interfaces__rosidl_typesupport_introspection_cppExport.cmake
[0.616s] -- Up-to-date: /home/valtec/aether/aether_ws/install/aether_interfaces/share/aether_interfaces/cmake/aether_interfaces__rosidl_typesupport_introspection_cppExport-noconfig.cmake
[0.616s] -- Up-to-date: /home/valtec/aether/aether_ws/install/aether_interfaces/share/aether_interfaces/cmake/aether_interfaces__rosidl_typesupport_cppExport.cmake
[0.616s] -- Up-to-date: /home/valtec/aether/aether_ws/install/aether_interfaces/share/aether_interfaces/cmake/aether_interfaces__rosidl_typesupport_cppExport-noconfig.cmake
[0.617s] -- Up-to-date: /home/valtec/aether/aether_ws/install/aether_interfaces/share/aether_interfaces/cmake/export_aether_interfaces__rosidl_generator_pyExport.cmake
[0.617s] -- Up-to-date: /home/valtec/aether/aether_ws/install/aether_interfaces/share/aether_interfaces/cmake/export_aether_interfaces__rosidl_generator_pyExport-noconfig.cmake
[0.617s] -- Up-to-date: /home/valtec/aether/aether_ws/install/aether_interfaces/share/aether_interfaces/cmake/rosidl_cmake-extras.cmake
[0.617s] -- Up-to-date: /home/valtec/aether/aether_ws/install/aether_interfaces/share/aether_interfaces/cmake/ament_cmake_export_dependencies-extras.cmake
[0.617s] -- Up-to-date: /home/valtec/aether/aether_ws/install/aether_interfaces/share/aether_interfaces/cmake/ament_cmake_export_include_directories-extras.cmake
[0.617s] -- Up-to-date: /home/valtec/aether/aether_ws/install/aether_interfaces/share/aether_interfaces/cmake/ament_cmake_export_libraries-extras.cmake
[0.617s] -- Up-to-date: /home/valtec/aether/aether_ws/install/aether_interfaces/share/aether_interfaces/cmake/ament_cmake_export_targets-extras.cmake
[0.617s] -- Up-to-date: /home/valtec/aether/aether_ws/install/aether_interfaces/share/aether_interfaces/cmake/rosidl_cmake_export_typesupport_targets-extras.cmake
[0.617s] -- Up-to-date: /home/valtec/aether/aether_ws/install/aether_interfaces/share/aether_interfaces/cmake/rosidl_cmake_export_typesupport_libraries-extras.cmake
[0.617s] -- Up-to-date: /home/valtec/aether/aether_ws/install/aether_interfaces/share/aether_interfaces/cmake/aether_interfacesConfig.cmake
[0.617s] -- Up-to-date: /home/valtec/aether/aether_ws/install/aether_interfaces/share/aether_interfaces/cmake/aether_interfacesConfig-version.cmake
[0.617s] -- Up-to-date: /home/valtec/aether/aether_ws/install/aether_interfaces/share/aether_interfaces/package.xml
[0.619s] Invoked command in '/home/valtec/aether/aether_ws/build/aether_interfaces' returned '0': PS1=\[\e]0;\u@\h: \w\a\]${debian_chroot:+($debian_chroot)}\[\033[01;32m\]\u@\h\[\033[00m\]:\[\033[01;34m\]\w\[\033[00m\]\$ /usr/bin/cmake --install /home/valtec/aether/aether_ws/build/aether_interfaces
