[0.127s] Invoking command in '/home/valtec/aether/aether_ws/build/aether_gcs_logic_cpp': CMAKE_PREFIX_PATH=/opt/ros/humble:/home/valtec/aether/aether_ws/install/aether_interfaces LD_LIBRARY_PATH=/home/valtec/aether/aether_ws/install/aether_interfaces/lib:${LD_LIBRARY_PATH} PKG_CONFIG_PATH=/home/valtec/aether/aether_ws/install/aether_interfaces/lib/x86_64-linux-gnu/pkgconfig:/home/valtec/aether/aether_ws/install/aether_interfaces/lib/pkgconfig PYTHONPATH=/home/valtec/aether/aether_ws/install/aether_interfaces/local/lib/python3.10/dist-packages:${PYTHONPATH} ROS_PACKAGE_PATH=/home/valtec/aether/aether_ws/install/aether_interfaces/share /usr/bin/cmake /home/valtec/aether/aether_ws/src/aether_gcs_logic_cpp -DCMAKE_INSTALL_PREFIX=/home/valtec/aether/aether_ws/install/aether_gcs_logic_cpp
[0.170s] -- The C compiler identification is GNU 11.4.0
[0.206s] -- The CXX compiler identification is GNU 11.4.0
[0.211s] -- Detecting C compiler ABI info
[0.261s] -- Detecting C compiler ABI info - done
[0.268s] -- Check for working C compiler: /usr/bin/cc - skipped
[0.268s] -- Detecting C compile features
[0.268s] -- Detecting C compile features - done
[0.271s] -- Detecting CXX compiler ABI info
[0.327s] -- Detecting CXX compiler ABI info - done
[0.334s] -- Check for working CXX compiler: /usr/bin/c++ - skipped
[0.334s] -- Detecting CXX compile features
[0.334s] -- Detecting CXX compile features - done
[0.335s] -- Found ament_cmake: 1.3.12 (/opt/ros/humble/share/ament_cmake/cmake)
[0.442s] -- Found Python3: /usr/bin/python3 (found version "3.10.12") found components: Interpreter 
[0.499s] -- Found rclcpp: 16.0.14 (/opt/ros/humble/share/rclcpp/cmake)
[0.519s] -- Found rosidl_generator_c: 3.1.7 (/opt/ros/humble/share/rosidl_generator_c/cmake)
[0.522s] -- Found rosidl_adapter: 3.1.7 (/opt/ros/humble/share/rosidl_adapter/cmake)
[0.526s] -- Found rosidl_generator_cpp: 3.1.7 (/opt/ros/humble/share/rosidl_generator_cpp/cmake)
[0.532s] -- Using all available rosidl_typesupport_c: rosidl_typesupport_fastrtps_c;rosidl_typesupport_introspection_c
[0.540s] -- Using all available rosidl_typesupport_cpp: rosidl_typesupport_fastrtps_cpp;rosidl_typesupport_introspection_cpp
[0.561s] -- Found rmw_implementation_cmake: 6.1.2 (/opt/ros/humble/share/rmw_implementation_cmake/cmake)
[0.562s] -- Found rmw_fastrtps_cpp: 6.2.8 (/opt/ros/humble/share/rmw_fastrtps_cpp/cmake)
[0.616s] -- Found OpenSSL: /usr/lib/x86_64-linux-gnu/libcrypto.so (found version "3.0.2")  
[0.634s] -- Found FastRTPS: /opt/ros/humble/include  
[0.665s] -- Using RMW implementation 'rmw_fastrtps_cpp' as default
[0.671s] -- Looking for pthread.h
[0.727s] -- Looking for pthread.h - found
[0.727s] -- Performing Test CMAKE_HAVE_LIBC_PTHREAD
[0.781s] -- Performing Test CMAKE_HAVE_LIBC_PTHREAD - Success
[0.782s] -- Found Threads: TRUE  
[0.815s] -- Found aether_interfaces: 0.0.1 (/home/valtec/aether/aether_ws/install/aether_interfaces/share/aether_interfaces/cmake)
[0.822s] -- Found nav_msgs: 4.9.0 (/opt/ros/humble/share/nav_msgs/cmake)
[0.839s] -- Found ament_lint_auto: 0.12.14 (/opt/ros/humble/share/ament_lint_auto/cmake)
[0.881s] -- Added test 'copyright' to check source files copyright and LICENSE
[0.882s] -- Added test 'cppcheck' to perform static code analysis on C / C++ code
[0.882s] -- Configured cppcheck include dirs: 
[0.882s] -- Configured cppcheck exclude dirs and/or files: 
[0.882s] -- Added test 'cpplint' to check C / C++ code against the Google style
[0.882s] -- Configured cpplint exclude dirs and/or files: 
[0.882s] -- Added test 'lint_cmake' to check CMake code style
[0.883s] -- Added test 'uncrustify' to check C / C++ code style
[0.883s] -- Configured uncrustify additional arguments: 
[0.883s] -- Added test 'xmllint' to check XML markup files
[0.883s] -- Configuring done
[0.889s] -- Generating done
[0.893s] -- Build files have been written to: /home/valtec/aether/aether_ws/build/aether_gcs_logic_cpp
[0.898s] Invoked command in '/home/valtec/aether/aether_ws/build/aether_gcs_logic_cpp' returned '0': CMAKE_PREFIX_PATH=/opt/ros/humble:/home/valtec/aether/aether_ws/install/aether_interfaces LD_LIBRARY_PATH=/home/valtec/aether/aether_ws/install/aether_interfaces/lib:${LD_LIBRARY_PATH} PKG_CONFIG_PATH=/home/valtec/aether/aether_ws/install/aether_interfaces/lib/x86_64-linux-gnu/pkgconfig:/home/valtec/aether/aether_ws/install/aether_interfaces/lib/pkgconfig PYTHONPATH=/home/valtec/aether/aether_ws/install/aether_interfaces/local/lib/python3.10/dist-packages:${PYTHONPATH} ROS_PACKAGE_PATH=/home/valtec/aether/aether_ws/install/aether_interfaces/share /usr/bin/cmake /home/valtec/aether/aether_ws/src/aether_gcs_logic_cpp -DCMAKE_INSTALL_PREFIX=/home/valtec/aether/aether_ws/install/aether_gcs_logic_cpp
[0.899s] Invoking command in '/home/valtec/aether/aether_ws/build/aether_gcs_logic_cpp': CMAKE_PREFIX_PATH=/opt/ros/humble:/home/valtec/aether/aether_ws/install/aether_interfaces LD_LIBRARY_PATH=/home/valtec/aether/aether_ws/install/aether_interfaces/lib:${LD_LIBRARY_PATH} PKG_CONFIG_PATH=/home/valtec/aether/aether_ws/install/aether_interfaces/lib/x86_64-linux-gnu/pkgconfig:/home/valtec/aether/aether_ws/install/aether_interfaces/lib/pkgconfig PYTHONPATH=/home/valtec/aether/aether_ws/install/aether_interfaces/local/lib/python3.10/dist-packages:${PYTHONPATH} ROS_PACKAGE_PATH=/home/valtec/aether/aether_ws/install/aether_interfaces/share /usr/bin/cmake --build /home/valtec/aether/aether_ws/build/aether_gcs_logic_cpp -- -j20 -l20
[0.938s] [ 50%] Building CXX object CMakeFiles/strategic_deconfliction_node.dir/src/strategic_deconfliction_node.cpp.o
[6.073s] [100%] Linking CXX executable strategic_deconfliction_node
[6.324s] [100%] Built target strategic_deconfliction_node
[6.331s] Invoked command in '/home/valtec/aether/aether_ws/build/aether_gcs_logic_cpp' returned '0': CMAKE_PREFIX_PATH=/opt/ros/humble:/home/valtec/aether/aether_ws/install/aether_interfaces LD_LIBRARY_PATH=/home/valtec/aether/aether_ws/install/aether_interfaces/lib:${LD_LIBRARY_PATH} PKG_CONFIG_PATH=/home/valtec/aether/aether_ws/install/aether_interfaces/lib/x86_64-linux-gnu/pkgconfig:/home/valtec/aether/aether_ws/install/aether_interfaces/lib/pkgconfig PYTHONPATH=/home/valtec/aether/aether_ws/install/aether_interfaces/local/lib/python3.10/dist-packages:${PYTHONPATH} ROS_PACKAGE_PATH=/home/valtec/aether/aether_ws/install/aether_interfaces/share /usr/bin/cmake --build /home/valtec/aether/aether_ws/build/aether_gcs_logic_cpp -- -j20 -l20
[6.332s] Invoking command in '/home/valtec/aether/aether_ws/build/aether_gcs_logic_cpp': CMAKE_PREFIX_PATH=/opt/ros/humble:/home/valtec/aether/aether_ws/install/aether_interfaces LD_LIBRARY_PATH=/home/valtec/aether/aether_ws/install/aether_interfaces/lib:${LD_LIBRARY_PATH} PKG_CONFIG_PATH=/home/valtec/aether/aether_ws/install/aether_interfaces/lib/x86_64-linux-gnu/pkgconfig:/home/valtec/aether/aether_ws/install/aether_interfaces/lib/pkgconfig PYTHONPATH=/home/valtec/aether/aether_ws/install/aether_interfaces/local/lib/python3.10/dist-packages:${PYTHONPATH} ROS_PACKAGE_PATH=/home/valtec/aether/aether_ws/install/aether_interfaces/share /usr/bin/cmake --install /home/valtec/aether/aether_ws/build/aether_gcs_logic_cpp
[6.338s] -- Install configuration: ""
[6.338s] -- Installing: /home/valtec/aether/aether_ws/install/aether_gcs_logic_cpp/lib/aether_gcs_logic_cpp/strategic_deconfliction_node
[6.340s] -- Set runtime path of "/home/valtec/aether/aether_ws/install/aether_gcs_logic_cpp/lib/aether_gcs_logic_cpp/strategic_deconfliction_node" to ""
[6.340s] -- Installing: /home/valtec/aether/aether_ws/install/aether_gcs_logic_cpp/share/ament_index/resource_index/package_run_dependencies/aether_gcs_logic_cpp
[6.340s] -- Installing: /home/valtec/aether/aether_ws/install/aether_gcs_logic_cpp/share/ament_index/resource_index/parent_prefix_path/aether_gcs_logic_cpp
[6.340s] -- Installing: /home/valtec/aether/aether_ws/install/aether_gcs_logic_cpp/share/aether_gcs_logic_cpp/environment/ament_prefix_path.sh
[6.340s] -- Installing: /home/valtec/aether/aether_ws/install/aether_gcs_logic_cpp/share/aether_gcs_logic_cpp/environment/ament_prefix_path.dsv
[6.340s] -- Installing: /home/valtec/aether/aether_ws/install/aether_gcs_logic_cpp/share/aether_gcs_logic_cpp/environment/path.sh
[6.340s] -- Installing: /home/valtec/aether/aether_ws/install/aether_gcs_logic_cpp/share/aether_gcs_logic_cpp/environment/path.dsv
[6.340s] -- Installing: /home/valtec/aether/aether_ws/install/aether_gcs_logic_cpp/share/aether_gcs_logic_cpp/local_setup.bash
[6.340s] -- Installing: /home/valtec/aether/aether_ws/install/aether_gcs_logic_cpp/share/aether_gcs_logic_cpp/local_setup.sh
[6.340s] -- Installing: /home/valtec/aether/aether_ws/install/aether_gcs_logic_cpp/share/aether_gcs_logic_cpp/local_setup.zsh
[6.340s] -- Installing: /home/valtec/aether/aether_ws/install/aether_gcs_logic_cpp/share/aether_gcs_logic_cpp/local_setup.dsv
[6.340s] -- Installing: /home/valtec/aether/aether_ws/install/aether_gcs_logic_cpp/share/aether_gcs_logic_cpp/package.dsv
[6.340s] -- Installing: /home/valtec/aether/aether_ws/install/aether_gcs_logic_cpp/share/ament_index/resource_index/packages/aether_gcs_logic_cpp
[6.340s] -- Installing: /home/valtec/aether/aether_ws/install/aether_gcs_logic_cpp/share/aether_gcs_logic_cpp/cmake/aether_gcs_logic_cppConfig.cmake
[6.340s] -- Installing: /home/valtec/aether/aether_ws/install/aether_gcs_logic_cpp/share/aether_gcs_logic_cpp/cmake/aether_gcs_logic_cppConfig-version.cmake
[6.340s] -- Installing: /home/valtec/aether/aether_ws/install/aether_gcs_logic_cpp/share/aether_gcs_logic_cpp/package.xml
[6.342s] Invoked command in '/home/valtec/aether/aether_ws/build/aether_gcs_logic_cpp' returned '0': CMAKE_PREFIX_PATH=/opt/ros/humble:/home/valtec/aether/aether_ws/install/aether_interfaces LD_LIBRARY_PATH=/home/valtec/aether/aether_ws/install/aether_interfaces/lib:${LD_LIBRARY_PATH} PKG_CONFIG_PATH=/home/valtec/aether/aether_ws/install/aether_interfaces/lib/x86_64-linux-gnu/pkgconfig:/home/valtec/aether/aether_ws/install/aether_interfaces/lib/pkgconfig PYTHONPATH=/home/valtec/aether/aether_ws/install/aether_interfaces/local/lib/python3.10/dist-packages:${PYTHONPATH} ROS_PACKAGE_PATH=/home/valtec/aether/aether_ws/install/aether_interfaces/share /usr/bin/cmake --install /home/valtec/aether/aether_ws/build/aether_gcs_logic_cpp
