[0.463s] Invoking command in '/home/valtec/aether/aether_ws/src/aether_gcs_ui': PYTHONPATH=/home/valtec/aether/aether_ws/build/aether_gcs_ui/prefix_override:/usr/lib/python3/dist-packages/colcon_core/task/python/colcon_distutils_commands:/home/valtec/aether/aether_ws/install/aether_gcs_ui/lib/python3.10/site-packages:${PYTHONPATH} /usr/bin/python3 -W ignore:setup.py install is deprecated -W ignore:easy_install command is deprecated setup.py egg_info --egg-base ../../build/aether_gcs_ui build --build-base /home/valtec/aether/aether_ws/build/aether_gcs_ui/build install --record /home/valtec/aether/aether_ws/build/aether_gcs_ui/install.log --single-version-externally-managed install_data
[0.592s] running egg_info
[0.593s] creating ../../build/aether_gcs_ui/aether_gcs_ui.egg-info
[0.593s] writing ../../build/aether_gcs_ui/aether_gcs_ui.egg-info/PKG-INFO
[0.593s] writing dependency_links to ../../build/aether_gcs_ui/aether_gcs_ui.egg-info/dependency_links.txt
[0.593s] writing entry points to ../../build/aether_gcs_ui/aether_gcs_ui.egg-info/entry_points.txt
[0.593s] writing requirements to ../../build/aether_gcs_ui/aether_gcs_ui.egg-info/requires.txt
[0.593s] writing top-level names to ../../build/aether_gcs_ui/aether_gcs_ui.egg-info/top_level.txt
[0.593s] writing manifest file '../../build/aether_gcs_ui/aether_gcs_ui.egg-info/SOURCES.txt'
[0.594s] reading manifest file '../../build/aether_gcs_ui/aether_gcs_ui.egg-info/SOURCES.txt'
[0.594s] writing manifest file '../../build/aether_gcs_ui/aether_gcs_ui.egg-info/SOURCES.txt'
[0.594s] running build
[0.595s] running build_py
[0.595s] creating /home/valtec/aether/aether_ws/build/aether_gcs_ui/build
[0.595s] creating /home/valtec/aether/aether_ws/build/aether_gcs_ui/build/lib
[0.595s] creating /home/valtec/aether/aether_ws/build/aether_gcs_ui/build/lib/aether_gcs_ui
[0.595s] copying aether_gcs_ui/ui_node.py -> /home/valtec/aether/aether_ws/build/aether_gcs_ui/build/lib/aether_gcs_ui
[0.595s] copying aether_gcs_ui/__init__.py -> /home/valtec/aether/aether_ws/build/aether_gcs_ui/build/lib/aether_gcs_ui
[0.595s] running install
[0.595s] running install_lib
[0.595s] creating /home/valtec/aether/aether_ws/install/aether_gcs_ui/lib/python3.10/site-packages/aether_gcs_ui
[0.596s] copying /home/valtec/aether/aether_ws/build/aether_gcs_ui/build/lib/aether_gcs_ui/ui_node.py -> /home/valtec/aether/aether_ws/install/aether_gcs_ui/lib/python3.10/site-packages/aether_gcs_ui
[0.596s] copying /home/valtec/aether/aether_ws/build/aether_gcs_ui/build/lib/aether_gcs_ui/__init__.py -> /home/valtec/aether/aether_ws/install/aether_gcs_ui/lib/python3.10/site-packages/aether_gcs_ui
[0.596s] byte-compiling /home/valtec/aether/aether_ws/install/aether_gcs_ui/lib/python3.10/site-packages/aether_gcs_ui/ui_node.py to ui_node.cpython-310.pyc
[0.596s] byte-compiling /home/valtec/aether/aether_ws/install/aether_gcs_ui/lib/python3.10/site-packages/aether_gcs_ui/__init__.py to __init__.cpython-310.pyc
[0.596s] running install_data
[0.596s] creating /home/valtec/aether/aether_ws/install/aether_gcs_ui/share/ament_index
[0.596s] creating /home/valtec/aether/aether_ws/install/aether_gcs_ui/share/ament_index/resource_index
[0.596s] creating /home/valtec/aether/aether_ws/install/aether_gcs_ui/share/ament_index/resource_index/packages
[0.596s] copying resource/aether_gcs_ui -> /home/valtec/aether/aether_ws/install/aether_gcs_ui/share/ament_index/resource_index/packages
[0.596s] copying package.xml -> /home/valtec/aether/aether_ws/install/aether_gcs_ui/share/aether_gcs_ui
[0.596s] running install_egg_info
[0.597s] Copying ../../build/aether_gcs_ui/aether_gcs_ui.egg-info to /home/valtec/aether/aether_ws/install/aether_gcs_ui/lib/python3.10/site-packages/aether_gcs_ui-0.0.0-py3.10.egg-info
[0.598s] running install_scripts
[0.611s] writing list of installed files to '/home/valtec/aether/aether_ws/build/aether_gcs_ui/install.log'
[0.626s] Invoked command in '/home/valtec/aether/aether_ws/src/aether_gcs_ui' returned '0': PYTHONPATH=/home/valtec/aether/aether_ws/build/aether_gcs_ui/prefix_override:/usr/lib/python3/dist-packages/colcon_core/task/python/colcon_distutils_commands:/home/valtec/aether/aether_ws/install/aether_gcs_ui/lib/python3.10/site-packages:${PYTHONPATH} /usr/bin/python3 -W ignore:setup.py install is deprecated -W ignore:easy_install command is deprecated setup.py egg_info --egg-base ../../build/aether_gcs_ui build --build-base /home/valtec/aether/aether_ws/build/aether_gcs_ui/build install --record /home/valtec/aether/aether_ws/build/aether_gcs_ui/install.log --single-version-externally-managed install_data
