[0.074s] DEBUG:colcon:Command line arguments: ['/usr/bin/colcon', 'build']
[0.074s] DEBUG:colcon:Parsed command line arguments: Namespace(log_base=None, log_level=None, verb_name='build', build_base='build', install_base='install', merge_install=False, symlink_install=False, test_result_base=None, continue_on_error=False, executor='parallel', parallel_workers=20, event_handlers=None, ignore_user_meta=False, metas=['./colcon.meta'], base_paths=['.'], packages_ignore=None, packages_ignore_regex=None, paths=None, packages_up_to=None, packages_up_to_regex=None, packages_above=None, packages_above_and_dependencies=None, packages_above_depth=None, packages_select_by_dep=None, packages_skip_by_dep=None, packages_skip_up_to=None, packages_select_build_failed=False, packages_skip_build_finished=False, packages_select_test_failures=False, packages_skip_test_passed=False, packages_select=None, packages_skip=None, packages_select_regex=None, packages_skip_regex=None, packages_start=None, packages_end=None, allow_overriding=[], cmake_args=None, cmake_target=None, cmake_target_skip_unavailable=False, cmake_clean_cache=False, cmake_clean_first=False, cmake_force_configure=False, ament_cmake_args=None, catkin_cmake_args=None, catkin_skip_building_tests=False, verb_parser=<colcon_defaults.argument_parser.defaults.DefaultArgumentsDecorator object at 0x7be279f1bb80>, verb_extension=<colcon_core.verb.build.BuildVerb object at 0x7be279f1b670>, main=<bound method BuildVerb.main of <colcon_core.verb.build.BuildVerb object at 0x7be279f1b670>>)
[0.177s] Level 1:colcon.colcon_core.package_discovery:discover_packages(colcon_meta) check parameters
[0.177s] Level 1:colcon.colcon_core.package_discovery:discover_packages(recursive) check parameters
[0.177s] Level 1:colcon.colcon_core.package_discovery:discover_packages(ignore) check parameters
[0.177s] Level 1:colcon.colcon_core.package_discovery:discover_packages(path) check parameters
[0.177s] Level 1:colcon.colcon_core.package_discovery:discover_packages(colcon_meta) discover
[0.177s] Level 1:colcon.colcon_core.package_discovery:discover_packages(recursive) discover
[0.177s] INFO:colcon.colcon_core.package_discovery:Crawling recursively for packages in '/home/valtec/aether/aether_ws'
[0.177s] Level 1:colcon.colcon_core.package_identification:_identify(.) by extensions ['ignore', 'ignore_ament_install']
[0.177s] Level 1:colcon.colcon_core.package_identification:_identify(.) by extension 'ignore'
[0.177s] Level 1:colcon.colcon_core.package_identification:_identify(.) by extension 'ignore_ament_install'
[0.177s] Level 1:colcon.colcon_core.package_identification:_identify(.) by extensions ['colcon_pkg']
[0.177s] Level 1:colcon.colcon_core.package_identification:_identify(.) by extension 'colcon_pkg'
[0.177s] Level 1:colcon.colcon_core.package_identification:_identify(.) by extensions ['colcon_meta']
[0.177s] Level 1:colcon.colcon_core.package_identification:_identify(.) by extension 'colcon_meta'
[0.177s] Level 1:colcon.colcon_core.package_identification:_identify(.) by extensions ['ros']
[0.177s] Level 1:colcon.colcon_core.package_identification:_identify(.) by extension 'ros'
[0.186s] Level 1:colcon.colcon_core.package_identification:_identify(.) by extensions ['cmake', 'python']
[0.186s] Level 1:colcon.colcon_core.package_identification:_identify(.) by extension 'cmake'
[0.186s] Level 1:colcon.colcon_core.package_identification:_identify(.) by extension 'python'
[0.186s] Level 1:colcon.colcon_core.package_identification:_identify(.) by extensions ['python_setup_py']
[0.186s] Level 1:colcon.colcon_core.package_identification:_identify(.) by extension 'python_setup_py'
[0.186s] Level 1:colcon.colcon_core.package_identification:_identify(build) by extensions ['ignore', 'ignore_ament_install']
[0.186s] Level 1:colcon.colcon_core.package_identification:_identify(build) by extension 'ignore'
[0.186s] Level 1:colcon.colcon_core.package_identification:_identify(build) ignored
[0.186s] Level 1:colcon.colcon_core.package_identification:_identify(install) by extensions ['ignore', 'ignore_ament_install']
[0.186s] Level 1:colcon.colcon_core.package_identification:_identify(install) by extension 'ignore'
[0.186s] Level 1:colcon.colcon_core.package_identification:_identify(install) ignored
[0.187s] Level 1:colcon.colcon_core.package_identification:_identify(log) by extensions ['ignore', 'ignore_ament_install']
[0.187s] Level 1:colcon.colcon_core.package_identification:_identify(log) by extension 'ignore'
[0.187s] Level 1:colcon.colcon_core.package_identification:_identify(log) ignored
[0.187s] Level 1:colcon.colcon_core.package_identification:_identify(src) by extensions ['ignore', 'ignore_ament_install']
[0.187s] Level 1:colcon.colcon_core.package_identification:_identify(src) by extension 'ignore'
[0.187s] Level 1:colcon.colcon_core.package_identification:_identify(src) by extension 'ignore_ament_install'
[0.187s] Level 1:colcon.colcon_core.package_identification:_identify(src) by extensions ['colcon_pkg']
[0.187s] Level 1:colcon.colcon_core.package_identification:_identify(src) by extension 'colcon_pkg'
[0.187s] Level 1:colcon.colcon_core.package_identification:_identify(src) by extensions ['colcon_meta']
[0.187s] Level 1:colcon.colcon_core.package_identification:_identify(src) by extension 'colcon_meta'
[0.187s] Level 1:colcon.colcon_core.package_identification:_identify(src) by extensions ['ros']
[0.187s] Level 1:colcon.colcon_core.package_identification:_identify(src) by extension 'ros'
[0.187s] Level 1:colcon.colcon_core.package_identification:_identify(src) by extensions ['cmake', 'python']
[0.187s] Level 1:colcon.colcon_core.package_identification:_identify(src) by extension 'cmake'
[0.187s] Level 1:colcon.colcon_core.package_identification:_identify(src) by extension 'python'
[0.187s] Level 1:colcon.colcon_core.package_identification:_identify(src) by extensions ['python_setup_py']
[0.187s] Level 1:colcon.colcon_core.package_identification:_identify(src) by extension 'python_setup_py'
[0.187s] Level 1:colcon.colcon_core.package_identification:_identify(src/aether_gcs_backend) by extensions ['ignore', 'ignore_ament_install']
[0.187s] Level 1:colcon.colcon_core.package_identification:_identify(src/aether_gcs_backend) by extension 'ignore'
[0.187s] Level 1:colcon.colcon_core.package_identification:_identify(src/aether_gcs_backend) by extension 'ignore_ament_install'
[0.187s] Level 1:colcon.colcon_core.package_identification:_identify(src/aether_gcs_backend) by extensions ['colcon_pkg']
[0.187s] Level 1:colcon.colcon_core.package_identification:_identify(src/aether_gcs_backend) by extension 'colcon_pkg'
[0.187s] Level 1:colcon.colcon_core.package_identification:_identify(src/aether_gcs_backend) by extensions ['colcon_meta']
[0.187s] Level 1:colcon.colcon_core.package_identification:_identify(src/aether_gcs_backend) by extension 'colcon_meta'
[0.187s] Level 1:colcon.colcon_core.package_identification:_identify(src/aether_gcs_backend) by extensions ['ros']
[0.187s] Level 1:colcon.colcon_core.package_identification:_identify(src/aether_gcs_backend) by extension 'ros'
[0.189s] DEBUG:colcon.colcon_core.package_identification:Package 'src/aether_gcs_backend' with type 'ros.ament_python' and name 'aether_gcs_backend'
[0.190s] Level 1:colcon.colcon_core.package_identification:_identify(src/aether_gcs_ui) by extensions ['ignore', 'ignore_ament_install']
[0.190s] Level 1:colcon.colcon_core.package_identification:_identify(src/aether_gcs_ui) by extension 'ignore'
[0.190s] Level 1:colcon.colcon_core.package_identification:_identify(src/aether_gcs_ui) by extension 'ignore_ament_install'
[0.190s] Level 1:colcon.colcon_core.package_identification:_identify(src/aether_gcs_ui) by extensions ['colcon_pkg']
[0.190s] Level 1:colcon.colcon_core.package_identification:_identify(src/aether_gcs_ui) by extension 'colcon_pkg'
[0.190s] Level 1:colcon.colcon_core.package_identification:_identify(src/aether_gcs_ui) by extensions ['colcon_meta']
[0.190s] Level 1:colcon.colcon_core.package_identification:_identify(src/aether_gcs_ui) by extension 'colcon_meta'
[0.190s] Level 1:colcon.colcon_core.package_identification:_identify(src/aether_gcs_ui) by extensions ['ros']
[0.190s] Level 1:colcon.colcon_core.package_identification:_identify(src/aether_gcs_ui) by extension 'ros'
[0.190s] DEBUG:colcon.colcon_core.package_identification:Package 'src/aether_gcs_ui' with type 'ros.ament_python' and name 'aether_gcs_ui'
[0.190s] Level 1:colcon.colcon_core.package_identification:_identify(src/aether_interfaces) by extensions ['ignore', 'ignore_ament_install']
[0.190s] Level 1:colcon.colcon_core.package_identification:_identify(src/aether_interfaces) by extension 'ignore'
[0.190s] Level 1:colcon.colcon_core.package_identification:_identify(src/aether_interfaces) by extension 'ignore_ament_install'
[0.190s] Level 1:colcon.colcon_core.package_identification:_identify(src/aether_interfaces) by extensions ['colcon_pkg']
[0.190s] Level 1:colcon.colcon_core.package_identification:_identify(src/aether_interfaces) by extension 'colcon_pkg'
[0.190s] Level 1:colcon.colcon_core.package_identification:_identify(src/aether_interfaces) by extensions ['colcon_meta']
[0.190s] Level 1:colcon.colcon_core.package_identification:_identify(src/aether_interfaces) by extension 'colcon_meta'
[0.191s] Level 1:colcon.colcon_core.package_identification:_identify(src/aether_interfaces) by extensions ['ros']
[0.191s] Level 1:colcon.colcon_core.package_identification:_identify(src/aether_interfaces) by extension 'ros'
[0.191s] DEBUG:colcon.colcon_core.package_identification:Package 'src/aether_interfaces' with type 'ros.catkin' and name 'aether_interfaces'
[0.191s] Level 1:colcon.colcon_core.package_identification:_identify(src/valtec_onboard_intelligence) by extensions ['ignore', 'ignore_ament_install']
[0.191s] Level 1:colcon.colcon_core.package_identification:_identify(src/valtec_onboard_intelligence) by extension 'ignore'
[0.191s] Level 1:colcon.colcon_core.package_identification:_identify(src/valtec_onboard_intelligence) by extension 'ignore_ament_install'
[0.191s] Level 1:colcon.colcon_core.package_identification:_identify(src/valtec_onboard_intelligence) by extensions ['colcon_pkg']
[0.191s] Level 1:colcon.colcon_core.package_identification:_identify(src/valtec_onboard_intelligence) by extension 'colcon_pkg'
[0.191s] Level 1:colcon.colcon_core.package_identification:_identify(src/valtec_onboard_intelligence) by extensions ['colcon_meta']
[0.191s] Level 1:colcon.colcon_core.package_identification:_identify(src/valtec_onboard_intelligence) by extension 'colcon_meta'
[0.191s] Level 1:colcon.colcon_core.package_identification:_identify(src/valtec_onboard_intelligence) by extensions ['ros']
[0.191s] Level 1:colcon.colcon_core.package_identification:_identify(src/valtec_onboard_intelligence) by extension 'ros'
[0.192s] DEBUG:colcon.colcon_core.package_identification:Package 'src/valtec_onboard_intelligence' with type 'ros.ament_cmake' and name 'valtec_onboard_intelligence'
[0.192s] Level 1:colcon.colcon_core.package_discovery:discover_packages(recursive) using defaults
[0.192s] Level 1:colcon.colcon_core.package_discovery:discover_packages(ignore) discover
[0.192s] Level 1:colcon.colcon_core.package_discovery:discover_packages(ignore) using defaults
[0.192s] Level 1:colcon.colcon_core.package_discovery:discover_packages(path) discover
[0.192s] Level 1:colcon.colcon_core.package_discovery:discover_packages(path) using defaults
[0.207s] Level 1:colcon.colcon_core.package_discovery:discover_packages(prefix_path) check parameters
[0.207s] Level 1:colcon.colcon_core.package_discovery:discover_packages(prefix_path) discover
[0.208s] WARNING:colcon.colcon_core.prefix_path.colcon:The path '/home/valtec/aether/aether-gcs/aether_ws/install' in the environment variable COLCON_PREFIX_PATH doesn't exist
[0.208s] WARNING:colcon.colcon_ros.prefix_path.ament:The path '/home/valtec/aether/aether-gcs/aether_ws/install/valtec_onboard_intelligence' in the environment variable AMENT_PREFIX_PATH doesn't exist
[0.208s] WARNING:colcon.colcon_ros.prefix_path.ament:The path '/home/valtec/aether/aether-gcs/aether_ws/install/aether_gcs_ui' in the environment variable AMENT_PREFIX_PATH doesn't exist
[0.208s] WARNING:colcon.colcon_ros.prefix_path.ament:The path '/home/valtec/aether/aether-gcs/aether_ws/install/aether_gcs_backend' in the environment variable AMENT_PREFIX_PATH doesn't exist
[0.208s] WARNING:colcon.colcon_ros.prefix_path.catkin:The path '/home/valtec/aether/aether-gcs/aether_ws/install/valtec_onboard_intelligence' in the environment variable CMAKE_PREFIX_PATH doesn't exist
[0.208s] WARNING:colcon.colcon_ros.prefix_path.catkin:The path '/home/valtec/aether/aether-gcs/aether_ws/install/aether_interfaces' in the environment variable CMAKE_PREFIX_PATH doesn't exist
[0.209s] DEBUG:colcon.colcon_installed_package_information.package_discovery:Found 271 installed packages in /opt/ros/humble
[0.210s] Level 1:colcon.colcon_core.package_discovery:discover_packages(prefix_path) using defaults
[0.241s] Level 5:colcon.colcon_core.verb:set package 'aether_gcs_backend' build argument 'cmake_args' from command line to 'None'
[0.241s] Level 5:colcon.colcon_core.verb:set package 'aether_gcs_backend' build argument 'cmake_target' from command line to 'None'
[0.241s] Level 5:colcon.colcon_core.verb:set package 'aether_gcs_backend' build argument 'cmake_target_skip_unavailable' from command line to 'False'
[0.241s] Level 5:colcon.colcon_core.verb:set package 'aether_gcs_backend' build argument 'cmake_clean_cache' from command line to 'False'
[0.241s] Level 5:colcon.colcon_core.verb:set package 'aether_gcs_backend' build argument 'cmake_clean_first' from command line to 'False'
[0.241s] Level 5:colcon.colcon_core.verb:set package 'aether_gcs_backend' build argument 'cmake_force_configure' from command line to 'False'
[0.241s] Level 5:colcon.colcon_core.verb:set package 'aether_gcs_backend' build argument 'ament_cmake_args' from command line to 'None'
[0.241s] Level 5:colcon.colcon_core.verb:set package 'aether_gcs_backend' build argument 'catkin_cmake_args' from command line to 'None'
[0.241s] Level 5:colcon.colcon_core.verb:set package 'aether_gcs_backend' build argument 'catkin_skip_building_tests' from command line to 'False'
[0.241s] DEBUG:colcon.colcon_core.verb:Building package 'aether_gcs_backend' with the following arguments: {'ament_cmake_args': None, 'build_base': '/home/valtec/aether/aether_ws/build/aether_gcs_backend', 'catkin_cmake_args': None, 'catkin_skip_building_tests': False, 'cmake_args': None, 'cmake_clean_cache': False, 'cmake_clean_first': False, 'cmake_force_configure': False, 'cmake_target': None, 'cmake_target_skip_unavailable': False, 'install_base': '/home/valtec/aether/aether_ws/install/aether_gcs_backend', 'merge_install': False, 'path': '/home/valtec/aether/aether_ws/src/aether_gcs_backend', 'symlink_install': False, 'test_result_base': None}
[0.241s] Level 5:colcon.colcon_core.verb:set package 'aether_gcs_ui' build argument 'cmake_args' from command line to 'None'
[0.241s] Level 5:colcon.colcon_core.verb:set package 'aether_gcs_ui' build argument 'cmake_target' from command line to 'None'
[0.241s] Level 5:colcon.colcon_core.verb:set package 'aether_gcs_ui' build argument 'cmake_target_skip_unavailable' from command line to 'False'
[0.241s] Level 5:colcon.colcon_core.verb:set package 'aether_gcs_ui' build argument 'cmake_clean_cache' from command line to 'False'
[0.241s] Level 5:colcon.colcon_core.verb:set package 'aether_gcs_ui' build argument 'cmake_clean_first' from command line to 'False'
[0.241s] Level 5:colcon.colcon_core.verb:set package 'aether_gcs_ui' build argument 'cmake_force_configure' from command line to 'False'
[0.241s] Level 5:colcon.colcon_core.verb:set package 'aether_gcs_ui' build argument 'ament_cmake_args' from command line to 'None'
[0.241s] Level 5:colcon.colcon_core.verb:set package 'aether_gcs_ui' build argument 'catkin_cmake_args' from command line to 'None'
[0.241s] Level 5:colcon.colcon_core.verb:set package 'aether_gcs_ui' build argument 'catkin_skip_building_tests' from command line to 'False'
[0.241s] DEBUG:colcon.colcon_core.verb:Building package 'aether_gcs_ui' with the following arguments: {'ament_cmake_args': None, 'build_base': '/home/valtec/aether/aether_ws/build/aether_gcs_ui', 'catkin_cmake_args': None, 'catkin_skip_building_tests': False, 'cmake_args': None, 'cmake_clean_cache': False, 'cmake_clean_first': False, 'cmake_force_configure': False, 'cmake_target': None, 'cmake_target_skip_unavailable': False, 'install_base': '/home/valtec/aether/aether_ws/install/aether_gcs_ui', 'merge_install': False, 'path': '/home/valtec/aether/aether_ws/src/aether_gcs_ui', 'symlink_install': False, 'test_result_base': None}
[0.242s] Level 5:colcon.colcon_core.verb:set package 'aether_interfaces' build argument 'cmake_args' from command line to 'None'
[0.242s] Level 5:colcon.colcon_core.verb:set package 'aether_interfaces' build argument 'cmake_target' from command line to 'None'
[0.242s] Level 5:colcon.colcon_core.verb:set package 'aether_interfaces' build argument 'cmake_target_skip_unavailable' from command line to 'False'
[0.242s] Level 5:colcon.colcon_core.verb:set package 'aether_interfaces' build argument 'cmake_clean_cache' from command line to 'False'
[0.242s] Level 5:colcon.colcon_core.verb:set package 'aether_interfaces' build argument 'cmake_clean_first' from command line to 'False'
[0.242s] Level 5:colcon.colcon_core.verb:set package 'aether_interfaces' build argument 'cmake_force_configure' from command line to 'False'
[0.242s] Level 5:colcon.colcon_core.verb:set package 'aether_interfaces' build argument 'ament_cmake_args' from command line to 'None'
[0.242s] Level 5:colcon.colcon_core.verb:set package 'aether_interfaces' build argument 'catkin_cmake_args' from command line to 'None'
[0.242s] Level 5:colcon.colcon_core.verb:set package 'aether_interfaces' build argument 'catkin_skip_building_tests' from command line to 'False'
[0.242s] DEBUG:colcon.colcon_core.verb:Building package 'aether_interfaces' with the following arguments: {'ament_cmake_args': None, 'build_base': '/home/valtec/aether/aether_ws/build/aether_interfaces', 'catkin_cmake_args': None, 'catkin_skip_building_tests': False, 'cmake_args': None, 'cmake_clean_cache': False, 'cmake_clean_first': False, 'cmake_force_configure': False, 'cmake_target': None, 'cmake_target_skip_unavailable': False, 'install_base': '/home/valtec/aether/aether_ws/install/aether_interfaces', 'merge_install': False, 'path': '/home/valtec/aether/aether_ws/src/aether_interfaces', 'symlink_install': False, 'test_result_base': None}
[0.242s] Level 5:colcon.colcon_core.verb:set package 'valtec_onboard_intelligence' build argument 'cmake_args' from command line to 'None'
[0.242s] Level 5:colcon.colcon_core.verb:set package 'valtec_onboard_intelligence' build argument 'cmake_target' from command line to 'None'
[0.242s] Level 5:colcon.colcon_core.verb:set package 'valtec_onboard_intelligence' build argument 'cmake_target_skip_unavailable' from command line to 'False'
[0.242s] Level 5:colcon.colcon_core.verb:set package 'valtec_onboard_intelligence' build argument 'cmake_clean_cache' from command line to 'False'
[0.242s] Level 5:colcon.colcon_core.verb:set package 'valtec_onboard_intelligence' build argument 'cmake_clean_first' from command line to 'False'
[0.242s] Level 5:colcon.colcon_core.verb:set package 'valtec_onboard_intelligence' build argument 'cmake_force_configure' from command line to 'False'
[0.242s] Level 5:colcon.colcon_core.verb:set package 'valtec_onboard_intelligence' build argument 'ament_cmake_args' from command line to 'None'
[0.242s] Level 5:colcon.colcon_core.verb:set package 'valtec_onboard_intelligence' build argument 'catkin_cmake_args' from command line to 'None'
[0.242s] Level 5:colcon.colcon_core.verb:set package 'valtec_onboard_intelligence' build argument 'catkin_skip_building_tests' from command line to 'False'
[0.242s] DEBUG:colcon.colcon_core.verb:Building package 'valtec_onboard_intelligence' with the following arguments: {'ament_cmake_args': None, 'build_base': '/home/valtec/aether/aether_ws/build/valtec_onboard_intelligence', 'catkin_cmake_args': None, 'catkin_skip_building_tests': False, 'cmake_args': None, 'cmake_clean_cache': False, 'cmake_clean_first': False, 'cmake_force_configure': False, 'cmake_target': None, 'cmake_target_skip_unavailable': False, 'install_base': '/home/valtec/aether/aether_ws/install/valtec_onboard_intelligence', 'merge_install': False, 'path': '/home/valtec/aether/aether_ws/src/valtec_onboard_intelligence', 'symlink_install': False, 'test_result_base': None}
[0.242s] INFO:colcon.colcon_core.executor:Executing jobs using 'parallel' executor
[0.244s] DEBUG:colcon.colcon_parallel_executor.executor.parallel:run_until_complete
[0.244s] INFO:colcon.colcon_ros.task.ament_python.build:Building ROS package in '/home/valtec/aether/aether_ws/src/aether_gcs_backend' with build type 'ament_python'
[0.244s] Level 1:colcon.colcon_core.shell:create_environment_hook('aether_gcs_backend', 'ament_prefix_path')
[0.245s] INFO:colcon.colcon_core.plugin_system:Skipping extension 'colcon_core.shell.bat': Not used on non-Windows systems
[0.246s] INFO:colcon.colcon_core.shell:Creating environment hook '/home/valtec/aether/aether_ws/install/aether_gcs_backend/share/aether_gcs_backend/hook/ament_prefix_path.ps1'
[0.246s] INFO:colcon.colcon_core.shell:Creating environment descriptor '/home/valtec/aether/aether_ws/install/aether_gcs_backend/share/aether_gcs_backend/hook/ament_prefix_path.dsv'
[0.246s] INFO:colcon.colcon_core.shell:Creating environment hook '/home/valtec/aether/aether_ws/install/aether_gcs_backend/share/aether_gcs_backend/hook/ament_prefix_path.sh'
[0.247s] INFO:colcon.colcon_core.shell:Skip shell extension 'powershell' for command environment: Not usable outside of PowerShell
[0.247s] DEBUG:colcon.colcon_core.shell:Skip shell extension 'dsv' for command environment
[0.249s] INFO:colcon.colcon_ros.task.ament_python.build:Building ROS package in '/home/valtec/aether/aether_ws/src/aether_gcs_ui' with build type 'ament_python'
[0.249s] Level 1:colcon.colcon_core.shell:create_environment_hook('aether_gcs_ui', 'ament_prefix_path')
[0.249s] INFO:colcon.colcon_core.shell:Creating environment hook '/home/valtec/aether/aether_ws/install/aether_gcs_ui/share/aether_gcs_ui/hook/ament_prefix_path.ps1'
[0.250s] INFO:colcon.colcon_core.shell:Creating environment descriptor '/home/valtec/aether/aether_ws/install/aether_gcs_ui/share/aether_gcs_ui/hook/ament_prefix_path.dsv'
[0.250s] INFO:colcon.colcon_core.shell:Creating environment hook '/home/valtec/aether/aether_ws/install/aether_gcs_ui/share/aether_gcs_ui/hook/ament_prefix_path.sh'
[0.250s] INFO:colcon.colcon_core.shell:Skip shell extension 'powershell' for command environment: Not usable outside of PowerShell
[0.250s] DEBUG:colcon.colcon_core.shell:Skip shell extension 'dsv' for command environment
[0.252s] INFO:colcon.colcon_ros.task.catkin.build:Building ROS package in '/home/valtec/aether/aether_ws/src/aether_interfaces' with build type 'catkin'
[0.252s] INFO:colcon.colcon_cmake.task.cmake.build:Building CMake package in '/home/valtec/aether/aether_ws/src/aether_interfaces'
[0.252s] INFO:colcon.colcon_core.shell:Skip shell extension 'powershell' for command environment: Not usable outside of PowerShell
[0.252s] DEBUG:colcon.colcon_core.shell:Skip shell extension 'dsv' for command environment
[0.254s] INFO:colcon.colcon_ros.task.ament_cmake.build:Building ROS package in '/home/valtec/aether/aether_ws/src/valtec_onboard_intelligence' with build type 'ament_cmake'
[0.254s] INFO:colcon.colcon_cmake.task.cmake.build:Building CMake package in '/home/valtec/aether/aether_ws/src/valtec_onboard_intelligence'
[0.254s] INFO:colcon.colcon_core.shell:Skip shell extension 'powershell' for command environment: Not usable outside of PowerShell
[0.254s] DEBUG:colcon.colcon_core.shell:Skip shell extension 'dsv' for command environment
[0.428s] INFO:colcon.colcon_core.task.python.build:Building Python package in '/home/valtec/aether/aether_ws/src/aether_gcs_backend'
[0.428s] INFO:colcon.colcon_core.shell:Skip shell extension 'powershell' for command environment: Not usable outside of PowerShell
[0.428s] DEBUG:colcon.colcon_core.shell:Skip shell extension 'dsv' for command environment
[0.589s] INFO:colcon.colcon_core.task.python.build:Building Python package in '/home/valtec/aether/aether_ws/src/aether_gcs_ui'
[0.590s] INFO:colcon.colcon_core.shell:Skip shell extension 'powershell' for command environment: Not usable outside of PowerShell
[0.590s] DEBUG:colcon.colcon_core.shell:Skip shell extension 'dsv' for command environment
[0.595s] DEBUG:colcon.colcon_core.event_handler.log_command:Invoking command in '/home/valtec/aether/aether_ws/build/aether_interfaces': PS1=\[\e]0;\u@\h: \w\a\]${debian_chroot:+($debian_chroot)}\[\033[01;32m\]\u@\h\[\033[00m\]:\[\033[01;34m\]\w\[\033[00m\]\$ /usr/bin/cmake --build /home/valtec/aether/aether_ws/build/aether_interfaces -- -j20 -l20
[0.598s] DEBUG:colcon.colcon_core.event_handler.log_command:Invoking command in '/home/valtec/aether/aether_ws/build/valtec_onboard_intelligence': CMAKE_PREFIX_PATH=${CMAKE_PREFIX_PATH}:/home/valtec/aether/aether-gcs/aether_ws/install/aether_gcs_ui:/home/valtec/aether/aether-gcs/aether_ws/install/aether_gcs_backend:/opt/ros/humble PS1=\[\e]0;\u@\h: \w\a\]${debian_chroot:+($debian_chroot)}\[\033[01;32m\]\u@\h\[\033[00m\]:\[\033[01;34m\]\w\[\033[00m\]\$ /usr/bin/cmake --build /home/valtec/aether/aether_ws/build/valtec_onboard_intelligence -- -j20 -l20
[0.824s] DEBUG:colcon.colcon_core.event_handler.log_command:Invoking command in '/home/valtec/aether/aether_ws/src/aether_gcs_backend': PS1=\[\e]0;\u@\h: \w\a\]${debian_chroot:+($debian_chroot)}\[\033[01;32m\]\u@\h\[\033[00m\]:\[\033[01;34m\]\w\[\033[00m\]\$ PYTHONPATH=/home/valtec/aether/aether_ws/build/aether_gcs_backend/prefix_override:/usr/lib/python3/dist-packages/colcon_core/task/python/colcon_distutils_commands:/home/valtec/aether/aether_ws/install/aether_gcs_backend/lib/python3.10/site-packages:${PYTHONPATH} /usr/bin/python3 -W ignore:setup.py install is deprecated -W ignore:easy_install command is deprecated setup.py egg_info --egg-base ../../build/aether_gcs_backend build --build-base /home/valtec/aether/aether_ws/build/aether_gcs_backend/build install --record /home/valtec/aether/aether_ws/build/aether_gcs_backend/install.log --single-version-externally-managed install_data
[0.825s] DEBUG:colcon.colcon_core.event_handler.log_command:Invoking command in '/home/valtec/aether/aether_ws/src/aether_gcs_ui': PS1=\[\e]0;\u@\h: \w\a\]${debian_chroot:+($debian_chroot)}\[\033[01;32m\]\u@\h\[\033[00m\]:\[\033[01;34m\]\w\[\033[00m\]\$ PYTHONPATH=/home/valtec/aether/aether_ws/build/aether_gcs_ui/prefix_override:/usr/lib/python3/dist-packages/colcon_core/task/python/colcon_distutils_commands:/home/valtec/aether/aether_ws/install/aether_gcs_ui/lib/python3.10/site-packages:${PYTHONPATH} /usr/bin/python3 -W ignore:setup.py install is deprecated -W ignore:easy_install command is deprecated setup.py egg_info --egg-base ../../build/aether_gcs_ui build --build-base /home/valtec/aether/aether_ws/build/aether_gcs_ui/build install --record /home/valtec/aether/aether_ws/build/aether_gcs_ui/install.log --single-version-externally-managed install_data
[0.898s] DEBUG:colcon.colcon_core.event_handler.log_command:Invoked command in '/home/valtec/aether/aether_ws/build/valtec_onboard_intelligence' returned '2': CMAKE_PREFIX_PATH=${CMAKE_PREFIX_PATH}:/home/valtec/aether/aether-gcs/aether_ws/install/aether_gcs_ui:/home/valtec/aether/aether-gcs/aether_ws/install/aether_gcs_backend:/opt/ros/humble PS1=\[\e]0;\u@\h: \w\a\]${debian_chroot:+($debian_chroot)}\[\033[01;32m\]\u@\h\[\033[00m\]:\[\033[01;34m\]\w\[\033[00m\]\$ /usr/bin/cmake --build /home/valtec/aether/aether_ws/build/valtec_onboard_intelligence -- -j20 -l20
[0.899s] Level 1:colcon.colcon_core.environment:create_environment_scripts_only(valtec_onboard_intelligence)
[0.901s] Level 1:colcon.colcon_core.environment:checking '/home/valtec/aether/aether_ws/install/valtec_onboard_intelligence' for CMake module files
[0.901s] Level 1:colcon.colcon_core.environment:checking '/home/valtec/aether/aether_ws/install/valtec_onboard_intelligence' for CMake config files
[0.901s] Level 1:colcon.colcon_core.shell:create_environment_hook('valtec_onboard_intelligence', 'cmake_prefix_path')
[0.901s] INFO:colcon.colcon_core.shell:Creating environment hook '/home/valtec/aether/aether_ws/install/valtec_onboard_intelligence/share/valtec_onboard_intelligence/hook/cmake_prefix_path.ps1'
[0.902s] INFO:colcon.colcon_core.shell:Creating environment descriptor '/home/valtec/aether/aether_ws/install/valtec_onboard_intelligence/share/valtec_onboard_intelligence/hook/cmake_prefix_path.dsv'
[0.902s] INFO:colcon.colcon_core.shell:Creating environment hook '/home/valtec/aether/aether_ws/install/valtec_onboard_intelligence/share/valtec_onboard_intelligence/hook/cmake_prefix_path.sh'
[0.903s] Level 1:colcon.colcon_core.environment:checking '/home/valtec/aether/aether_ws/install/valtec_onboard_intelligence/lib'
[0.903s] Level 1:colcon.colcon_core.environment:checking '/home/valtec/aether/aether_ws/install/valtec_onboard_intelligence/bin'
[0.903s] Level 1:colcon.colcon_core.environment:checking '/home/valtec/aether/aether_ws/install/valtec_onboard_intelligence/lib/pkgconfig/valtec_onboard_intelligence.pc'
[0.903s] Level 1:colcon.colcon_core.environment:checking '/home/valtec/aether/aether_ws/install/valtec_onboard_intelligence/lib/python3.10/site-packages'
[0.903s] Level 1:colcon.colcon_core.environment:checking '/home/valtec/aether/aether_ws/install/valtec_onboard_intelligence/bin'
[0.904s] INFO:colcon.colcon_core.shell:Creating package script '/home/valtec/aether/aether_ws/install/valtec_onboard_intelligence/share/valtec_onboard_intelligence/package.ps1'
[0.904s] INFO:colcon.colcon_core.shell:Creating package descriptor '/home/valtec/aether/aether_ws/install/valtec_onboard_intelligence/share/valtec_onboard_intelligence/package.dsv'
[0.905s] INFO:colcon.colcon_core.shell:Creating package script '/home/valtec/aether/aether_ws/install/valtec_onboard_intelligence/share/valtec_onboard_intelligence/package.sh'
[0.906s] INFO:colcon.colcon_core.shell:Creating package script '/home/valtec/aether/aether_ws/install/valtec_onboard_intelligence/share/valtec_onboard_intelligence/package.bash'
[0.906s] INFO:colcon.colcon_core.shell:Creating package script '/home/valtec/aether/aether_ws/install/valtec_onboard_intelligence/share/valtec_onboard_intelligence/package.zsh'
[0.908s] Level 1:colcon.colcon_core.environment:create_file_with_runtime_dependencies(/home/valtec/aether/aether_ws/install/valtec_onboard_intelligence/share/colcon-core/packages/valtec_onboard_intelligence)
[2.397s] DEBUG:colcon.colcon_parallel_executor.executor.parallel:closing loop
[2.397s] DEBUG:colcon.colcon_parallel_executor.executor.parallel:loop closed
[2.397s] DEBUG:colcon.colcon_parallel_executor.executor.parallel:run_until_complete finished with '2'
[2.397s] DEBUG:colcon.colcon_core.event_reactor:joining thread
[2.403s] INFO:colcon.colcon_core.plugin_system:Skipping extension 'colcon_notification.desktop_notification.terminal_notifier': Not used on non-Darwin systems
[2.403s] INFO:colcon.colcon_core.plugin_system:Skipping extension 'colcon_notification.desktop_notification.win32': Not used on non-Windows systems
[2.403s] INFO:colcon.colcon_notification.desktop_notification:Sending desktop notification using 'notify2'
[2.412s] DEBUG:colcon.colcon_core.event_reactor:joined thread
[2.412s] INFO:colcon.colcon_core.shell:Creating prefix script '/home/valtec/aether/aether_ws/install/local_setup.ps1'
[2.413s] INFO:colcon.colcon_core.shell:Creating prefix util module '/home/valtec/aether/aether_ws/install/_local_setup_util_ps1.py'
[2.414s] INFO:colcon.colcon_core.shell:Creating prefix chain script '/home/valtec/aether/aether_ws/install/setup.ps1'
[2.415s] INFO:colcon.colcon_core.shell:Creating prefix script '/home/valtec/aether/aether_ws/install/local_setup.sh'
[2.415s] INFO:colcon.colcon_core.shell:Creating prefix util module '/home/valtec/aether/aether_ws/install/_local_setup_util_sh.py'
[2.415s] INFO:colcon.colcon_core.shell:Creating prefix chain script '/home/valtec/aether/aether_ws/install/setup.sh'
[2.416s] INFO:colcon.colcon_core.shell:Creating prefix script '/home/valtec/aether/aether_ws/install/local_setup.bash'
[2.416s] INFO:colcon.colcon_core.shell:Creating prefix chain script '/home/valtec/aether/aether_ws/install/setup.bash'
[2.417s] INFO:colcon.colcon_core.shell:Creating prefix script '/home/valtec/aether/aether_ws/install/local_setup.zsh'
[2.417s] INFO:colcon.colcon_core.shell:Creating prefix chain script '/home/valtec/aether/aether_ws/install/setup.zsh'
