[0.009s] Invoking command in '/home/valtec/aether/aether_ws/build/aether_interfaces': VIRTUAL_ENV_PROMPT=(.venv) /usr/bin/cmake --build /home/valtec/aether/aether_ws/build/aether_interfaces -- -j20 -l20
[0.039s] -- Found ament_cmake: 1.3.12 (/opt/ros/humble/share/ament_cmake/cmake)
[0.163s] -- Found rosidl_default_generators: 1.2.0 (/opt/ros/humble/share/rosidl_default_generators/cmake)
[0.165s] -- Using all available rosidl_typesupport_c: rosidl_typesupport_fastrtps_c;rosidl_typesupport_introspection_c
[0.167s] -- Found rosidl_adapter: 3.1.7 (/opt/ros/humble/share/rosidl_adapter/cmake)
[0.190s] -- Using all available rosidl_typesupport_cpp: rosidl_typesupport_fastrtps_cpp;rosidl_typesupport_introspection_cpp
[0.208s] -- Found std_msgs: 4.9.0 (/opt/ros/humble/share/std_msgs/cmake)
[0.453s] -- Found ament_cmake_ros: 0.10.0 (/opt/ros/humble/share/ament_cmake_ros/cmake)
[0.626s] -- Using all available rosidl_typesupport_c: rosidl_typesupport_fastrtps_c;rosidl_typesupport_introspection_c
[0.815s] -- Using all available rosidl_typesupport_cpp: rosidl_typesupport_fastrtps_cpp;rosidl_typesupport_introspection_cpp
[0.831s] -- Found python_cmake_module: 0.10.0 (/opt/ros/humble/share/python_cmake_module/cmake)
[0.853s] -- Using PYTHON_EXECUTABLE: /usr/bin/python3
[0.853s] -- Using PYTHON_INCLUDE_DIRS: /usr/include/python3.10
[0.853s] -- Using PYTHON_LIBRARIES: /usr/lib/x86_64-linux-gnu/libpython3.10.so
[0.874s] -- Found ament_lint_auto: 0.12.14 (/opt/ros/humble/share/ament_lint_auto/cmake)
[0.882s] -- Added test 'copyright' to check source files copyright and LICENSE
[0.883s] -- Added test 'xmllint' to check XML markup files
[0.885s] -- Configuring done
[0.910s] -- Generating done
[0.921s] -- Build files have been written to: /home/valtec/aether/aether_ws/build/aether_interfaces
[0.937s] [  1%] [34m[1mGenerating C code for ROS interfaces[0m
[0.946s] [  2%] [34m[1mGenerating C++ code for ROS interfaces[0m
[0.955s] [  2%] Built target ament_cmake_python_copy_aether_interfaces
[1.079s] running egg_info
[1.080s] writing aether_interfaces.egg-info/PKG-INFO
[1.080s] writing dependency_links to aether_interfaces.egg-info/dependency_links.txt
[1.080s] writing top-level names to aether_interfaces.egg-info/top_level.txt
[1.081s] reading manifest file 'aether_interfaces.egg-info/SOURCES.txt'
[1.082s] writing manifest file 'aether_interfaces.egg-info/SOURCES.txt'
[1.099s] [  2%] Built target ament_cmake_python_build_aether_interfaces_egg
[1.275s] [35m[1mConsolidate compiler generated dependencies of target aether_interfaces__rosidl_generator_c[0m
[1.276s] [  2%] Built target aether_interfaces__cpp
[1.283s] [  4%] [34m[1mGenerating C++ type support for eProsima Fast-RTPS[0m
[1.284s] [  5%] [32mBuilding C object CMakeFiles/aether_interfaces__rosidl_generator_c.dir/rosidl_generator_c/aether_interfaces/msg/detail/fleet_state__functions.c.o[0m
[1.284s] [  7%] [32mBuilding C object CMakeFiles/aether_interfaces__rosidl_generator_c.dir/rosidl_generator_c/aether_interfaces/srv/detail/start_calibration__functions.c.o[0m
[1.284s] [  9%] [32mBuilding C object CMakeFiles/aether_interfaces__rosidl_generator_c.dir/rosidl_generator_c/aether_interfaces/msg/detail/calibration_status__functions.c.o[0m
[1.284s] [  9%] [32mBuilding C object CMakeFiles/aether_interfaces__rosidl_generator_c.dir/rosidl_generator_c/aether_interfaces/msg/detail/deconfliction_warning__functions.c.o[0m
[1.285s] [ 11%] [34m[1mGenerating C++ type support dispatch for ROS interfaces[0m
[1.285s] [ 12%] [32mBuilding C object CMakeFiles/aether_interfaces__rosidl_generator_c.dir/rosidl_generator_c/aether_interfaces/srv/detail/upload_mission__functions.c.o[0m
[1.285s] [ 14%] [32mBuilding C object CMakeFiles/aether_interfaces__rosidl_generator_c.dir/rosidl_generator_c/aether_interfaces/msg/detail/drone_state__functions.c.o[0m
[1.285s] [ 15%] [34m[1mGenerating C++ introspection for ROS interfaces[0m
[1.351s] [ 16%] [32m[1mLinking C shared library libaether_interfaces__rosidl_generator_c.so[0m
[1.384s] [ 16%] Built target aether_interfaces__rosidl_generator_c
[1.393s] [ 21%] [34m[1mGenerating C type support dispatch for ROS interfaces[0m
[1.393s] [ 21%] [34m[1mGenerating C introspection for ROS interfaces[0m
[1.393s] [ 21%] [34m[1mGenerating C type support for eProsima Fast-RTPS[0m
[1.599s] [35m[1mConsolidate compiler generated dependencies of target aether_interfaces__rosidl_typesupport_cpp[0m
[1.614s] [ 22%] [32mBuilding CXX object CMakeFiles/aether_interfaces__rosidl_typesupport_cpp.dir/rosidl_typesupport_cpp/aether_interfaces/srv/upload_mission__type_support.cpp.o[0m
[1.614s] [ 23%] [32mBuilding CXX object CMakeFiles/aether_interfaces__rosidl_typesupport_cpp.dir/rosidl_typesupport_cpp/aether_interfaces/msg/fleet_state__type_support.cpp.o[0m
[1.615s] [ 25%] [32mBuilding CXX object CMakeFiles/aether_interfaces__rosidl_typesupport_cpp.dir/rosidl_typesupport_cpp/aether_interfaces/msg/calibration_status__type_support.cpp.o[0m
[1.615s] [ 26%] [32mBuilding CXX object CMakeFiles/aether_interfaces__rosidl_typesupport_cpp.dir/rosidl_typesupport_cpp/aether_interfaces/msg/drone_state__type_support.cpp.o[0m
[1.618s] [ 28%] [32mBuilding CXX object CMakeFiles/aether_interfaces__rosidl_typesupport_cpp.dir/rosidl_typesupport_cpp/aether_interfaces/msg/deconfliction_warning__type_support.cpp.o[0m
[1.620s] [ 29%] [32mBuilding CXX object CMakeFiles/aether_interfaces__rosidl_typesupport_cpp.dir/rosidl_typesupport_cpp/aether_interfaces/srv/start_calibration__type_support.cpp.o[0m
[1.620s] [35m[1mConsolidate compiler generated dependencies of target aether_interfaces__rosidl_typesupport_introspection_cpp[0m
[1.636s] [ 30%] [32mBuilding CXX object CMakeFiles/aether_interfaces__rosidl_typesupport_introspection_cpp.dir/rosidl_typesupport_introspection_cpp/aether_interfaces/srv/detail/upload_mission__type_support.cpp.o[0m
[1.637s] [ 32%] [32mBuilding CXX object CMakeFiles/aether_interfaces__rosidl_typesupport_introspection_cpp.dir/rosidl_typesupport_introspection_cpp/aether_interfaces/srv/detail/start_calibration__type_support.cpp.o[0m
[1.638s] [ 33%] [32mBuilding CXX object CMakeFiles/aether_interfaces__rosidl_typesupport_introspection_cpp.dir/rosidl_typesupport_introspection_cpp/aether_interfaces/msg/detail/fleet_state__type_support.cpp.o[0m
[1.638s] [ 35%] [32mBuilding CXX object CMakeFiles/aether_interfaces__rosidl_typesupport_introspection_cpp.dir/rosidl_typesupport_introspection_cpp/aether_interfaces/msg/detail/calibration_status__type_support.cpp.o[0m
[1.639s] [ 36%] [32mBuilding CXX object CMakeFiles/aether_interfaces__rosidl_typesupport_introspection_cpp.dir/rosidl_typesupport_introspection_cpp/aether_interfaces/msg/detail/drone_state__type_support.cpp.o[0m
[1.639s] [ 38%] [32mBuilding CXX object CMakeFiles/aether_interfaces__rosidl_typesupport_introspection_cpp.dir/rosidl_typesupport_introspection_cpp/aether_interfaces/msg/detail/deconfliction_warning__type_support.cpp.o[0m
[1.675s] [35m[1mConsolidate compiler generated dependencies of target aether_interfaces__rosidl_typesupport_fastrtps_cpp[0m
[1.694s] [ 39%] [32mBuilding CXX object CMakeFiles/aether_interfaces__rosidl_typesupport_fastrtps_cpp.dir/rosidl_typesupport_fastrtps_cpp/aether_interfaces/srv/detail/dds_fastrtps/upload_mission__type_support.cpp.o[0m
[1.694s] [ 40%] [32mBuilding CXX object CMakeFiles/aether_interfaces__rosidl_typesupport_fastrtps_cpp.dir/rosidl_typesupport_fastrtps_cpp/aether_interfaces/msg/detail/dds_fastrtps/drone_state__type_support.cpp.o[0m
[1.694s] [ 42%] [32mBuilding CXX object CMakeFiles/aether_interfaces__rosidl_typesupport_fastrtps_cpp.dir/rosidl_typesupport_fastrtps_cpp/aether_interfaces/srv/detail/dds_fastrtps/start_calibration__type_support.cpp.o[0m
[1.694s] [ 43%] [32mBuilding CXX object CMakeFiles/aether_interfaces__rosidl_typesupport_fastrtps_cpp.dir/rosidl_typesupport_fastrtps_cpp/aether_interfaces/msg/detail/dds_fastrtps/fleet_state__type_support.cpp.o[0m
[1.695s] [ 45%] [32mBuilding CXX object CMakeFiles/aether_interfaces__rosidl_typesupport_fastrtps_cpp.dir/rosidl_typesupport_fastrtps_cpp/aether_interfaces/msg/detail/dds_fastrtps/calibration_status__type_support.cpp.o[0m
[1.830s] [35m[1mConsolidate compiler generated dependencies of target aether_interfaces__rosidl_typesupport_c[0m
[1.851s] [ 46%] [32mBuilding CXX object CMakeFiles/aether_interfaces__rosidl_typesupport_c.dir/rosidl_typesupport_c/aether_interfaces/srv/upload_mission__type_support.cpp.o[0m
[1.894s] [ 47%] [32mBuilding CXX object CMakeFiles/aether_interfaces__rosidl_typesupport_c.dir/rosidl_typesupport_c/aether_interfaces/msg/drone_state__type_support.cpp.o[0m
[1.951s] [ 49%] [32mBuilding CXX object CMakeFiles/aether_interfaces__rosidl_typesupport_c.dir/rosidl_typesupport_c/aether_interfaces/msg/fleet_state__type_support.cpp.o[0m
[1.979s] [ 50%] [32mBuilding CXX object CMakeFiles/aether_interfaces__rosidl_typesupport_fastrtps_cpp.dir/rosidl_typesupport_fastrtps_cpp/aether_interfaces/msg/detail/dds_fastrtps/deconfliction_warning__type_support.cpp.o[0m
[1.989s] [ 52%] [32mBuilding CXX object CMakeFiles/aether_interfaces__rosidl_typesupport_c.dir/rosidl_typesupport_c/aether_interfaces/srv/start_calibration__type_support.cpp.o[0m
[1.994s] [35m[1mConsolidate compiler generated dependencies of target aether_interfaces__rosidl_typesupport_introspection_c[0m
[2.003s] [ 53%] [32mBuilding CXX object CMakeFiles/aether_interfaces__rosidl_typesupport_c.dir/rosidl_typesupport_c/aether_interfaces/msg/calibration_status__type_support.cpp.o[0m
[2.013s] [ 54%] [32mBuilding C object CMakeFiles/aether_interfaces__rosidl_typesupport_introspection_c.dir/rosidl_typesupport_introspection_c/aether_interfaces/srv/detail/upload_mission__type_support.c.o[0m
[2.015s] [ 56%] [32mBuilding C object CMakeFiles/aether_interfaces__rosidl_typesupport_introspection_c.dir/rosidl_typesupport_introspection_c/aether_interfaces/msg/detail/drone_state__type_support.c.o[0m
[2.038s] [ 57%] [32mBuilding CXX object CMakeFiles/aether_interfaces__rosidl_typesupport_c.dir/rosidl_typesupport_c/aether_interfaces/msg/deconfliction_warning__type_support.cpp.o[0m
[2.049s] [ 59%] [32mBuilding C object CMakeFiles/aether_interfaces__rosidl_typesupport_introspection_c.dir/rosidl_typesupport_introspection_c/aether_interfaces/msg/detail/fleet_state__type_support.c.o[0m
[2.057s] [ 60%] [32m[1mLinking CXX shared library libaether_interfaces__rosidl_typesupport_cpp.so[0m
[2.062s] [ 63%] [32mBuilding C object CMakeFiles/aether_interfaces__rosidl_typesupport_introspection_c.dir/rosidl_typesupport_introspection_c/aether_interfaces/msg/detail/calibration_status__type_support.c.o[0m
[2.062s] [ 63%] [32mBuilding C object CMakeFiles/aether_interfaces__rosidl_typesupport_introspection_c.dir/rosidl_typesupport_introspection_c/aether_interfaces/srv/detail/start_calibration__type_support.c.o[0m
[2.066s] [ 64%] [32mBuilding C object CMakeFiles/aether_interfaces__rosidl_typesupport_introspection_c.dir/rosidl_typesupport_introspection_c/aether_interfaces/msg/detail/deconfliction_warning__type_support.c.o[0m
[2.073s] [ 66%] [32m[1mLinking CXX shared library libaether_interfaces__rosidl_typesupport_c.so[0m
[2.090s] [35m[1mConsolidate compiler generated dependencies of target aether_interfaces__rosidl_typesupport_fastrtps_c[0m
[2.105s] [ 69%] [32m[1mLinking C shared library libaether_interfaces__rosidl_typesupport_introspection_c.so[0m
[2.105s] [ 69%] [32mBuilding CXX object CMakeFiles/aether_interfaces__rosidl_typesupport_fastrtps_c.dir/rosidl_typesupport_fastrtps_c/aether_interfaces/srv/detail/start_calibration__type_support_c.cpp.o[0m
[2.105s] [ 71%] [32mBuilding CXX object CMakeFiles/aether_interfaces__rosidl_typesupport_fastrtps_c.dir/rosidl_typesupport_fastrtps_c/aether_interfaces/msg/detail/drone_state__type_support_c.cpp.o[0m
[2.105s] [ 71%] [32mBuilding CXX object CMakeFiles/aether_interfaces__rosidl_typesupport_fastrtps_c.dir/rosidl_typesupport_fastrtps_c/aether_interfaces/msg/detail/fleet_state__type_support_c.cpp.o[0m
[2.105s] [ 73%] [32mBuilding CXX object CMakeFiles/aether_interfaces__rosidl_typesupport_fastrtps_c.dir/rosidl_typesupport_fastrtps_c/aether_interfaces/srv/detail/upload_mission__type_support_c.cpp.o[0m
[2.107s] [ 74%] [32mBuilding CXX object CMakeFiles/aether_interfaces__rosidl_typesupport_fastrtps_c.dir/rosidl_typesupport_fastrtps_c/aether_interfaces/msg/detail/calibration_status__type_support_c.cpp.o[0m
[2.109s] [ 76%] [32mBuilding CXX object CMakeFiles/aether_interfaces__rosidl_typesupport_fastrtps_c.dir/rosidl_typesupport_fastrtps_c/aether_interfaces/msg/detail/deconfliction_warning__type_support_c.cpp.o[0m
[2.110s] [ 76%] Built target aether_interfaces__rosidl_typesupport_cpp
[2.138s] [ 76%] Built target aether_interfaces__rosidl_typesupport_c
[2.152s] [ 77%] [32m[1mLinking CXX shared library libaether_interfaces__rosidl_typesupport_introspection_cpp.so[0m
[2.152s] [ 77%] Built target aether_interfaces__rosidl_typesupport_introspection_c
[2.213s] [ 77%] Built target aether_interfaces__rosidl_typesupport_introspection_cpp
[2.383s] [ 78%] [32m[1mLinking CXX shared library libaether_interfaces__rosidl_typesupport_fastrtps_cpp.so[0m
[2.421s] [ 80%] [32m[1mLinking CXX shared library libaether_interfaces__rosidl_typesupport_fastrtps_c.so[0m
[2.433s] [ 80%] Built target aether_interfaces__rosidl_typesupport_fastrtps_cpp
[2.468s] [ 80%] Built target aether_interfaces__rosidl_typesupport_fastrtps_c
[2.487s] [ 80%] Built target aether_interfaces
[2.508s] [ 81%] [34m[1mGenerating Python code for ROS interfaces[0m
[3.009s] [ 81%] Built target aether_interfaces__py
[3.017s] [35m[1mConsolidate compiler generated dependencies of target aether_interfaces__rosidl_generator_py[0m
[3.040s] [ 83%] [32mBuilding C object CMakeFiles/aether_interfaces__rosidl_generator_py.dir/rosidl_generator_py/aether_interfaces/msg/_drone_state_s.c.o[0m
[3.041s] [ 84%] [32mBuilding C object CMakeFiles/aether_interfaces__rosidl_generator_py.dir/rosidl_generator_py/aether_interfaces/msg/_calibration_status_s.c.o[0m
[3.041s] [ 85%] [32mBuilding C object CMakeFiles/aether_interfaces__rosidl_generator_py.dir/rosidl_generator_py/aether_interfaces/srv/_start_calibration_s.c.o[0m
[3.042s] [ 87%] [32mBuilding C object CMakeFiles/aether_interfaces__rosidl_generator_py.dir/rosidl_generator_py/aether_interfaces/srv/_upload_mission_s.c.o[0m
[3.043s] [ 88%] [32mBuilding C object CMakeFiles/aether_interfaces__rosidl_generator_py.dir/rosidl_generator_py/aether_interfaces/msg/_fleet_state_s.c.o[0m
[3.045s] [ 90%] [32mBuilding C object CMakeFiles/aether_interfaces__rosidl_generator_py.dir/rosidl_generator_py/aether_interfaces/msg/_deconfliction_warning_s.c.o[0m
[3.124s] [ 91%] [32m[1mLinking C shared library rosidl_generator_py/aether_interfaces/libaether_interfaces__rosidl_generator_py.so[0m
[3.153s] [ 91%] Built target aether_interfaces__rosidl_generator_py
[3.162s] [35m[1mConsolidate compiler generated dependencies of target aether_interfaces__rosidl_typesupport_c__pyext[0m
[3.163s] [35m[1mConsolidate compiler generated dependencies of target aether_interfaces__rosidl_typesupport_introspection_c__pyext[0m
[3.163s] [35m[1mConsolidate compiler generated dependencies of target aether_interfaces__rosidl_typesupport_fastrtps_c__pyext[0m
[3.173s] [ 92%] [32mBuilding C object CMakeFiles/aether_interfaces__rosidl_typesupport_fastrtps_c__pyext.dir/rosidl_generator_py/aether_interfaces/_aether_interfaces_s.ep.rosidl_typesupport_fastrtps_c.c.o[0m
[3.173s] [ 94%] [32mBuilding C object CMakeFiles/aether_interfaces__rosidl_typesupport_c__pyext.dir/rosidl_generator_py/aether_interfaces/_aether_interfaces_s.ep.rosidl_typesupport_c.c.o[0m
[3.173s] [ 95%] [32mBuilding C object CMakeFiles/aether_interfaces__rosidl_typesupport_introspection_c__pyext.dir/rosidl_generator_py/aether_interfaces/_aether_interfaces_s.ep.rosidl_typesupport_introspection_c.c.o[0m
[3.239s] [ 97%] [32m[1mLinking C shared library rosidl_generator_py/aether_interfaces/aether_interfaces_s__rosidl_typesupport_fastrtps_c.cpython-310-x86_64-linux-gnu.so[0m
[3.239s] [ 98%] [32m[1mLinking C shared library rosidl_generator_py/aether_interfaces/aether_interfaces_s__rosidl_typesupport_introspection_c.cpython-310-x86_64-linux-gnu.so[0m
[3.241s] [100%] [32m[1mLinking C shared library rosidl_generator_py/aether_interfaces/aether_interfaces_s__rosidl_typesupport_c.cpython-310-x86_64-linux-gnu.so[0m
[3.265s] [100%] Built target aether_interfaces__rosidl_typesupport_c__pyext
[3.266s] [100%] Built target aether_interfaces__rosidl_typesupport_introspection_c__pyext
[3.266s] [100%] Built target aether_interfaces__rosidl_typesupport_fastrtps_c__pyext
[3.273s] Invoked command in '/home/valtec/aether/aether_ws/build/aether_interfaces' returned '0': VIRTUAL_ENV_PROMPT=(.venv) /usr/bin/cmake --build /home/valtec/aether/aether_ws/build/aether_interfaces -- -j20 -l20
[3.275s] Invoking command in '/home/valtec/aether/aether_ws/build/aether_interfaces': VIRTUAL_ENV_PROMPT=(.venv) /usr/bin/cmake --install /home/valtec/aether/aether_ws/build/aether_interfaces
[3.280s] -- Install configuration: ""
[3.280s] -- Installing: /home/valtec/aether/aether_ws/install/aether_interfaces/share/ament_index/resource_index/rosidl_interfaces/aether_interfaces
[3.280s] -- Up-to-date: /home/valtec/aether/aether_ws/install/aether_interfaces/include/aether_interfaces/aether_interfaces
[3.280s] -- Up-to-date: /home/valtec/aether/aether_ws/install/aether_interfaces/include/aether_interfaces/aether_interfaces/srv
[3.280s] -- Installing: /home/valtec/aether/aether_ws/install/aether_interfaces/include/aether_interfaces/aether_interfaces/srv/upload_mission.h
[3.281s] -- Installing: /home/valtec/aether/aether_ws/install/aether_interfaces/include/aether_interfaces/aether_interfaces/srv/start_calibration.h
[3.281s] -- Up-to-date: /home/valtec/aether/aether_ws/install/aether_interfaces/include/aether_interfaces/aether_interfaces/srv/detail
[3.281s] -- Installing: /home/valtec/aether/aether_ws/install/aether_interfaces/include/aether_interfaces/aether_interfaces/srv/detail/start_calibration__type_support.h
[3.281s] -- Installing: /home/valtec/aether/aether_ws/install/aether_interfaces/include/aether_interfaces/aether_interfaces/srv/detail/upload_mission__functions.c
[3.281s] -- Installing: /home/valtec/aether/aether_ws/install/aether_interfaces/include/aether_interfaces/aether_interfaces/srv/detail/start_calibration__functions.h
[3.281s] -- Installing: /home/valtec/aether/aether_ws/install/aether_interfaces/include/aether_interfaces/aether_interfaces/srv/detail/start_calibration__functions.c
[3.281s] -- Installing: /home/valtec/aether/aether_ws/install/aether_interfaces/include/aether_interfaces/aether_interfaces/srv/detail/upload_mission__type_support.h
[3.281s] -- Installing: /home/valtec/aether/aether_ws/install/aether_interfaces/include/aether_interfaces/aether_interfaces/srv/detail/upload_mission__struct.h
[3.281s] -- Installing: /home/valtec/aether/aether_ws/install/aether_interfaces/include/aether_interfaces/aether_interfaces/srv/detail/start_calibration__struct.h
[3.281s] -- Installing: /home/valtec/aether/aether_ws/install/aether_interfaces/include/aether_interfaces/aether_interfaces/srv/detail/upload_mission__functions.h
[3.281s] -- Up-to-date: /home/valtec/aether/aether_ws/install/aether_interfaces/include/aether_interfaces/aether_interfaces/msg
[3.281s] -- Installing: /home/valtec/aether/aether_ws/install/aether_interfaces/include/aether_interfaces/aether_interfaces/msg/fleet_state.h
[3.281s] -- Up-to-date: /home/valtec/aether/aether_ws/install/aether_interfaces/include/aether_interfaces/aether_interfaces/msg/rosidl_generator_c__visibility_control.h
[3.281s] -- Installing: /home/valtec/aether/aether_ws/install/aether_interfaces/include/aether_interfaces/aether_interfaces/msg/drone_state.h
[3.281s] -- Installing: /home/valtec/aether/aether_ws/install/aether_interfaces/include/aether_interfaces/aether_interfaces/msg/calibration_status.h
[3.282s] -- Up-to-date: /home/valtec/aether/aether_ws/install/aether_interfaces/include/aether_interfaces/aether_interfaces/msg/detail
[3.282s] -- Installing: /home/valtec/aether/aether_ws/install/aether_interfaces/include/aether_interfaces/aether_interfaces/msg/detail/deconfliction_warning__functions.h
[3.282s] -- Installing: /home/valtec/aether/aether_ws/install/aether_interfaces/include/aether_interfaces/aether_interfaces/msg/detail/fleet_state__struct.h
[3.282s] -- Installing: /home/valtec/aether/aether_ws/install/aether_interfaces/include/aether_interfaces/aether_interfaces/msg/detail/drone_state__functions.h
[3.282s] -- Installing: /home/valtec/aether/aether_ws/install/aether_interfaces/include/aether_interfaces/aether_interfaces/msg/detail/calibration_status__functions.h
[3.282s] -- Installing: /home/valtec/aether/aether_ws/install/aether_interfaces/include/aether_interfaces/aether_interfaces/msg/detail/drone_state__type_support.h
[3.282s] -- Installing: /home/valtec/aether/aether_ws/install/aether_interfaces/include/aether_interfaces/aether_interfaces/msg/detail/drone_state__functions.c
[3.282s] -- Installing: /home/valtec/aether/aether_ws/install/aether_interfaces/include/aether_interfaces/aether_interfaces/msg/detail/calibration_status__functions.c
[3.282s] -- Installing: /home/valtec/aether/aether_ws/install/aether_interfaces/include/aether_interfaces/aether_interfaces/msg/detail/deconfliction_warning__functions.c
[3.282s] -- Installing: /home/valtec/aether/aether_ws/install/aether_interfaces/include/aether_interfaces/aether_interfaces/msg/detail/fleet_state__functions.h
[3.282s] -- Installing: /home/valtec/aether/aether_ws/install/aether_interfaces/include/aether_interfaces/aether_interfaces/msg/detail/calibration_status__type_support.h
[3.282s] -- Installing: /home/valtec/aether/aether_ws/install/aether_interfaces/include/aether_interfaces/aether_interfaces/msg/detail/deconfliction_warning__type_support.h
[3.282s] -- Installing: /home/valtec/aether/aether_ws/install/aether_interfaces/include/aether_interfaces/aether_interfaces/msg/detail/fleet_state__type_support.h
[3.282s] -- Installing: /home/valtec/aether/aether_ws/install/aether_interfaces/include/aether_interfaces/aether_interfaces/msg/detail/fleet_state__functions.c
[3.282s] -- Installing: /home/valtec/aether/aether_ws/install/aether_interfaces/include/aether_interfaces/aether_interfaces/msg/detail/calibration_status__struct.h
[3.283s] -- Installing: /home/valtec/aether/aether_ws/install/aether_interfaces/include/aether_interfaces/aether_interfaces/msg/detail/drone_state__struct.h
[3.283s] -- Installing: /home/valtec/aether/aether_ws/install/aether_interfaces/include/aether_interfaces/aether_interfaces/msg/detail/deconfliction_warning__struct.h
[3.283s] -- Installing: /home/valtec/aether/aether_ws/install/aether_interfaces/include/aether_interfaces/aether_interfaces/msg/deconfliction_warning.h
[3.283s] -- Up-to-date: /home/valtec/aether/aether_ws/install/aether_interfaces/share/aether_interfaces/environment/library_path.sh
[3.283s] -- Installing: /home/valtec/aether/aether_ws/install/aether_interfaces/share/aether_interfaces/environment/library_path.dsv
[3.283s] -- Installing: /home/valtec/aether/aether_ws/install/aether_interfaces/lib/libaether_interfaces__rosidl_generator_c.so
[3.283s] -- Set runtime path of "/home/valtec/aether/aether_ws/install/aether_interfaces/lib/libaether_interfaces__rosidl_generator_c.so" to ""
[3.283s] -- Up-to-date: /home/valtec/aether/aether_ws/install/aether_interfaces/include/aether_interfaces/aether_interfaces
[3.283s] -- Up-to-date: /home/valtec/aether/aether_ws/install/aether_interfaces/include/aether_interfaces/aether_interfaces/srv
[3.283s] -- Up-to-date: /home/valtec/aether/aether_ws/install/aether_interfaces/include/aether_interfaces/aether_interfaces/srv/detail
[3.283s] -- Installing: /home/valtec/aether/aether_ws/install/aether_interfaces/include/aether_interfaces/aether_interfaces/srv/detail/upload_mission__rosidl_typesupport_fastrtps_c.h
[3.283s] -- Installing: /home/valtec/aether/aether_ws/install/aether_interfaces/include/aether_interfaces/aether_interfaces/srv/detail/start_calibration__rosidl_typesupport_fastrtps_c.h
[3.283s] -- Up-to-date: /home/valtec/aether/aether_ws/install/aether_interfaces/include/aether_interfaces/aether_interfaces/msg
[3.283s] -- Up-to-date: /home/valtec/aether/aether_ws/install/aether_interfaces/include/aether_interfaces/aether_interfaces/msg/detail
[3.283s] -- Installing: /home/valtec/aether/aether_ws/install/aether_interfaces/include/aether_interfaces/aether_interfaces/msg/detail/drone_state__rosidl_typesupport_fastrtps_c.h
[3.283s] -- Installing: /home/valtec/aether/aether_ws/install/aether_interfaces/include/aether_interfaces/aether_interfaces/msg/detail/deconfliction_warning__rosidl_typesupport_fastrtps_c.h
[3.283s] -- Installing: /home/valtec/aether/aether_ws/install/aether_interfaces/include/aether_interfaces/aether_interfaces/msg/detail/fleet_state__rosidl_typesupport_fastrtps_c.h
[3.283s] -- Installing: /home/valtec/aether/aether_ws/install/aether_interfaces/include/aether_interfaces/aether_interfaces/msg/detail/calibration_status__rosidl_typesupport_fastrtps_c.h
[3.283s] -- Up-to-date: /home/valtec/aether/aether_ws/install/aether_interfaces/include/aether_interfaces/aether_interfaces/msg/rosidl_typesupport_fastrtps_c__visibility_control.h
[3.283s] -- Installing: /home/valtec/aether/aether_ws/install/aether_interfaces/lib/libaether_interfaces__rosidl_typesupport_fastrtps_c.so
[3.284s] -- Set runtime path of "/home/valtec/aether/aether_ws/install/aether_interfaces/lib/libaether_interfaces__rosidl_typesupport_fastrtps_c.so" to ""
[3.284s] -- Up-to-date: /home/valtec/aether/aether_ws/install/aether_interfaces/include/aether_interfaces/aether_interfaces
[3.284s] -- Up-to-date: /home/valtec/aether/aether_ws/install/aether_interfaces/include/aether_interfaces/aether_interfaces/srv
[3.284s] -- Up-to-date: /home/valtec/aether/aether_ws/install/aether_interfaces/include/aether_interfaces/aether_interfaces/srv/detail
[3.284s] -- Installing: /home/valtec/aether/aether_ws/install/aether_interfaces/include/aether_interfaces/aether_interfaces/srv/detail/start_calibration__rosidl_typesupport_introspection_c.h
[3.284s] -- Installing: /home/valtec/aether/aether_ws/install/aether_interfaces/include/aether_interfaces/aether_interfaces/srv/detail/upload_mission__type_support.c
[3.284s] -- Installing: /home/valtec/aether/aether_ws/install/aether_interfaces/include/aether_interfaces/aether_interfaces/srv/detail/upload_mission__rosidl_typesupport_introspection_c.h
[3.284s] -- Installing: /home/valtec/aether/aether_ws/install/aether_interfaces/include/aether_interfaces/aether_interfaces/srv/detail/start_calibration__type_support.c
[3.284s] -- Up-to-date: /home/valtec/aether/aether_ws/install/aether_interfaces/include/aether_interfaces/aether_interfaces/msg
[3.284s] -- Up-to-date: /home/valtec/aether/aether_ws/install/aether_interfaces/include/aether_interfaces/aether_interfaces/msg/rosidl_typesupport_introspection_c__visibility_control.h
[3.284s] -- Up-to-date: /home/valtec/aether/aether_ws/install/aether_interfaces/include/aether_interfaces/aether_interfaces/msg/detail
[3.284s] -- Installing: /home/valtec/aether/aether_ws/install/aether_interfaces/include/aether_interfaces/aether_interfaces/msg/detail/calibration_status__rosidl_typesupport_introspection_c.h
[3.284s] -- Installing: /home/valtec/aether/aether_ws/install/aether_interfaces/include/aether_interfaces/aether_interfaces/msg/detail/deconfliction_warning__type_support.c
[3.284s] -- Installing: /home/valtec/aether/aether_ws/install/aether_interfaces/include/aether_interfaces/aether_interfaces/msg/detail/drone_state__type_support.c
[3.284s] -- Installing: /home/valtec/aether/aether_ws/install/aether_interfaces/include/aether_interfaces/aether_interfaces/msg/detail/drone_state__rosidl_typesupport_introspection_c.h
[3.284s] -- Installing: /home/valtec/aether/aether_ws/install/aether_interfaces/include/aether_interfaces/aether_interfaces/msg/detail/deconfliction_warning__rosidl_typesupport_introspection_c.h
[3.284s] -- Installing: /home/valtec/aether/aether_ws/install/aether_interfaces/include/aether_interfaces/aether_interfaces/msg/detail/calibration_status__type_support.c
[3.284s] -- Installing: /home/valtec/aether/aether_ws/install/aether_interfaces/include/aether_interfaces/aether_interfaces/msg/detail/fleet_state__rosidl_typesupport_introspection_c.h
[3.284s] -- Installing: /home/valtec/aether/aether_ws/install/aether_interfaces/include/aether_interfaces/aether_interfaces/msg/detail/fleet_state__type_support.c
[3.284s] -- Installing: /home/valtec/aether/aether_ws/install/aether_interfaces/lib/libaether_interfaces__rosidl_typesupport_introspection_c.so
[3.284s] -- Set runtime path of "/home/valtec/aether/aether_ws/install/aether_interfaces/lib/libaether_interfaces__rosidl_typesupport_introspection_c.so" to ""
[3.284s] -- Installing: /home/valtec/aether/aether_ws/install/aether_interfaces/lib/libaether_interfaces__rosidl_typesupport_c.so
[3.284s] -- Set runtime path of "/home/valtec/aether/aether_ws/install/aether_interfaces/lib/libaether_interfaces__rosidl_typesupport_c.so" to ""
[3.284s] -- Up-to-date: /home/valtec/aether/aether_ws/install/aether_interfaces/include/aether_interfaces/aether_interfaces
[3.284s] -- Up-to-date: /home/valtec/aether/aether_ws/install/aether_interfaces/include/aether_interfaces/aether_interfaces/srv
[3.284s] -- Installing: /home/valtec/aether/aether_ws/install/aether_interfaces/include/aether_interfaces/aether_interfaces/srv/start_calibration.hpp
[3.284s] -- Installing: /home/valtec/aether/aether_ws/install/aether_interfaces/include/aether_interfaces/aether_interfaces/srv/upload_mission.hpp
[3.284s] -- Up-to-date: /home/valtec/aether/aether_ws/install/aether_interfaces/include/aether_interfaces/aether_interfaces/srv/detail
[3.284s] -- Installing: /home/valtec/aether/aether_ws/install/aether_interfaces/include/aether_interfaces/aether_interfaces/srv/detail/upload_mission__type_support.hpp
[3.284s] -- Installing: /home/valtec/aether/aether_ws/install/aether_interfaces/include/aether_interfaces/aether_interfaces/srv/detail/upload_mission__builder.hpp
[3.284s] -- Installing: /home/valtec/aether/aether_ws/install/aether_interfaces/include/aether_interfaces/aether_interfaces/srv/detail/start_calibration__traits.hpp
[3.284s] -- Installing: /home/valtec/aether/aether_ws/install/aether_interfaces/include/aether_interfaces/aether_interfaces/srv/detail/upload_mission__struct.hpp
[3.284s] -- Installing: /home/valtec/aether/aether_ws/install/aether_interfaces/include/aether_interfaces/aether_interfaces/srv/detail/upload_mission__traits.hpp
[3.284s] -- Installing: /home/valtec/aether/aether_ws/install/aether_interfaces/include/aether_interfaces/aether_interfaces/srv/detail/start_calibration__builder.hpp
[3.284s] -- Installing: /home/valtec/aether/aether_ws/install/aether_interfaces/include/aether_interfaces/aether_interfaces/srv/detail/start_calibration__struct.hpp
[3.285s] -- Installing: /home/valtec/aether/aether_ws/install/aether_interfaces/include/aether_interfaces/aether_interfaces/srv/detail/start_calibration__type_support.hpp
[3.285s] -- Up-to-date: /home/valtec/aether/aether_ws/install/aether_interfaces/include/aether_interfaces/aether_interfaces/msg
[3.285s] -- Installing: /home/valtec/aether/aether_ws/install/aether_interfaces/include/aether_interfaces/aether_interfaces/msg/deconfliction_warning.hpp
[3.285s] -- Installing: /home/valtec/aether/aether_ws/install/aether_interfaces/include/aether_interfaces/aether_interfaces/msg/calibration_status.hpp
[3.285s] -- Installing: /home/valtec/aether/aether_ws/install/aether_interfaces/include/aether_interfaces/aether_interfaces/msg/fleet_state.hpp
[3.285s] -- Installing: /home/valtec/aether/aether_ws/install/aether_interfaces/include/aether_interfaces/aether_interfaces/msg/drone_state.hpp
[3.285s] -- Up-to-date: /home/valtec/aether/aether_ws/install/aether_interfaces/include/aether_interfaces/aether_interfaces/msg/detail
[3.285s] -- Installing: /home/valtec/aether/aether_ws/install/aether_interfaces/include/aether_interfaces/aether_interfaces/msg/detail/fleet_state__struct.hpp
[3.285s] -- Installing: /home/valtec/aether/aether_ws/install/aether_interfaces/include/aether_interfaces/aether_interfaces/msg/detail/deconfliction_warning__builder.hpp
[3.285s] -- Installing: /home/valtec/aether/aether_ws/install/aether_interfaces/include/aether_interfaces/aether_interfaces/msg/detail/fleet_state__traits.hpp
[3.285s] -- Installing: /home/valtec/aether/aether_ws/install/aether_interfaces/include/aether_interfaces/aether_interfaces/msg/detail/deconfliction_warning__type_support.hpp
[3.285s] -- Installing: /home/valtec/aether/aether_ws/install/aether_interfaces/include/aether_interfaces/aether_interfaces/msg/detail/calibration_status__type_support.hpp
[3.285s] -- Installing: /home/valtec/aether/aether_ws/install/aether_interfaces/include/aether_interfaces/aether_interfaces/msg/detail/fleet_state__builder.hpp
[3.285s] -- Installing: /home/valtec/aether/aether_ws/install/aether_interfaces/include/aether_interfaces/aether_interfaces/msg/detail/drone_state__struct.hpp
[3.285s] -- Installing: /home/valtec/aether/aether_ws/install/aether_interfaces/include/aether_interfaces/aether_interfaces/msg/detail/calibration_status__builder.hpp
[3.285s] -- Installing: /home/valtec/aether/aether_ws/install/aether_interfaces/include/aether_interfaces/aether_interfaces/msg/detail/drone_state__type_support.hpp
[3.285s] -- Installing: /home/valtec/aether/aether_ws/install/aether_interfaces/include/aether_interfaces/aether_interfaces/msg/detail/fleet_state__type_support.hpp
[3.285s] -- Installing: /home/valtec/aether/aether_ws/install/aether_interfaces/include/aether_interfaces/aether_interfaces/msg/detail/calibration_status__struct.hpp
[3.285s] -- Installing: /home/valtec/aether/aether_ws/install/aether_interfaces/include/aether_interfaces/aether_interfaces/msg/detail/deconfliction_warning__struct.hpp
[3.285s] -- Installing: /home/valtec/aether/aether_ws/install/aether_interfaces/include/aether_interfaces/aether_interfaces/msg/detail/drone_state__traits.hpp
[3.285s] -- Installing: /home/valtec/aether/aether_ws/install/aether_interfaces/include/aether_interfaces/aether_interfaces/msg/detail/deconfliction_warning__traits.hpp
[3.286s] -- Installing: /home/valtec/aether/aether_ws/install/aether_interfaces/include/aether_interfaces/aether_interfaces/msg/detail/calibration_status__traits.hpp
[3.286s] -- Installing: /home/valtec/aether/aether_ws/install/aether_interfaces/include/aether_interfaces/aether_interfaces/msg/detail/drone_state__builder.hpp
[3.286s] -- Up-to-date: /home/valtec/aether/aether_ws/install/aether_interfaces/include/aether_interfaces/aether_interfaces/msg/rosidl_generator_cpp__visibility_control.hpp
[3.286s] -- Up-to-date: /home/valtec/aether/aether_ws/install/aether_interfaces/include/aether_interfaces/aether_interfaces
[3.286s] -- Up-to-date: /home/valtec/aether/aether_ws/install/aether_interfaces/include/aether_interfaces/aether_interfaces/srv
[3.286s] -- Up-to-date: /home/valtec/aether/aether_ws/install/aether_interfaces/include/aether_interfaces/aether_interfaces/srv/detail
[3.286s] -- Installing: /home/valtec/aether/aether_ws/install/aether_interfaces/include/aether_interfaces/aether_interfaces/srv/detail/start_calibration__rosidl_typesupport_fastrtps_cpp.hpp
[3.286s] -- Installing: /home/valtec/aether/aether_ws/install/aether_interfaces/include/aether_interfaces/aether_interfaces/srv/detail/upload_mission__rosidl_typesupport_fastrtps_cpp.hpp
[3.286s] -- Up-to-date: /home/valtec/aether/aether_ws/install/aether_interfaces/include/aether_interfaces/aether_interfaces/srv/detail/dds_fastrtps
[3.286s] -- Up-to-date: /home/valtec/aether/aether_ws/install/aether_interfaces/include/aether_interfaces/aether_interfaces/msg
[3.286s] -- Up-to-date: /home/valtec/aether/aether_ws/install/aether_interfaces/include/aether_interfaces/aether_interfaces/msg/rosidl_typesupport_fastrtps_cpp__visibility_control.h
[3.286s] -- Up-to-date: /home/valtec/aether/aether_ws/install/aether_interfaces/include/aether_interfaces/aether_interfaces/msg/detail
[3.286s] -- Installing: /home/valtec/aether/aether_ws/install/aether_interfaces/include/aether_interfaces/aether_interfaces/msg/detail/drone_state__rosidl_typesupport_fastrtps_cpp.hpp
[3.286s] -- Up-to-date: /home/valtec/aether/aether_ws/install/aether_interfaces/include/aether_interfaces/aether_interfaces/msg/detail/dds_fastrtps
[3.286s] -- Installing: /home/valtec/aether/aether_ws/install/aether_interfaces/include/aether_interfaces/aether_interfaces/msg/detail/deconfliction_warning__rosidl_typesupport_fastrtps_cpp.hpp
[3.286s] -- Installing: /home/valtec/aether/aether_ws/install/aether_interfaces/include/aether_interfaces/aether_interfaces/msg/detail/calibration_status__rosidl_typesupport_fastrtps_cpp.hpp
[3.286s] -- Installing: /home/valtec/aether/aether_ws/install/aether_interfaces/include/aether_interfaces/aether_interfaces/msg/detail/fleet_state__rosidl_typesupport_fastrtps_cpp.hpp
[3.286s] -- Installing: /home/valtec/aether/aether_ws/install/aether_interfaces/lib/libaether_interfaces__rosidl_typesupport_fastrtps_cpp.so
[3.286s] -- Set runtime path of "/home/valtec/aether/aether_ws/install/aether_interfaces/lib/libaether_interfaces__rosidl_typesupport_fastrtps_cpp.so" to ""
[3.287s] -- Up-to-date: /home/valtec/aether/aether_ws/install/aether_interfaces/include/aether_interfaces/aether_interfaces
[3.287s] -- Up-to-date: /home/valtec/aether/aether_ws/install/aether_interfaces/include/aether_interfaces/aether_interfaces/srv
[3.287s] -- Up-to-date: /home/valtec/aether/aether_ws/install/aether_interfaces/include/aether_interfaces/aether_interfaces/srv/detail
[3.287s] -- Installing: /home/valtec/aether/aether_ws/install/aether_interfaces/include/aether_interfaces/aether_interfaces/srv/detail/start_calibration__type_support.cpp
[3.287s] -- Installing: /home/valtec/aether/aether_ws/install/aether_interfaces/include/aether_interfaces/aether_interfaces/srv/detail/upload_mission__rosidl_typesupport_introspection_cpp.hpp
[3.287s] -- Installing: /home/valtec/aether/aether_ws/install/aether_interfaces/include/aether_interfaces/aether_interfaces/srv/detail/start_calibration__rosidl_typesupport_introspection_cpp.hpp
[3.287s] -- Installing: /home/valtec/aether/aether_ws/install/aether_interfaces/include/aether_interfaces/aether_interfaces/srv/detail/upload_mission__type_support.cpp
[3.287s] -- Up-to-date: /home/valtec/aether/aether_ws/install/aether_interfaces/include/aether_interfaces/aether_interfaces/msg
[3.287s] -- Up-to-date: /home/valtec/aether/aether_ws/install/aether_interfaces/include/aether_interfaces/aether_interfaces/msg/detail
[3.287s] -- Installing: /home/valtec/aether/aether_ws/install/aether_interfaces/include/aether_interfaces/aether_interfaces/msg/detail/deconfliction_warning__type_support.cpp
[3.287s] -- Installing: /home/valtec/aether/aether_ws/install/aether_interfaces/include/aether_interfaces/aether_interfaces/msg/detail/deconfliction_warning__rosidl_typesupport_introspection_cpp.hpp
[3.287s] -- Installing: /home/valtec/aether/aether_ws/install/aether_interfaces/include/aether_interfaces/aether_interfaces/msg/detail/drone_state__rosidl_typesupport_introspection_cpp.hpp
[3.287s] -- Installing: /home/valtec/aether/aether_ws/install/aether_interfaces/include/aether_interfaces/aether_interfaces/msg/detail/fleet_state__rosidl_typesupport_introspection_cpp.hpp
[3.287s] -- Installing: /home/valtec/aether/aether_ws/install/aether_interfaces/include/aether_interfaces/aether_interfaces/msg/detail/calibration_status__type_support.cpp
[3.287s] -- Installing: /home/valtec/aether/aether_ws/install/aether_interfaces/include/aether_interfaces/aether_interfaces/msg/detail/drone_state__type_support.cpp
[3.287s] -- Installing: /home/valtec/aether/aether_ws/install/aether_interfaces/include/aether_interfaces/aether_interfaces/msg/detail/fleet_state__type_support.cpp
[3.287s] -- Installing: /home/valtec/aether/aether_ws/install/aether_interfaces/include/aether_interfaces/aether_interfaces/msg/detail/calibration_status__rosidl_typesupport_introspection_cpp.hpp
[3.287s] -- Installing: /home/valtec/aether/aether_ws/install/aether_interfaces/lib/libaether_interfaces__rosidl_typesupport_introspection_cpp.so
[3.287s] -- Set runtime path of "/home/valtec/aether/aether_ws/install/aether_interfaces/lib/libaether_interfaces__rosidl_typesupport_introspection_cpp.so" to ""
[3.288s] -- Installing: /home/valtec/aether/aether_ws/install/aether_interfaces/lib/libaether_interfaces__rosidl_typesupport_cpp.so
[3.288s] -- Set runtime path of "/home/valtec/aether/aether_ws/install/aether_interfaces/lib/libaether_interfaces__rosidl_typesupport_cpp.so" to ""
[3.288s] -- Up-to-date: /home/valtec/aether/aether_ws/install/aether_interfaces/share/aether_interfaces/environment/pythonpath.sh
[3.288s] -- Installing: /home/valtec/aether/aether_ws/install/aether_interfaces/share/aether_interfaces/environment/pythonpath.dsv
[3.288s] -- Up-to-date: /home/valtec/aether/aether_ws/install/aether_interfaces/local/lib/python3.10/dist-packages/aether_interfaces-0.0.1-py3.10.egg-info
[3.288s] -- Installing: /home/valtec/aether/aether_ws/install/aether_interfaces/local/lib/python3.10/dist-packages/aether_interfaces-0.0.1-py3.10.egg-info/SOURCES.txt
[3.288s] -- Installing: /home/valtec/aether/aether_ws/install/aether_interfaces/local/lib/python3.10/dist-packages/aether_interfaces-0.0.1-py3.10.egg-info/PKG-INFO
[3.288s] -- Installing: /home/valtec/aether/aether_ws/install/aether_interfaces/local/lib/python3.10/dist-packages/aether_interfaces-0.0.1-py3.10.egg-info/dependency_links.txt
[3.288s] -- Installing: /home/valtec/aether/aether_ws/install/aether_interfaces/local/lib/python3.10/dist-packages/aether_interfaces-0.0.1-py3.10.egg-info/top_level.txt
[3.288s] -- Up-to-date: /home/valtec/aether/aether_ws/install/aether_interfaces/local/lib/python3.10/dist-packages/aether_interfaces
[3.288s] -- Installing: /home/valtec/aether/aether_ws/install/aether_interfaces/local/lib/python3.10/dist-packages/aether_interfaces/__init__.py
[3.288s] -- Installing: /home/valtec/aether/aether_ws/install/aether_interfaces/local/lib/python3.10/dist-packages/aether_interfaces/aether_interfaces_s__rosidl_typesupport_c.cpython-310-x86_64-linux-gnu.so
[3.288s] -- Installing: /home/valtec/aether/aether_ws/install/aether_interfaces/local/lib/python3.10/dist-packages/aether_interfaces/aether_interfaces_s__rosidl_typesupport_introspection_c.cpython-310-x86_64-linux-gnu.so
[3.288s] -- Installing: /home/valtec/aether/aether_ws/install/aether_interfaces/local/lib/python3.10/dist-packages/aether_interfaces/_aether_interfaces_s.ep.rosidl_typesupport_fastrtps_c.c
[3.288s] -- Installing: /home/valtec/aether/aether_ws/install/aether_interfaces/local/lib/python3.10/dist-packages/aether_interfaces/_aether_interfaces_s.ep.rosidl_typesupport_introspection_c.c
[3.288s] -- Up-to-date: /home/valtec/aether/aether_ws/install/aether_interfaces/local/lib/python3.10/dist-packages/aether_interfaces/srv
[3.288s] -- Installing: /home/valtec/aether/aether_ws/install/aether_interfaces/local/lib/python3.10/dist-packages/aether_interfaces/srv/__init__.py
[3.288s] -- Installing: /home/valtec/aether/aether_ws/install/aether_interfaces/local/lib/python3.10/dist-packages/aether_interfaces/srv/_upload_mission_s.c
[3.289s] -- Installing: /home/valtec/aether/aether_ws/install/aether_interfaces/local/lib/python3.10/dist-packages/aether_interfaces/srv/_upload_mission.py
[3.289s] -- Installing: /home/valtec/aether/aether_ws/install/aether_interfaces/local/lib/python3.10/dist-packages/aether_interfaces/srv/_start_calibration.py
[3.289s] -- Installing: /home/valtec/aether/aether_ws/install/aether_interfaces/local/lib/python3.10/dist-packages/aether_interfaces/srv/_start_calibration_s.c
[3.289s] -- Up-to-date: /home/valtec/aether/aether_ws/install/aether_interfaces/local/lib/python3.10/dist-packages/aether_interfaces/msg
[3.289s] -- Installing: /home/valtec/aether/aether_ws/install/aether_interfaces/local/lib/python3.10/dist-packages/aether_interfaces/msg/__init__.py
[3.289s] -- Installing: /home/valtec/aether/aether_ws/install/aether_interfaces/local/lib/python3.10/dist-packages/aether_interfaces/msg/_drone_state.py
[3.289s] -- Installing: /home/valtec/aether/aether_ws/install/aether_interfaces/local/lib/python3.10/dist-packages/aether_interfaces/msg/_drone_state_s.c
[3.289s] -- Installing: /home/valtec/aether/aether_ws/install/aether_interfaces/local/lib/python3.10/dist-packages/aether_interfaces/msg/_deconfliction_warning.py
[3.289s] -- Installing: /home/valtec/aether/aether_ws/install/aether_interfaces/local/lib/python3.10/dist-packages/aether_interfaces/msg/_calibration_status_s.c
[3.289s] -- Installing: /home/valtec/aether/aether_ws/install/aether_interfaces/local/lib/python3.10/dist-packages/aether_interfaces/msg/_calibration_status.py
[3.289s] -- Installing: /home/valtec/aether/aether_ws/install/aether_interfaces/local/lib/python3.10/dist-packages/aether_interfaces/msg/_fleet_state.py
[3.289s] -- Installing: /home/valtec/aether/aether_ws/install/aether_interfaces/local/lib/python3.10/dist-packages/aether_interfaces/msg/_fleet_state_s.c
[3.289s] -- Installing: /home/valtec/aether/aether_ws/install/aether_interfaces/local/lib/python3.10/dist-packages/aether_interfaces/msg/_deconfliction_warning_s.c
[3.289s] -- Installing: /home/valtec/aether/aether_ws/install/aether_interfaces/local/lib/python3.10/dist-packages/aether_interfaces/aether_interfaces_s__rosidl_typesupport_fastrtps_c.cpython-310-x86_64-linux-gnu.so
[3.289s] -- Installing: /home/valtec/aether/aether_ws/install/aether_interfaces/local/lib/python3.10/dist-packages/aether_interfaces/_aether_interfaces_s.ep.rosidl_typesupport_c.c
[3.289s] -- Installing: /home/valtec/aether/aether_ws/install/aether_interfaces/local/lib/python3.10/dist-packages/aether_interfaces/libaether_interfaces__rosidl_generator_py.so
[3.316s] Listing '/home/valtec/aether/aether_ws/install/aether_interfaces/local/lib/python3.10/dist-packages/aether_interfaces'...
[3.316s] Compiling '/home/valtec/aether/aether_ws/install/aether_interfaces/local/lib/python3.10/dist-packages/aether_interfaces/__init__.py'...
[3.316s] Listing '/home/valtec/aether/aether_ws/install/aether_interfaces/local/lib/python3.10/dist-packages/aether_interfaces/msg'...
[3.316s] Compiling '/home/valtec/aether/aether_ws/install/aether_interfaces/local/lib/python3.10/dist-packages/aether_interfaces/msg/__init__.py'...
[3.316s] Compiling '/home/valtec/aether/aether_ws/install/aether_interfaces/local/lib/python3.10/dist-packages/aether_interfaces/msg/_calibration_status.py'...
[3.316s] Compiling '/home/valtec/aether/aether_ws/install/aether_interfaces/local/lib/python3.10/dist-packages/aether_interfaces/msg/_deconfliction_warning.py'...
[3.316s] Compiling '/home/valtec/aether/aether_ws/install/aether_interfaces/local/lib/python3.10/dist-packages/aether_interfaces/msg/_drone_state.py'...
[3.316s] Compiling '/home/valtec/aether/aether_ws/install/aether_interfaces/local/lib/python3.10/dist-packages/aether_interfaces/msg/_fleet_state.py'...
[3.316s] Listing '/home/valtec/aether/aether_ws/install/aether_interfaces/local/lib/python3.10/dist-packages/aether_interfaces/srv'...
[3.316s] Compiling '/home/valtec/aether/aether_ws/install/aether_interfaces/local/lib/python3.10/dist-packages/aether_interfaces/srv/__init__.py'...
[3.316s] Compiling '/home/valtec/aether/aether_ws/install/aether_interfaces/local/lib/python3.10/dist-packages/aether_interfaces/srv/_start_calibration.py'...
[3.317s] Compiling '/home/valtec/aether/aether_ws/install/aether_interfaces/local/lib/python3.10/dist-packages/aether_interfaces/srv/_upload_mission.py'...
[3.319s] -- Installing: /home/valtec/aether/aether_ws/install/aether_interfaces/local/lib/python3.10/dist-packages/aether_interfaces/aether_interfaces_s__rosidl_typesupport_fastrtps_c.cpython-310-x86_64-linux-gnu.so
[3.319s] -- Set runtime path of "/home/valtec/aether/aether_ws/install/aether_interfaces/local/lib/python3.10/dist-packages/aether_interfaces/aether_interfaces_s__rosidl_typesupport_fastrtps_c.cpython-310-x86_64-linux-gnu.so" to ""
[3.320s] -- Installing: /home/valtec/aether/aether_ws/install/aether_interfaces/local/lib/python3.10/dist-packages/aether_interfaces/aether_interfaces_s__rosidl_typesupport_introspection_c.cpython-310-x86_64-linux-gnu.so
[3.320s] -- Set runtime path of "/home/valtec/aether/aether_ws/install/aether_interfaces/local/lib/python3.10/dist-packages/aether_interfaces/aether_interfaces_s__rosidl_typesupport_introspection_c.cpython-310-x86_64-linux-gnu.so" to ""
[3.320s] -- Installing: /home/valtec/aether/aether_ws/install/aether_interfaces/local/lib/python3.10/dist-packages/aether_interfaces/aether_interfaces_s__rosidl_typesupport_c.cpython-310-x86_64-linux-gnu.so
[3.320s] -- Set runtime path of "/home/valtec/aether/aether_ws/install/aether_interfaces/local/lib/python3.10/dist-packages/aether_interfaces/aether_interfaces_s__rosidl_typesupport_c.cpython-310-x86_64-linux-gnu.so" to ""
[3.320s] -- Installing: /home/valtec/aether/aether_ws/install/aether_interfaces/lib/libaether_interfaces__rosidl_generator_py.so
[3.320s] -- Set runtime path of "/home/valtec/aether/aether_ws/install/aether_interfaces/lib/libaether_interfaces__rosidl_generator_py.so" to ""
[3.320s] -- Up-to-date: /home/valtec/aether/aether_ws/install/aether_interfaces/share/aether_interfaces/srv/UploadMission.idl
[3.320s] -- Up-to-date: /home/valtec/aether/aether_ws/install/aether_interfaces/share/aether_interfaces/msg/DroneState.idl
[3.321s] -- Up-to-date: /home/valtec/aether/aether_ws/install/aether_interfaces/share/aether_interfaces/msg/FleetState.idl
[3.321s] -- Up-to-date: /home/valtec/aether/aether_ws/install/aether_interfaces/share/aether_interfaces/srv/StartCalibration.idl
[3.321s] -- Up-to-date: /home/valtec/aether/aether_ws/install/aether_interfaces/share/aether_interfaces/msg/CalibrationStatus.idl
[3.321s] -- Installing: /home/valtec/aether/aether_ws/install/aether_interfaces/share/aether_interfaces/msg/DeconflictionWarning.idl
[3.321s] -- Up-to-date: /home/valtec/aether/aether_ws/install/aether_interfaces/share/aether_interfaces/srv/UploadMission.srv
[3.321s] -- Up-to-date: /home/valtec/aether/aether_ws/install/aether_interfaces/share/aether_interfaces/srv/UploadMission_Request.msg
[3.321s] -- Up-to-date: /home/valtec/aether/aether_ws/install/aether_interfaces/share/aether_interfaces/srv/UploadMission_Response.msg
[3.321s] -- Up-to-date: /home/valtec/aether/aether_ws/install/aether_interfaces/share/aether_interfaces/msg/DroneState.msg
[3.321s] -- Up-to-date: /home/valtec/aether/aether_ws/install/aether_interfaces/share/aether_interfaces/msg/FleetState.msg
[3.321s] -- Up-to-date: /home/valtec/aether/aether_ws/install/aether_interfaces/share/aether_interfaces/srv/StartCalibration.srv
[3.321s] -- Up-to-date: /home/valtec/aether/aether_ws/install/aether_interfaces/share/aether_interfaces/srv/StartCalibration_Request.msg
[3.321s] -- Up-to-date: /home/valtec/aether/aether_ws/install/aether_interfaces/share/aether_interfaces/srv/StartCalibration_Response.msg
[3.321s] -- Up-to-date: /home/valtec/aether/aether_ws/install/aether_interfaces/share/aether_interfaces/msg/CalibrationStatus.msg
[3.321s] -- Installing: /home/valtec/aether/aether_ws/install/aether_interfaces/share/aether_interfaces/msg/DeconflictionWarning.msg
[3.321s] -- Up-to-date: /home/valtec/aether/aether_ws/install/aether_interfaces/share/ament_index/resource_index/package_run_dependencies/aether_interfaces
[3.321s] -- Up-to-date: /home/valtec/aether/aether_ws/install/aether_interfaces/share/ament_index/resource_index/parent_prefix_path/aether_interfaces
[3.321s] -- Up-to-date: /home/valtec/aether/aether_ws/install/aether_interfaces/share/aether_interfaces/environment/ament_prefix_path.sh
[3.321s] -- Installing: /home/valtec/aether/aether_ws/install/aether_interfaces/share/aether_interfaces/environment/ament_prefix_path.dsv
[3.321s] -- Up-to-date: /home/valtec/aether/aether_ws/install/aether_interfaces/share/aether_interfaces/environment/path.sh
[3.322s] -- Installing: /home/valtec/aether/aether_ws/install/aether_interfaces/share/aether_interfaces/environment/path.dsv
[3.322s] -- Up-to-date: /home/valtec/aether/aether_ws/install/aether_interfaces/share/aether_interfaces/local_setup.bash
[3.322s] -- Up-to-date: /home/valtec/aether/aether_ws/install/aether_interfaces/share/aether_interfaces/local_setup.sh
[3.322s] -- Up-to-date: /home/valtec/aether/aether_ws/install/aether_interfaces/share/aether_interfaces/local_setup.zsh
[3.322s] -- Installing: /home/valtec/aether/aether_ws/install/aether_interfaces/share/aether_interfaces/local_setup.dsv
[3.322s] -- Installing: /home/valtec/aether/aether_ws/install/aether_interfaces/share/aether_interfaces/package.dsv
[3.322s] -- Up-to-date: /home/valtec/aether/aether_ws/install/aether_interfaces/share/ament_index/resource_index/packages/aether_interfaces
[3.322s] -- Up-to-date: /home/valtec/aether/aether_ws/install/aether_interfaces/share/aether_interfaces/cmake/export_aether_interfaces__rosidl_generator_cExport.cmake
[3.322s] -- Up-to-date: /home/valtec/aether/aether_ws/install/aether_interfaces/share/aether_interfaces/cmake/export_aether_interfaces__rosidl_generator_cExport-noconfig.cmake
[3.322s] -- Up-to-date: /home/valtec/aether/aether_ws/install/aether_interfaces/share/aether_interfaces/cmake/export_aether_interfaces__rosidl_typesupport_fastrtps_cExport.cmake
[3.322s] -- Up-to-date: /home/valtec/aether/aether_ws/install/aether_interfaces/share/aether_interfaces/cmake/export_aether_interfaces__rosidl_typesupport_fastrtps_cExport-noconfig.cmake
[3.322s] -- Up-to-date: /home/valtec/aether/aether_ws/install/aether_interfaces/share/aether_interfaces/cmake/aether_interfaces__rosidl_typesupport_introspection_cExport.cmake
[3.322s] -- Up-to-date: /home/valtec/aether/aether_ws/install/aether_interfaces/share/aether_interfaces/cmake/aether_interfaces__rosidl_typesupport_introspection_cExport-noconfig.cmake
[3.322s] -- Up-to-date: /home/valtec/aether/aether_ws/install/aether_interfaces/share/aether_interfaces/cmake/aether_interfaces__rosidl_typesupport_cExport.cmake
[3.322s] -- Up-to-date: /home/valtec/aether/aether_ws/install/aether_interfaces/share/aether_interfaces/cmake/aether_interfaces__rosidl_typesupport_cExport-noconfig.cmake
[3.322s] -- Up-to-date: /home/valtec/aether/aether_ws/install/aether_interfaces/share/aether_interfaces/cmake/export_aether_interfaces__rosidl_generator_cppExport.cmake
[3.322s] -- Up-to-date: /home/valtec/aether/aether_ws/install/aether_interfaces/share/aether_interfaces/cmake/export_aether_interfaces__rosidl_typesupport_fastrtps_cppExport.cmake
[3.322s] -- Up-to-date: /home/valtec/aether/aether_ws/install/aether_interfaces/share/aether_interfaces/cmake/export_aether_interfaces__rosidl_typesupport_fastrtps_cppExport-noconfig.cmake
[3.322s] -- Up-to-date: /home/valtec/aether/aether_ws/install/aether_interfaces/share/aether_interfaces/cmake/aether_interfaces__rosidl_typesupport_introspection_cppExport.cmake
[3.322s] -- Up-to-date: /home/valtec/aether/aether_ws/install/aether_interfaces/share/aether_interfaces/cmake/aether_interfaces__rosidl_typesupport_introspection_cppExport-noconfig.cmake
[3.323s] -- Up-to-date: /home/valtec/aether/aether_ws/install/aether_interfaces/share/aether_interfaces/cmake/aether_interfaces__rosidl_typesupport_cppExport.cmake
[3.323s] -- Up-to-date: /home/valtec/aether/aether_ws/install/aether_interfaces/share/aether_interfaces/cmake/aether_interfaces__rosidl_typesupport_cppExport-noconfig.cmake
[3.323s] -- Up-to-date: /home/valtec/aether/aether_ws/install/aether_interfaces/share/aether_interfaces/cmake/export_aether_interfaces__rosidl_generator_pyExport.cmake
[3.323s] -- Up-to-date: /home/valtec/aether/aether_ws/install/aether_interfaces/share/aether_interfaces/cmake/export_aether_interfaces__rosidl_generator_pyExport-noconfig.cmake
[3.323s] -- Installing: /home/valtec/aether/aether_ws/install/aether_interfaces/share/aether_interfaces/cmake/rosidl_cmake-extras.cmake
[3.323s] -- Up-to-date: /home/valtec/aether/aether_ws/install/aether_interfaces/share/aether_interfaces/cmake/ament_cmake_export_dependencies-extras.cmake
[3.323s] -- Up-to-date: /home/valtec/aether/aether_ws/install/aether_interfaces/share/aether_interfaces/cmake/ament_cmake_export_include_directories-extras.cmake
[3.323s] -- Up-to-date: /home/valtec/aether/aether_ws/install/aether_interfaces/share/aether_interfaces/cmake/ament_cmake_export_libraries-extras.cmake
[3.323s] -- Up-to-date: /home/valtec/aether/aether_ws/install/aether_interfaces/share/aether_interfaces/cmake/ament_cmake_export_targets-extras.cmake
[3.323s] -- Up-to-date: /home/valtec/aether/aether_ws/install/aether_interfaces/share/aether_interfaces/cmake/rosidl_cmake_export_typesupport_targets-extras.cmake
[3.323s] -- Up-to-date: /home/valtec/aether/aether_ws/install/aether_interfaces/share/aether_interfaces/cmake/rosidl_cmake_export_typesupport_libraries-extras.cmake
[3.323s] -- Up-to-date: /home/valtec/aether/aether_ws/install/aether_interfaces/share/aether_interfaces/cmake/aether_interfacesConfig.cmake
[3.323s] -- Up-to-date: /home/valtec/aether/aether_ws/install/aether_interfaces/share/aether_interfaces/cmake/aether_interfacesConfig-version.cmake
[3.323s] -- Up-to-date: /home/valtec/aether/aether_ws/install/aether_interfaces/share/aether_interfaces/package.xml
[3.325s] Invoked command in '/home/valtec/aether/aether_ws/build/aether_interfaces' returned '0': VIRTUAL_ENV_PROMPT=(.venv) /usr/bin/cmake --install /home/valtec/aether/aether_ws/build/aether_interfaces
