[0.006s] Invoking command in '/home/valtec/aether/aether_ws/build/valtec_onboard_intelligence': CMAKE_PREFIX_PATH=/home/valtec/aether/aether_ws/install/valtec_onboard_intelligence:/home/valtec/aether/aether_ws/install/aether_gcs_ui:/home/valtec/aether/aether_ws/install/aether_gcs_backend:/opt/ros/humble:/home/valtec/aether/aether_ws/install/aether_interfaces VIRTUAL_ENV_PROMPT=(.venv) /usr/bin/cmake --build /home/valtec/aether/aether_ws/build/valtec_onboard_intelligence -- -j20 -l20
[0.028s] -- Found ament_cmake: 1.3.12 (/opt/ros/humble/share/ament_cmake/cmake)
[0.119s] -- Found rclcpp: 16.0.14 (/opt/ros/humble/share/rclcpp/cmake)
[0.134s] -- Found rosidl_generator_c: 3.1.7 (/opt/ros/humble/share/rosidl_generator_c/cmake)
[0.135s] -- Found rosidl_adapter: 3.1.7 (/opt/ros/humble/share/rosidl_adapter/cmake)
[0.139s] -- Found rosidl_generator_cpp: 3.1.7 (/opt/ros/humble/share/rosidl_generator_cpp/cmake)
[0.144s] -- Using all available rosidl_typesupport_c: rosidl_typesupport_fastrtps_c;rosidl_typesupport_introspection_c
[0.150s] -- Using all available rosidl_typesupport_cpp: rosidl_typesupport_fastrtps_cpp;rosidl_typesupport_introspection_cpp
[0.167s] -- Found rmw_implementation_cmake: 6.1.2 (/opt/ros/humble/share/rmw_implementation_cmake/cmake)
[0.167s] -- Found rmw_fastrtps_cpp: 6.2.8 (/opt/ros/humble/share/rmw_fastrtps_cpp/cmake)
[0.228s] -- Using RMW implementation 'rmw_fastrtps_cpp' as default
[0.253s] -- Found geometry_msgs: 4.9.0 (/opt/ros/humble/share/geometry_msgs/cmake)
[0.260s] -- Found mavros_msgs: 2.10.1 (/opt/ros/humble/share/mavros_msgs/cmake)
[0.298s] -- Found nav_msgs: 4.9.0 (/opt/ros/humble/share/nav_msgs/cmake)
[0.308s] -- Found ament_lint_auto: 0.12.14 (/opt/ros/humble/share/ament_lint_auto/cmake)
[0.350s] -- Added test 'copyright' to check source files copyright and LICENSE
[0.351s] -- Added test 'cppcheck' to perform static code analysis on C / C++ code
[0.351s] -- Configured cppcheck include dirs: 
[0.351s] -- Configured cppcheck exclude dirs and/or files: 
[0.351s] -- Added test 'cpplint' to check C / C++ code against the Google style
[0.351s] -- Configured cpplint exclude dirs and/or files: 
[0.351s] -- Added test 'flake8' to check Python code syntax and style conventions
[0.351s] -- Added test 'lint_cmake' to check CMake code style
[0.351s] -- Added test 'pep257' to check Python code against some of the docstring style conventions in PEP 257
[0.352s] -- Added test 'uncrustify' to check C / C++ code style
[0.352s] -- Configured uncrustify additional arguments: 
[0.352s] -- Added test 'xmllint' to check XML markup files
[0.352s] -- Configuring done
[0.358s] -- Generating done
[0.360s] -- Build files have been written to: /home/valtec/aether/aether_ws/build/valtec_onboard_intelligence
[0.379s] [35m[1mConsolidate compiler generated dependencies of target collision_avoider_node[0m
[0.390s] [ 50%] [32mBuilding CXX object CMakeFiles/collision_avoider_node.dir/src/collision_avoider_node.cpp.o[0m
[0.506s] [01m[K/home/valtec/aether/aether_ws/src/valtec_onboard_intelligence/src/collision_avoider_node.cpp:21:10:[m[K [01;31m[Kfatal error: [m[Ktf2/LinearMath/Vector3.h: No such file or directory
[0.506s]    21 | #include [01;31m[K<tf2/LinearMath/Vector3.h>[m[K
[0.506s]       |          [01;31m[K^~~~~~~~~~~~~~~~~~~~~~~~~~[m[K
[0.506s] compilation terminated.
[0.508s] gmake[2]: *** [CMakeFiles/collision_avoider_node.dir/build.make:76: CMakeFiles/collision_avoider_node.dir/src/collision_avoider_node.cpp.o] Error 1
[0.508s] gmake[1]: *** [CMakeFiles/Makefile2:137: CMakeFiles/collision_avoider_node.dir/all] Error 2
[0.508s] gmake: *** [Makefile:146: all] Error 2
[0.549s] Invoked command in '/home/valtec/aether/aether_ws/build/valtec_onboard_intelligence' returned '2': CMAKE_PREFIX_PATH=/home/valtec/aether/aether_ws/install/valtec_onboard_intelligence:/home/valtec/aether/aether_ws/install/aether_gcs_ui:/home/valtec/aether/aether_ws/install/aether_gcs_backend:/opt/ros/humble:/home/valtec/aether/aether_ws/install/aether_interfaces VIRTUAL_ENV_PROMPT=(.venv) /usr/bin/cmake --build /home/valtec/aether/aether_ws/build/valtec_onboard_intelligence -- -j20 -l20
