running egg_info
writing ../../build/aether_gcs_ui/aether_gcs_ui.egg-info/PKG-INFO
writing dependency_links to ../../build/aether_gcs_ui/aether_gcs_ui.egg-info/dependency_links.txt
writing entry points to ../../build/aether_gcs_ui/aether_gcs_ui.egg-info/entry_points.txt
writing requirements to ../../build/aether_gcs_ui/aether_gcs_ui.egg-info/requires.txt
writing top-level names to ../../build/aether_gcs_ui/aether_gcs_ui.egg-info/top_level.txt
reading manifest file '../../build/aether_gcs_ui/aether_gcs_ui.egg-info/SOURCES.txt'
writing manifest file '../../build/aether_gcs_ui/aether_gcs_ui.egg-info/SOURCES.txt'
running build
running build_py
copying aether_gcs_ui/main_window_node.py -> /home/valtec/aether/aether_ws/build/aether_gcs_ui/build/lib/aether_gcs_ui
running install
running install_lib
copying /home/valtec/aether/aether_ws/build/aether_gcs_ui/build/lib/aether_gcs_ui/main_window_node.py -> /home/valtec/aether/aether_ws/install/aether_gcs_ui/lib/python3.10/site-packages/aether_gcs_ui
byte-compiling /home/valtec/aether/aether_ws/install/aether_gcs_ui/lib/python3.10/site-packages/aether_gcs_ui/main_window_node.py to main_window_node.cpython-310.pyc
running install_data
running install_egg_info
removing '/home/valtec/aether/aether_ws/install/aether_gcs_ui/lib/python3.10/site-packages/aether_gcs_ui-0.0.1-py3.10.egg-info' (and everything under it)
Copying ../../build/aether_gcs_ui/aether_gcs_ui.egg-info to /home/valtec/aether/aether_ws/install/aether_gcs_ui/lib/python3.10/site-packages/aether_gcs_ui-0.0.1-py3.10.egg-info
running install_scripts
Installing aether_ui script to /home/valtec/aether/aether_ws/install/aether_gcs_ui/lib/aether_gcs_ui
writing list of installed files to '/home/valtec/aether/aether_ws/build/aether_gcs_ui/install.log'
