[0.061s] DEBUG:colcon:Command line arguments: ['/usr/bin/colcon', 'build']
[0.061s] DEBUG:colcon:Parsed command line arguments: Namespace(log_base=None, log_level=None, verb_name='build', build_base='build', install_base='install', merge_install=False, symlink_install=False, test_result_base=None, continue_on_error=False, executor='parallel', parallel_workers=20, event_handlers=None, ignore_user_meta=False, metas=['./colcon.meta'], base_paths=['.'], packages_ignore=None, packages_ignore_regex=None, paths=None, packages_up_to=None, packages_up_to_regex=None, packages_above=None, packages_above_and_dependencies=None, packages_above_depth=None, packages_select_by_dep=None, packages_skip_by_dep=None, packages_skip_up_to=None, packages_select_build_failed=False, packages_skip_build_finished=False, packages_select_test_failures=False, packages_skip_test_passed=False, packages_select=None, packages_skip=None, packages_select_regex=None, packages_skip_regex=None, packages_start=None, packages_end=None, allow_overriding=[], cmake_args=None, cmake_target=None, cmake_target_skip_unavailable=False, cmake_clean_cache=False, cmake_clean_first=False, cmake_force_configure=False, ament_cmake_args=None, catkin_cmake_args=None, catkin_skip_building_tests=False, verb_parser=<colcon_defaults.argument_parser.defaults.DefaultArgumentsDecorator object at 0x79b19f707c10>, verb_extension=<colcon_core.verb.build.BuildVerb object at 0x79b19f707700>, main=<bound method BuildVerb.main of <colcon_core.verb.build.BuildVerb object at 0x79b19f707700>>)
[0.146s] Level 1:colcon.colcon_core.package_discovery:discover_packages(colcon_meta) check parameters
[0.146s] Level 1:colcon.colcon_core.package_discovery:discover_packages(recursive) check parameters
[0.146s] Level 1:colcon.colcon_core.package_discovery:discover_packages(ignore) check parameters
[0.146s] Level 1:colcon.colcon_core.package_discovery:discover_packages(path) check parameters
[0.146s] Level 1:colcon.colcon_core.package_discovery:discover_packages(colcon_meta) discover
[0.146s] Level 1:colcon.colcon_core.package_discovery:discover_packages(recursive) discover
[0.146s] INFO:colcon.colcon_core.package_discovery:Crawling recursively for packages in '/home/valtec/aether/aether_ws'
[0.146s] Level 1:colcon.colcon_core.package_identification:_identify(.) by extensions ['ignore', 'ignore_ament_install']
[0.146s] Level 1:colcon.colcon_core.package_identification:_identify(.) by extension 'ignore'
[0.146s] Level 1:colcon.colcon_core.package_identification:_identify(.) by extension 'ignore_ament_install'
[0.146s] Level 1:colcon.colcon_core.package_identification:_identify(.) by extensions ['colcon_pkg']
[0.147s] Level 1:colcon.colcon_core.package_identification:_identify(.) by extension 'colcon_pkg'
[0.147s] Level 1:colcon.colcon_core.package_identification:_identify(.) by extensions ['colcon_meta']
[0.147s] Level 1:colcon.colcon_core.package_identification:_identify(.) by extension 'colcon_meta'
[0.147s] Level 1:colcon.colcon_core.package_identification:_identify(.) by extensions ['ros']
[0.147s] Level 1:colcon.colcon_core.package_identification:_identify(.) by extension 'ros'
[0.154s] Level 1:colcon.colcon_core.package_identification:_identify(.) by extensions ['cmake', 'python']
[0.154s] Level 1:colcon.colcon_core.package_identification:_identify(.) by extension 'cmake'
[0.154s] Level 1:colcon.colcon_core.package_identification:_identify(.) by extension 'python'
[0.154s] Level 1:colcon.colcon_core.package_identification:_identify(.) by extensions ['python_setup_py']
[0.154s] Level 1:colcon.colcon_core.package_identification:_identify(.) by extension 'python_setup_py'
[0.154s] Level 1:colcon.colcon_core.package_identification:_identify(build) by extensions ['ignore', 'ignore_ament_install']
[0.154s] Level 1:colcon.colcon_core.package_identification:_identify(build) by extension 'ignore'
[0.154s] Level 1:colcon.colcon_core.package_identification:_identify(build) ignored
[0.154s] Level 1:colcon.colcon_core.package_identification:_identify(install) by extensions ['ignore', 'ignore_ament_install']
[0.154s] Level 1:colcon.colcon_core.package_identification:_identify(install) by extension 'ignore'
[0.154s] Level 1:colcon.colcon_core.package_identification:_identify(install) ignored
[0.154s] Level 1:colcon.colcon_core.package_identification:_identify(log) by extensions ['ignore', 'ignore_ament_install']
[0.154s] Level 1:colcon.colcon_core.package_identification:_identify(log) by extension 'ignore'
[0.154s] Level 1:colcon.colcon_core.package_identification:_identify(log) ignored
[0.154s] Level 1:colcon.colcon_core.package_identification:_identify(src) by extensions ['ignore', 'ignore_ament_install']
[0.154s] Level 1:colcon.colcon_core.package_identification:_identify(src) by extension 'ignore'
[0.154s] Level 1:colcon.colcon_core.package_identification:_identify(src) by extension 'ignore_ament_install'
[0.154s] Level 1:colcon.colcon_core.package_identification:_identify(src) by extensions ['colcon_pkg']
[0.154s] Level 1:colcon.colcon_core.package_identification:_identify(src) by extension 'colcon_pkg'
[0.154s] Level 1:colcon.colcon_core.package_identification:_identify(src) by extensions ['colcon_meta']
[0.154s] Level 1:colcon.colcon_core.package_identification:_identify(src) by extension 'colcon_meta'
[0.154s] Level 1:colcon.colcon_core.package_identification:_identify(src) by extensions ['ros']
[0.154s] Level 1:colcon.colcon_core.package_identification:_identify(src) by extension 'ros'
[0.154s] Level 1:colcon.colcon_core.package_identification:_identify(src) by extensions ['cmake', 'python']
[0.155s] Level 1:colcon.colcon_core.package_identification:_identify(src) by extension 'cmake'
[0.155s] Level 1:colcon.colcon_core.package_identification:_identify(src) by extension 'python'
[0.155s] Level 1:colcon.colcon_core.package_identification:_identify(src) by extensions ['python_setup_py']
[0.155s] Level 1:colcon.colcon_core.package_identification:_identify(src) by extension 'python_setup_py'
[0.155s] Level 1:colcon.colcon_core.package_identification:_identify(src/aether_gcs_backend) by extensions ['ignore', 'ignore_ament_install']
[0.155s] Level 1:colcon.colcon_core.package_identification:_identify(src/aether_gcs_backend) by extension 'ignore'
[0.155s] Level 1:colcon.colcon_core.package_identification:_identify(src/aether_gcs_backend) by extension 'ignore_ament_install'
[0.155s] Level 1:colcon.colcon_core.package_identification:_identify(src/aether_gcs_backend) by extensions ['colcon_pkg']
[0.155s] Level 1:colcon.colcon_core.package_identification:_identify(src/aether_gcs_backend) by extension 'colcon_pkg'
[0.155s] Level 1:colcon.colcon_core.package_identification:_identify(src/aether_gcs_backend) by extensions ['colcon_meta']
[0.155s] Level 1:colcon.colcon_core.package_identification:_identify(src/aether_gcs_backend) by extension 'colcon_meta'
[0.155s] Level 1:colcon.colcon_core.package_identification:_identify(src/aether_gcs_backend) by extensions ['ros']
[0.155s] Level 1:colcon.colcon_core.package_identification:_identify(src/aether_gcs_backend) by extension 'ros'
[0.157s] DEBUG:colcon.colcon_core.package_identification:Package 'src/aether_gcs_backend' with type 'ros.ament_python' and name 'aether_gcs_backend'
[0.157s] Level 1:colcon.colcon_core.package_identification:_identify(src/aether_gcs_ui) by extensions ['ignore', 'ignore_ament_install']
[0.157s] Level 1:colcon.colcon_core.package_identification:_identify(src/aether_gcs_ui) by extension 'ignore'
[0.157s] Level 1:colcon.colcon_core.package_identification:_identify(src/aether_gcs_ui) by extension 'ignore_ament_install'
[0.157s] Level 1:colcon.colcon_core.package_identification:_identify(src/aether_gcs_ui) by extensions ['colcon_pkg']
[0.157s] Level 1:colcon.colcon_core.package_identification:_identify(src/aether_gcs_ui) by extension 'colcon_pkg'
[0.157s] Level 1:colcon.colcon_core.package_identification:_identify(src/aether_gcs_ui) by extensions ['colcon_meta']
[0.157s] Level 1:colcon.colcon_core.package_identification:_identify(src/aether_gcs_ui) by extension 'colcon_meta'
[0.157s] Level 1:colcon.colcon_core.package_identification:_identify(src/aether_gcs_ui) by extensions ['ros']
[0.157s] Level 1:colcon.colcon_core.package_identification:_identify(src/aether_gcs_ui) by extension 'ros'
[0.157s] DEBUG:colcon.colcon_core.package_identification:Package 'src/aether_gcs_ui' with type 'ros.ament_python' and name 'aether_gcs_ui'
[0.157s] Level 1:colcon.colcon_core.package_identification:_identify(src/aether_interfaces) by extensions ['ignore', 'ignore_ament_install']
[0.157s] Level 1:colcon.colcon_core.package_identification:_identify(src/aether_interfaces) by extension 'ignore'
[0.157s] Level 1:colcon.colcon_core.package_identification:_identify(src/aether_interfaces) by extension 'ignore_ament_install'
[0.157s] Level 1:colcon.colcon_core.package_identification:_identify(src/aether_interfaces) by extensions ['colcon_pkg']
[0.157s] Level 1:colcon.colcon_core.package_identification:_identify(src/aether_interfaces) by extension 'colcon_pkg'
[0.157s] Level 1:colcon.colcon_core.package_identification:_identify(src/aether_interfaces) by extensions ['colcon_meta']
[0.157s] Level 1:colcon.colcon_core.package_identification:_identify(src/aether_interfaces) by extension 'colcon_meta'
[0.157s] Level 1:colcon.colcon_core.package_identification:_identify(src/aether_interfaces) by extensions ['ros']
[0.157s] Level 1:colcon.colcon_core.package_identification:_identify(src/aether_interfaces) by extension 'ros'
[0.158s] DEBUG:colcon.colcon_core.package_identification:Package 'src/aether_interfaces' with type 'ros.catkin' and name 'aether_interfaces'
[0.158s] Level 1:colcon.colcon_core.package_identification:_identify(src/valtec_onboard_intelligence) by extensions ['ignore', 'ignore_ament_install']
[0.158s] Level 1:colcon.colcon_core.package_identification:_identify(src/valtec_onboard_intelligence) by extension 'ignore'
[0.158s] Level 1:colcon.colcon_core.package_identification:_identify(src/valtec_onboard_intelligence) by extension 'ignore_ament_install'
[0.158s] Level 1:colcon.colcon_core.package_identification:_identify(src/valtec_onboard_intelligence) by extensions ['colcon_pkg']
[0.158s] Level 1:colcon.colcon_core.package_identification:_identify(src/valtec_onboard_intelligence) by extension 'colcon_pkg'
[0.158s] Level 1:colcon.colcon_core.package_identification:_identify(src/valtec_onboard_intelligence) by extensions ['colcon_meta']
[0.158s] Level 1:colcon.colcon_core.package_identification:_identify(src/valtec_onboard_intelligence) by extension 'colcon_meta'
[0.158s] Level 1:colcon.colcon_core.package_identification:_identify(src/valtec_onboard_intelligence) by extensions ['ros']
[0.158s] Level 1:colcon.colcon_core.package_identification:_identify(src/valtec_onboard_intelligence) by extension 'ros'
[0.159s] DEBUG:colcon.colcon_core.package_identification:Package 'src/valtec_onboard_intelligence' with type 'ros.ament_cmake' and name 'valtec_onboard_intelligence'
[0.159s] Level 1:colcon.colcon_core.package_discovery:discover_packages(recursive) using defaults
[0.159s] Level 1:colcon.colcon_core.package_discovery:discover_packages(ignore) discover
[0.159s] Level 1:colcon.colcon_core.package_discovery:discover_packages(ignore) using defaults
[0.159s] Level 1:colcon.colcon_core.package_discovery:discover_packages(path) discover
[0.159s] Level 1:colcon.colcon_core.package_discovery:discover_packages(path) using defaults
[0.171s] Level 1:colcon.colcon_core.package_discovery:discover_packages(prefix_path) check parameters
[0.171s] Level 1:colcon.colcon_core.package_discovery:discover_packages(prefix_path) discover
[0.172s] WARNING:colcon.colcon_core.prefix_path.colcon:The path '/home/valtec/aether/aether-gcs/aether_ws/install' in the environment variable COLCON_PREFIX_PATH doesn't exist
[0.172s] WARNING:colcon.colcon_ros.prefix_path.ament:The path '/home/valtec/aether/aether-gcs/aether_ws/install/valtec_onboard_intelligence' in the environment variable AMENT_PREFIX_PATH doesn't exist
[0.172s] WARNING:colcon.colcon_ros.prefix_path.ament:The path '/home/valtec/aether/aether-gcs/aether_ws/install/aether_gcs_ui' in the environment variable AMENT_PREFIX_PATH doesn't exist
[0.172s] WARNING:colcon.colcon_ros.prefix_path.ament:The path '/home/valtec/aether/aether-gcs/aether_ws/install/aether_gcs_backend' in the environment variable AMENT_PREFIX_PATH doesn't exist
[0.172s] WARNING:colcon.colcon_ros.prefix_path.catkin:The path '/home/valtec/aether/aether-gcs/aether_ws/install/valtec_onboard_intelligence' in the environment variable CMAKE_PREFIX_PATH doesn't exist
[0.172s] WARNING:colcon.colcon_ros.prefix_path.catkin:The path '/home/valtec/aether/aether-gcs/aether_ws/install/aether_interfaces' in the environment variable CMAKE_PREFIX_PATH doesn't exist
[0.173s] DEBUG:colcon.colcon_installed_package_information.package_discovery:Found 277 installed packages in /opt/ros/humble
[0.179s] Level 1:colcon.colcon_core.package_discovery:discover_packages(prefix_path) using defaults
[0.200s] Level 5:colcon.colcon_core.verb:set package 'aether_gcs_backend' build argument 'cmake_args' from command line to 'None'
[0.200s] Level 5:colcon.colcon_core.verb:set package 'aether_gcs_backend' build argument 'cmake_target' from command line to 'None'
[0.200s] Level 5:colcon.colcon_core.verb:set package 'aether_gcs_backend' build argument 'cmake_target_skip_unavailable' from command line to 'False'
[0.200s] Level 5:colcon.colcon_core.verb:set package 'aether_gcs_backend' build argument 'cmake_clean_cache' from command line to 'False'
[0.200s] Level 5:colcon.colcon_core.verb:set package 'aether_gcs_backend' build argument 'cmake_clean_first' from command line to 'False'
[0.200s] Level 5:colcon.colcon_core.verb:set package 'aether_gcs_backend' build argument 'cmake_force_configure' from command line to 'False'
[0.200s] Level 5:colcon.colcon_core.verb:set package 'aether_gcs_backend' build argument 'ament_cmake_args' from command line to 'None'
[0.200s] Level 5:colcon.colcon_core.verb:set package 'aether_gcs_backend' build argument 'catkin_cmake_args' from command line to 'None'
[0.200s] Level 5:colcon.colcon_core.verb:set package 'aether_gcs_backend' build argument 'catkin_skip_building_tests' from command line to 'False'
[0.200s] DEBUG:colcon.colcon_core.verb:Building package 'aether_gcs_backend' with the following arguments: {'ament_cmake_args': None, 'build_base': '/home/valtec/aether/aether_ws/build/aether_gcs_backend', 'catkin_cmake_args': None, 'catkin_skip_building_tests': False, 'cmake_args': None, 'cmake_clean_cache': False, 'cmake_clean_first': False, 'cmake_force_configure': False, 'cmake_target': None, 'cmake_target_skip_unavailable': False, 'install_base': '/home/valtec/aether/aether_ws/install/aether_gcs_backend', 'merge_install': False, 'path': '/home/valtec/aether/aether_ws/src/aether_gcs_backend', 'symlink_install': False, 'test_result_base': None}
[0.200s] Level 5:colcon.colcon_core.verb:set package 'aether_gcs_ui' build argument 'cmake_args' from command line to 'None'
[0.200s] Level 5:colcon.colcon_core.verb:set package 'aether_gcs_ui' build argument 'cmake_target' from command line to 'None'
[0.200s] Level 5:colcon.colcon_core.verb:set package 'aether_gcs_ui' build argument 'cmake_target_skip_unavailable' from command line to 'False'
[0.200s] Level 5:colcon.colcon_core.verb:set package 'aether_gcs_ui' build argument 'cmake_clean_cache' from command line to 'False'
[0.200s] Level 5:colcon.colcon_core.verb:set package 'aether_gcs_ui' build argument 'cmake_clean_first' from command line to 'False'
[0.200s] Level 5:colcon.colcon_core.verb:set package 'aether_gcs_ui' build argument 'cmake_force_configure' from command line to 'False'
[0.200s] Level 5:colcon.colcon_core.verb:set package 'aether_gcs_ui' build argument 'ament_cmake_args' from command line to 'None'
[0.200s] Level 5:colcon.colcon_core.verb:set package 'aether_gcs_ui' build argument 'catkin_cmake_args' from command line to 'None'
[0.200s] Level 5:colcon.colcon_core.verb:set package 'aether_gcs_ui' build argument 'catkin_skip_building_tests' from command line to 'False'
[0.200s] DEBUG:colcon.colcon_core.verb:Building package 'aether_gcs_ui' with the following arguments: {'ament_cmake_args': None, 'build_base': '/home/valtec/aether/aether_ws/build/aether_gcs_ui', 'catkin_cmake_args': None, 'catkin_skip_building_tests': False, 'cmake_args': None, 'cmake_clean_cache': False, 'cmake_clean_first': False, 'cmake_force_configure': False, 'cmake_target': None, 'cmake_target_skip_unavailable': False, 'install_base': '/home/valtec/aether/aether_ws/install/aether_gcs_ui', 'merge_install': False, 'path': '/home/valtec/aether/aether_ws/src/aether_gcs_ui', 'symlink_install': False, 'test_result_base': None}
[0.200s] Level 5:colcon.colcon_core.verb:set package 'aether_interfaces' build argument 'cmake_args' from command line to 'None'
[0.200s] Level 5:colcon.colcon_core.verb:set package 'aether_interfaces' build argument 'cmake_target' from command line to 'None'
[0.200s] Level 5:colcon.colcon_core.verb:set package 'aether_interfaces' build argument 'cmake_target_skip_unavailable' from command line to 'False'
[0.200s] Level 5:colcon.colcon_core.verb:set package 'aether_interfaces' build argument 'cmake_clean_cache' from command line to 'False'
[0.200s] Level 5:colcon.colcon_core.verb:set package 'aether_interfaces' build argument 'cmake_clean_first' from command line to 'False'
[0.200s] Level 5:colcon.colcon_core.verb:set package 'aether_interfaces' build argument 'cmake_force_configure' from command line to 'False'
[0.200s] Level 5:colcon.colcon_core.verb:set package 'aether_interfaces' build argument 'ament_cmake_args' from command line to 'None'
[0.200s] Level 5:colcon.colcon_core.verb:set package 'aether_interfaces' build argument 'catkin_cmake_args' from command line to 'None'
[0.200s] Level 5:colcon.colcon_core.verb:set package 'aether_interfaces' build argument 'catkin_skip_building_tests' from command line to 'False'
[0.200s] DEBUG:colcon.colcon_core.verb:Building package 'aether_interfaces' with the following arguments: {'ament_cmake_args': None, 'build_base': '/home/valtec/aether/aether_ws/build/aether_interfaces', 'catkin_cmake_args': None, 'catkin_skip_building_tests': False, 'cmake_args': None, 'cmake_clean_cache': False, 'cmake_clean_first': False, 'cmake_force_configure': False, 'cmake_target': None, 'cmake_target_skip_unavailable': False, 'install_base': '/home/valtec/aether/aether_ws/install/aether_interfaces', 'merge_install': False, 'path': '/home/valtec/aether/aether_ws/src/aether_interfaces', 'symlink_install': False, 'test_result_base': None}
[0.201s] Level 5:colcon.colcon_core.verb:set package 'valtec_onboard_intelligence' build argument 'cmake_args' from command line to 'None'
[0.201s] Level 5:colcon.colcon_core.verb:set package 'valtec_onboard_intelligence' build argument 'cmake_target' from command line to 'None'
[0.201s] Level 5:colcon.colcon_core.verb:set package 'valtec_onboard_intelligence' build argument 'cmake_target_skip_unavailable' from command line to 'False'
[0.201s] Level 5:colcon.colcon_core.verb:set package 'valtec_onboard_intelligence' build argument 'cmake_clean_cache' from command line to 'False'
[0.201s] Level 5:colcon.colcon_core.verb:set package 'valtec_onboard_intelligence' build argument 'cmake_clean_first' from command line to 'False'
[0.201s] Level 5:colcon.colcon_core.verb:set package 'valtec_onboard_intelligence' build argument 'cmake_force_configure' from command line to 'False'
[0.201s] Level 5:colcon.colcon_core.verb:set package 'valtec_onboard_intelligence' build argument 'ament_cmake_args' from command line to 'None'
[0.201s] Level 5:colcon.colcon_core.verb:set package 'valtec_onboard_intelligence' build argument 'catkin_cmake_args' from command line to 'None'
[0.201s] Level 5:colcon.colcon_core.verb:set package 'valtec_onboard_intelligence' build argument 'catkin_skip_building_tests' from command line to 'False'
[0.201s] DEBUG:colcon.colcon_core.verb:Building package 'valtec_onboard_intelligence' with the following arguments: {'ament_cmake_args': None, 'build_base': '/home/valtec/aether/aether_ws/build/valtec_onboard_intelligence', 'catkin_cmake_args': None, 'catkin_skip_building_tests': False, 'cmake_args': None, 'cmake_clean_cache': False, 'cmake_clean_first': False, 'cmake_force_configure': False, 'cmake_target': None, 'cmake_target_skip_unavailable': False, 'install_base': '/home/valtec/aether/aether_ws/install/valtec_onboard_intelligence', 'merge_install': False, 'path': '/home/valtec/aether/aether_ws/src/valtec_onboard_intelligence', 'symlink_install': False, 'test_result_base': None}
[0.201s] INFO:colcon.colcon_core.executor:Executing jobs using 'parallel' executor
[0.202s] DEBUG:colcon.colcon_parallel_executor.executor.parallel:run_until_complete
[0.202s] INFO:colcon.colcon_ros.task.ament_python.build:Building ROS package in '/home/valtec/aether/aether_ws/src/aether_gcs_backend' with build type 'ament_python'
[0.202s] Level 1:colcon.colcon_core.shell:create_environment_hook('aether_gcs_backend', 'ament_prefix_path')
[0.203s] INFO:colcon.colcon_core.plugin_system:Skipping extension 'colcon_core.shell.bat': Not used on non-Windows systems
[0.203s] INFO:colcon.colcon_core.shell:Creating environment hook '/home/valtec/aether/aether_ws/install/aether_gcs_backend/share/aether_gcs_backend/hook/ament_prefix_path.ps1'
[0.204s] INFO:colcon.colcon_core.shell:Creating environment descriptor '/home/valtec/aether/aether_ws/install/aether_gcs_backend/share/aether_gcs_backend/hook/ament_prefix_path.dsv'
[0.204s] INFO:colcon.colcon_core.shell:Creating environment hook '/home/valtec/aether/aether_ws/install/aether_gcs_backend/share/aether_gcs_backend/hook/ament_prefix_path.sh'
[0.204s] INFO:colcon.colcon_core.shell:Skip shell extension 'powershell' for command environment: Not usable outside of PowerShell
[0.205s] DEBUG:colcon.colcon_core.shell:Skip shell extension 'dsv' for command environment
[0.206s] INFO:colcon.colcon_ros.task.ament_python.build:Building ROS package in '/home/valtec/aether/aether_ws/src/aether_gcs_ui' with build type 'ament_python'
[0.206s] Level 1:colcon.colcon_core.shell:create_environment_hook('aether_gcs_ui', 'ament_prefix_path')
[0.206s] INFO:colcon.colcon_core.shell:Creating environment hook '/home/valtec/aether/aether_ws/install/aether_gcs_ui/share/aether_gcs_ui/hook/ament_prefix_path.ps1'
[0.207s] INFO:colcon.colcon_core.shell:Creating environment descriptor '/home/valtec/aether/aether_ws/install/aether_gcs_ui/share/aether_gcs_ui/hook/ament_prefix_path.dsv'
[0.207s] INFO:colcon.colcon_core.shell:Creating environment hook '/home/valtec/aether/aether_ws/install/aether_gcs_ui/share/aether_gcs_ui/hook/ament_prefix_path.sh'
[0.207s] INFO:colcon.colcon_core.shell:Skip shell extension 'powershell' for command environment: Not usable outside of PowerShell
[0.207s] DEBUG:colcon.colcon_core.shell:Skip shell extension 'dsv' for command environment
[0.209s] INFO:colcon.colcon_ros.task.catkin.build:Building ROS package in '/home/valtec/aether/aether_ws/src/aether_interfaces' with build type 'catkin'
[0.209s] INFO:colcon.colcon_cmake.task.cmake.build:Building CMake package in '/home/valtec/aether/aether_ws/src/aether_interfaces'
[0.209s] INFO:colcon.colcon_core.shell:Skip shell extension 'powershell' for command environment: Not usable outside of PowerShell
[0.209s] DEBUG:colcon.colcon_core.shell:Skip shell extension 'dsv' for command environment
[0.210s] INFO:colcon.colcon_ros.task.ament_cmake.build:Building ROS package in '/home/valtec/aether/aether_ws/src/valtec_onboard_intelligence' with build type 'ament_cmake'
[0.210s] INFO:colcon.colcon_cmake.task.cmake.build:Building CMake package in '/home/valtec/aether/aether_ws/src/valtec_onboard_intelligence'
[0.211s] INFO:colcon.colcon_core.shell:Skip shell extension 'powershell' for command environment: Not usable outside of PowerShell
[0.211s] DEBUG:colcon.colcon_core.shell:Skip shell extension 'dsv' for command environment
[0.379s] INFO:colcon.colcon_core.task.python.build:Building Python package in '/home/valtec/aether/aether_ws/src/aether_gcs_backend'
[0.379s] INFO:colcon.colcon_core.shell:Skip shell extension 'powershell' for command environment: Not usable outside of PowerShell
[0.379s] DEBUG:colcon.colcon_core.shell:Skip shell extension 'dsv' for command environment
[0.524s] INFO:colcon.colcon_core.task.python.build:Building Python package in '/home/valtec/aether/aether_ws/src/aether_gcs_ui'
[0.524s] INFO:colcon.colcon_core.shell:Skip shell extension 'powershell' for command environment: Not usable outside of PowerShell
[0.524s] DEBUG:colcon.colcon_core.shell:Skip shell extension 'dsv' for command environment
[0.529s] DEBUG:colcon.colcon_core.event_handler.log_command:Invoking command in '/home/valtec/aether/aether_ws/build/aether_interfaces': PS1=\[\e]0;\u@\h: \w\a\]${debian_chroot:+($debian_chroot)}\[\033[01;32m\]\u@\h\[\033[00m\]:\[\033[01;34m\]\w\[\033[00m\]\$ /usr/bin/cmake --build /home/valtec/aether/aether_ws/build/aether_interfaces -- -j20 -l20
[0.533s] DEBUG:colcon.colcon_core.event_handler.log_command:Invoking command in '/home/valtec/aether/aether_ws/build/valtec_onboard_intelligence': CMAKE_PREFIX_PATH=${CMAKE_PREFIX_PATH}:/home/valtec/aether/aether-gcs/aether_ws/install/aether_gcs_ui:/home/valtec/aether/aether-gcs/aether_ws/install/aether_gcs_backend:/opt/ros/humble PS1=\[\e]0;\u@\h: \w\a\]${debian_chroot:+($debian_chroot)}\[\033[01;32m\]\u@\h\[\033[00m\]:\[\033[01;34m\]\w\[\033[00m\]\$ /usr/bin/cmake --build /home/valtec/aether/aether_ws/build/valtec_onboard_intelligence -- -j20 -l20
[0.720s] DEBUG:colcon.colcon_core.event_handler.log_command:Invoking command in '/home/valtec/aether/aether_ws/src/aether_gcs_ui': PS1=\[\e]0;\u@\h: \w\a\]${debian_chroot:+($debian_chroot)}\[\033[01;32m\]\u@\h\[\033[00m\]:\[\033[01;34m\]\w\[\033[00m\]\$ PYTHONPATH=/home/valtec/aether/aether_ws/build/aether_gcs_ui/prefix_override:/usr/lib/python3/dist-packages/colcon_core/task/python/colcon_distutils_commands:/home/valtec/aether/aether_ws/install/aether_gcs_ui/lib/python3.10/site-packages:${PYTHONPATH} /usr/bin/python3 -W ignore:setup.py install is deprecated -W ignore:easy_install command is deprecated setup.py egg_info --egg-base ../../build/aether_gcs_ui build --build-base /home/valtec/aether/aether_ws/build/aether_gcs_ui/build install --record /home/valtec/aether/aether_ws/build/aether_gcs_ui/install.log --single-version-externally-managed install_data
[0.745s] DEBUG:colcon.colcon_core.event_handler.log_command:Invoking command in '/home/valtec/aether/aether_ws/src/aether_gcs_backend': PS1=\[\e]0;\u@\h: \w\a\]${debian_chroot:+($debian_chroot)}\[\033[01;32m\]\u@\h\[\033[00m\]:\[\033[01;34m\]\w\[\033[00m\]\$ PYTHONPATH=/home/valtec/aether/aether_ws/build/aether_gcs_backend/prefix_override:/usr/lib/python3/dist-packages/colcon_core/task/python/colcon_distutils_commands:/home/valtec/aether/aether_ws/install/aether_gcs_backend/lib/python3.10/site-packages:${PYTHONPATH} /usr/bin/python3 -W ignore:setup.py install is deprecated -W ignore:easy_install command is deprecated setup.py egg_info --egg-base ../../build/aether_gcs_backend build --build-base /home/valtec/aether/aether_ws/build/aether_gcs_backend/build install --record /home/valtec/aether/aether_ws/build/aether_gcs_backend/install.log --single-version-externally-managed install_data
[0.773s] DEBUG:colcon.colcon_core.event_handler.log_command:Invoked command in '/home/valtec/aether/aether_ws/build/aether_interfaces' returned '0': PS1=\[\e]0;\u@\h: \w\a\]${debian_chroot:+($debian_chroot)}\[\033[01;32m\]\u@\h\[\033[00m\]:\[\033[01;34m\]\w\[\033[00m\]\$ /usr/bin/cmake --build /home/valtec/aether/aether_ws/build/aether_interfaces -- -j20 -l20
[0.782s] DEBUG:colcon.colcon_core.event_handler.log_command:Invoking command in '/home/valtec/aether/aether_ws/build/aether_interfaces': PS1=\[\e]0;\u@\h: \w\a\]${debian_chroot:+($debian_chroot)}\[\033[01;32m\]\u@\h\[\033[00m\]:\[\033[01;34m\]\w\[\033[00m\]\$ /usr/bin/cmake --install /home/valtec/aether/aether_ws/build/aether_interfaces
[0.828s] DEBUG:colcon.colcon_core.event_handler.log_command:Invoked command in '/home/valtec/aether/aether_ws/build/aether_interfaces' returned '0': PS1=\[\e]0;\u@\h: \w\a\]${debian_chroot:+($debian_chroot)}\[\033[01;32m\]\u@\h\[\033[00m\]:\[\033[01;34m\]\w\[\033[00m\]\$ /usr/bin/cmake --install /home/valtec/aether/aether_ws/build/aether_interfaces
[0.828s] Level 1:colcon.colcon_core.shell:create_environment_hook('aether_interfaces', 'ros_package_path')
[0.828s] INFO:colcon.colcon_core.shell:Creating environment hook '/home/valtec/aether/aether_ws/install/aether_interfaces/share/aether_interfaces/hook/ros_package_path.ps1'
[0.829s] INFO:colcon.colcon_core.shell:Creating environment descriptor '/home/valtec/aether/aether_ws/install/aether_interfaces/share/aether_interfaces/hook/ros_package_path.dsv'
[0.829s] INFO:colcon.colcon_core.shell:Creating environment hook '/home/valtec/aether/aether_ws/install/aether_interfaces/share/aether_interfaces/hook/ros_package_path.sh'
[0.830s] Level 1:colcon.colcon_ros.task.catkin:checking '/home/valtec/aether/aether_ws/install/aether_interfaces/local/lib/python3.10/dist-packages'
[0.830s] Level 1:colcon.colcon_core.shell:create_environment_hook('aether_interfaces', 'catkin_pythonpath')
[0.830s] INFO:colcon.colcon_core.shell:Creating environment hook '/home/valtec/aether/aether_ws/install/aether_interfaces/share/aether_interfaces/hook/catkin_pythonpath.ps1'
[0.831s] INFO:colcon.colcon_core.shell:Creating environment descriptor '/home/valtec/aether/aether_ws/install/aether_interfaces/share/aether_interfaces/hook/catkin_pythonpath.dsv'
[0.831s] INFO:colcon.colcon_core.shell:Creating environment hook '/home/valtec/aether/aether_ws/install/aether_interfaces/share/aether_interfaces/hook/catkin_pythonpath.sh'
[0.831s] Level 1:colcon.colcon_core.shell:create_environment_hook('aether_interfaces', 'pkg_config_path')
[0.832s] INFO:colcon.colcon_core.shell:Creating environment hook '/home/valtec/aether/aether_ws/install/aether_interfaces/share/aether_interfaces/hook/pkg_config_path.ps1'
[0.832s] INFO:colcon.colcon_core.shell:Creating environment descriptor '/home/valtec/aether/aether_ws/install/aether_interfaces/share/aether_interfaces/hook/pkg_config_path.dsv'
[0.832s] INFO:colcon.colcon_core.shell:Creating environment hook '/home/valtec/aether/aether_ws/install/aether_interfaces/share/aether_interfaces/hook/pkg_config_path.sh'
[0.834s] Level 1:colcon.colcon_core.shell:create_environment_hook('aether_interfaces', 'pkg_config_path_multiarch')
[0.834s] INFO:colcon.colcon_core.shell:Creating environment hook '/home/valtec/aether/aether_ws/install/aether_interfaces/share/aether_interfaces/hook/pkg_config_path_multiarch.ps1'
[0.835s] INFO:colcon.colcon_core.shell:Creating environment descriptor '/home/valtec/aether/aether_ws/install/aether_interfaces/share/aether_interfaces/hook/pkg_config_path_multiarch.dsv'
[0.835s] INFO:colcon.colcon_core.shell:Creating environment hook '/home/valtec/aether/aether_ws/install/aether_interfaces/share/aether_interfaces/hook/pkg_config_path_multiarch.sh'
[0.836s] Level 1:colcon.colcon_core.environment:create_environment_scripts_only(aether_interfaces)
[0.838s] Level 1:colcon.colcon_core.environment:checking '/home/valtec/aether/aether_ws/install/aether_interfaces' for CMake module files
[0.839s] Level 1:colcon.colcon_core.environment:checking '/home/valtec/aether/aether_ws/install/aether_interfaces' for CMake config files
[0.839s] Level 1:colcon.colcon_core.shell:create_environment_hook('aether_interfaces', 'cmake_prefix_path')
[0.839s] INFO:colcon.colcon_core.shell:Creating environment hook '/home/valtec/aether/aether_ws/install/aether_interfaces/share/aether_interfaces/hook/cmake_prefix_path.ps1'
[0.840s] INFO:colcon.colcon_core.shell:Creating environment descriptor '/home/valtec/aether/aether_ws/install/aether_interfaces/share/aether_interfaces/hook/cmake_prefix_path.dsv'
[0.840s] INFO:colcon.colcon_core.shell:Creating environment hook '/home/valtec/aether/aether_ws/install/aether_interfaces/share/aether_interfaces/hook/cmake_prefix_path.sh'
[0.840s] Level 1:colcon.colcon_core.environment:checking '/home/valtec/aether/aether_ws/install/aether_interfaces/lib'
[0.841s] Level 1:colcon.colcon_core.shell:create_environment_hook('aether_interfaces', 'ld_library_path_lib')
[0.841s] INFO:colcon.colcon_core.shell:Creating environment hook '/home/valtec/aether/aether_ws/install/aether_interfaces/share/aether_interfaces/hook/ld_library_path_lib.ps1'
[0.841s] INFO:colcon.colcon_core.shell:Creating environment descriptor '/home/valtec/aether/aether_ws/install/aether_interfaces/share/aether_interfaces/hook/ld_library_path_lib.dsv'
[0.842s] INFO:colcon.colcon_core.shell:Creating environment hook '/home/valtec/aether/aether_ws/install/aether_interfaces/share/aether_interfaces/hook/ld_library_path_lib.sh'
[0.842s] Level 1:colcon.colcon_core.environment:checking '/home/valtec/aether/aether_ws/install/aether_interfaces/bin'
[0.842s] Level 1:colcon.colcon_core.environment:checking '/home/valtec/aether/aether_ws/install/aether_interfaces/lib/pkgconfig/aether_interfaces.pc'
[0.842s] Level 1:colcon.colcon_core.environment:checking '/home/valtec/aether/aether_ws/install/aether_interfaces/lib/python3.10/site-packages'
[0.842s] Level 1:colcon.colcon_core.environment:checking '/home/valtec/aether/aether_ws/install/aether_interfaces/bin'
[0.843s] INFO:colcon.colcon_core.shell:Creating package script '/home/valtec/aether/aether_ws/install/aether_interfaces/share/aether_interfaces/package.ps1'
[0.843s] INFO:colcon.colcon_core.shell:Creating package descriptor '/home/valtec/aether/aether_ws/install/aether_interfaces/share/aether_interfaces/package.dsv'
[0.844s] INFO:colcon.colcon_core.shell:Creating package script '/home/valtec/aether/aether_ws/install/aether_interfaces/share/aether_interfaces/package.sh'
[0.844s] INFO:colcon.colcon_core.shell:Creating package script '/home/valtec/aether/aether_ws/install/aether_interfaces/share/aether_interfaces/package.bash'
[0.845s] INFO:colcon.colcon_core.shell:Creating package script '/home/valtec/aether/aether_ws/install/aether_interfaces/share/aether_interfaces/package.zsh'
[0.845s] Level 1:colcon.colcon_core.environment:create_file_with_runtime_dependencies(/home/valtec/aether/aether_ws/install/aether_interfaces/share/colcon-core/packages/aether_interfaces)
[0.885s] Level 1:colcon.colcon_core.environment:checking '/home/valtec/aether/aether_ws/install/aether_gcs_ui' for CMake module files
[0.885s] DEBUG:colcon.colcon_core.event_handler.log_command:Invoked command in '/home/valtec/aether/aether_ws/src/aether_gcs_ui' returned '0': PS1=\[\e]0;\u@\h: \w\a\]${debian_chroot:+($debian_chroot)}\[\033[01;32m\]\u@\h\[\033[00m\]:\[\033[01;34m\]\w\[\033[00m\]\$ PYTHONPATH=/home/valtec/aether/aether_ws/build/aether_gcs_ui/prefix_override:/usr/lib/python3/dist-packages/colcon_core/task/python/colcon_distutils_commands:/home/valtec/aether/aether_ws/install/aether_gcs_ui/lib/python3.10/site-packages:${PYTHONPATH} /usr/bin/python3 -W ignore:setup.py install is deprecated -W ignore:easy_install command is deprecated setup.py egg_info --egg-base ../../build/aether_gcs_ui build --build-base /home/valtec/aether/aether_ws/build/aether_gcs_ui/build install --record /home/valtec/aether/aether_ws/build/aether_gcs_ui/install.log --single-version-externally-managed install_data
[0.885s] Level 1:colcon.colcon_core.environment:checking '/home/valtec/aether/aether_ws/install/aether_gcs_ui' for CMake config files
[0.886s] Level 1:colcon.colcon_core.environment:checking '/home/valtec/aether/aether_ws/install/aether_gcs_ui/lib'
[0.886s] Level 1:colcon.colcon_core.environment:checking '/home/valtec/aether/aether_ws/install/aether_gcs_ui/bin'
[0.886s] Level 1:colcon.colcon_core.environment:checking '/home/valtec/aether/aether_ws/install/aether_gcs_ui/lib/pkgconfig/aether_gcs_ui.pc'
[0.886s] Level 1:colcon.colcon_core.environment:checking '/home/valtec/aether/aether_ws/install/aether_gcs_ui/lib/python3.10/site-packages'
[0.886s] Level 1:colcon.colcon_core.shell:create_environment_hook('aether_gcs_ui', 'pythonpath')
[0.886s] INFO:colcon.colcon_core.shell:Creating environment hook '/home/valtec/aether/aether_ws/install/aether_gcs_ui/share/aether_gcs_ui/hook/pythonpath.ps1'
[0.886s] INFO:colcon.colcon_core.shell:Creating environment descriptor '/home/valtec/aether/aether_ws/install/aether_gcs_ui/share/aether_gcs_ui/hook/pythonpath.dsv'
[0.887s] INFO:colcon.colcon_core.shell:Creating environment hook '/home/valtec/aether/aether_ws/install/aether_gcs_ui/share/aether_gcs_ui/hook/pythonpath.sh'
[0.887s] Level 1:colcon.colcon_core.environment:checking '/home/valtec/aether/aether_ws/install/aether_gcs_ui/bin'
[0.887s] Level 1:colcon.colcon_core.environment:create_environment_scripts_only(aether_gcs_ui)
[0.887s] INFO:colcon.colcon_core.shell:Creating package script '/home/valtec/aether/aether_ws/install/aether_gcs_ui/share/aether_gcs_ui/package.ps1'
[0.888s] INFO:colcon.colcon_core.shell:Creating package descriptor '/home/valtec/aether/aether_ws/install/aether_gcs_ui/share/aether_gcs_ui/package.dsv'
[0.888s] INFO:colcon.colcon_core.shell:Creating package script '/home/valtec/aether/aether_ws/install/aether_gcs_ui/share/aether_gcs_ui/package.sh'
[0.888s] INFO:colcon.colcon_core.shell:Creating package script '/home/valtec/aether/aether_ws/install/aether_gcs_ui/share/aether_gcs_ui/package.bash'
[0.888s] INFO:colcon.colcon_core.shell:Creating package script '/home/valtec/aether/aether_ws/install/aether_gcs_ui/share/aether_gcs_ui/package.zsh'
[0.888s] Level 1:colcon.colcon_core.environment:create_file_with_runtime_dependencies(/home/valtec/aether/aether_ws/install/aether_gcs_ui/share/colcon-core/packages/aether_gcs_ui)
[0.940s] Level 1:colcon.colcon_core.environment:checking '/home/valtec/aether/aether_ws/install/aether_gcs_backend' for CMake module files
[0.941s] DEBUG:colcon.colcon_core.event_handler.log_command:Invoked command in '/home/valtec/aether/aether_ws/src/aether_gcs_backend' returned '0': PS1=\[\e]0;\u@\h: \w\a\]${debian_chroot:+($debian_chroot)}\[\033[01;32m\]\u@\h\[\033[00m\]:\[\033[01;34m\]\w\[\033[00m\]\$ PYTHONPATH=/home/valtec/aether/aether_ws/build/aether_gcs_backend/prefix_override:/usr/lib/python3/dist-packages/colcon_core/task/python/colcon_distutils_commands:/home/valtec/aether/aether_ws/install/aether_gcs_backend/lib/python3.10/site-packages:${PYTHONPATH} /usr/bin/python3 -W ignore:setup.py install is deprecated -W ignore:easy_install command is deprecated setup.py egg_info --egg-base ../../build/aether_gcs_backend build --build-base /home/valtec/aether/aether_ws/build/aether_gcs_backend/build install --record /home/valtec/aether/aether_ws/build/aether_gcs_backend/install.log --single-version-externally-managed install_data
[0.941s] Level 1:colcon.colcon_core.environment:checking '/home/valtec/aether/aether_ws/install/aether_gcs_backend' for CMake config files
[0.942s] Level 1:colcon.colcon_core.environment:checking '/home/valtec/aether/aether_ws/install/aether_gcs_backend/lib'
[0.942s] Level 1:colcon.colcon_core.environment:checking '/home/valtec/aether/aether_ws/install/aether_gcs_backend/bin'
[0.942s] Level 1:colcon.colcon_core.environment:checking '/home/valtec/aether/aether_ws/install/aether_gcs_backend/lib/pkgconfig/aether_gcs_backend.pc'
[0.942s] Level 1:colcon.colcon_core.environment:checking '/home/valtec/aether/aether_ws/install/aether_gcs_backend/lib/python3.10/site-packages'
[0.942s] Level 1:colcon.colcon_core.shell:create_environment_hook('aether_gcs_backend', 'pythonpath')
[0.942s] INFO:colcon.colcon_core.shell:Creating environment hook '/home/valtec/aether/aether_ws/install/aether_gcs_backend/share/aether_gcs_backend/hook/pythonpath.ps1'
[0.942s] INFO:colcon.colcon_core.shell:Creating environment descriptor '/home/valtec/aether/aether_ws/install/aether_gcs_backend/share/aether_gcs_backend/hook/pythonpath.dsv'
[0.943s] INFO:colcon.colcon_core.shell:Creating environment hook '/home/valtec/aether/aether_ws/install/aether_gcs_backend/share/aether_gcs_backend/hook/pythonpath.sh'
[0.943s] Level 1:colcon.colcon_core.environment:checking '/home/valtec/aether/aether_ws/install/aether_gcs_backend/bin'
[0.943s] Level 1:colcon.colcon_core.environment:create_environment_scripts_only(aether_gcs_backend)
[0.943s] INFO:colcon.colcon_core.shell:Creating package script '/home/valtec/aether/aether_ws/install/aether_gcs_backend/share/aether_gcs_backend/package.ps1'
[0.944s] INFO:colcon.colcon_core.shell:Creating package descriptor '/home/valtec/aether/aether_ws/install/aether_gcs_backend/share/aether_gcs_backend/package.dsv'
[0.944s] INFO:colcon.colcon_core.shell:Creating package script '/home/valtec/aether/aether_ws/install/aether_gcs_backend/share/aether_gcs_backend/package.sh'
[0.944s] INFO:colcon.colcon_core.shell:Creating package script '/home/valtec/aether/aether_ws/install/aether_gcs_backend/share/aether_gcs_backend/package.bash'
[0.944s] INFO:colcon.colcon_core.shell:Creating package script '/home/valtec/aether/aether_ws/install/aether_gcs_backend/share/aether_gcs_backend/package.zsh'
[0.945s] Level 1:colcon.colcon_core.environment:create_file_with_runtime_dependencies(/home/valtec/aether/aether_ws/install/aether_gcs_backend/share/colcon-core/packages/aether_gcs_backend)
[7.851s] DEBUG:colcon.colcon_core.event_handler.log_command:Invoked command in '/home/valtec/aether/aether_ws/build/valtec_onboard_intelligence' returned '0': CMAKE_PREFIX_PATH=${CMAKE_PREFIX_PATH}:/home/valtec/aether/aether-gcs/aether_ws/install/aether_gcs_ui:/home/valtec/aether/aether-gcs/aether_ws/install/aether_gcs_backend:/opt/ros/humble PS1=\[\e]0;\u@\h: \w\a\]${debian_chroot:+($debian_chroot)}\[\033[01;32m\]\u@\h\[\033[00m\]:\[\033[01;34m\]\w\[\033[00m\]\$ /usr/bin/cmake --build /home/valtec/aether/aether_ws/build/valtec_onboard_intelligence -- -j20 -l20
[7.852s] DEBUG:colcon.colcon_core.event_handler.log_command:Invoking command in '/home/valtec/aether/aether_ws/build/valtec_onboard_intelligence': CMAKE_PREFIX_PATH=${CMAKE_PREFIX_PATH}:/home/valtec/aether/aether-gcs/aether_ws/install/aether_gcs_ui:/home/valtec/aether/aether-gcs/aether_ws/install/aether_gcs_backend:/opt/ros/humble PS1=\[\e]0;\u@\h: \w\a\]${debian_chroot:+($debian_chroot)}\[\033[01;32m\]\u@\h\[\033[00m\]:\[\033[01;34m\]\w\[\033[00m\]\$ /usr/bin/cmake --install /home/valtec/aether/aether_ws/build/valtec_onboard_intelligence
[7.866s] Level 1:colcon.colcon_core.environment:create_environment_scripts_only(valtec_onboard_intelligence)
[7.867s] Level 1:colcon.colcon_core.environment:checking '/home/valtec/aether/aether_ws/install/valtec_onboard_intelligence' for CMake module files
[7.867s] DEBUG:colcon.colcon_core.event_handler.log_command:Invoked command in '/home/valtec/aether/aether_ws/build/valtec_onboard_intelligence' returned '0': CMAKE_PREFIX_PATH=${CMAKE_PREFIX_PATH}:/home/valtec/aether/aether-gcs/aether_ws/install/aether_gcs_ui:/home/valtec/aether/aether-gcs/aether_ws/install/aether_gcs_backend:/opt/ros/humble PS1=\[\e]0;\u@\h: \w\a\]${debian_chroot:+($debian_chroot)}\[\033[01;32m\]\u@\h\[\033[00m\]:\[\033[01;34m\]\w\[\033[00m\]\$ /usr/bin/cmake --install /home/valtec/aether/aether_ws/build/valtec_onboard_intelligence
[7.868s] Level 1:colcon.colcon_core.environment:checking '/home/valtec/aether/aether_ws/install/valtec_onboard_intelligence' for CMake config files
[7.868s] Level 1:colcon.colcon_core.shell:create_environment_hook('valtec_onboard_intelligence', 'cmake_prefix_path')
[7.868s] INFO:colcon.colcon_core.shell:Creating environment hook '/home/valtec/aether/aether_ws/install/valtec_onboard_intelligence/share/valtec_onboard_intelligence/hook/cmake_prefix_path.ps1'
[7.868s] INFO:colcon.colcon_core.shell:Creating environment descriptor '/home/valtec/aether/aether_ws/install/valtec_onboard_intelligence/share/valtec_onboard_intelligence/hook/cmake_prefix_path.dsv'
[7.868s] INFO:colcon.colcon_core.shell:Creating environment hook '/home/valtec/aether/aether_ws/install/valtec_onboard_intelligence/share/valtec_onboard_intelligence/hook/cmake_prefix_path.sh'
[7.869s] Level 1:colcon.colcon_core.environment:checking '/home/valtec/aether/aether_ws/install/valtec_onboard_intelligence/lib'
[7.869s] Level 1:colcon.colcon_core.environment:checking '/home/valtec/aether/aether_ws/install/valtec_onboard_intelligence/bin'
[7.869s] Level 1:colcon.colcon_core.environment:checking '/home/valtec/aether/aether_ws/install/valtec_onboard_intelligence/lib/pkgconfig/valtec_onboard_intelligence.pc'
[7.869s] Level 1:colcon.colcon_core.environment:checking '/home/valtec/aether/aether_ws/install/valtec_onboard_intelligence/lib/python3.10/site-packages'
[7.869s] Level 1:colcon.colcon_core.environment:checking '/home/valtec/aether/aether_ws/install/valtec_onboard_intelligence/bin'
[7.869s] INFO:colcon.colcon_core.shell:Creating package script '/home/valtec/aether/aether_ws/install/valtec_onboard_intelligence/share/valtec_onboard_intelligence/package.ps1'
[7.870s] INFO:colcon.colcon_core.shell:Creating package descriptor '/home/valtec/aether/aether_ws/install/valtec_onboard_intelligence/share/valtec_onboard_intelligence/package.dsv'
[7.870s] INFO:colcon.colcon_core.shell:Creating package script '/home/valtec/aether/aether_ws/install/valtec_onboard_intelligence/share/valtec_onboard_intelligence/package.sh'
[7.870s] INFO:colcon.colcon_core.shell:Creating package script '/home/valtec/aether/aether_ws/install/valtec_onboard_intelligence/share/valtec_onboard_intelligence/package.bash'
[7.870s] INFO:colcon.colcon_core.shell:Creating package script '/home/valtec/aether/aether_ws/install/valtec_onboard_intelligence/share/valtec_onboard_intelligence/package.zsh'
[7.870s] Level 1:colcon.colcon_core.environment:create_file_with_runtime_dependencies(/home/valtec/aether/aether_ws/install/valtec_onboard_intelligence/share/colcon-core/packages/valtec_onboard_intelligence)
[7.871s] Level 1:colcon.colcon_core.environment:create_environment_scripts_only(valtec_onboard_intelligence)
[7.871s] Level 1:colcon.colcon_core.environment:checking '/home/valtec/aether/aether_ws/install/valtec_onboard_intelligence' for CMake module files
[7.871s] Level 1:colcon.colcon_core.environment:checking '/home/valtec/aether/aether_ws/install/valtec_onboard_intelligence' for CMake config files
[7.871s] Level 1:colcon.colcon_core.shell:create_environment_hook('valtec_onboard_intelligence', 'cmake_prefix_path')
[7.871s] INFO:colcon.colcon_core.shell:Creating environment hook '/home/valtec/aether/aether_ws/install/valtec_onboard_intelligence/share/valtec_onboard_intelligence/hook/cmake_prefix_path.ps1'
[7.871s] INFO:colcon.colcon_core.shell:Creating environment descriptor '/home/valtec/aether/aether_ws/install/valtec_onboard_intelligence/share/valtec_onboard_intelligence/hook/cmake_prefix_path.dsv'
[7.872s] INFO:colcon.colcon_core.shell:Creating environment hook '/home/valtec/aether/aether_ws/install/valtec_onboard_intelligence/share/valtec_onboard_intelligence/hook/cmake_prefix_path.sh'
[7.872s] Level 1:colcon.colcon_core.environment:checking '/home/valtec/aether/aether_ws/install/valtec_onboard_intelligence/lib'
[7.872s] Level 1:colcon.colcon_core.environment:checking '/home/valtec/aether/aether_ws/install/valtec_onboard_intelligence/bin'
[7.872s] Level 1:colcon.colcon_core.environment:checking '/home/valtec/aether/aether_ws/install/valtec_onboard_intelligence/lib/pkgconfig/valtec_onboard_intelligence.pc'
[7.872s] Level 1:colcon.colcon_core.environment:checking '/home/valtec/aether/aether_ws/install/valtec_onboard_intelligence/lib/python3.10/site-packages'
[7.872s] Level 1:colcon.colcon_core.environment:checking '/home/valtec/aether/aether_ws/install/valtec_onboard_intelligence/bin'
[7.872s] INFO:colcon.colcon_core.shell:Creating package script '/home/valtec/aether/aether_ws/install/valtec_onboard_intelligence/share/valtec_onboard_intelligence/package.ps1'
[7.873s] INFO:colcon.colcon_core.shell:Creating package descriptor '/home/valtec/aether/aether_ws/install/valtec_onboard_intelligence/share/valtec_onboard_intelligence/package.dsv'
[7.873s] INFO:colcon.colcon_core.shell:Creating package script '/home/valtec/aether/aether_ws/install/valtec_onboard_intelligence/share/valtec_onboard_intelligence/package.sh'
[7.873s] INFO:colcon.colcon_core.shell:Creating package script '/home/valtec/aether/aether_ws/install/valtec_onboard_intelligence/share/valtec_onboard_intelligence/package.bash'
[7.873s] INFO:colcon.colcon_core.shell:Creating package script '/home/valtec/aether/aether_ws/install/valtec_onboard_intelligence/share/valtec_onboard_intelligence/package.zsh'
[7.873s] Level 1:colcon.colcon_core.environment:create_file_with_runtime_dependencies(/home/valtec/aether/aether_ws/install/valtec_onboard_intelligence/share/colcon-core/packages/valtec_onboard_intelligence)
[7.874s] DEBUG:colcon.colcon_parallel_executor.executor.parallel:closing loop
[7.874s] DEBUG:colcon.colcon_parallel_executor.executor.parallel:loop closed
[7.874s] DEBUG:colcon.colcon_parallel_executor.executor.parallel:run_until_complete finished with '0'
[7.874s] DEBUG:colcon.colcon_core.event_reactor:joining thread
[7.878s] INFO:colcon.colcon_core.plugin_system:Skipping extension 'colcon_notification.desktop_notification.terminal_notifier': Not used on non-Darwin systems
[7.878s] INFO:colcon.colcon_core.plugin_system:Skipping extension 'colcon_notification.desktop_notification.win32': Not used on non-Windows systems
[7.878s] INFO:colcon.colcon_notification.desktop_notification:Sending desktop notification using 'notify2'
[7.888s] DEBUG:colcon.colcon_core.event_reactor:joined thread
[7.888s] INFO:colcon.colcon_core.shell:Creating prefix script '/home/valtec/aether/aether_ws/install/local_setup.ps1'
[7.889s] INFO:colcon.colcon_core.shell:Creating prefix util module '/home/valtec/aether/aether_ws/install/_local_setup_util_ps1.py'
[7.890s] INFO:colcon.colcon_core.shell:Creating prefix chain script '/home/valtec/aether/aether_ws/install/setup.ps1'
[7.891s] INFO:colcon.colcon_core.shell:Creating prefix script '/home/valtec/aether/aether_ws/install/local_setup.sh'
[7.892s] INFO:colcon.colcon_core.shell:Creating prefix util module '/home/valtec/aether/aether_ws/install/_local_setup_util_sh.py'
[7.893s] INFO:colcon.colcon_core.shell:Creating prefix chain script '/home/valtec/aether/aether_ws/install/setup.sh'
[7.894s] INFO:colcon.colcon_core.shell:Creating prefix script '/home/valtec/aether/aether_ws/install/local_setup.bash'
[7.894s] INFO:colcon.colcon_core.shell:Creating prefix chain script '/home/valtec/aether/aether_ws/install/setup.bash'
[7.895s] INFO:colcon.colcon_core.shell:Creating prefix script '/home/valtec/aether/aether_ws/install/local_setup.zsh'
[7.896s] INFO:colcon.colcon_core.shell:Creating prefix chain script '/home/valtec/aether/aether_ws/install/setup.zsh'
