[35m[1mConsolidate compiler generated dependencies of target aether_interfaces__rosidl_generator_c[0m
[  1%] Built target aether_interfaces__cpp
[ 12%] Built target aether_interfaces__rosidl_generator_c
[ 12%] Built target ament_cmake_python_copy_aether_interfaces
[35m[1mConsolidate compiler generated dependencies of target aether_interfaces__rosidl_typesupport_introspection_cpp[0m
[35m[1mConsolidate compiler generated dependencies of target aether_interfaces__rosidl_typesupport_cpp[0m
[35m[1mConsolidate compiler generated dependencies of target aether_interfaces__rosidl_typesupport_c[0m
[35m[1mConsolidate compiler generated dependencies of target aether_interfaces__rosidl_typesupport_introspection_c[0m
[35m[1mConsolidate compiler generated dependencies of target aether_interfaces__rosidl_typesupport_fastrtps_cpp[0m
[35m[1mConsolidate compiler generated dependencies of target aether_interfaces__rosidl_typesupport_fastrtps_c[0m
[ 23%] Built target aether_interfaces__rosidl_typesupport_c
[ 45%] Built target aether_interfaces__rosidl_typesupport_introspection_cpp
[ 46%] Built target aether_interfaces__rosidl_typesupport_cpp
[ 57%] Built target aether_interfaces__rosidl_typesupport_introspection_c
[ 69%] Built target aether_interfaces__rosidl_typesupport_fastrtps_c
[ 80%] Built target aether_interfaces__rosidl_typesupport_fastrtps_cpp
[ 80%] Built target aether_interfaces
[ 81%] Built target aether_interfaces__py
[35m[1mConsolidate compiler generated dependencies of target aether_interfaces__rosidl_generator_py[0m
[ 91%] Built target aether_interfaces__rosidl_generator_py
[35m[1mConsolidate compiler generated dependencies of target aether_interfaces__rosidl_typesupport_fastrtps_c__pyext[0m
[35m[1mConsolidate compiler generated dependencies of target aether_interfaces__rosidl_typesupport_introspection_c__pyext[0m
[35m[1mConsolidate compiler generated dependencies of target aether_interfaces__rosidl_typesupport_c__pyext[0m
[ 94%] Built target aether_interfaces__rosidl_typesupport_fastrtps_c__pyext
[100%] Built target aether_interfaces__rosidl_typesupport_introspection_c__pyext
[100%] Built target aether_interfaces__rosidl_typesupport_c__pyext
running egg_info
writing aether_interfaces.egg-info/PKG-INFO
writing dependency_links to aether_interfaces.egg-info/dependency_links.txt
writing top-level names to aether_interfaces.egg-info/top_level.txt
reading manifest file 'aether_interfaces.egg-info/SOURCES.txt'
writing manifest file 'aether_interfaces.egg-info/SOURCES.txt'
[100%] Built target ament_cmake_python_build_aether_interfaces_egg
