[0.007s] Invoking command in '/home/valtec/aether/aether_ws/build/aether_interfaces': VIRTUAL_ENV_PROMPT=(.venv) /usr/bin/cmake --build /home/valtec/aether/aether_ws/build/aether_interfaces -- -j20 -l20
[0.039s] [35m[1mConsolidate compiler generated dependencies of target aether_interfaces__rosidl_generator_c[0m
[0.049s] [  1%] Built target aether_interfaces__cpp
[0.052s] [ 12%] Built target aether_interfaces__rosidl_generator_c
[0.059s] [ 12%] Built target ament_cmake_python_copy_aether_interfaces
[0.067s] [35m[1mConsolidate compiler generated dependencies of target aether_interfaces__rosidl_typesupport_introspection_cpp[0m
[0.068s] [35m[1mConsolidate compiler generated dependencies of target aether_interfaces__rosidl_typesupport_cpp[0m
[0.069s] [35m[1mConsolidate compiler generated dependencies of target aether_interfaces__rosidl_typesupport_c[0m
[0.072s] [35m[1mConsolidate compiler generated dependencies of target aether_interfaces__rosidl_typesupport_introspection_c[0m
[0.073s] [35m[1mConsolidate compiler generated dependencies of target aether_interfaces__rosidl_typesupport_fastrtps_cpp[0m
[0.076s] [35m[1mConsolidate compiler generated dependencies of target aether_interfaces__rosidl_typesupport_fastrtps_c[0m
[0.086s] [ 23%] Built target aether_interfaces__rosidl_typesupport_c
[0.091s] [ 45%] Built target aether_interfaces__rosidl_typesupport_introspection_cpp
[0.091s] [ 46%] Built target aether_interfaces__rosidl_typesupport_cpp
[0.095s] [ 57%] Built target aether_interfaces__rosidl_typesupport_introspection_c
[0.098s] [ 69%] Built target aether_interfaces__rosidl_typesupport_fastrtps_c
[0.099s] [ 80%] Built target aether_interfaces__rosidl_typesupport_fastrtps_cpp
[0.114s] [ 80%] Built target aether_interfaces
[0.133s] [ 81%] Built target aether_interfaces__py
[0.141s] [35m[1mConsolidate compiler generated dependencies of target aether_interfaces__rosidl_generator_py[0m
[0.153s] [ 91%] Built target aether_interfaces__rosidl_generator_py
[0.160s] [35m[1mConsolidate compiler generated dependencies of target aether_interfaces__rosidl_typesupport_fastrtps_c__pyext[0m
[0.162s] [35m[1mConsolidate compiler generated dependencies of target aether_interfaces__rosidl_typesupport_introspection_c__pyext[0m
[0.162s] [35m[1mConsolidate compiler generated dependencies of target aether_interfaces__rosidl_typesupport_c__pyext[0m
[0.168s] [ 94%] Built target aether_interfaces__rosidl_typesupport_fastrtps_c__pyext
[0.170s] [100%] Built target aether_interfaces__rosidl_typesupport_introspection_c__pyext
[0.170s] [100%] Built target aether_interfaces__rosidl_typesupport_c__pyext
[0.210s] running egg_info
[0.210s] writing aether_interfaces.egg-info/PKG-INFO
[0.210s] writing dependency_links to aether_interfaces.egg-info/dependency_links.txt
[0.210s] writing top-level names to aether_interfaces.egg-info/top_level.txt
[0.212s] reading manifest file 'aether_interfaces.egg-info/SOURCES.txt'
[0.213s] writing manifest file 'aether_interfaces.egg-info/SOURCES.txt'
[0.229s] [100%] Built target ament_cmake_python_build_aether_interfaces_egg
