/home/valtec/aether/aether_ws/install/aether_gcs_backend/lib/python3.10/site-packages/aether_gcs_backend/__init__.py
/home/valtec/aether/aether_ws/install/aether_gcs_backend/lib/python3.10/site-packages/aether_gcs_backend/mock_intruder_node.py
/home/valtec/aether/aether_ws/install/aether_gcs_backend/lib/python3.10/site-packages/aether_gcs_backend/mission_planner_node.py
/home/valtec/aether/aether_ws/install/aether_gcs_backend/lib/python3.10/site-packages/aether_gcs_backend/swarm_coordinator_node.py
/home/valtec/aether/aether_ws/install/aether_gcs_backend/lib/python3.10/site-packages/aether_gcs_backend/fleet_manager_node.py
/home/valtec/aether/aether_ws/install/aether_gcs_backend/lib/python3.10/site-packages/aether_gcs_backend/__pycache__/__init__.cpython-310.pyc
/home/valtec/aether/aether_ws/install/aether_gcs_backend/lib/python3.10/site-packages/aether_gcs_backend/__pycache__/mock_intruder_node.cpython-310.pyc
/home/valtec/aether/aether_ws/install/aether_gcs_backend/lib/python3.10/site-packages/aether_gcs_backend/__pycache__/mission_planner_node.cpython-310.pyc
/home/valtec/aether/aether_ws/install/aether_gcs_backend/lib/python3.10/site-packages/aether_gcs_backend/__pycache__/swarm_coordinator_node.cpython-310.pyc
/home/valtec/aether/aether_ws/install/aether_gcs_backend/lib/python3.10/site-packages/aether_gcs_backend/__pycache__/fleet_manager_node.cpython-310.pyc
/home/valtec/aether/aether_ws/install/aether_gcs_backend/share/ament_index/resource_index/packages/aether_gcs_backend
/home/valtec/aether/aether_ws/install/aether_gcs_backend/share/aether_gcs_backend/package.xml
/home/valtec/aether/aether_ws/install/aether_gcs_backend/share/aether_gcs_backend/launch/gcs_backend.launch.py
/home/valtec/aether/aether_ws/install/aether_gcs_backend/share/aether_gcs_backend/config/drone_profiles.yaml
/home/valtec/aether/aether_ws/install/aether_gcs_backend/lib/python3.10/site-packages/aether_gcs_backend-0.0.1-py3.10.egg-info/zip-safe
/home/valtec/aether/aether_ws/install/aether_gcs_backend/lib/python3.10/site-packages/aether_gcs_backend-0.0.1-py3.10.egg-info/SOURCES.txt
/home/valtec/aether/aether_ws/install/aether_gcs_backend/lib/python3.10/site-packages/aether_gcs_backend-0.0.1-py3.10.egg-info/entry_points.txt
/home/valtec/aether/aether_ws/install/aether_gcs_backend/lib/python3.10/site-packages/aether_gcs_backend-0.0.1-py3.10.egg-info/PKG-INFO
/home/valtec/aether/aether_ws/install/aether_gcs_backend/lib/python3.10/site-packages/aether_gcs_backend-0.0.1-py3.10.egg-info/dependency_links.txt
/home/valtec/aether/aether_ws/install/aether_gcs_backend/lib/python3.10/site-packages/aether_gcs_backend-0.0.1-py3.10.egg-info/top_level.txt
/home/valtec/aether/aether_ws/install/aether_gcs_backend/lib/python3.10/site-packages/aether_gcs_backend-0.0.1-py3.10.egg-info/requires.txt
/home/valtec/aether/aether_ws/install/aether_gcs_backend/lib/aether_gcs_backend/fleet_manager
/home/valtec/aether/aether_ws/install/aether_gcs_backend/lib/aether_gcs_backend/mock_intruder
/home/valtec/aether/aether_ws/install/aether_gcs_backend/lib/aether_gcs_backend/swarm_coordinator
