[0.237s] Invoking command in '/home/valtec/aether/aether_ws/build/aether_interfaces': /usr/bin/cmake /home/valtec/aether/aether_ws/src/aether_interfaces -DCATKIN_INSTALL_INTO_PREFIX_ROOT=0 -DCMAKE_INSTALL_PREFIX=/home/valtec/aether/aether_ws/install/aether_interfaces
[0.277s] -- The C compiler identification is GNU 11.4.0
[0.314s] -- The CXX compiler identification is GNU 11.4.0
[0.319s] -- Detecting C compiler ABI info
[0.369s] -- Detecting C compiler ABI info - done
[0.374s] -- Check for working C compiler: /usr/bin/cc - skipped
[0.374s] -- Detecting C compile features
[0.374s] -- Detecting C compile features - done
[0.376s] -- Detecting CXX compiler ABI info
[0.429s] -- Detecting CXX compiler ABI info - done
[0.434s] -- Check for working CXX compiler: /usr/bin/c++ - skipped
[0.434s] -- Detecting CXX compile features
[0.434s] -- Detecting CXX compile features - done
[0.435s] -- Found ament_cmake: 1.3.12 (/opt/ros/humble/share/ament_cmake/cmake)
[0.533s] -- Found Python3: /usr/bin/python3 (found version "3.10.12") found components: Interpreter 
[0.582s] -- Found rosidl_default_generators: 1.2.0 (/opt/ros/humble/share/rosidl_default_generators/cmake)
[0.583s] -- Using all available rosidl_typesupport_c: rosidl_typesupport_fastrtps_c;rosidl_typesupport_introspection_c
[0.586s] -- Found rosidl_adapter: 3.1.7 (/opt/ros/humble/share/rosidl_adapter/cmake)
[0.606s] -- Using all available rosidl_typesupport_cpp: rosidl_typesupport_fastrtps_cpp;rosidl_typesupport_introspection_cpp
[0.623s] -- Found std_msgs: 4.9.0 (/opt/ros/humble/share/std_msgs/cmake)
[0.811s] -- Found ament_cmake_ros: 0.10.0 (/opt/ros/humble/share/ament_cmake_ros/cmake)
[0.972s] -- Using all available rosidl_typesupport_c: rosidl_typesupport_fastrtps_c;rosidl_typesupport_introspection_c
[1.171s] -- Using all available rosidl_typesupport_cpp: rosidl_typesupport_fastrtps_cpp;rosidl_typesupport_introspection_cpp
[1.191s] -- Found PythonInterp: /usr/bin/python3 (found suitable version "3.10.12", minimum required is "3.6") 
[1.191s] -- Found python_cmake_module: 0.10.0 (/opt/ros/humble/share/python_cmake_module/cmake)
[1.209s] -- Found PythonLibs: /usr/lib/x86_64-linux-gnu/libpython3.10.so (found suitable version "3.10.12", minimum required is "3.5") 
[1.209s] -- Using PYTHON_EXECUTABLE: /usr/bin/python3
[1.209s] -- Using PYTHON_INCLUDE_DIRS: /usr/include/python3.10
[1.209s] -- Using PYTHON_LIBRARIES: /usr/lib/x86_64-linux-gnu/libpython3.10.so
[1.228s] -- Found PythonExtra: .so  
[1.259s] -- Found ament_lint_auto: 0.12.14 (/opt/ros/humble/share/ament_lint_auto/cmake)
[1.265s] -- Added test 'copyright' to check source files copyright and LICENSE
[1.265s] -- Added test 'xmllint' to check XML markup files
[1.266s] -- Configuring done
[1.287s] -- Generating done
[1.288s] [33mCMake Warning:
[1.288s]   Manually-specified variables were not used by the project:
[1.288s] 
[1.288s]     CATKIN_INSTALL_INTO_PREFIX_ROOT
[1.288s] 
[1.288s] [0m
[1.294s] -- Build files have been written to: /home/valtec/aether/aether_ws/build/aether_interfaces
[1.299s] Invoked command in '/home/valtec/aether/aether_ws/build/aether_interfaces' returned '0': /usr/bin/cmake /home/valtec/aether/aether_ws/src/aether_interfaces -DCATKIN_INSTALL_INTO_PREFIX_ROOT=0 -DCMAKE_INSTALL_PREFIX=/home/valtec/aether/aether_ws/install/aether_interfaces
[1.299s] Invoking command in '/home/valtec/aether/aether_ws/build/aether_interfaces': /usr/bin/cmake --build /home/valtec/aether/aether_ws/build/aether_interfaces -- -j20 -l20
[1.332s] [  2%] [34m[1mGenerating C code for ROS interfaces[0m
[1.340s] [  4%] [34m[1mGenerating C++ code for ROS interfaces[0m
[1.347s] [  4%] Built target ament_cmake_python_copy_aether_interfaces
[1.495s] running egg_info
[1.496s] creating aether_interfaces.egg-info
[1.496s] writing aether_interfaces.egg-info/PKG-INFO
[1.496s] writing dependency_links to aether_interfaces.egg-info/dependency_links.txt
[1.496s] writing top-level names to aether_interfaces.egg-info/top_level.txt
[1.496s] writing manifest file 'aether_interfaces.egg-info/SOURCES.txt'
[1.497s] reading manifest file 'aether_interfaces.egg-info/SOURCES.txt'
[1.497s] writing manifest file 'aether_interfaces.egg-info/SOURCES.txt'
[1.517s] [  4%] Built target ament_cmake_python_build_aether_interfaces_egg
[1.552s] [  4%] Built target aether_interfaces__cpp
[1.558s] [  6%] [34m[1mGenerating C++ type support dispatch for ROS interfaces[0m
[1.558s] [  8%] [34m[1mGenerating C++ type support for eProsima Fast-RTPS[0m
[1.560s] [ 10%] [34m[1mGenerating C++ introspection for ROS interfaces[0m
[1.565s] [ 12%] [32mBuilding C object CMakeFiles/aether_interfaces__rosidl_generator_c.dir/rosidl_generator_c/aether_interfaces/msg/detail/fleet_state__functions.c.o[0m
[1.566s] [ 14%] [32mBuilding C object CMakeFiles/aether_interfaces__rosidl_generator_c.dir/rosidl_generator_c/aether_interfaces/srv/detail/upload_mission__functions.c.o[0m
[1.567s] [ 17%] [32mBuilding C object CMakeFiles/aether_interfaces__rosidl_generator_c.dir/rosidl_generator_c/aether_interfaces/msg/detail/drone_state__functions.c.o[0m
[1.606s] [ 19%] [32m[1mLinking C shared library libaether_interfaces__rosidl_generator_c.so[0m
[1.631s] [ 19%] Built target aether_interfaces__rosidl_generator_c
[1.640s] [ 25%] [34m[1mGenerating C type support for eProsima Fast-RTPS[0m
[1.640s] [ 25%] [34m[1mGenerating C type support dispatch for ROS interfaces[0m
[1.640s] [ 25%] [34m[1mGenerating C introspection for ROS interfaces[0m
[1.734s] [ 27%] [32mBuilding CXX object CMakeFiles/aether_interfaces__rosidl_typesupport_cpp.dir/rosidl_typesupport_cpp/aether_interfaces/msg/drone_state__type_support.cpp.o[0m
[1.734s] [ 29%] [32mBuilding CXX object CMakeFiles/aether_interfaces__rosidl_typesupport_cpp.dir/rosidl_typesupport_cpp/aether_interfaces/msg/fleet_state__type_support.cpp.o[0m
[1.735s] [ 31%] [32mBuilding CXX object CMakeFiles/aether_interfaces__rosidl_typesupport_cpp.dir/rosidl_typesupport_cpp/aether_interfaces/srv/upload_mission__type_support.cpp.o[0m
[1.747s] [ 34%] [32mBuilding CXX object CMakeFiles/aether_interfaces__rosidl_typesupport_introspection_cpp.dir/rosidl_typesupport_introspection_cpp/aether_interfaces/msg/detail/fleet_state__type_support.cpp.o[0m
[1.748s] [ 38%] [32mBuilding CXX object CMakeFiles/aether_interfaces__rosidl_typesupport_introspection_cpp.dir/rosidl_typesupport_introspection_cpp/aether_interfaces/srv/detail/upload_mission__type_support.cpp.o[0m
[1.748s] [ 38%] [32mBuilding CXX object CMakeFiles/aether_interfaces__rosidl_typesupport_introspection_cpp.dir/rosidl_typesupport_introspection_cpp/aether_interfaces/msg/detail/drone_state__type_support.cpp.o[0m
[1.790s] [ 40%] [32mBuilding CXX object CMakeFiles/aether_interfaces__rosidl_typesupport_fastrtps_cpp.dir/rosidl_typesupport_fastrtps_cpp/aether_interfaces/msg/detail/dds_fastrtps/fleet_state__type_support.cpp.o[0m
[1.791s] [ 44%] [32mBuilding CXX object CMakeFiles/aether_interfaces__rosidl_typesupport_fastrtps_cpp.dir/rosidl_typesupport_fastrtps_cpp/aether_interfaces/srv/detail/dds_fastrtps/upload_mission__type_support.cpp.o[0m
[1.791s] [ 44%] [32mBuilding CXX object CMakeFiles/aether_interfaces__rosidl_typesupport_fastrtps_cpp.dir/rosidl_typesupport_fastrtps_cpp/aether_interfaces/msg/detail/dds_fastrtps/drone_state__type_support.cpp.o[0m
[1.831s] [ 48%] [32mBuilding C object CMakeFiles/aether_interfaces__rosidl_typesupport_introspection_c.dir/rosidl_typesupport_introspection_c/aether_interfaces/msg/detail/drone_state__type_support.c.o[0m
[1.831s] [ 48%] [32mBuilding C object CMakeFiles/aether_interfaces__rosidl_typesupport_introspection_c.dir/rosidl_typesupport_introspection_c/aether_interfaces/msg/detail/fleet_state__type_support.c.o[0m
[1.833s] [ 51%] [32mBuilding C object CMakeFiles/aether_interfaces__rosidl_typesupport_introspection_c.dir/rosidl_typesupport_introspection_c/aether_interfaces/srv/detail/upload_mission__type_support.c.o[0m
[1.857s] [ 53%] [32m[1mLinking C shared library libaether_interfaces__rosidl_typesupport_introspection_c.so[0m
[1.882s] [ 55%] [32mBuilding CXX object CMakeFiles/aether_interfaces__rosidl_typesupport_c.dir/rosidl_typesupport_c/aether_interfaces/srv/upload_mission__type_support.cpp.o[0m
[1.882s] [ 55%] Built target aether_interfaces__rosidl_typesupport_introspection_c
[1.882s] [ 57%] [32mBuilding CXX object CMakeFiles/aether_interfaces__rosidl_typesupport_c.dir/rosidl_typesupport_c/aether_interfaces/msg/fleet_state__type_support.cpp.o[0m
[1.882s] [ 59%] [32mBuilding CXX object CMakeFiles/aether_interfaces__rosidl_typesupport_c.dir/rosidl_typesupport_c/aether_interfaces/msg/drone_state__type_support.cpp.o[0m
[1.905s] [ 61%] [32m[1mLinking CXX shared library libaether_interfaces__rosidl_typesupport_c.so[0m
[1.929s] [ 63%] [32m[1mLinking CXX shared library libaether_interfaces__rosidl_typesupport_cpp.so[0m
[1.931s] [ 63%] Built target aether_interfaces__rosidl_typesupport_c
[1.956s] [ 63%] Built target aether_interfaces__rosidl_typesupport_cpp
[1.972s] [ 65%] [32mBuilding CXX object CMakeFiles/aether_interfaces__rosidl_typesupport_fastrtps_c.dir/rosidl_typesupport_fastrtps_c/aether_interfaces/srv/detail/upload_mission__type_support_c.cpp.o[0m
[1.972s] [ 70%] [32mBuilding CXX object CMakeFiles/aether_interfaces__rosidl_typesupport_fastrtps_c.dir/rosidl_typesupport_fastrtps_c/aether_interfaces/msg/detail/drone_state__type_support_c.cpp.o[0m
[1.972s] [ 70%] [32mBuilding CXX object CMakeFiles/aether_interfaces__rosidl_typesupport_fastrtps_c.dir/rosidl_typesupport_fastrtps_c/aether_interfaces/msg/detail/fleet_state__type_support_c.cpp.o[0m
[2.043s] [ 72%] [32m[1mLinking CXX shared library libaether_interfaces__rosidl_typesupport_introspection_cpp.so[0m
[2.092s] [ 72%] Built target aether_interfaces__rosidl_typesupport_introspection_cpp
[2.153s] [ 74%] [32m[1mLinking CXX shared library libaether_interfaces__rosidl_typesupport_fastrtps_cpp.so[0m
[2.174s] [ 76%] [32m[1mLinking CXX shared library libaether_interfaces__rosidl_typesupport_fastrtps_c.so[0m
[2.200s] [ 76%] Built target aether_interfaces__rosidl_typesupport_fastrtps_cpp
[2.226s] [ 76%] Built target aether_interfaces__rosidl_typesupport_fastrtps_c
[2.242s] [ 76%] Built target aether_interfaces
[2.256s] [ 78%] [34m[1mGenerating Python code for ROS interfaces[0m
[2.539s] [ 78%] Built target aether_interfaces__py
[2.552s] [ 80%] [32mBuilding C object CMakeFiles/aether_interfaces__rosidl_generator_py.dir/rosidl_generator_py/aether_interfaces/srv/_upload_mission_s.c.o[0m
[2.552s] [ 82%] [32mBuilding C object CMakeFiles/aether_interfaces__rosidl_generator_py.dir/rosidl_generator_py/aether_interfaces/msg/_fleet_state_s.c.o[0m
[2.552s] [ 85%] [32mBuilding C object CMakeFiles/aether_interfaces__rosidl_generator_py.dir/rosidl_generator_py/aether_interfaces/msg/_drone_state_s.c.o[0m
[2.614s] [ 87%] [32m[1mLinking C shared library rosidl_generator_py/aether_interfaces/libaether_interfaces__rosidl_generator_py.so[0m
[2.643s] [ 87%] Built target aether_interfaces__rosidl_generator_py
[2.656s] [ 89%] [32mBuilding C object CMakeFiles/aether_interfaces__rosidl_typesupport_fastrtps_c__pyext.dir/rosidl_generator_py/aether_interfaces/_aether_interfaces_s.ep.rosidl_typesupport_fastrtps_c.c.o[0m
[2.659s] [ 91%] [32mBuilding C object CMakeFiles/aether_interfaces__rosidl_typesupport_c__pyext.dir/rosidl_generator_py/aether_interfaces/_aether_interfaces_s.ep.rosidl_typesupport_c.c.o[0m
[2.660s] [ 93%] [32mBuilding C object CMakeFiles/aether_interfaces__rosidl_typesupport_introspection_c__pyext.dir/rosidl_generator_py/aether_interfaces/_aether_interfaces_s.ep.rosidl_typesupport_introspection_c.c.o[0m
[2.720s] [ 97%] [32m[1mLinking C shared library rosidl_generator_py/aether_interfaces/aether_interfaces_s__rosidl_typesupport_introspection_c.cpython-310-x86_64-linux-gnu.so[0m
[2.720s] [ 97%] [32m[1mLinking C shared library rosidl_generator_py/aether_interfaces/aether_interfaces_s__rosidl_typesupport_c.cpython-310-x86_64-linux-gnu.so[0m
[2.727s] [100%] [32m[1mLinking C shared library rosidl_generator_py/aether_interfaces/aether_interfaces_s__rosidl_typesupport_fastrtps_c.cpython-310-x86_64-linux-gnu.so[0m
[2.745s] [100%] Built target aether_interfaces__rosidl_typesupport_c__pyext
[2.746s] [100%] Built target aether_interfaces__rosidl_typesupport_introspection_c__pyext
[2.758s] [100%] Built target aether_interfaces__rosidl_typesupport_fastrtps_c__pyext
[2.767s] Invoked command in '/home/valtec/aether/aether_ws/build/aether_interfaces' returned '0': /usr/bin/cmake --build /home/valtec/aether/aether_ws/build/aether_interfaces -- -j20 -l20
[2.774s] Invoking command in '/home/valtec/aether/aether_ws/build/aether_interfaces': /usr/bin/cmake --install /home/valtec/aether/aether_ws/build/aether_interfaces
[2.781s] -- Install configuration: ""
[2.781s] -- Installing: /home/valtec/aether/aether_ws/install/aether_interfaces/share/ament_index/resource_index/rosidl_interfaces/aether_interfaces
[2.781s] -- Installing: /home/valtec/aether/aether_ws/install/aether_interfaces/include/aether_interfaces/aether_interfaces
[2.781s] -- Installing: /home/valtec/aether/aether_ws/install/aether_interfaces/include/aether_interfaces/aether_interfaces/srv
[2.781s] -- Installing: /home/valtec/aether/aether_ws/install/aether_interfaces/include/aether_interfaces/aether_interfaces/srv/upload_mission.h
[2.782s] -- Installing: /home/valtec/aether/aether_ws/install/aether_interfaces/include/aether_interfaces/aether_interfaces/srv/detail
[2.782s] -- Installing: /home/valtec/aether/aether_ws/install/aether_interfaces/include/aether_interfaces/aether_interfaces/srv/detail/upload_mission__struct.h
[2.782s] -- Installing: /home/valtec/aether/aether_ws/install/aether_interfaces/include/aether_interfaces/aether_interfaces/srv/detail/upload_mission__functions.c
[2.782s] -- Installing: /home/valtec/aether/aether_ws/install/aether_interfaces/include/aether_interfaces/aether_interfaces/srv/detail/upload_mission__type_support.h
[2.782s] -- Installing: /home/valtec/aether/aether_ws/install/aether_interfaces/include/aether_interfaces/aether_interfaces/srv/detail/upload_mission__functions.h
[2.782s] -- Installing: /home/valtec/aether/aether_ws/install/aether_interfaces/include/aether_interfaces/aether_interfaces/msg
[2.782s] -- Installing: /home/valtec/aether/aether_ws/install/aether_interfaces/include/aether_interfaces/aether_interfaces/msg/rosidl_generator_c__visibility_control.h
[2.782s] -- Installing: /home/valtec/aether/aether_ws/install/aether_interfaces/include/aether_interfaces/aether_interfaces/msg/fleet_state.h
[2.782s] -- Installing: /home/valtec/aether/aether_ws/install/aether_interfaces/include/aether_interfaces/aether_interfaces/msg/detail
[2.782s] -- Installing: /home/valtec/aether/aether_ws/install/aether_interfaces/include/aether_interfaces/aether_interfaces/msg/detail/fleet_state__struct.h
[2.782s] -- Installing: /home/valtec/aether/aether_ws/install/aether_interfaces/include/aether_interfaces/aether_interfaces/msg/detail/fleet_state__functions.c
[2.782s] -- Installing: /home/valtec/aether/aether_ws/install/aether_interfaces/include/aether_interfaces/aether_interfaces/msg/detail/drone_state__functions.c
[2.782s] -- Installing: /home/valtec/aether/aether_ws/install/aether_interfaces/include/aether_interfaces/aether_interfaces/msg/detail/drone_state__functions.h
[2.782s] -- Installing: /home/valtec/aether/aether_ws/install/aether_interfaces/include/aether_interfaces/aether_interfaces/msg/detail/fleet_state__type_support.h
[2.782s] -- Installing: /home/valtec/aether/aether_ws/install/aether_interfaces/include/aether_interfaces/aether_interfaces/msg/detail/drone_state__struct.h
[2.782s] -- Installing: /home/valtec/aether/aether_ws/install/aether_interfaces/include/aether_interfaces/aether_interfaces/msg/detail/drone_state__type_support.h
[2.782s] -- Installing: /home/valtec/aether/aether_ws/install/aether_interfaces/include/aether_interfaces/aether_interfaces/msg/detail/fleet_state__functions.h
[2.782s] -- Installing: /home/valtec/aether/aether_ws/install/aether_interfaces/include/aether_interfaces/aether_interfaces/msg/drone_state.h
[2.782s] -- Installing: /home/valtec/aether/aether_ws/install/aether_interfaces/share/aether_interfaces/environment/library_path.sh
[2.782s] -- Installing: /home/valtec/aether/aether_ws/install/aether_interfaces/share/aether_interfaces/environment/library_path.dsv
[2.782s] -- Installing: /home/valtec/aether/aether_ws/install/aether_interfaces/lib/libaether_interfaces__rosidl_generator_c.so
[2.782s] -- Set runtime path of "/home/valtec/aether/aether_ws/install/aether_interfaces/lib/libaether_interfaces__rosidl_generator_c.so" to ""
[2.783s] -- Up-to-date: /home/valtec/aether/aether_ws/install/aether_interfaces/include/aether_interfaces/aether_interfaces
[2.783s] -- Up-to-date: /home/valtec/aether/aether_ws/install/aether_interfaces/include/aether_interfaces/aether_interfaces/srv
[2.783s] -- Up-to-date: /home/valtec/aether/aether_ws/install/aether_interfaces/include/aether_interfaces/aether_interfaces/srv/detail
[2.783s] -- Installing: /home/valtec/aether/aether_ws/install/aether_interfaces/include/aether_interfaces/aether_interfaces/srv/detail/upload_mission__rosidl_typesupport_fastrtps_c.h
[2.783s] -- Up-to-date: /home/valtec/aether/aether_ws/install/aether_interfaces/include/aether_interfaces/aether_interfaces/msg
[2.783s] -- Installing: /home/valtec/aether/aether_ws/install/aether_interfaces/include/aether_interfaces/aether_interfaces/msg/rosidl_typesupport_fastrtps_c__visibility_control.h
[2.783s] -- Up-to-date: /home/valtec/aether/aether_ws/install/aether_interfaces/include/aether_interfaces/aether_interfaces/msg/detail
[2.783s] -- Installing: /home/valtec/aether/aether_ws/install/aether_interfaces/include/aether_interfaces/aether_interfaces/msg/detail/drone_state__rosidl_typesupport_fastrtps_c.h
[2.783s] -- Installing: /home/valtec/aether/aether_ws/install/aether_interfaces/include/aether_interfaces/aether_interfaces/msg/detail/fleet_state__rosidl_typesupport_fastrtps_c.h
[2.783s] -- Installing: /home/valtec/aether/aether_ws/install/aether_interfaces/lib/libaether_interfaces__rosidl_typesupport_fastrtps_c.so
[2.783s] -- Set runtime path of "/home/valtec/aether/aether_ws/install/aether_interfaces/lib/libaether_interfaces__rosidl_typesupport_fastrtps_c.so" to ""
[2.783s] -- Up-to-date: /home/valtec/aether/aether_ws/install/aether_interfaces/include/aether_interfaces/aether_interfaces
[2.783s] -- Up-to-date: /home/valtec/aether/aether_ws/install/aether_interfaces/include/aether_interfaces/aether_interfaces/srv
[2.783s] -- Up-to-date: /home/valtec/aether/aether_ws/install/aether_interfaces/include/aether_interfaces/aether_interfaces/srv/detail
[2.783s] -- Installing: /home/valtec/aether/aether_ws/install/aether_interfaces/include/aether_interfaces/aether_interfaces/srv/detail/upload_mission__type_support.c
[2.783s] -- Installing: /home/valtec/aether/aether_ws/install/aether_interfaces/include/aether_interfaces/aether_interfaces/srv/detail/upload_mission__rosidl_typesupport_introspection_c.h
[2.783s] -- Up-to-date: /home/valtec/aether/aether_ws/install/aether_interfaces/include/aether_interfaces/aether_interfaces/msg
[2.783s] -- Installing: /home/valtec/aether/aether_ws/install/aether_interfaces/include/aether_interfaces/aether_interfaces/msg/rosidl_typesupport_introspection_c__visibility_control.h
[2.783s] -- Up-to-date: /home/valtec/aether/aether_ws/install/aether_interfaces/include/aether_interfaces/aether_interfaces/msg/detail
[2.783s] -- Installing: /home/valtec/aether/aether_ws/install/aether_interfaces/include/aether_interfaces/aether_interfaces/msg/detail/fleet_state__rosidl_typesupport_introspection_c.h
[2.783s] -- Installing: /home/valtec/aether/aether_ws/install/aether_interfaces/include/aether_interfaces/aether_interfaces/msg/detail/drone_state__rosidl_typesupport_introspection_c.h
[2.783s] -- Installing: /home/valtec/aether/aether_ws/install/aether_interfaces/include/aether_interfaces/aether_interfaces/msg/detail/drone_state__type_support.c
[2.783s] -- Installing: /home/valtec/aether/aether_ws/install/aether_interfaces/include/aether_interfaces/aether_interfaces/msg/detail/fleet_state__type_support.c
[2.783s] -- Installing: /home/valtec/aether/aether_ws/install/aether_interfaces/lib/libaether_interfaces__rosidl_typesupport_introspection_c.so
[2.783s] -- Set runtime path of "/home/valtec/aether/aether_ws/install/aether_interfaces/lib/libaether_interfaces__rosidl_typesupport_introspection_c.so" to ""
[2.783s] -- Installing: /home/valtec/aether/aether_ws/install/aether_interfaces/lib/libaether_interfaces__rosidl_typesupport_c.so
[2.783s] -- Set runtime path of "/home/valtec/aether/aether_ws/install/aether_interfaces/lib/libaether_interfaces__rosidl_typesupport_c.so" to ""
[2.783s] -- Up-to-date: /home/valtec/aether/aether_ws/install/aether_interfaces/include/aether_interfaces/aether_interfaces
[2.783s] -- Up-to-date: /home/valtec/aether/aether_ws/install/aether_interfaces/include/aether_interfaces/aether_interfaces/srv
[2.784s] -- Up-to-date: /home/valtec/aether/aether_ws/install/aether_interfaces/include/aether_interfaces/aether_interfaces/srv/detail
[2.784s] -- Installing: /home/valtec/aether/aether_ws/install/aether_interfaces/include/aether_interfaces/aether_interfaces/srv/detail/upload_mission__type_support.hpp
[2.784s] -- Installing: /home/valtec/aether/aether_ws/install/aether_interfaces/include/aether_interfaces/aether_interfaces/srv/detail/upload_mission__traits.hpp
[2.784s] -- Installing: /home/valtec/aether/aether_ws/install/aether_interfaces/include/aether_interfaces/aether_interfaces/srv/detail/upload_mission__builder.hpp
[2.784s] -- Installing: /home/valtec/aether/aether_ws/install/aether_interfaces/include/aether_interfaces/aether_interfaces/srv/detail/upload_mission__struct.hpp
[2.784s] -- Installing: /home/valtec/aether/aether_ws/install/aether_interfaces/include/aether_interfaces/aether_interfaces/srv/upload_mission.hpp
[2.784s] -- Up-to-date: /home/valtec/aether/aether_ws/install/aether_interfaces/include/aether_interfaces/aether_interfaces/msg
[2.784s] -- Installing: /home/valtec/aether/aether_ws/install/aether_interfaces/include/aether_interfaces/aether_interfaces/msg/drone_state.hpp
[2.784s] -- Installing: /home/valtec/aether/aether_ws/install/aether_interfaces/include/aether_interfaces/aether_interfaces/msg/fleet_state.hpp
[2.784s] -- Up-to-date: /home/valtec/aether/aether_ws/install/aether_interfaces/include/aether_interfaces/aether_interfaces/msg/detail
[2.784s] -- Installing: /home/valtec/aether/aether_ws/install/aether_interfaces/include/aether_interfaces/aether_interfaces/msg/detail/drone_state__struct.hpp
[2.784s] -- Installing: /home/valtec/aether/aether_ws/install/aether_interfaces/include/aether_interfaces/aether_interfaces/msg/detail/drone_state__type_support.hpp
[2.784s] -- Installing: /home/valtec/aether/aether_ws/install/aether_interfaces/include/aether_interfaces/aether_interfaces/msg/detail/fleet_state__traits.hpp
[2.784s] -- Installing: /home/valtec/aether/aether_ws/install/aether_interfaces/include/aether_interfaces/aether_interfaces/msg/detail/drone_state__builder.hpp
[2.784s] -- Installing: /home/valtec/aether/aether_ws/install/aether_interfaces/include/aether_interfaces/aether_interfaces/msg/detail/fleet_state__builder.hpp
[2.784s] -- Installing: /home/valtec/aether/aether_ws/install/aether_interfaces/include/aether_interfaces/aether_interfaces/msg/detail/fleet_state__struct.hpp
[2.784s] -- Installing: /home/valtec/aether/aether_ws/install/aether_interfaces/include/aether_interfaces/aether_interfaces/msg/detail/drone_state__traits.hpp
[2.784s] -- Installing: /home/valtec/aether/aether_ws/install/aether_interfaces/include/aether_interfaces/aether_interfaces/msg/detail/fleet_state__type_support.hpp
[2.784s] -- Installing: /home/valtec/aether/aether_ws/install/aether_interfaces/include/aether_interfaces/aether_interfaces/msg/rosidl_generator_cpp__visibility_control.hpp
[2.784s] -- Up-to-date: /home/valtec/aether/aether_ws/install/aether_interfaces/include/aether_interfaces/aether_interfaces
[2.784s] -- Up-to-date: /home/valtec/aether/aether_ws/install/aether_interfaces/include/aether_interfaces/aether_interfaces/srv
[2.784s] -- Up-to-date: /home/valtec/aether/aether_ws/install/aether_interfaces/include/aether_interfaces/aether_interfaces/srv/detail
[2.784s] -- Installing: /home/valtec/aether/aether_ws/install/aether_interfaces/include/aether_interfaces/aether_interfaces/srv/detail/dds_fastrtps
[2.784s] -- Installing: /home/valtec/aether/aether_ws/install/aether_interfaces/include/aether_interfaces/aether_interfaces/srv/detail/upload_mission__rosidl_typesupport_fastrtps_cpp.hpp
[2.784s] -- Up-to-date: /home/valtec/aether/aether_ws/install/aether_interfaces/include/aether_interfaces/aether_interfaces/msg
[2.784s] -- Installing: /home/valtec/aether/aether_ws/install/aether_interfaces/include/aether_interfaces/aether_interfaces/msg/rosidl_typesupport_fastrtps_cpp__visibility_control.h
[2.784s] -- Up-to-date: /home/valtec/aether/aether_ws/install/aether_interfaces/include/aether_interfaces/aether_interfaces/msg/detail
[2.784s] -- Installing: /home/valtec/aether/aether_ws/install/aether_interfaces/include/aether_interfaces/aether_interfaces/msg/detail/dds_fastrtps
[2.784s] -- Installing: /home/valtec/aether/aether_ws/install/aether_interfaces/include/aether_interfaces/aether_interfaces/msg/detail/fleet_state__rosidl_typesupport_fastrtps_cpp.hpp
[2.784s] -- Installing: /home/valtec/aether/aether_ws/install/aether_interfaces/include/aether_interfaces/aether_interfaces/msg/detail/drone_state__rosidl_typesupport_fastrtps_cpp.hpp
[2.784s] -- Installing: /home/valtec/aether/aether_ws/install/aether_interfaces/lib/libaether_interfaces__rosidl_typesupport_fastrtps_cpp.so
[2.784s] -- Set runtime path of "/home/valtec/aether/aether_ws/install/aether_interfaces/lib/libaether_interfaces__rosidl_typesupport_fastrtps_cpp.so" to ""
[2.785s] -- Up-to-date: /home/valtec/aether/aether_ws/install/aether_interfaces/include/aether_interfaces/aether_interfaces
[2.785s] -- Up-to-date: /home/valtec/aether/aether_ws/install/aether_interfaces/include/aether_interfaces/aether_interfaces/srv
[2.785s] -- Up-to-date: /home/valtec/aether/aether_ws/install/aether_interfaces/include/aether_interfaces/aether_interfaces/srv/detail
[2.785s] -- Installing: /home/valtec/aether/aether_ws/install/aether_interfaces/include/aether_interfaces/aether_interfaces/srv/detail/upload_mission__type_support.cpp
[2.785s] -- Installing: /home/valtec/aether/aether_ws/install/aether_interfaces/include/aether_interfaces/aether_interfaces/srv/detail/upload_mission__rosidl_typesupport_introspection_cpp.hpp
[2.785s] -- Up-to-date: /home/valtec/aether/aether_ws/install/aether_interfaces/include/aether_interfaces/aether_interfaces/msg
[2.785s] -- Up-to-date: /home/valtec/aether/aether_ws/install/aether_interfaces/include/aether_interfaces/aether_interfaces/msg/detail
[2.785s] -- Installing: /home/valtec/aether/aether_ws/install/aether_interfaces/include/aether_interfaces/aether_interfaces/msg/detail/drone_state__type_support.cpp
[2.785s] -- Installing: /home/valtec/aether/aether_ws/install/aether_interfaces/include/aether_interfaces/aether_interfaces/msg/detail/fleet_state__rosidl_typesupport_introspection_cpp.hpp
[2.785s] -- Installing: /home/valtec/aether/aether_ws/install/aether_interfaces/include/aether_interfaces/aether_interfaces/msg/detail/drone_state__rosidl_typesupport_introspection_cpp.hpp
[2.785s] -- Installing: /home/valtec/aether/aether_ws/install/aether_interfaces/include/aether_interfaces/aether_interfaces/msg/detail/fleet_state__type_support.cpp
[2.785s] -- Installing: /home/valtec/aether/aether_ws/install/aether_interfaces/lib/libaether_interfaces__rosidl_typesupport_introspection_cpp.so
[2.785s] -- Set runtime path of "/home/valtec/aether/aether_ws/install/aether_interfaces/lib/libaether_interfaces__rosidl_typesupport_introspection_cpp.so" to ""
[2.785s] -- Installing: /home/valtec/aether/aether_ws/install/aether_interfaces/lib/libaether_interfaces__rosidl_typesupport_cpp.so
[2.785s] -- Set runtime path of "/home/valtec/aether/aether_ws/install/aether_interfaces/lib/libaether_interfaces__rosidl_typesupport_cpp.so" to ""
[2.785s] -- Installing: /home/valtec/aether/aether_ws/install/aether_interfaces/share/aether_interfaces/environment/pythonpath.sh
[2.785s] -- Installing: /home/valtec/aether/aether_ws/install/aether_interfaces/share/aether_interfaces/environment/pythonpath.dsv
[2.785s] -- Installing: /home/valtec/aether/aether_ws/install/aether_interfaces/local/lib/python3.10/dist-packages/aether_interfaces-0.0.1-py3.10.egg-info
[2.785s] -- Installing: /home/valtec/aether/aether_ws/install/aether_interfaces/local/lib/python3.10/dist-packages/aether_interfaces-0.0.1-py3.10.egg-info/PKG-INFO
[2.785s] -- Installing: /home/valtec/aether/aether_ws/install/aether_interfaces/local/lib/python3.10/dist-packages/aether_interfaces-0.0.1-py3.10.egg-info/top_level.txt
[2.785s] -- Installing: /home/valtec/aether/aether_ws/install/aether_interfaces/local/lib/python3.10/dist-packages/aether_interfaces-0.0.1-py3.10.egg-info/dependency_links.txt
[2.785s] -- Installing: /home/valtec/aether/aether_ws/install/aether_interfaces/local/lib/python3.10/dist-packages/aether_interfaces-0.0.1-py3.10.egg-info/SOURCES.txt
[2.786s] -- Installing: /home/valtec/aether/aether_ws/install/aether_interfaces/local/lib/python3.10/dist-packages/aether_interfaces
[2.786s] -- Installing: /home/valtec/aether/aether_ws/install/aether_interfaces/local/lib/python3.10/dist-packages/aether_interfaces/aether_interfaces_s__rosidl_typesupport_introspection_c.cpython-310-x86_64-linux-gnu.so
[2.786s] -- Installing: /home/valtec/aether/aether_ws/install/aether_interfaces/local/lib/python3.10/dist-packages/aether_interfaces/srv
[2.786s] -- Installing: /home/valtec/aether/aether_ws/install/aether_interfaces/local/lib/python3.10/dist-packages/aether_interfaces/srv/_upload_mission_s.c
[2.786s] -- Installing: /home/valtec/aether/aether_ws/install/aether_interfaces/local/lib/python3.10/dist-packages/aether_interfaces/srv/__init__.py
[2.786s] -- Installing: /home/valtec/aether/aether_ws/install/aether_interfaces/local/lib/python3.10/dist-packages/aether_interfaces/srv/_upload_mission.py
[2.786s] -- Installing: /home/valtec/aether/aether_ws/install/aether_interfaces/local/lib/python3.10/dist-packages/aether_interfaces/aether_interfaces_s__rosidl_typesupport_c.cpython-310-x86_64-linux-gnu.so
[2.786s] -- Installing: /home/valtec/aether/aether_ws/install/aether_interfaces/local/lib/python3.10/dist-packages/aether_interfaces/libaether_interfaces__rosidl_generator_py.so
[2.786s] -- Installing: /home/valtec/aether/aether_ws/install/aether_interfaces/local/lib/python3.10/dist-packages/aether_interfaces/aether_interfaces_s__rosidl_typesupport_fastrtps_c.cpython-310-x86_64-linux-gnu.so
[2.786s] -- Installing: /home/valtec/aether/aether_ws/install/aether_interfaces/local/lib/python3.10/dist-packages/aether_interfaces/__init__.py
[2.786s] -- Installing: /home/valtec/aether/aether_ws/install/aether_interfaces/local/lib/python3.10/dist-packages/aether_interfaces/msg
[2.786s] -- Installing: /home/valtec/aether/aether_ws/install/aether_interfaces/local/lib/python3.10/dist-packages/aether_interfaces/msg/_fleet_state.py
[2.786s] -- Installing: /home/valtec/aether/aether_ws/install/aether_interfaces/local/lib/python3.10/dist-packages/aether_interfaces/msg/_fleet_state_s.c
[2.786s] -- Installing: /home/valtec/aether/aether_ws/install/aether_interfaces/local/lib/python3.10/dist-packages/aether_interfaces/msg/__init__.py
[2.786s] -- Installing: /home/valtec/aether/aether_ws/install/aether_interfaces/local/lib/python3.10/dist-packages/aether_interfaces/msg/_drone_state_s.c
[2.786s] -- Installing: /home/valtec/aether/aether_ws/install/aether_interfaces/local/lib/python3.10/dist-packages/aether_interfaces/msg/_drone_state.py
[2.786s] -- Installing: /home/valtec/aether/aether_ws/install/aether_interfaces/local/lib/python3.10/dist-packages/aether_interfaces/_aether_interfaces_s.ep.rosidl_typesupport_fastrtps_c.c
[2.786s] -- Installing: /home/valtec/aether/aether_ws/install/aether_interfaces/local/lib/python3.10/dist-packages/aether_interfaces/_aether_interfaces_s.ep.rosidl_typesupport_c.c
[2.786s] -- Installing: /home/valtec/aether/aether_ws/install/aether_interfaces/local/lib/python3.10/dist-packages/aether_interfaces/_aether_interfaces_s.ep.rosidl_typesupport_introspection_c.c
[2.807s] Listing '/home/valtec/aether/aether_ws/install/aether_interfaces/local/lib/python3.10/dist-packages/aether_interfaces'...
[2.807s] Compiling '/home/valtec/aether/aether_ws/install/aether_interfaces/local/lib/python3.10/dist-packages/aether_interfaces/__init__.py'...
[2.807s] Listing '/home/valtec/aether/aether_ws/install/aether_interfaces/local/lib/python3.10/dist-packages/aether_interfaces/msg'...
[2.808s] Compiling '/home/valtec/aether/aether_ws/install/aether_interfaces/local/lib/python3.10/dist-packages/aether_interfaces/msg/__init__.py'...
[2.808s] Compiling '/home/valtec/aether/aether_ws/install/aether_interfaces/local/lib/python3.10/dist-packages/aether_interfaces/msg/_drone_state.py'...
[2.808s] Compiling '/home/valtec/aether/aether_ws/install/aether_interfaces/local/lib/python3.10/dist-packages/aether_interfaces/msg/_fleet_state.py'...
[2.808s] Listing '/home/valtec/aether/aether_ws/install/aether_interfaces/local/lib/python3.10/dist-packages/aether_interfaces/srv'...
[2.808s] Compiling '/home/valtec/aether/aether_ws/install/aether_interfaces/local/lib/python3.10/dist-packages/aether_interfaces/srv/__init__.py'...
[2.808s] Compiling '/home/valtec/aether/aether_ws/install/aether_interfaces/local/lib/python3.10/dist-packages/aether_interfaces/srv/_upload_mission.py'...
[2.811s] -- Installing: /home/valtec/aether/aether_ws/install/aether_interfaces/local/lib/python3.10/dist-packages/aether_interfaces/aether_interfaces_s__rosidl_typesupport_fastrtps_c.cpython-310-x86_64-linux-gnu.so
[2.811s] -- Set runtime path of "/home/valtec/aether/aether_ws/install/aether_interfaces/local/lib/python3.10/dist-packages/aether_interfaces/aether_interfaces_s__rosidl_typesupport_fastrtps_c.cpython-310-x86_64-linux-gnu.so" to ""
[2.811s] -- Installing: /home/valtec/aether/aether_ws/install/aether_interfaces/local/lib/python3.10/dist-packages/aether_interfaces/aether_interfaces_s__rosidl_typesupport_introspection_c.cpython-310-x86_64-linux-gnu.so
[2.811s] -- Set runtime path of "/home/valtec/aether/aether_ws/install/aether_interfaces/local/lib/python3.10/dist-packages/aether_interfaces/aether_interfaces_s__rosidl_typesupport_introspection_c.cpython-310-x86_64-linux-gnu.so" to ""
[2.811s] -- Installing: /home/valtec/aether/aether_ws/install/aether_interfaces/local/lib/python3.10/dist-packages/aether_interfaces/aether_interfaces_s__rosidl_typesupport_c.cpython-310-x86_64-linux-gnu.so
[2.811s] -- Set runtime path of "/home/valtec/aether/aether_ws/install/aether_interfaces/local/lib/python3.10/dist-packages/aether_interfaces/aether_interfaces_s__rosidl_typesupport_c.cpython-310-x86_64-linux-gnu.so" to ""
[2.811s] -- Installing: /home/valtec/aether/aether_ws/install/aether_interfaces/lib/libaether_interfaces__rosidl_generator_py.so
[2.811s] -- Set runtime path of "/home/valtec/aether/aether_ws/install/aether_interfaces/lib/libaether_interfaces__rosidl_generator_py.so" to ""
[2.811s] -- Installing: /home/valtec/aether/aether_ws/install/aether_interfaces/share/aether_interfaces/srv/UploadMission.idl
[2.811s] -- Installing: /home/valtec/aether/aether_ws/install/aether_interfaces/share/aether_interfaces/msg/DroneState.idl
[2.811s] -- Installing: /home/valtec/aether/aether_ws/install/aether_interfaces/share/aether_interfaces/msg/FleetState.idl
[2.811s] -- Installing: /home/valtec/aether/aether_ws/install/aether_interfaces/share/aether_interfaces/srv/UploadMission.srv
[2.811s] -- Installing: /home/valtec/aether/aether_ws/install/aether_interfaces/share/aether_interfaces/srv/UploadMission_Request.msg
[2.811s] -- Installing: /home/valtec/aether/aether_ws/install/aether_interfaces/share/aether_interfaces/srv/UploadMission_Response.msg
[2.811s] -- Installing: /home/valtec/aether/aether_ws/install/aether_interfaces/share/aether_interfaces/msg/DroneState.msg
[2.811s] -- Installing: /home/valtec/aether/aether_ws/install/aether_interfaces/share/aether_interfaces/msg/FleetState.msg
[2.811s] -- Installing: /home/valtec/aether/aether_ws/install/aether_interfaces/share/ament_index/resource_index/package_run_dependencies/aether_interfaces
[2.811s] -- Installing: /home/valtec/aether/aether_ws/install/aether_interfaces/share/ament_index/resource_index/parent_prefix_path/aether_interfaces
[2.812s] -- Installing: /home/valtec/aether/aether_ws/install/aether_interfaces/share/aether_interfaces/environment/ament_prefix_path.sh
[2.812s] -- Installing: /home/valtec/aether/aether_ws/install/aether_interfaces/share/aether_interfaces/environment/ament_prefix_path.dsv
[2.812s] -- Installing: /home/valtec/aether/aether_ws/install/aether_interfaces/share/aether_interfaces/environment/path.sh
[2.812s] -- Installing: /home/valtec/aether/aether_ws/install/aether_interfaces/share/aether_interfaces/environment/path.dsv
[2.812s] -- Installing: /home/valtec/aether/aether_ws/install/aether_interfaces/share/aether_interfaces/local_setup.bash
[2.812s] -- Installing: /home/valtec/aether/aether_ws/install/aether_interfaces/share/aether_interfaces/local_setup.sh
[2.812s] -- Installing: /home/valtec/aether/aether_ws/install/aether_interfaces/share/aether_interfaces/local_setup.zsh
[2.812s] -- Installing: /home/valtec/aether/aether_ws/install/aether_interfaces/share/aether_interfaces/local_setup.dsv
[2.812s] -- Installing: /home/valtec/aether/aether_ws/install/aether_interfaces/share/aether_interfaces/package.dsv
[2.812s] -- Installing: /home/valtec/aether/aether_ws/install/aether_interfaces/share/ament_index/resource_index/packages/aether_interfaces
[2.812s] -- Installing: /home/valtec/aether/aether_ws/install/aether_interfaces/share/aether_interfaces/cmake/export_aether_interfaces__rosidl_generator_cExport.cmake
[2.812s] -- Installing: /home/valtec/aether/aether_ws/install/aether_interfaces/share/aether_interfaces/cmake/export_aether_interfaces__rosidl_generator_cExport-noconfig.cmake
[2.812s] -- Installing: /home/valtec/aether/aether_ws/install/aether_interfaces/share/aether_interfaces/cmake/export_aether_interfaces__rosidl_typesupport_fastrtps_cExport.cmake
[2.812s] -- Installing: /home/valtec/aether/aether_ws/install/aether_interfaces/share/aether_interfaces/cmake/export_aether_interfaces__rosidl_typesupport_fastrtps_cExport-noconfig.cmake
[2.812s] -- Installing: /home/valtec/aether/aether_ws/install/aether_interfaces/share/aether_interfaces/cmake/aether_interfaces__rosidl_typesupport_introspection_cExport.cmake
[2.812s] -- Installing: /home/valtec/aether/aether_ws/install/aether_interfaces/share/aether_interfaces/cmake/aether_interfaces__rosidl_typesupport_introspection_cExport-noconfig.cmake
[2.812s] -- Installing: /home/valtec/aether/aether_ws/install/aether_interfaces/share/aether_interfaces/cmake/aether_interfaces__rosidl_typesupport_cExport.cmake
[2.812s] -- Installing: /home/valtec/aether/aether_ws/install/aether_interfaces/share/aether_interfaces/cmake/aether_interfaces__rosidl_typesupport_cExport-noconfig.cmake
[2.812s] -- Installing: /home/valtec/aether/aether_ws/install/aether_interfaces/share/aether_interfaces/cmake/export_aether_interfaces__rosidl_generator_cppExport.cmake
[2.812s] -- Installing: /home/valtec/aether/aether_ws/install/aether_interfaces/share/aether_interfaces/cmake/export_aether_interfaces__rosidl_typesupport_fastrtps_cppExport.cmake
[2.812s] -- Installing: /home/valtec/aether/aether_ws/install/aether_interfaces/share/aether_interfaces/cmake/export_aether_interfaces__rosidl_typesupport_fastrtps_cppExport-noconfig.cmake
[2.812s] -- Installing: /home/valtec/aether/aether_ws/install/aether_interfaces/share/aether_interfaces/cmake/aether_interfaces__rosidl_typesupport_introspection_cppExport.cmake
[2.812s] -- Installing: /home/valtec/aether/aether_ws/install/aether_interfaces/share/aether_interfaces/cmake/aether_interfaces__rosidl_typesupport_introspection_cppExport-noconfig.cmake
[2.812s] -- Installing: /home/valtec/aether/aether_ws/install/aether_interfaces/share/aether_interfaces/cmake/aether_interfaces__rosidl_typesupport_cppExport.cmake
[2.813s] -- Installing: /home/valtec/aether/aether_ws/install/aether_interfaces/share/aether_interfaces/cmake/aether_interfaces__rosidl_typesupport_cppExport-noconfig.cmake
[2.813s] -- Installing: /home/valtec/aether/aether_ws/install/aether_interfaces/share/aether_interfaces/cmake/export_aether_interfaces__rosidl_generator_pyExport.cmake
[2.813s] -- Installing: /home/valtec/aether/aether_ws/install/aether_interfaces/share/aether_interfaces/cmake/export_aether_interfaces__rosidl_generator_pyExport-noconfig.cmake
[2.813s] -- Installing: /home/valtec/aether/aether_ws/install/aether_interfaces/share/aether_interfaces/cmake/rosidl_cmake-extras.cmake
[2.813s] -- Installing: /home/valtec/aether/aether_ws/install/aether_interfaces/share/aether_interfaces/cmake/ament_cmake_export_dependencies-extras.cmake
[2.813s] -- Installing: /home/valtec/aether/aether_ws/install/aether_interfaces/share/aether_interfaces/cmake/ament_cmake_export_include_directories-extras.cmake
[2.813s] -- Installing: /home/valtec/aether/aether_ws/install/aether_interfaces/share/aether_interfaces/cmake/ament_cmake_export_libraries-extras.cmake
[2.813s] -- Installing: /home/valtec/aether/aether_ws/install/aether_interfaces/share/aether_interfaces/cmake/ament_cmake_export_targets-extras.cmake
[2.813s] -- Installing: /home/valtec/aether/aether_ws/install/aether_interfaces/share/aether_interfaces/cmake/rosidl_cmake_export_typesupport_targets-extras.cmake
[2.813s] -- Installing: /home/valtec/aether/aether_ws/install/aether_interfaces/share/aether_interfaces/cmake/rosidl_cmake_export_typesupport_libraries-extras.cmake
[2.813s] -- Installing: /home/valtec/aether/aether_ws/install/aether_interfaces/share/aether_interfaces/cmake/aether_interfacesConfig.cmake
[2.813s] -- Installing: /home/valtec/aether/aether_ws/install/aether_interfaces/share/aether_interfaces/cmake/aether_interfacesConfig-version.cmake
[2.813s] -- Installing: /home/valtec/aether/aether_ws/install/aether_interfaces/share/aether_interfaces/package.xml
[2.815s] Invoked command in '/home/valtec/aether/aether_ws/build/aether_interfaces' returned '0': /usr/bin/cmake --install /home/valtec/aether/aether_ws/build/aether_interfaces
