[0.146s] Invoking command in '/home/valtec/aether/aether_ws/build/aether_gcs_logic_cpp': CMAKE_PREFIX_PATH=/home/valtec/aether/aether_ws/install/aether_gcs_ui:/home/valtec/aether/aether_ws/install/aether_gcs_backend:/opt/ros/humble:/home/valtec/aether/aether_ws/install/aether_interfaces:/home/valtec/aether/aether_ws/install/valtec_onboard_intelligence PYTHONPATH=/home/valtec/aether/aether_ws/install/aether_interfaces/local/lib/python3.10/dist-packages:/home/valtec/aether/aether_ws/install/aether_gcs_ui/lib/python3.10/site-packages:/home/valtec/aether/aether_ws/install/aether_gcs_backend/lib/python3.10/site-packages:/opt/ros/humble/lib/python3.10/site-packages:/opt/ros/humble/local/lib/python3.10/dist-packages VIRTUAL_ENV_PROMPT=(.venv) /usr/bin/cmake --build /home/valtec/aether/aether_ws/build/aether_gcs_logic_cpp -- -j20 -l20
[0.177s] [35m[1mConsolidate compiler generated dependencies of target strategic_deconfliction_node[0m
[0.190s] [100%] Built target strategic_deconfliction_node
[0.286s] Invoked command in '/home/valtec/aether/aether_ws/build/aether_gcs_logic_cpp' returned '0': CMAKE_PREFIX_PATH=/home/valtec/aether/aether_ws/install/aether_gcs_ui:/home/valtec/aether/aether_ws/install/aether_gcs_backend:/opt/ros/humble:/home/valtec/aether/aether_ws/install/aether_interfaces:/home/valtec/aether/aether_ws/install/valtec_onboard_intelligence PYTHONPATH=/home/valtec/aether/aether_ws/install/aether_interfaces/local/lib/python3.10/dist-packages:/home/valtec/aether/aether_ws/install/aether_gcs_ui/lib/python3.10/site-packages:/home/valtec/aether/aether_ws/install/aether_gcs_backend/lib/python3.10/site-packages:/opt/ros/humble/lib/python3.10/site-packages:/opt/ros/humble/local/lib/python3.10/dist-packages VIRTUAL_ENV_PROMPT=(.venv) /usr/bin/cmake --build /home/valtec/aether/aether_ws/build/aether_gcs_logic_cpp -- -j20 -l20
[0.288s] Invoking command in '/home/valtec/aether/aether_ws/build/aether_gcs_logic_cpp': CMAKE_PREFIX_PATH=/home/valtec/aether/aether_ws/install/aether_gcs_ui:/home/valtec/aether/aether_ws/install/aether_gcs_backend:/opt/ros/humble:/home/valtec/aether/aether_ws/install/aether_interfaces:/home/valtec/aether/aether_ws/install/valtec_onboard_intelligence PYTHONPATH=/home/valtec/aether/aether_ws/install/aether_interfaces/local/lib/python3.10/dist-packages:/home/valtec/aether/aether_ws/install/aether_gcs_ui/lib/python3.10/site-packages:/home/valtec/aether/aether_ws/install/aether_gcs_backend/lib/python3.10/site-packages:/opt/ros/humble/lib/python3.10/site-packages:/opt/ros/humble/local/lib/python3.10/dist-packages VIRTUAL_ENV_PROMPT=(.venv) /usr/bin/cmake --install /home/valtec/aether/aether_ws/build/aether_gcs_logic_cpp
[0.293s] -- Install configuration: ""
[0.293s] -- Installing: /home/valtec/aether/aether_ws/install/aether_gcs_logic_cpp/lib/aether_gcs_logic_cpp/strategic_deconfliction_node
[0.294s] -- Set runtime path of "/home/valtec/aether/aether_ws/install/aether_gcs_logic_cpp/lib/aether_gcs_logic_cpp/strategic_deconfliction_node" to ""
[0.295s] -- Installing: /home/valtec/aether/aether_ws/install/aether_gcs_logic_cpp/share/ament_index/resource_index/package_run_dependencies/aether_gcs_logic_cpp
[0.295s] -- Installing: /home/valtec/aether/aether_ws/install/aether_gcs_logic_cpp/share/ament_index/resource_index/parent_prefix_path/aether_gcs_logic_cpp
[0.295s] -- Installing: /home/valtec/aether/aether_ws/install/aether_gcs_logic_cpp/share/aether_gcs_logic_cpp/environment/ament_prefix_path.sh
[0.295s] -- Installing: /home/valtec/aether/aether_ws/install/aether_gcs_logic_cpp/share/aether_gcs_logic_cpp/environment/ament_prefix_path.dsv
[0.295s] -- Installing: /home/valtec/aether/aether_ws/install/aether_gcs_logic_cpp/share/aether_gcs_logic_cpp/environment/path.sh
[0.295s] -- Installing: /home/valtec/aether/aether_ws/install/aether_gcs_logic_cpp/share/aether_gcs_logic_cpp/environment/path.dsv
[0.295s] -- Installing: /home/valtec/aether/aether_ws/install/aether_gcs_logic_cpp/share/aether_gcs_logic_cpp/local_setup.bash
[0.295s] -- Installing: /home/valtec/aether/aether_ws/install/aether_gcs_logic_cpp/share/aether_gcs_logic_cpp/local_setup.sh
[0.295s] -- Installing: /home/valtec/aether/aether_ws/install/aether_gcs_logic_cpp/share/aether_gcs_logic_cpp/local_setup.zsh
[0.295s] -- Installing: /home/valtec/aether/aether_ws/install/aether_gcs_logic_cpp/share/aether_gcs_logic_cpp/local_setup.dsv
[0.295s] -- Installing: /home/valtec/aether/aether_ws/install/aether_gcs_logic_cpp/share/aether_gcs_logic_cpp/package.dsv
[0.295s] -- Installing: /home/valtec/aether/aether_ws/install/aether_gcs_logic_cpp/share/ament_index/resource_index/packages/aether_gcs_logic_cpp
[0.295s] -- Installing: /home/valtec/aether/aether_ws/install/aether_gcs_logic_cpp/share/aether_gcs_logic_cpp/cmake/aether_gcs_logic_cppConfig.cmake
[0.295s] -- Installing: /home/valtec/aether/aether_ws/install/aether_gcs_logic_cpp/share/aether_gcs_logic_cpp/cmake/aether_gcs_logic_cppConfig-version.cmake
[0.296s] -- Installing: /home/valtec/aether/aether_ws/install/aether_gcs_logic_cpp/share/aether_gcs_logic_cpp/package.xml
[0.297s] Invoked command in '/home/valtec/aether/aether_ws/build/aether_gcs_logic_cpp' returned '0': CMAKE_PREFIX_PATH=/home/valtec/aether/aether_ws/install/aether_gcs_ui:/home/valtec/aether/aether_ws/install/aether_gcs_backend:/opt/ros/humble:/home/valtec/aether/aether_ws/install/aether_interfaces:/home/valtec/aether/aether_ws/install/valtec_onboard_intelligence PYTHONPATH=/home/valtec/aether/aether_ws/install/aether_interfaces/local/lib/python3.10/dist-packages:/home/valtec/aether/aether_ws/install/aether_gcs_ui/lib/python3.10/site-packages:/home/valtec/aether/aether_ws/install/aether_gcs_backend/lib/python3.10/site-packages:/opt/ros/humble/lib/python3.10/site-packages:/opt/ros/humble/local/lib/python3.10/dist-packages VIRTUAL_ENV_PROMPT=(.venv) /usr/bin/cmake --install /home/valtec/aether/aether_ws/build/aether_gcs_logic_cpp
